[2022-09-16 10:19:51.629] [exthost] [info] Extension host with pid 176 started
[2022-09-16 10:19:51.744] [exthost] [info] ExtensionService#_doActivateExtension vscode.css-language-features, startup: false, activationEvent: 'onLanguage:css'
[2022-09-16 10:19:51.993] [exthost] [info] ExtensionService#_doActivateExtension vscode.debug-auto-launch, startup: true, activationEvent: '*'
[2022-09-16 10:19:52.051] [exthost] [info] ExtensionService#_doActivateExtension vscode.git-base, startup: true, activationEvent: '*'
[2022-09-16 10:19:52.107] [exthost] [info] ExtensionService#_doActivateExtension vscode.ipynb, startup: true, activationEvent: '*'
[2022-09-16 10:19:52.260] [exthost] [info] ExtensionService#_doActivateExtension 2gua.rainbow-brackets, startup: true, activationEvent: '*'
[2022-09-16 10:19:52.280] [exthost] [info] ExtensionService#_doActivateExtension christian-kohler.path-intellisense, startup: true, activationEvent: '*'
[2022-09-16 10:19:52.612] [exthost] [info] ExtensionService#_doActivateExtension ecmel.vscode-html-css, startup: true, activationEvent: '*'
[2022-09-16 10:19:52.779] [exthost] [info] ExtensionService#_doActivateExtension ms-vsliveshare.vsliveshare, startup: true, activationEvent: '*'
[2022-09-16 10:19:53.503] [exthost] [info] ExtensionService#_doActivateExtension naumovs.color-highlight, startup: true, activationEvent: '*'
[2022-09-16 10:19:53.554] [exthost] [info] ExtensionService#_doActivateExtension oderwat.indent-rainbow, startup: true, activationEvent: '*'
[2022-09-16 10:19:53.566] [exthost] [info] ExtensionService#_doActivateExtension WallabyJs.quokka-vscode, startup: true, activationEvent: '*'
[2022-09-16 10:19:53.596] [exthost] [info] Lock '/home/cmendoza/.vscode-server/data/User/workspaceStorage/5979ea734077970d694a454aaeeb4a4d/vscode.lock': Lock acquired.
[2022-09-16 10:19:53.692] [exthost] [info] ExtensionService#_doActivateExtension GitHub.vscode-pull-request-github, startup: true, activationEvent: '*'
[2022-09-16 10:19:54.888] [exthost] [info] ExtensionService#_doActivateExtension vscode.github, startup: true, activationEvent: '*'
[2022-09-16 10:19:55.502] [exthost] [info] ExtensionService#_doActivateExtension pranaygp.vscode-css-peek, startup: true, activationEvent: 'workspaceContains:**/*.css,**/*.scss,**/*.sass,**/*.less'
[2022-09-16 10:20:03.577] [exthost] [info] ExtensionService#_doActivateExtension vscode.emmet, startup: false, activationEvent: 'onStartupFinished'
[2022-09-16 10:20:03.663] [exthost] [info] ExtensionService#_doActivateExtension vscode.merge-conflict, startup: false, activationEvent: 'onStartupFinished'
[2022-09-16 10:20:03.691] [exthost] [info] ExtensionService#_doActivateExtension CodeStream.codestream, startup: false, activationEvent: 'onStartupFinished'
[2022-09-16 10:20:04.025] [exthost] [info] ExtensionService#_doActivateExtension eamodio.gitlens, startup: false, activationEvent: 'onStartupFinished'
[2022-09-16 10:20:04.732] [exthost] [info] ExtensionService#_doActivateExtension eamodio.gitlens-insiders, startup: false, activationEvent: 'onStartupFinished'
[2022-09-16 10:20:05.387] [exthost] [info] ExtensionService#_doActivateExtension vscode.npm, startup: false, activationEvent: 'onStartupFinished', root cause: esbenp.prettier-vscode
[2022-09-16 10:20:05.507] [exthost] [info] ExtensionService#_doActivateExtension ritwickdey.LiveServer, startup: false, activationEvent: 'onStartupFinished'
[2022-09-16 10:20:06.069] [exthost] [info] ExtensionService#_doActivateExtension esbenp.prettier-vscode, startup: false, activationEvent: 'onStartupFinished'
[2022-09-16 10:20:06.780] [exthost] [info] ExtensionService#_doActivateExtension vscode.html-language-features, startup: false, activationEvent: 'onLanguage:html'
[2022-09-16 10:20:08.188] [exthost] [info] Eager extensions activated
[2022-09-16 10:22:09.706] [exthost] [warning] TextEditor is closed/disposed
[2022-09-16 10:23:26.345] [exthost] [warning] TextEditor is closed/disposed
[2022-09-16 10:24:06.612] [exthost] [warning] TextEditor is closed/disposed
[2022-09-16 10:24:22.425] [exthost] [warning] TextEditor is closed/disposed
[2022-09-16 10:25:04.812] [exthost] [warning] TextEditor is closed/disposed
[2022-09-16 10:25:49.373] [exthost] [warning] TextEditor is closed/disposed
[2022-09-16 10:25:50.676] [exthost] [warning] TextEditor is closed/disposed
[2022-09-16 10:26:29.966] [exthost] [warning] TextEditor is closed/disposed
[2022-09-16 10:32:31.160] [exthost] [warning] TextEditor is closed/disposed
[2022-09-16 10:32:36.149] [exthost] [error] [ecmel.vscode-html-css] provider FAILED
[2022-09-16 10:32:36.149] [exthost] [error] undefined
[2022-09-16 10:32:36.995] [exthost] [error] [ecmel.vscode-html-css] provider FAILED
[2022-09-16 10:32:36.995] [exthost] [error] undefined
[2022-09-16 10:32:37.587] [exthost] [error] [ecmel.vscode-html-css] provider FAILED
[2022-09-16 10:32:37.587] [exthost] [error] undefined
[2022-09-16 10:32:49.463] [exthost] [warning] TextEditor is closed/disposed
[2022-09-16 10:36:40.937] [exthost] [info] ExtensionService#_doActivateExtension vscode.configuration-editing, startup: false, activationEvent: 'onLanguage:jsonc'
[2022-09-16 10:36:41.027] [exthost] [info] ExtensionService#_doActivateExtension vscode.json-language-features, startup: false, activationEvent: 'onLanguage:jsonc'
[2022-09-16 10:36:41.643] [exthost] [info] ExtensionService#_doActivateExtension vscode.typescript-language-features, startup: false, activationEvent: 'onLanguage:jsonc'
[2022-09-16 10:38:04.406] [exthost] [warning] TextEditor is closed/disposed
[2022-09-16 10:38:17.047] [exthost] [warning] TextEditor is closed/disposed
[2022-09-16 10:38:56.737] [exthost] [warning] TextEditor is closed/disposed
[2022-09-16 10:39:02.185] [exthost] [warning] TextEditor is closed/disposed
[2022-09-16 10:40:20.435] [exthost] [warning] TextEditor is closed/disposed
[2022-09-16 10:41:13.768] [exthost] [warning] TextEditor is closed/disposed
[2022-09-16 10:42:11.772] [exthost] [warning] TextEditor is closed/disposed
[2022-09-16 10:47:07.874] [exthost] [warning] TextEditor is closed/disposed
[2022-09-16 10:48:02.737] [exthost] [warning] TextEditor is closed/disposed
[2022-09-16 10:48:40.760] [exthost] [warning] TextEditor is closed/disposed
[2022-09-16 10:48:44.675] [exthost] [warning] TextEditor is closed/disposed
[2022-09-16 11:14:16.932] [exthost] [warning] TextEditor is closed/disposed
[2022-09-16 11:14:53.426] [exthost] [warning] TextEditor is closed/disposed
[2022-09-16 11:17:57.726] [exthost] [warning] TextEditor is closed/disposed
[2022-09-16 11:18:13.166] [exthost] [warning] TextEditor is closed/disposed
[2022-09-16 11:18:17.177] [exthost] [warning] TextEditor is closed/disposed
[2022-09-16 11:21:53.577] [exthost] [warning] TextEditor is closed/disposed
[2022-09-16 11:22:08.338] [exthost] [warning] TextEditor is closed/disposed
[2022-09-16 11:22:09.896] [exthost] [warning] TextEditor is closed/disposed
[2022-09-16 11:22:47.515] [exthost] [error] [ecmel.vscode-html-css] provider FAILED
[2022-09-16 11:22:47.515] [exthost] [error] undefined
[2022-09-16 11:22:47.694] [exthost] [error] [ecmel.vscode-html-css] provider FAILED
[2022-09-16 11:22:47.694] [exthost] [error] undefined
[2022-09-16 11:22:47.808] [exthost] [error] [ecmel.vscode-html-css] provider FAILED
[2022-09-16 11:22:47.808] [exthost] [error] undefined
[2022-09-16 11:22:48.038] [exthost] [error] [ecmel.vscode-html-css] provider FAILED
[2022-09-16 11:22:48.038] [exthost] [error] undefined
[2022-09-16 11:22:48.121] [exthost] [error] [ecmel.vscode-html-css] provider FAILED
[2022-09-16 11:22:48.121] [exthost] [error] undefined
[2022-09-16 11:22:48.301] [exthost] [error] [ecmel.vscode-html-css] provider FAILED
[2022-09-16 11:22:48.301] [exthost] [error] undefined
[2022-09-16 11:22:50.314] [exthost] [error] [ecmel.vscode-html-css] provider FAILED
[2022-09-16 11:22:50.314] [exthost] [error] undefined
[2022-09-16 11:22:50.702] [exthost] [error] [ecmel.vscode-html-css] provider FAILED
[2022-09-16 11:22:50.702] [exthost] [error] undefined
[2022-09-16 11:22:50.913] [exthost] [error] [ecmel.vscode-html-css] provider FAILED
[2022-09-16 11:22:50.914] [exthost] [error] undefined
[2022-09-16 11:22:50.988] [exthost] [error] [ecmel.vscode-html-css] provider FAILED
[2022-09-16 11:22:50.988] [exthost] [error] undefined
[2022-09-16 11:22:51.121] [exthost] [error] [ecmel.vscode-html-css] provider FAILED
[2022-09-16 11:22:51.121] [exthost] [error] undefined
[2022-09-16 11:22:51.181] [exthost] [error] [ecmel.vscode-html-css] provider FAILED
[2022-09-16 11:22:51.181] [exthost] [error] undefined
[2022-09-16 11:22:51.805] [exthost] [error] [ecmel.vscode-html-css] provider FAILED
[2022-09-16 11:22:51.805] [exthost] [error] undefined
[2022-09-16 11:23:36.328] [exthost] [warning] TextEditor is closed/disposed
[2022-09-16 11:23:37.107] [exthost] [warning] TextEditor is closed/disposed
[2022-09-16 11:24:11.046] [exthost] [error] [ecmel.vscode-html-css] provider FAILED
[2022-09-16 11:24:11.046] [exthost] [error] undefined
[2022-09-16 11:24:19.634] [exthost] [error] [ecmel.vscode-html-css] provider FAILED
[2022-09-16 11:24:19.634] [exthost] [error] undefined
[2022-09-16 11:24:21.207] [exthost] [error] [ecmel.vscode-html-css] provider FAILED
[2022-09-16 11:24:21.207] [exthost] [error] undefined
[2022-09-16 11:24:21.464] [exthost] [error] [ecmel.vscode-html-css] provider FAILED
[2022-09-16 11:24:21.464] [exthost] [error] undefined
[2022-09-16 11:24:22.523] [exthost] [error] [ecmel.vscode-html-css] provider FAILED
[2022-09-16 11:24:22.523] [exthost] [error] undefined
[2022-09-16 11:24:29.087] [exthost] [error] [ecmel.vscode-html-css] provider FAILED
[2022-09-16 11:24:29.087] [exthost] [error] undefined
[2022-09-16 11:24:45.627] [exthost] [warning] TextEditor is closed/disposed
[2022-09-16 11:25:08.732] [exthost] [warning] TextEditor is closed/disposed
[2022-09-16 11:25:19.329] [exthost] [warning] TextEditor is closed/disposed
[2022-09-16 11:26:35.565] [exthost] [warning] TextEditor is closed/disposed
[2022-09-16 11:27:55.171] [exthost] [warning] TextEditor is closed/disposed
[2022-09-16 11:28:01.983] [exthost] [warning] TextEditor is closed/disposed
[2022-09-16 11:33:46.730] [exthost] [warning] TextEditor is closed/disposed
[2022-09-16 11:34:02.230] [exthost] [warning] TextEditor is closed/disposed
[2022-09-16 11:34:40.966] [exthost] [warning] TextEditor is closed/disposed
[2022-09-16 11:34:41.644] [exthost] [info] ExtensionService#_doActivateExtension wix.vscode-import-cost, startup: false, activationEvent: 'onLanguage:javascript'
[2022-09-16 11:34:47.452] [exthost] [warning] TextEditor is closed/disposed
[2022-09-16 11:34:51.221] [exthost] [error] [ecmel.vscode-html-css] provider FAILED
[2022-09-16 11:34:51.222] [exthost] [error] undefined
[2022-09-16 11:34:56.093] [exthost] [error] [ecmel.vscode-html-css] provider FAILED
[2022-09-16 11:34:56.094] [exthost] [error] undefined
[2022-09-16 11:35:01.330] [exthost] [warning] TextEditor is closed/disposed
[2022-09-16 11:37:02.917] [exthost] [warning] TextEditor is closed/disposed
[2022-09-16 11:37:06.326] [exthost] [warning] TextEditor is closed/disposed
[2022-09-16 11:37:09.040] [exthost] [warning] TextEditor is closed/disposed
[2022-09-16 11:37:10.074] [exthost] [warning] TextEditor is closed/disposed
[2022-09-16 11:40:43.012] [exthost] [warning] TextEditor is closed/disposed
[2022-09-16 11:41:37.608] [exthost] [error] [ecmel.vscode-html-css] provider FAILED
[2022-09-16 11:41:37.608] [exthost] [error] undefined
[2022-09-16 11:41:38.037] [exthost] [error] [ecmel.vscode-html-css] provider FAILED
[2022-09-16 11:41:38.038] [exthost] [error] undefined
[2022-09-16 11:41:39.328] [exthost] [error] [ecmel.vscode-html-css] provider FAILED
[2022-09-16 11:41:39.328] [exthost] [error] undefined
[2022-09-16 11:41:39.546] [exthost] [error] [ecmel.vscode-html-css] provider FAILED
[2022-09-16 11:41:39.546] [exthost] [error] undefined
[2022-09-16 11:41:39.684] [exthost] [error] [ecmel.vscode-html-css] provider FAILED
[2022-09-16 11:41:39.684] [exthost] [error] undefined
[2022-09-16 11:43:03.373] [exthost] [warning] TextEditor is closed/disposed
[2022-09-16 11:43:45.300] [exthost] [warning] TextEditor is closed/disposed
[2022-09-16 11:46:11.018] [exthost] [warning] TextEditor is closed/disposed
[2022-09-16 11:46:16.528] [exthost] [warning] TextEditor is closed/disposed
[2022-09-16 11:51:10.988] [exthost] [warning] TextEditor is closed/disposed
[2022-09-16 11:51:13.024] [exthost] [warning] TextEditor is closed/disposed
[2022-09-16 11:51:24.447] [exthost] [warning] TextEditor is closed/disposed
[2022-09-16 11:51:26.568] [exthost] [warning] TextEditor is closed/disposed
[2022-09-16 11:51:31.796] [exthost] [warning] TextEditor is closed/disposed
[2022-09-16 11:51:35.735] [exthost] [warning] TextEditor is closed/disposed
[2022-09-16 11:51:36.248] [exthost] [warning] TextEditor is closed/disposed
[2022-09-16 11:51:43.902] [exthost] [warning] TextEditor is closed/disposed
[2022-09-16 11:51:48.602] [exthost] [warning] TextEditor is closed/disposed
[2022-09-16 11:56:07.487] [exthost] [warning] TextEditor is closed/disposed
[2022-09-16 11:56:13.096] [exthost] [warning] TextEditor is closed/disposed
[2022-09-16 11:56:17.724] [exthost] [warning] TextEditor is closed/disposed
[2022-09-16 12:06:06.656] [exthost] [warning] TextEditor is closed/disposed
[2022-09-16 12:06:13.316] [exthost] [warning] TextEditor is closed/disposed
[2022-09-16 12:06:14.163] [exthost] [warning] TextEditor is closed/disposed
[2022-09-16 12:06:51.925] [exthost] [warning] TextEditor is closed/disposed
[2022-09-16 12:18:08.653] [exthost] [warning] TextEditor is closed/disposed
[2022-09-16 12:18:10.284] [exthost] [warning] TextEditor is closed/disposed
[2022-09-16 12:18:25.049] [exthost] [warning] TextEditor is closed/disposed
[2022-09-16 13:18:03.917] [exthost] [info] Extension host terminating: received terminate message from renderer
[2022-09-16 13:18:03.921] [exthost] [info] Lock '/home/cmendoza/.vscode-server/data/User/workspaceStorage/5979ea734077970d694a454aaeeb4a4d/vscode.lock': Marking the lockfile as scheduled to be released in 6000 ms.
[2022-09-16 13:18:04.302] [exthost] [warning] {"name":"Canceled"}
[2022-09-16 13:18:04.369] [exthost] [info] Extension host with pid 176 exiting with code 0
