[2022-08-23 11:02:15.650] [exthost] [info] Extension host with pid 557 started
[2022-08-23 11:02:15.660] [exthost] [error] Error: EEXIST: file already exists, open '/home/cmendoza/.vscode-server/data/User/workspaceStorage/d5aba56a1b1317a03906dd8671ef8bfc/vscode.lock'
[2022-08-23 11:02:15.696] [exthost] [info] Lock '/home/cmendoza/.vscode-server/data/User/workspaceStorage/d5aba56a1b1317a03906dd8671ef8bfc/vscode.lock': Could not acquire lock, checking if the file is stale.
[2022-08-23 11:02:15.706] [exthost] [info] Lock '/home/cmendoza/.vscode-server/data/User/workspaceStorage/d5aba56a1b1317a03906dd8671ef8bfc/vscode.lock': The pid 446 appears to be gone.
[2022-08-23 11:02:15.707] [exthost] [info] Lock '/home/cmendoza/.vscode-server/data/User/workspaceStorage/d5aba56a1b1317a03906dd8671ef8bfc/vscode.lock': Deleting a stale lock.
[2022-08-23 11:02:15.720] [exthost] [info] Lock '/home/cmendoza/.vscode-server/data/User/workspaceStorage/d5aba56a1b1317a03906dd8671ef8bfc/vscode.lock': Lock acquired.
[2022-08-23 11:02:15.839] [exthost] [info] ExtensionService#_doActivateExtension vscode.debug-auto-launch, startup: true, activationEvent: '*'
[2022-08-23 11:02:15.914] [exthost] [info] ExtensionService#_doActivateExtension vscode.git-base, startup: true, activationEvent: '*'
[2022-08-23 11:02:15.979] [exthost] [info] ExtensionService#_doActivateExtension vscode.ipynb, startup: true, activationEvent: '*'
[2022-08-23 11:02:16.179] [exthost] [info] ExtensionService#_doActivateExtension 2gua.rainbow-brackets, startup: true, activationEvent: '*'
[2022-08-23 11:02:16.184] [exthost] [info] ExtensionService#_doActivateExtension christian-kohler.path-intellisense, startup: true, activationEvent: '*'
[2022-08-23 11:02:16.223] [exthost] [info] ExtensionService#_doActivateExtension ecmel.vscode-html-css, startup: true, activationEvent: '*'
[2022-08-23 11:02:16.319] [exthost] [info] ExtensionService#_doActivateExtension ms-vsliveshare.vsliveshare, startup: true, activationEvent: '*'
[2022-08-23 11:02:17.687] [exthost] [info] ExtensionService#_doActivateExtension naumovs.color-highlight, startup: true, activationEvent: '*'
[2022-08-23 11:02:17.712] [exthost] [info] ExtensionService#_doActivateExtension oderwat.indent-rainbow, startup: true, activationEvent: '*'
[2022-08-23 11:02:17.717] [exthost] [info] ExtensionService#_doActivateExtension WallabyJs.quokka-vscode, startup: true, activationEvent: '*'
[2022-08-23 11:02:17.729] [exthost] [info] ExtensionService#_doActivateExtension vscode.npm, startup: true, activationEvent: 'workspaceContains:package.json'
[2022-08-23 11:02:21.367] [exthost] [info] ExtensionService#_doActivateExtension vscode.configuration-editing, startup: false, activationEvent: 'onLanguage:jsonc'
[2022-08-23 11:02:21.412] [exthost] [info] ExtensionService#_doActivateExtension vscode.json-language-features, startup: false, activationEvent: 'onLanguage:jsonc'
[2022-08-23 11:02:21.583] [exthost] [info] ExtensionService#_doActivateExtension vscode.typescript-language-features, startup: false, activationEvent: 'onLanguage:jsonc'
[2022-08-23 11:02:21.929] [exthost] [info] ExtensionService#_doActivateExtension vscode.github, startup: true, activationEvent: '*'
[2022-08-23 11:02:22.938] [exthost] [info] ExtensionService#_doActivateExtension GitHub.vscode-pull-request-github, startup: true, activationEvent: '*'
[2022-08-23 11:02:23.560] [exthost] [info] ExtensionService#_doActivateExtension pranaygp.vscode-css-peek, startup: true, activationEvent: 'workspaceContains:**/*.css,**/*.scss,**/*.sass,**/*.less'
[2022-08-23 11:02:27.726] [exthost] [info] ExtensionService#_doActivateExtension vscode.emmet, startup: false, activationEvent: 'onStartupFinished'
[2022-08-23 11:02:27.795] [exthost] [info] ExtensionService#_doActivateExtension vscode.merge-conflict, startup: false, activationEvent: 'onStartupFinished'
[2022-08-23 11:02:27.820] [exthost] [info] ExtensionService#_doActivateExtension CodeStream.codestream, startup: false, activationEvent: 'onStartupFinished'
[2022-08-23 11:02:28.247] [exthost] [info] ExtensionService#_doActivateExtension eamodio.gitlens, startup: false, activationEvent: 'onStartupFinished'
[2022-08-23 11:02:28.457] [exthost] [info] ExtensionService#_doActivateExtension eamodio.gitlens-insiders, startup: false, activationEvent: 'onStartupFinished'
[2022-08-23 11:02:29.839] [exthost] [info] ExtensionService#_doActivateExtension esbenp.prettier-vscode, startup: false, activationEvent: 'onStartupFinished'
[2022-08-23 11:02:30.736] [exthost] [info] ExtensionService#_doActivateExtension ritwickdey.LiveServer, startup: false, activationEvent: 'onStartupFinished'
[2022-08-23 11:02:42.595] [exthost] [info] Eager extensions activated
[2022-08-23 11:12:51.762] [exthost] [warning] TextEditor is closed/disposed
[2022-08-23 11:12:55.351] [exthost] [info] ExtensionService#_doActivateExtension wix.vscode-import-cost, startup: false, activationEvent: 'onLanguage:javascript'
[2022-08-23 11:13:08.874] [exthost] [warning] TextEditor is closed/disposed
[2022-08-23 11:13:08.879] [exthost] [info] ExtensionService#_doActivateExtension vscode.css-language-features, startup: false, activationEvent: 'onLanguage:css'
[2022-08-23 11:13:10.857] [exthost] [info] ExtensionService#_doActivateExtension vscode.html-language-features, startup: false, activationEvent: 'onLanguage:html'
[2022-08-23 11:13:35.832] [exthost] [warning] TextEditor is closed/disposed
[2022-08-23 11:13:38.477] [exthost] [warning] TextEditor is closed/disposed
[2022-08-23 11:13:38.873] [exthost] [warning] TextEditor is closed/disposed
[2022-08-23 11:13:51.742] [exthost] [warning] TextEditor is closed/disposed
[2022-08-23 11:13:55.598] [exthost] [warning] TextEditor is closed/disposed
[2022-08-23 11:14:06.012] [exthost] [warning] TextEditor is closed/disposed
[2022-08-23 11:14:08.877] [exthost] [warning] TextEditor is closed/disposed
[2022-08-23 11:14:12.810] [exthost] [warning] TextEditor is closed/disposed
[2022-08-23 11:14:24.009] [exthost] [warning] TextEditor is closed/disposed
[2022-08-23 11:14:41.549] [exthost] [warning] TextEditor is closed/disposed
[2022-08-23 11:14:47.913] [exthost] [warning] TextEditor is closed/disposed
[2022-08-23 14:06:37.726] [exthost] [info] Extension host terminating: received terminate message from renderer
[2022-08-23 14:06:37.732] [exthost] [info] Lock '/home/cmendoza/.vscode-server/data/User/workspaceStorage/d5aba56a1b1317a03906dd8671ef8bfc/vscode.lock': Marking the lockfile as scheduled to be released in 6000 ms.
[2022-08-23 14:06:38.064] [exthost] [warning] {"name":"Canceled"}
[2022-08-23 14:06:38.123] [exthost] [info] Extension host with pid 557 exiting with code 0
