[2022-09-15 15:05:39.765] [exthost] [info] Extension host with pid 156 started
[2022-09-15 15:05:39.822] [exthost] [info] Lock '/home/cmendoza/.vscode-server/data/User/workspaceStorage/5979ea734077970d694a454aaeeb4a4d/vscode.lock': Lock acquired.
[2022-09-15 15:05:40.056] [exthost] [info] ExtensionService#_doActivateExtension vscode.debug-auto-launch, startup: true, activationEvent: '*'
[2022-09-15 15:05:40.124] [exthost] [info] ExtensionService#_doActivateExtension vscode.git-base, startup: true, activationEvent: '*'
[2022-09-15 15:05:40.189] [exthost] [info] ExtensionService#_doActivateExtension vscode.ipynb, startup: true, activationEvent: '*'
[2022-09-15 15:05:40.363] [exthost] [info] ExtensionService#_doActivateExtension 2gua.rainbow-brackets, startup: true, activationEvent: '*'
[2022-09-15 15:05:40.380] [exthost] [info] ExtensionService#_doActivateExtension christian-kohler.path-intellisense, startup: true, activationEvent: '*'
[2022-09-15 15:05:40.684] [exthost] [info] ExtensionService#_doActivateExtension ecmel.vscode-html-css, startup: true, activationEvent: '*'
[2022-09-15 15:05:40.917] [exthost] [info] ExtensionService#_doActivateExtension ms-vsliveshare.vsliveshare, startup: true, activationEvent: '*'
[2022-09-15 15:05:41.618] [exthost] [info] ExtensionService#_doActivateExtension naumovs.color-highlight, startup: true, activationEvent: '*'
[2022-09-15 15:05:41.729] [exthost] [info] ExtensionService#_doActivateExtension oderwat.indent-rainbow, startup: true, activationEvent: '*'
[2022-09-15 15:05:41.758] [exthost] [info] ExtensionService#_doActivateExtension WallabyJs.quokka-vscode, startup: true, activationEvent: '*'
[2022-09-15 15:05:42.891] [exthost] [info] ExtensionService#_doActivateExtension vscode.github, startup: true, activationEvent: '*'
[2022-09-15 15:05:43.163] [exthost] [info] ExtensionService#_doActivateExtension GitHub.vscode-pull-request-github, startup: true, activationEvent: '*'
[2022-09-15 15:05:43.596] [exthost] [info] ExtensionService#_doActivateExtension pranaygp.vscode-css-peek, startup: true, activationEvent: 'workspaceContains:**/*.css,**/*.scss,**/*.sass,**/*.less'
[2022-09-15 15:05:44.114] [exthost] [info] ExtensionService#_doActivateExtension vscode.configuration-editing, startup: false, activationEvent: 'onLanguage:jsonc'
[2022-09-15 15:05:44.166] [exthost] [info] ExtensionService#_doActivateExtension vscode.json-language-features, startup: false, activationEvent: 'onLanguage:jsonc'
[2022-09-15 15:05:44.382] [exthost] [info] ExtensionService#_doActivateExtension vscode.typescript-language-features, startup: false, activationEvent: 'onLanguage:jsonc'
[2022-09-15 15:05:51.786] [exthost] [info] ExtensionService#_doActivateExtension vscode.emmet, startup: false, activationEvent: 'onStartupFinished'
[2022-09-15 15:05:51.961] [exthost] [info] ExtensionService#_doActivateExtension vscode.merge-conflict, startup: false, activationEvent: 'onStartupFinished'
[2022-09-15 15:05:52.022] [exthost] [info] ExtensionService#_doActivateExtension CodeStream.codestream, startup: false, activationEvent: 'onStartupFinished'
[2022-09-15 15:05:52.525] [exthost] [info] ExtensionService#_doActivateExtension eamodio.gitlens, startup: false, activationEvent: 'onStartupFinished'
[2022-09-15 15:05:53.728] [exthost] [info] ExtensionService#_doActivateExtension eamodio.gitlens-insiders, startup: false, activationEvent: 'onStartupFinished'
[2022-09-15 15:05:54.899] [exthost] [info] ExtensionService#_doActivateExtension vscode.npm, startup: false, activationEvent: 'onStartupFinished', root cause: esbenp.prettier-vscode
[2022-09-15 15:05:55.084] [exthost] [info] ExtensionService#_doActivateExtension ritwickdey.LiveServer, startup: false, activationEvent: 'onStartupFinished'
[2022-09-15 15:05:56.074] [exthost] [info] ExtensionService#_doActivateExtension esbenp.prettier-vscode, startup: false, activationEvent: 'onStartupFinished'
[2022-09-15 15:05:58.164] [exthost] [info] Eager extensions activated
[2022-09-15 15:22:20.596] [exthost] [info] ExtensionService#_doActivateExtension vscode.html-language-features, startup: false, activationEvent: 'onLanguage:html'
[2022-09-15 15:30:25.609] [exthost] [warning] TextEditor is closed/disposed
[2022-09-15 15:30:26.230] [exthost] [info] ExtensionService#_doActivateExtension wix.vscode-import-cost, startup: false, activationEvent: 'onLanguage:javascript'
[2022-09-15 15:30:30.607] [exthost] [warning] TextEditor is closed/disposed
[2022-09-15 15:30:32.743] [exthost] [warning] TextEditor is closed/disposed
[2022-09-15 15:30:36.461] [exthost] [warning] TextEditor is closed/disposed
[2022-09-15 15:31:12.923] [exthost] [warning] TextEditor is closed/disposed
[2022-09-15 15:31:20.750] [exthost] [warning] TextEditor is closed/disposed
[2022-09-15 15:31:36.341] [exthost] [warning] TextEditor is closed/disposed
[2022-09-15 15:32:49.672] [exthost] [warning] TextEditor is closed/disposed
[2022-09-15 15:32:58.640] [exthost] [warning] TextEditor is closed/disposed
[2022-09-15 15:33:02.756] [exthost] [warning] TextEditor is closed/disposed
[2022-09-15 16:10:58.441] [exthost] [warning] TextEditor is closed/disposed
[2022-09-15 16:10:58.878] [exthost] [warning] TextEditor is closed/disposed
[2022-09-15 16:11:14.072] [exthost] [warning] TextEditor is closed/disposed
[2022-09-15 16:11:36.409] [exthost] [warning] TextEditor is closed/disposed
[2022-09-15 16:12:57.588] [exthost] [error] [ecmel.vscode-html-css] provider FAILED
[2022-09-15 16:12:57.588] [exthost] [error] undefined
[2022-09-15 16:12:58.901] [exthost] [error] [ecmel.vscode-html-css] provider FAILED
[2022-09-15 16:12:58.901] [exthost] [error] undefined
[2022-09-15 16:12:59.675] [exthost] [error] [ecmel.vscode-html-css] provider FAILED
[2022-09-15 16:12:59.675] [exthost] [error] undefined
[2022-09-15 16:13:01.013] [exthost] [error] [ecmel.vscode-html-css] provider FAILED
[2022-09-15 16:13:01.013] [exthost] [error] undefined
[2022-09-15 16:13:50.678] [exthost] [warning] TextEditor is closed/disposed
[2022-09-15 16:14:05.441] [exthost] [warning] TextEditor is closed/disposed
[2022-09-15 16:14:28.404] [exthost] [warning] TextEditor is closed/disposed
[2022-09-15 16:14:31.630] [exthost] [warning] TextEditor is closed/disposed
[2022-09-15 16:14:49.221] [exthost] [warning] TextEditor is closed/disposed
[2022-09-15 16:16:45.716] [exthost] [warning] TextEditor is closed/disposed
[2022-09-15 16:16:58.307] [exthost] [warning] TextEditor is closed/disposed
[2022-09-15 16:17:00.152] [exthost] [warning] TextEditor is closed/disposed
[2022-09-15 16:17:00.859] [exthost] [warning] TextEditor is closed/disposed
[2022-09-15 16:17:32.987] [exthost] [warning] TextEditor is closed/disposed
[2022-09-15 16:17:35.467] [exthost] [warning] TextEditor is closed/disposed
[2022-09-15 16:17:58.416] [exthost] [warning] TextEditor is closed/disposed
[2022-09-15 16:19:06.621] [exthost] [error] [ecmel.vscode-html-css] provider FAILED
[2022-09-15 16:19:06.621] [exthost] [error] undefined
[2022-09-15 16:19:07.426] [exthost] [error] [ecmel.vscode-html-css] provider FAILED
[2022-09-15 16:19:07.427] [exthost] [error] undefined
[2022-09-15 16:19:08.080] [exthost] [error] [ecmel.vscode-html-css] provider FAILED
[2022-09-15 16:19:08.080] [exthost] [error] undefined
[2022-09-15 16:19:20.811] [exthost] [warning] TextEditor is closed/disposed
[2022-09-15 16:19:28.298] [exthost] [warning] TextEditor is closed/disposed
[2022-09-15 16:19:38.830] [exthost] [warning] TextEditor is closed/disposed
[2022-09-15 16:24:30.851] [exthost] [warning] TextEditor is closed/disposed
[2022-09-15 16:24:32.663] [exthost] [error] [ecmel.vscode-html-css] provider FAILED
[2022-09-15 16:24:32.663] [exthost] [error] undefined
[2022-09-15 16:24:33.499] [exthost] [error] [ecmel.vscode-html-css] provider FAILED
[2022-09-15 16:24:33.499] [exthost] [error] undefined
[2022-09-15 16:25:28.293] [exthost] [warning] TextEditor is closed/disposed
[2022-09-15 16:25:28.388] [exthost] [info] ExtensionService#_doActivateExtension vscode.css-language-features, startup: false, activationEvent: 'onLanguage:css'
[2022-09-15 16:25:36.539] [exthost] [warning] TextEditor is closed/disposed
[2022-09-15 16:26:03.517] [exthost] [warning] TextEditor is closed/disposed
[2022-09-15 16:26:05.490] [exthost] [warning] TextEditor is closed/disposed
[2022-09-15 16:26:06.315] [exthost] [warning] TextEditor is closed/disposed
[2022-09-15 16:26:07.077] [exthost] [warning] TextEditor is closed/disposed
[2022-09-15 16:32:37.763] [exthost] [warning] TextEditor is closed/disposed
[2022-09-15 16:32:38.408] [exthost] [warning] TextEditor is closed/disposed
[2022-09-15 16:33:00.141] [exthost] [warning] TextEditor is closed/disposed
[2022-09-15 16:33:30.368] [exthost] [warning] TextEditor is closed/disposed
[2022-09-15 16:33:44.782] [exthost] [warning] TextEditor is closed/disposed
[2022-09-15 16:33:52.323] [exthost] [warning] TextEditor is closed/disposed
[2022-09-15 16:43:15.262] [exthost] [warning] TextEditor is closed/disposed
[2022-09-15 16:43:16.514] [exthost] [warning] TextEditor is closed/disposed
[2022-09-15 16:43:19.407] [exthost] [warning] TextEditor is closed/disposed
[2022-09-15 16:43:19.990] [exthost] [warning] TextEditor is closed/disposed
[2022-09-15 16:43:21.156] [exthost] [warning] TextEditor is closed/disposed
[2022-09-15 16:43:28.296] [exthost] [warning] TextEditor is closed/disposed
[2022-09-15 16:43:46.428] [exthost] [warning] TextEditor is closed/disposed
[2022-09-15 16:44:05.107] [exthost] [warning] TextEditor is closed/disposed
[2022-09-15 16:44:44.529] [exthost] [warning] TextEditor is closed/disposed
[2022-09-15 16:44:49.059] [exthost] [warning] TextEditor is closed/disposed
[2022-09-15 16:44:54.269] [exthost] [warning] TextEditor is closed/disposed
[2022-09-15 16:46:41.762] [exthost] [warning] TextEditor is closed/disposed
[2022-09-15 16:46:47.230] [exthost] [error] [ecmel.vscode-html-css] provider FAILED
[2022-09-15 16:46:47.230] [exthost] [error] undefined
[2022-09-15 16:46:47.869] [exthost] [error] [ecmel.vscode-html-css] provider FAILED
[2022-09-15 16:46:47.869] [exthost] [error] undefined
[2022-09-15 16:46:48.022] [exthost] [error] [ecmel.vscode-html-css] provider FAILED
[2022-09-15 16:46:48.022] [exthost] [error] undefined
[2022-09-15 16:46:48.136] [exthost] [error] [ecmel.vscode-html-css] provider FAILED
[2022-09-15 16:46:48.136] [exthost] [error] undefined
[2022-09-15 16:46:48.261] [exthost] [error] [ecmel.vscode-html-css] provider FAILED
[2022-09-15 16:46:48.261] [exthost] [error] undefined
[2022-09-15 16:46:48.312] [exthost] [error] [ecmel.vscode-html-css] provider FAILED
[2022-09-15 16:46:48.312] [exthost] [error] undefined
[2022-09-15 16:46:48.489] [exthost] [error] [ecmel.vscode-html-css] provider FAILED
[2022-09-15 16:46:48.489] [exthost] [error] undefined
[2022-09-15 16:46:51.910] [exthost] [error] [ecmel.vscode-html-css] provider FAILED
[2022-09-15 16:46:51.910] [exthost] [error] undefined
[2022-09-15 16:46:52.109] [exthost] [error] [ecmel.vscode-html-css] provider FAILED
[2022-09-15 16:46:52.109] [exthost] [error] undefined
[2022-09-15 16:46:57.204] [exthost] [error] [ecmel.vscode-html-css] provider FAILED
[2022-09-15 16:46:57.204] [exthost] [error] undefined
[2022-09-15 16:46:58.854] [exthost] [error] [ecmel.vscode-html-css] provider FAILED
[2022-09-15 16:46:58.854] [exthost] [error] undefined
[2022-09-15 16:46:59.103] [exthost] [error] [ecmel.vscode-html-css] provider FAILED
[2022-09-15 16:46:59.103] [exthost] [error] undefined
[2022-09-15 16:46:59.289] [exthost] [error] [ecmel.vscode-html-css] provider FAILED
[2022-09-15 16:46:59.290] [exthost] [error] undefined
[2022-09-15 16:46:59.436] [exthost] [error] [ecmel.vscode-html-css] provider FAILED
[2022-09-15 16:46:59.436] [exthost] [error] undefined
[2022-09-15 16:47:32.850] [exthost] [warning] TextEditor is closed/disposed
[2022-09-15 16:47:37.619] [exthost] [warning] TextEditor is closed/disposed
[2022-09-15 16:48:40.595] [exthost] [warning] TextEditor is closed/disposed
[2022-09-15 16:49:03.489] [exthost] [warning] TextEditor is closed/disposed
[2022-09-15 16:49:35.216] [exthost] [warning] TextEditor is closed/disposed
[2022-09-15 16:49:56.922] [exthost] [warning] TextEditor is closed/disposed
[2022-09-15 16:57:13.152] [exthost] [warning] TextEditor is closed/disposed
[2022-09-15 17:00:37.155] [exthost] [warning] TextEditor is closed/disposed
[2022-09-15 17:00:55.813] [exthost] [warning] TextEditor is closed/disposed
[2022-09-15 17:03:06.350] [exthost] [warning] TextEditor is closed/disposed
[2022-09-15 17:03:06.988] [exthost] [warning] TextEditor is closed/disposed
[2022-09-15 17:03:18.140] [exthost] [warning] TextEditor is closed/disposed
[2022-09-15 17:03:44.673] [exthost] [error] [ecmel.vscode-html-css] provider FAILED
[2022-09-15 17:03:44.673] [exthost] [error] undefined
[2022-09-15 17:03:45.498] [exthost] [error] [ecmel.vscode-html-css] provider FAILED
[2022-09-15 17:03:45.498] [exthost] [error] undefined
[2022-09-15 17:10:00.297] [exthost] [warning] TextEditor is closed/disposed
[2022-09-15 17:10:25.055] [exthost] [warning] TextEditor is closed/disposed
[2022-09-15 17:20:01.498] [exthost] [warning] TextEditor is closed/disposed
[2022-09-15 17:20:13.462] [exthost] [error] [ecmel.vscode-html-css] provider FAILED
[2022-09-15 17:20:13.462] [exthost] [error] undefined
[2022-09-15 17:20:27.033] [exthost] [error] [ecmel.vscode-html-css] provider FAILED
[2022-09-15 17:20:27.033] [exthost] [error] undefined
[2022-09-15 17:20:36.233] [exthost] [error] [ecmel.vscode-html-css] provider FAILED
[2022-09-15 17:20:36.233] [exthost] [error] undefined
[2022-09-15 17:20:37.413] [exthost] [error] [ecmel.vscode-html-css] provider FAILED
[2022-09-15 17:20:37.413] [exthost] [error] undefined
[2022-09-15 17:20:39.825] [exthost] [error] [ecmel.vscode-html-css] provider FAILED
[2022-09-15 17:20:39.825] [exthost] [error] undefined
[2022-09-15 17:20:40.063] [exthost] [error] [ecmel.vscode-html-css] provider FAILED
[2022-09-15 17:20:40.063] [exthost] [error] undefined
[2022-09-15 17:20:40.198] [exthost] [error] [ecmel.vscode-html-css] provider FAILED
[2022-09-15 17:20:40.199] [exthost] [error] undefined
[2022-09-15 17:20:50.022] [exthost] [error] [ecmel.vscode-html-css] provider FAILED
[2022-09-15 17:20:50.023] [exthost] [error] undefined
[2022-09-15 17:21:57.385] [exthost] [error] [ecmel.vscode-html-css] provider FAILED
[2022-09-15 17:21:57.385] [exthost] [error] undefined
[2022-09-15 17:22:18.425] [exthost] [error] [ecmel.vscode-html-css] provider FAILED
[2022-09-15 17:22:18.425] [exthost] [error] undefined
[2022-09-15 17:22:20.571] [exthost] [error] [ecmel.vscode-html-css] provider FAILED
[2022-09-15 17:22:20.571] [exthost] [error] undefined
[2022-09-15 17:22:36.654] [exthost] [error] [ecmel.vscode-html-css] provider FAILED
[2022-09-15 17:22:36.654] [exthost] [error] undefined
[2022-09-15 17:22:37.324] [exthost] [error] [ecmel.vscode-html-css] provider FAILED
[2022-09-15 17:22:37.324] [exthost] [error] undefined
[2022-09-15 17:23:13.194] [exthost] [error] [ecmel.vscode-html-css] provider FAILED
[2022-09-15 17:23:13.194] [exthost] [error] undefined
[2022-09-15 17:23:47.394] [exthost] [error] [ecmel.vscode-html-css] provider FAILED
[2022-09-15 17:23:47.395] [exthost] [error] undefined
[2022-09-15 17:23:52.327] [exthost] [error] [ecmel.vscode-html-css] provider FAILED
[2022-09-15 17:23:52.327] [exthost] [error] undefined
[2022-09-15 17:24:05.489] [exthost] [error] [ecmel.vscode-html-css] provider FAILED
[2022-09-15 17:24:05.489] [exthost] [error] undefined
[2022-09-15 17:24:17.494] [exthost] [error] [ecmel.vscode-html-css] provider FAILED
[2022-09-15 17:24:17.494] [exthost] [error] undefined
[2022-09-15 17:24:35.455] [exthost] [error] [ecmel.vscode-html-css] provider FAILED
[2022-09-15 17:24:35.455] [exthost] [error] undefined
[2022-09-15 17:24:35.808] [exthost] [error] [ecmel.vscode-html-css] provider FAILED
[2022-09-15 17:24:35.808] [exthost] [error] undefined
[2022-09-15 17:24:37.311] [exthost] [error] [ecmel.vscode-html-css] provider FAILED
[2022-09-15 17:24:37.311] [exthost] [error] undefined
[2022-09-15 17:24:45.456] [exthost] [error] [ecmel.vscode-html-css] provider FAILED
[2022-09-15 17:24:45.456] [exthost] [error] undefined
[2022-09-15 17:24:47.185] [exthost] [error] [ecmel.vscode-html-css] provider FAILED
[2022-09-15 17:24:47.185] [exthost] [error] undefined
[2022-09-15 17:24:47.583] [exthost] [error] [ecmel.vscode-html-css] provider FAILED
[2022-09-15 17:24:47.583] [exthost] [error] undefined
[2022-09-15 17:25:11.273] [exthost] [error] [ecmel.vscode-html-css] provider FAILED
[2022-09-15 17:25:11.273] [exthost] [error] undefined
[2022-09-15 17:25:11.900] [exthost] [error] [ecmel.vscode-html-css] provider FAILED
[2022-09-15 17:25:11.900] [exthost] [error] undefined
[2022-09-15 17:26:27.344] [exthost] [error] [ecmel.vscode-html-css] provider FAILED
[2022-09-15 17:26:27.344] [exthost] [error] undefined
[2022-09-15 17:26:28.397] [exthost] [error] [ecmel.vscode-html-css] provider FAILED
[2022-09-15 17:26:28.397] [exthost] [error] undefined
[2022-09-15 17:26:45.042] [exthost] [error] [ecmel.vscode-html-css] provider FAILED
[2022-09-15 17:26:45.042] [exthost] [error] undefined
[2022-09-15 17:26:57.794] [exthost] [error] [ecmel.vscode-html-css] provider FAILED
[2022-09-15 17:26:57.794] [exthost] [error] undefined
[2022-09-15 17:27:44.369] [exthost] [error] [ecmel.vscode-html-css] provider FAILED
[2022-09-15 17:27:44.369] [exthost] [error] undefined
[2022-09-15 17:27:46.097] [exthost] [error] [ecmel.vscode-html-css] provider FAILED
[2022-09-15 17:27:46.097] [exthost] [error] undefined
[2022-09-15 17:28:50.594] [exthost] [error] [ecmel.vscode-html-css] provider FAILED
[2022-09-15 17:28:50.594] [exthost] [error] undefined
[2022-09-15 17:28:52.215] [exthost] [error] [ecmel.vscode-html-css] provider FAILED
[2022-09-15 17:28:52.215] [exthost] [error] undefined
[2022-09-15 17:29:13.800] [exthost] [error] [ecmel.vscode-html-css] provider FAILED
[2022-09-15 17:29:13.800] [exthost] [error] undefined
[2022-09-15 17:29:14.267] [exthost] [error] [ecmel.vscode-html-css] provider FAILED
[2022-09-15 17:29:14.267] [exthost] [error] undefined
[2022-09-15 17:29:14.412] [exthost] [error] [ecmel.vscode-html-css] provider FAILED
[2022-09-15 17:29:14.412] [exthost] [error] undefined
[2022-09-15 17:29:14.977] [exthost] [error] [ecmel.vscode-html-css] provider FAILED
[2022-09-15 17:29:14.977] [exthost] [error] undefined
[2022-09-15 17:29:15.405] [exthost] [error] [ecmel.vscode-html-css] provider FAILED
[2022-09-15 17:29:15.405] [exthost] [error] undefined
[2022-09-15 17:29:15.522] [exthost] [error] [ecmel.vscode-html-css] provider FAILED
[2022-09-15 17:29:15.522] [exthost] [error] undefined
[2022-09-15 17:29:31.201] [exthost] [error] [ecmel.vscode-html-css] provider FAILED
[2022-09-15 17:29:31.201] [exthost] [error] undefined
[2022-09-15 17:29:32.949] [exthost] [error] [ecmel.vscode-html-css] provider FAILED
[2022-09-15 17:29:32.949] [exthost] [error] undefined
[2022-09-15 17:30:17.059] [exthost] [error] [ecmel.vscode-html-css] provider FAILED
[2022-09-15 17:30:17.060] [exthost] [error] undefined
[2022-09-15 17:30:32.300] [exthost] [error] [ecmel.vscode-html-css] provider FAILED
[2022-09-15 17:30:32.300] [exthost] [error] undefined
[2022-09-15 17:30:32.904] [exthost] [error] [ecmel.vscode-html-css] provider FAILED
[2022-09-15 17:30:32.904] [exthost] [error] undefined
[2022-09-15 17:30:47.457] [exthost] [error] [ecmel.vscode-html-css] provider FAILED
[2022-09-15 17:30:47.457] [exthost] [error] undefined
[2022-09-15 17:31:56.636] [exthost] [error] [ecmel.vscode-html-css] provider FAILED
[2022-09-15 17:31:56.636] [exthost] [error] undefined
[2022-09-15 17:32:13.545] [exthost] [error] [ecmel.vscode-html-css] provider FAILED
[2022-09-15 17:32:13.545] [exthost] [error] undefined
[2022-09-15 17:32:15.214] [exthost] [error] [ecmel.vscode-html-css] provider FAILED
[2022-09-15 17:32:15.214] [exthost] [error] undefined
[2022-09-15 17:32:28.074] [exthost] [error] [ecmel.vscode-html-css] provider FAILED
[2022-09-15 17:32:28.075] [exthost] [error] undefined
[2022-09-15 17:32:28.509] [exthost] [error] [ecmel.vscode-html-css] provider FAILED
[2022-09-15 17:32:28.509] [exthost] [error] undefined
[2022-09-15 17:32:29.173] [exthost] [error] [ecmel.vscode-html-css] provider FAILED
[2022-09-15 17:32:29.173] [exthost] [error] undefined
[2022-09-15 17:32:52.608] [exthost] [error] [ecmel.vscode-html-css] provider FAILED
[2022-09-15 17:32:52.608] [exthost] [error] undefined
[2022-09-15 17:32:53.217] [exthost] [error] [ecmel.vscode-html-css] provider FAILED
[2022-09-15 17:32:53.217] [exthost] [error] undefined
[2022-09-15 17:32:53.438] [exthost] [error] [ecmel.vscode-html-css] provider FAILED
[2022-09-15 17:32:53.438] [exthost] [error] undefined
[2022-09-15 17:32:53.627] [exthost] [error] [ecmel.vscode-html-css] provider FAILED
[2022-09-15 17:32:53.627] [exthost] [error] undefined
[2022-09-15 17:32:53.762] [exthost] [error] [ecmel.vscode-html-css] provider FAILED
[2022-09-15 17:32:53.762] [exthost] [error] undefined
[2022-09-15 17:33:12.931] [exthost] [warning] TextEditor is closed/disposed
[2022-09-15 17:37:07.653] [exthost] [warning] TextEditor is closed/disposed
[2022-09-15 17:37:10.057] [exthost] [warning] TextEditor is closed/disposed
[2022-09-15 17:41:51.698] [exthost] [warning] TextEditor is closed/disposed
[2022-09-15 17:41:56.960] [exthost] [error] [ecmel.vscode-html-css] provider FAILED
[2022-09-15 17:41:56.961] [exthost] [error] undefined
[2022-09-15 17:41:57.599] [exthost] [error] [ecmel.vscode-html-css] provider FAILED
[2022-09-15 17:41:57.599] [exthost] [error] undefined
[2022-09-15 17:42:07.091] [exthost] [error] [ecmel.vscode-html-css] provider FAILED
[2022-09-15 17:42:07.091] [exthost] [error] undefined
[2022-09-15 17:42:07.392] [exthost] [error] [ecmel.vscode-html-css] provider FAILED
[2022-09-15 17:42:07.392] [exthost] [error] undefined
[2022-09-15 17:42:07.498] [exthost] [error] [ecmel.vscode-html-css] provider FAILED
[2022-09-15 17:42:07.498] [exthost] [error] undefined
[2022-09-15 17:42:07.935] [exthost] [error] [ecmel.vscode-html-css] provider FAILED
[2022-09-15 17:42:07.935] [exthost] [error] undefined
[2022-09-15 17:42:08.164] [exthost] [error] [ecmel.vscode-html-css] provider FAILED
[2022-09-15 17:42:08.164] [exthost] [error] undefined
[2022-09-15 17:42:08.265] [exthost] [error] [ecmel.vscode-html-css] provider FAILED
[2022-09-15 17:42:08.266] [exthost] [error] undefined
[2022-09-15 17:42:08.381] [exthost] [error] [ecmel.vscode-html-css] provider FAILED
[2022-09-15 17:42:08.381] [exthost] [error] undefined
[2022-09-15 17:42:38.482] [exthost] [warning] TextEditor is closed/disposed
[2022-09-15 17:42:46.083] [exthost] [warning] TextEditor is closed/disposed
[2022-09-15 17:42:46.987] [exthost] [warning] TextEditor is closed/disposed
[2022-09-15 17:43:20.530] [exthost] [warning] TextEditor is closed/disposed
[2022-09-15 17:43:46.780] [exthost] [warning] TextEditor is closed/disposed
[2022-09-15 17:43:51.491] [exthost] [warning] TextEditor is closed/disposed
[2022-09-15 17:43:57.724] [exthost] [warning] TextEditor is closed/disposed
[2022-09-15 17:44:49.259] [exthost] [warning] TextEditor is closed/disposed
[2022-09-15 17:45:01.209] [exthost] [warning] TextEditor is closed/disposed
[2022-09-15 17:46:13.294] [exthost] [warning] TextEditor is closed/disposed
[2022-09-15 17:47:08.085] [exthost] [warning] TextEditor is closed/disposed
[2022-09-15 17:49:16.221] [exthost] [warning] TextEditor is closed/disposed
[2022-09-15 17:49:20.756] [exthost] [warning] TextEditor is closed/disposed
[2022-09-15 17:49:37.125] [exthost] [warning] TextEditor is closed/disposed
[2022-09-15 17:49:49.123] [exthost] [warning] TextEditor is closed/disposed
[2022-09-15 17:51:01.036] [exthost] [warning] TextEditor is closed/disposed
[2022-09-15 17:51:05.621] [exthost] [warning] TextEditor is closed/disposed
[2022-09-15 17:51:13.138] [exthost] [warning] TextEditor is closed/disposed
[2022-09-15 17:51:29.230] [exthost] [warning] TextEditor is closed/disposed
[2022-09-15 17:52:10.388] [exthost] [warning] TextEditor is closed/disposed
[2022-09-15 17:52:32.608] [exthost] [warning] TextEditor is closed/disposed
[2022-09-15 17:52:54.499] [exthost] [warning] TextEditor is closed/disposed
[2022-09-15 17:53:06.488] [exthost] [warning] TextEditor is closed/disposed
[2022-09-15 17:53:13.997] [exthost] [warning] TextEditor is closed/disposed
[2022-09-15 17:53:59.779] [exthost] [warning] TextEditor is closed/disposed
[2022-09-15 17:54:58.102] [exthost] [warning] TextEditor is closed/disposed
[2022-09-15 17:55:17.638] [exthost] [warning] TextEditor is closed/disposed
[2022-09-15 17:57:08.772] [exthost] [warning] TextEditor is closed/disposed
[2022-09-15 17:57:13.732] [exthost] [warning] TextEditor is closed/disposed
[2022-09-15 17:57:52.427] [exthost] [warning] TextEditor is closed/disposed
[2022-09-15 17:58:08.670] [exthost] [warning] TextEditor is closed/disposed
[2022-09-15 18:02:35.262] [exthost] [info] Extension host terminating: received terminate message from renderer
[2022-09-15 18:02:35.277] [exthost] [info] Lock '/home/cmendoza/.vscode-server/data/User/workspaceStorage/5979ea734077970d694a454aaeeb4a4d/vscode.lock': Marking the lockfile as scheduled to be released in 6000 ms.
[2022-09-15 18:02:35.740] [exthost] [warning] {"name":"Canceled"}
[2022-09-15 18:02:35.936] [exthost] [info] Extension host with pid 156 exiting with code 0
