[2022-08-31 09:14:14.724] [exthost] [info] Extension host with pid 286 started
[2022-08-31 09:14:14.807] [exthost] [info] Lock '/home/cmendoza/.vscode-server/data/User/workspaceStorage/d5aba56a1b1317a03906dd8671ef8bfc/vscode.lock': Lock acquired.
[2022-08-31 09:14:15.259] [exthost] [info] ExtensionService#_doActivateExtension vscode.typescript-language-features, startup: false, activationEvent: 'onLanguage:javascript'
[2022-08-31 09:14:15.661] [exthost] [info] ExtensionService#_doActivateExtension wix.vscode-import-cost, startup: false, activationEvent: 'onLanguage:javascript'
[2022-08-31 09:14:16.848] [exthost] [info] ExtensionService#_doActivateExtension vscode.debug-auto-launch, startup: true, activationEvent: '*'
[2022-08-31 09:14:16.893] [exthost] [info] ExtensionService#_doActivateExtension vscode.git-base, startup: true, activationEvent: '*'
[2022-08-31 09:14:16.949] [exthost] [info] ExtensionService#_doActivateExtension vscode.ipynb, startup: true, activationEvent: '*'
[2022-08-31 09:14:17.153] [exthost] [info] ExtensionService#_doActivateExtension 2gua.rainbow-brackets, startup: true, activationEvent: '*'
[2022-08-31 09:14:17.169] [exthost] [info] ExtensionService#_doActivateExtension christian-kohler.path-intellisense, startup: true, activationEvent: '*'
[2022-08-31 09:14:17.426] [exthost] [info] ExtensionService#_doActivateExtension ecmel.vscode-html-css, startup: true, activationEvent: '*'
[2022-08-31 09:14:17.656] [exthost] [info] ExtensionService#_doActivateExtension ms-vsliveshare.vsliveshare, startup: true, activationEvent: '*'
[2022-08-31 09:14:20.093] [exthost] [info] ExtensionService#_doActivateExtension naumovs.color-highlight, startup: true, activationEvent: '*'
[2022-08-31 09:14:20.144] [exthost] [info] ExtensionService#_doActivateExtension oderwat.indent-rainbow, startup: true, activationEvent: '*'
[2022-08-31 09:14:20.158] [exthost] [info] ExtensionService#_doActivateExtension WallabyJs.quokka-vscode, startup: true, activationEvent: '*'
[2022-08-31 09:14:20.173] [exthost] [info] ExtensionService#_doActivateExtension vscode.npm, startup: true, activationEvent: 'workspaceContains:package.json'
[2022-08-31 09:14:20.319] [exthost] [info] ExtensionService#_doActivateExtension vscode.configuration-editing, startup: false, activationEvent: 'onLanguage:jsonc'
[2022-08-31 09:14:20.361] [exthost] [info] ExtensionService#_doActivateExtension vscode.json-language-features, startup: false, activationEvent: 'onLanguage:jsonc'
[2022-08-31 09:14:31.774] [exthost] [info] ExtensionService#_doActivateExtension vscode.github, startup: true, activationEvent: '*'
[2022-08-31 09:14:32.100] [exthost] [info] Not activating extension 'pranaygp.vscode-css-peek': Timed out while searching for 'workspaceContains' pattern **/*.css,**/*.scss,**/*.sass,**/*.less
[2022-08-31 09:14:32.102] [exthost] [info] ExtensionService#_doActivateExtension vscode.emmet, startup: false, activationEvent: 'onStartupFinished'
[2022-08-31 09:14:32.267] [exthost] [info] ExtensionService#_doActivateExtension vscode.merge-conflict, startup: false, activationEvent: 'onStartupFinished'
[2022-08-31 09:14:32.312] [exthost] [info] ExtensionService#_doActivateExtension CodeStream.codestream, startup: false, activationEvent: 'onStartupFinished'
[2022-08-31 09:14:32.872] [exthost] [info] ExtensionService#_doActivateExtension eamodio.gitlens, startup: false, activationEvent: 'onStartupFinished'
[2022-08-31 09:14:34.545] [exthost] [info] ExtensionService#_doActivateExtension eamodio.gitlens-insiders, startup: false, activationEvent: 'onStartupFinished'
[2022-08-31 09:14:35.751] [exthost] [info] ExtensionService#_doActivateExtension ritwickdey.LiveServer, startup: false, activationEvent: 'onStartupFinished'
[2022-08-31 09:14:40.095] [exthost] [info] ExtensionService#_doActivateExtension GitHub.vscode-pull-request-github, startup: true, activationEvent: '*'
[2022-08-31 09:14:50.492] [exthost] [info] ExtensionService#_doActivateExtension esbenp.prettier-vscode, startup: false, activationEvent: 'onStartupFinished'
[2022-08-31 09:15:32.346] [exthost] [error] Activating extension ms-vsliveshare.vsliveshare failed due to an error:
[2022-08-31 09:15:32.347] [exthost] [error] Error: connect ENOENT /tmp/CoreFxPipe_vscode.e1eaf9beb95b89234b48799fdde13d90
	at PipeConnectWrap.afterConnect [as oncomplete] (node:net:1161:16)
[2022-08-31 09:15:32.349] [exthost] [info] Eager extensions activated
[2022-08-31 09:16:45.465] [exthost] [warning] TextEditor is closed/disposed
[2022-08-31 09:16:45.584] [exthost] [info] ExtensionService#_doActivateExtension vscode.css-language-features, startup: false, activationEvent: 'onLanguage:css'
[2022-08-31 09:16:49.557] [exthost] [warning] TextEditor is closed/disposed
[2022-08-31 10:54:25.234] [exthost] [info] ExtensionService#_doActivateExtension vscode.html-language-features, startup: false, activationEvent: 'onLanguage:html'
[2022-08-31 10:54:47.531] [exthost] [error] [ecmel.vscode-html-css] provider FAILED
[2022-08-31 10:54:47.531] [exthost] [error] undefined
[2022-08-31 10:54:51.489] [exthost] [error] [ecmel.vscode-html-css] provider FAILED
[2022-08-31 10:54:51.489] [exthost] [error] undefined
[2022-08-31 10:55:19.386] [exthost] [error] [ecmel.vscode-html-css] provider FAILED
[2022-08-31 10:55:19.386] [exthost] [error] undefined
[2022-08-31 10:55:23.846] [exthost] [error] [ecmel.vscode-html-css] provider FAILED
[2022-08-31 10:55:23.846] [exthost] [error] undefined
[2022-08-31 10:55:24.288] [exthost] [error] [ecmel.vscode-html-css] provider FAILED
[2022-08-31 10:55:24.288] [exthost] [error] undefined
[2022-08-31 10:55:24.420] [exthost] [error] [ecmel.vscode-html-css] provider FAILED
[2022-08-31 10:55:24.420] [exthost] [error] undefined
[2022-08-31 10:55:24.567] [exthost] [error] [ecmel.vscode-html-css] provider FAILED
[2022-08-31 10:55:24.568] [exthost] [error] undefined
[2022-08-31 10:55:24.641] [exthost] [error] [ecmel.vscode-html-css] provider FAILED
[2022-08-31 10:55:24.641] [exthost] [error] undefined
[2022-08-31 10:55:24.756] [exthost] [error] [ecmel.vscode-html-css] provider FAILED
[2022-08-31 10:55:24.757] [exthost] [error] undefined
[2022-08-31 10:55:24.854] [exthost] [error] [ecmel.vscode-html-css] provider FAILED
[2022-08-31 10:55:24.854] [exthost] [error] undefined
[2022-08-31 10:55:24.951] [exthost] [error] [ecmel.vscode-html-css] provider FAILED
[2022-08-31 10:55:24.951] [exthost] [error] undefined
[2022-08-31 10:55:25.072] [exthost] [error] [ecmel.vscode-html-css] provider FAILED
[2022-08-31 10:55:25.072] [exthost] [error] undefined
[2022-08-31 10:55:26.417] [exthost] [error] [ecmel.vscode-html-css] provider FAILED
[2022-08-31 10:55:26.417] [exthost] [error] undefined
[2022-08-31 10:55:27.422] [exthost] [error] [ecmel.vscode-html-css] provider FAILED
[2022-08-31 10:55:27.422] [exthost] [error] undefined
[2022-08-31 10:55:28.114] [exthost] [error] [ecmel.vscode-html-css] provider FAILED
[2022-08-31 10:55:28.115] [exthost] [error] undefined
[2022-08-31 10:55:28.803] [exthost] [error] [ecmel.vscode-html-css] provider FAILED
[2022-08-31 10:55:28.803] [exthost] [error] undefined
[2022-08-31 10:55:29.170] [exthost] [error] [ecmel.vscode-html-css] provider FAILED
[2022-08-31 10:55:29.170] [exthost] [error] undefined
[2022-08-31 10:55:29.383] [exthost] [error] [ecmel.vscode-html-css] provider FAILED
[2022-08-31 10:55:29.383] [exthost] [error] undefined
[2022-08-31 10:55:29.699] [exthost] [error] [ecmel.vscode-html-css] provider FAILED
[2022-08-31 10:55:29.699] [exthost] [error] undefined
[2022-08-31 10:55:31.009] [exthost] [error] [ecmel.vscode-html-css] provider FAILED
[2022-08-31 10:55:31.009] [exthost] [error] undefined
[2022-08-31 10:55:31.381] [exthost] [error] [ecmel.vscode-html-css] provider FAILED
[2022-08-31 10:55:31.381] [exthost] [error] undefined
[2022-08-31 10:55:31.568] [exthost] [error] [ecmel.vscode-html-css] provider FAILED
[2022-08-31 10:55:31.568] [exthost] [error] undefined
[2022-08-31 10:55:31.646] [exthost] [error] [ecmel.vscode-html-css] provider FAILED
[2022-08-31 10:55:31.646] [exthost] [error] undefined
[2022-08-31 10:55:31.819] [exthost] [error] [ecmel.vscode-html-css] provider FAILED
[2022-08-31 10:55:31.819] [exthost] [error] undefined
[2022-08-31 10:56:03.433] [exthost] [error] [ecmel.vscode-html-css] provider FAILED
[2022-08-31 10:56:03.433] [exthost] [error] undefined
[2022-08-31 10:56:14.772] [exthost] [error] [ecmel.vscode-html-css] provider FAILED
[2022-08-31 10:56:14.772] [exthost] [error] undefined
[2022-08-31 10:56:16.280] [exthost] [error] [ecmel.vscode-html-css] provider FAILED
[2022-08-31 10:56:16.280] [exthost] [error] undefined
[2022-08-31 10:56:16.652] [exthost] [error] [ecmel.vscode-html-css] provider FAILED
[2022-08-31 10:56:16.652] [exthost] [error] undefined
[2022-08-31 10:56:17.500] [exthost] [error] [ecmel.vscode-html-css] provider FAILED
[2022-08-31 10:56:17.500] [exthost] [error] undefined
[2022-08-31 11:00:51.191] [exthost] [warning] TextEditor is closed/disposed
