[2022-09-01 09:34:37.209] [exthost] [info] Extension host with pid 175 started
[2022-09-01 09:34:37.266] [exthost] [info] Lock '/home/cmendoza/.vscode-server/data/User/workspaceStorage/5979ea734077970d694a454aaeeb4a4d/vscode.lock': Lock acquired.
[2022-09-01 09:34:37.429] [exthost] [info] ExtensionService#_doActivateExtension vscode.debug-auto-launch, startup: true, activationEvent: '*'
[2022-09-01 09:34:37.486] [exthost] [info] ExtensionService#_doActivateExtension vscode.git-base, startup: true, activationEvent: '*'
[2022-09-01 09:34:37.534] [exthost] [info] ExtensionService#_doActivateExtension vscode.ipynb, startup: true, activationEvent: '*'
[2022-09-01 09:34:37.736] [exthost] [info] ExtensionService#_doActivateExtension 2gua.rainbow-brackets, startup: true, activationEvent: '*'
[2022-09-01 09:34:37.761] [exthost] [info] ExtensionService#_doActivateExtension christian-kohler.path-intellisense, startup: true, activationEvent: '*'
[2022-09-01 09:34:38.047] [exthost] [info] ExtensionService#_doActivateExtension ecmel.vscode-html-css, startup: true, activationEvent: '*'
[2022-09-01 09:34:38.201] [exthost] [info] ExtensionService#_doActivateExtension ms-vsliveshare.vsliveshare, startup: true, activationEvent: '*'
[2022-09-01 09:34:40.838] [exthost] [info] ExtensionService#_doActivateExtension naumovs.color-highlight, startup: true, activationEvent: '*'
[2022-09-01 09:34:40.900] [exthost] [info] ExtensionService#_doActivateExtension oderwat.indent-rainbow, startup: true, activationEvent: '*'
[2022-09-01 09:34:40.918] [exthost] [info] ExtensionService#_doActivateExtension WallabyJs.quokka-vscode, startup: true, activationEvent: '*'
[2022-09-01 09:34:41.819] [exthost] [info] ExtensionService#_doActivateExtension vscode.github, startup: true, activationEvent: '*'
[2022-09-01 09:34:46.562] [exthost] [info] ExtensionService#_doActivateExtension GitHub.vscode-pull-request-github, startup: true, activationEvent: '*'
[2022-09-01 09:34:47.012] [exthost] [info] ExtensionService#_doActivateExtension vscode.configuration-editing, startup: false, activationEvent: 'onLanguage:jsonc'
[2022-09-01 09:34:47.097] [exthost] [info] ExtensionService#_doActivateExtension vscode.json-language-features, startup: false, activationEvent: 'onLanguage:jsonc'
[2022-09-01 09:34:47.354] [exthost] [info] ExtensionService#_doActivateExtension vscode.typescript-language-features, startup: false, activationEvent: 'onLanguage:jsonc'
[2022-09-01 09:34:47.560] [exthost] [info] ExtensionService#_doActivateExtension pranaygp.vscode-css-peek, startup: true, activationEvent: 'workspaceContains:**/*.css,**/*.scss,**/*.sass,**/*.less'
[2022-09-01 09:34:51.979] [exthost] [info] ExtensionService#_doActivateExtension vscode.emmet, startup: false, activationEvent: 'onStartupFinished'
[2022-09-01 09:34:52.051] [exthost] [info] ExtensionService#_doActivateExtension vscode.merge-conflict, startup: false, activationEvent: 'onStartupFinished'
[2022-09-01 09:34:52.077] [exthost] [info] ExtensionService#_doActivateExtension CodeStream.codestream, startup: false, activationEvent: 'onStartupFinished'
[2022-09-01 09:34:52.439] [exthost] [info] ExtensionService#_doActivateExtension eamodio.gitlens, startup: false, activationEvent: 'onStartupFinished'
[2022-09-01 09:34:53.379] [exthost] [info] ExtensionService#_doActivateExtension eamodio.gitlens-insiders, startup: false, activationEvent: 'onStartupFinished'
[2022-09-01 09:34:54.238] [exthost] [info] ExtensionService#_doActivateExtension vscode.npm, startup: false, activationEvent: 'onStartupFinished', root cause: esbenp.prettier-vscode
[2022-09-01 09:34:54.407] [exthost] [info] ExtensionService#_doActivateExtension ritwickdey.LiveServer, startup: false, activationEvent: 'onStartupFinished'
[2022-09-01 09:35:01.380] [exthost] [info] ExtensionService#_doActivateExtension esbenp.prettier-vscode, startup: false, activationEvent: 'onStartupFinished'
[2022-09-01 09:35:27.470] [exthost] [error] Activating extension ms-vsliveshare.vsliveshare failed due to an error:
[2022-09-01 09:35:27.470] [exthost] [error] Error: connect ENOENT /tmp/CoreFxPipe_vscode.e1eaf9beb95b89234b48799fdde13d90
	at PipeConnectWrap.afterConnect [as oncomplete] (node:net:1161:16)
[2022-09-01 09:35:27.470] [exthost] [info] Eager extensions activated
[2022-09-01 09:35:46.201] [exthost] [info] ExtensionService#_doActivateExtension wix.vscode-import-cost, startup: false, activationEvent: 'onLanguage:javascript'
[2022-09-01 09:35:50.296] [exthost] [info] ExtensionService#_doActivateExtension vscode.html-language-features, startup: false, activationEvent: 'onLanguage:html'
[2022-09-01 09:36:13.658] [exthost] [warning] DiagnosticCollection with name 'css-peek' does already exist.
[2022-09-01 09:38:04.815] [exthost] [warning] TextEditor is closed/disposed
[2022-09-01 10:09:46.574] [exthost] [warning] TextEditor is closed/disposed
[2022-09-01 10:10:05.548] [exthost] [warning] TextEditor is closed/disposed
[2022-09-01 12:12:54.107] [exthost] [warning] TextEditor is closed/disposed
[2022-09-01 12:13:05.099] [exthost] [warning] TextEditor is closed/disposed
[2022-09-01 12:13:11.532] [exthost] [warning] TextEditor is closed/disposed
[2022-09-01 12:13:11.950] [exthost] [warning] TextEditor is closed/disposed
[2022-09-01 12:13:30.025] [exthost] [warning] TextEditor is closed/disposed
[2022-09-01 12:15:27.412] [exthost] [warning] TextEditor is closed/disposed
[2022-09-01 12:16:32.586] [exthost] [warning] TextEditor is closed/disposed
[2022-09-01 14:49:08.108] [exthost] [warning] TextEditor is closed/disposed
[2022-09-01 14:56:41.656] [exthost] [info] ExtensionService#_doActivateExtension vscode.css-language-features, startup: false, activationEvent: 'onLanguage:css'
[2022-09-01 14:56:48.138] [exthost] [warning] TextEditor is closed/disposed
[2022-09-01 14:56:48.343] [exthost] [warning] TextEditor is closed/disposed
[2022-09-01 14:56:53.704] [exthost] [warning] TextEditor is closed/disposed
[2022-09-01 14:57:53.972] [exthost] [warning] TextEditor is closed/disposed
[2022-09-01 15:00:45.181] [exthost] [warning] TextEditor is closed/disposed
[2022-09-01 15:00:53.798] [exthost] [warning] TextEditor is closed/disposed
[2022-09-01 15:01:13.582] [exthost] [warning] TextEditor is closed/disposed
[2022-09-01 15:01:44.257] [exthost] [warning] TextEditor is closed/disposed
[2022-09-01 15:04:56.475] [exthost] [warning] TextEditor is closed/disposed
[2022-09-01 15:06:01.587] [exthost] [warning] TextEditor is closed/disposed
[2022-09-01 15:06:05.146] [exthost] [warning] TextEditor is closed/disposed
[2022-09-01 15:08:49.202] [exthost] [warning] TextEditor is closed/disposed
[2022-09-01 15:11:27.673] [exthost] [warning] TextEditor is closed/disposed
[2022-09-01 15:11:34.995] [exthost] [warning] TextEditor is closed/disposed
[2022-09-01 17:12:32.516] [exthost] [info] Extension host terminating: received terminate message from renderer
[2022-09-01 17:12:32.523] [exthost] [info] Lock '/home/cmendoza/.vscode-server/data/User/workspaceStorage/5979ea734077970d694a454aaeeb4a4d/vscode.lock': Marking the lockfile as scheduled to be released in 6000 ms.
[2022-09-01 17:12:33.161] [exthost] [warning] {"name":"Canceled"}
[2022-09-01 17:12:33.241] [exthost] [info] Extension host with pid 175 exiting with code 0
