[2022-08-30 23:09:25:380] CodeStream v13.6.0-4237 in VS Code (v1.70.2) starting...
[2022-08-30 23:09:25:383] Proxy support is on, but no proxy url was found
[2022-08-30 23:09:32:547] no NewRelic telemetry - The user aborted a request.
[2022-08-30 23:09:32:561] no NewRelic telemetry
[2022-08-30 23:09:57:082] WebviewPanel: FAILED posting webview/editors/didChangeVisible to the webview
[2022-08-30 23:09:58:611] WebviewPanel: FAILED posting webview/editor/didChangeActive to the webview; Webview is invisible and can't receive messages
[2022-08-30 23:10:10:449] CodeStream v13.6.0-4237 started • 47587 ms
[2022-08-30 23:10:10:457] Signing alvarezmendoz@gmail.com into CodeStream (https://api.codestream.com)
[2022-08-30 23:10:10:457] AgentConnection.sendRequest(codestream/login/token)
[2022-08-30 23:10:10:460] [1] CodeStreamAgentConnection.onApiVersionCompatibilityChanged
[2022-08-30 23:10:10:461] [2] WebviewController.onApiVersionChanged
[2022-08-30 23:10:10:462] [2] WebviewController.onApiVersionChanged completed • 0 ms
[2022-08-30 23:10:10:462] [1] CodeStreamAgentConnection.onApiVersionCompatibilityChanged completed • 1 ms
[2022-08-30 23:10:21:315] [3] CodeStreamAgentConnection.onConnectionStatusChanged(reconnecting)
[2022-08-30 23:10:21:315] [3] CodeStreamAgentConnection.onConnectionStatusChanged(reconnecting) completed • 0 ms
[2022-08-30 23:10:26:201] WebviewPanel: FAILED posting webview/editors/didChangeVisible to the webview; Webview is invisible and can't receive messages
[2022-08-30 23:10:26:701] WebviewPanel: FAILED posting webview/editor/didChangeActive to the webview; Webview is invisible and can't receive messages
[2022-08-30 23:10:27:208] [4] CodeStreamAgentConnection.onConnectionStatusChanged(reconnecting)
[2022-08-30 23:10:27:208] [4] CodeStreamAgentConnection.onConnectionStatusChanged(reconnecting) completed • 0 ms
[2022-08-30 23:10:27:213] [5] CodeStreamAgentConnection.onDataChanged(unreads)
[2022-08-30 23:10:27:214] [5] CodeStreamAgentConnection.onDataChanged(unreads) completed • 0 ms
[2022-08-30 23:10:27:238] [6] CodeStreamAgentConnection.onDataChanged(documents)
[2022-08-30 23:10:27:239] [6] CodeStreamAgentConnection.onDataChanged(documents) completed • 0 ms
[2022-08-30 23:10:27:255] AgentConnection.sendRequest(codestream/users/me/unreads)
[2022-08-30 23:10:27:263] AgentConnection.sendRequest(codestream/users/me/unreads)
[2022-08-30 23:10:28:708] alvarezmendoz@gmail.com signed into CodeStream (https://api.codestream.com); userId=62a8af311c3021007d502dc9, teamId=62a8af3bd1bffae460f923af
[2022-08-30 23:10:28:880] alvarezmendoz@gmail.com signed into CodeStream (https://api.codestream.com); userId=62a8af311c3021007d502dc9, teamId=62a8af3bd1bffae460f923af
[2022-08-30 23:10:31:338] [7] CodeStreamAgentConnection.onConnectionStatusChanged(reconnected)
[2022-08-30 23:10:31:339] [7] CodeStreamAgentConnection.onConnectionStatusChanged(reconnected) completed • 0 ms
[2022-08-30 23:10:32:552] [8] CodeStreamAgentConnection.onConnectionStatusChanged(reconnecting)
[2022-08-30 23:10:32:552] [8] CodeStreamAgentConnection.onConnectionStatusChanged(reconnecting) completed • 0 ms
[2022-08-30 23:10:39:129] [9] CodeStreamAgentConnection.onConnectionStatusChanged(reconnecting)
[2022-08-30 23:10:39:129] [9] CodeStreamAgentConnection.onConnectionStatusChanged(reconnecting) completed • 0 ms
[2022-08-30 23:10:43:339] [a] CodeStreamAgentConnection.onConnectionStatusChanged(reconnected)
[2022-08-30 23:10:43:339] [a] CodeStreamAgentConnection.onConnectionStatusChanged(reconnected) completed • 0 ms
[2022-08-30 23:11:42:943] WebviewPanel: FAILED posting webview/editors/didChangeVisible to the webview; Webview is invisible and can't receive messages
[2022-08-30 23:11:42:951] AgentConnection.sendRequest(codestream/textDocument/markers)
[2022-08-30 23:11:44:424] WebviewPanel: FAILED posting webview/editor/didChangeActive to the webview; Webview is invisible and can't receive messages
[2022-08-30 23:11:44:441] [b] CodeStreamAgentConnection.onDataChanged(documents)
[2022-08-30 23:11:44:441] [b] CodeStreamAgentConnection.onDataChanged(documents) completed • 0 ms
[2022-08-30 23:11:45:674] [c] CodeStreamAgentConnection.onDataChanged(documents)
[2022-08-30 23:11:45:674] [c] CodeStreamAgentConnection.onDataChanged(documents) completed • 0 ms
[2022-08-30 23:11:45:675] [d] CodeStreamAgentConnection.onDataChanged(documents)
[2022-08-30 23:11:45:675] [d] CodeStreamAgentConnection.onDataChanged(documents) completed • 0 ms
[2022-08-30 23:11:49:146] [e] CodeStreamAgentConnection.onDocumentMarkersChanged(file:///home/cmendoza/PersonalProjects/PersonalProjects/.bash_history)
[2022-08-30 23:11:49:147] [e] CodeStreamAgentConnection.onDocumentMarkersChanged(file:///home/cmendoza/PersonalProjects/PersonalProjects/.bash_history) completed • 0 ms
[2022-08-30 23:11:49:147] AgentConnection.sendRequest(codestream/textDocument/markers)
[2022-08-30 23:11:49:148] AgentConnection.sendRequest(codestream/textDocument/markers)
[2022-08-30 23:11:55:271] WebviewPanel: FAILED posting webview/editors/didChangeVisible to the webview; Webview is invisible and can't receive messages
[2022-08-30 23:11:55:275] [f] CodeStreamAgentConnection.onDataChanged(documents)
[2022-08-30 23:11:55:275] [f] CodeStreamAgentConnection.onDataChanged(documents) completed • 0 ms
[2022-08-30 23:11:55:772] WebviewPanel: FAILED posting webview/editor/didChangeActive to the webview; Webview is invisible and can't receive messages
[2022-08-30 23:12:49:381] WebviewPanel: FAILED posting webview/editors/didChangeVisible to the webview; Webview is invisible and can't receive messages
[2022-08-30 23:12:49:484] AgentConnection.sendRequest(codestream/textDocument/markers)
[2022-08-30 23:12:50:717] WebviewPanel: FAILED posting webview/editor/didChangeActive to the webview; Webview is invisible and can't receive messages
[2022-08-30 23:12:52:604] [10] CodeStreamAgentConnection.onDataChanged(documents)
[2022-08-30 23:12:52:605] [10] CodeStreamAgentConnection.onDataChanged(documents) completed • 0 ms
[2022-08-30 23:12:52:611] [11] CodeStreamAgentConnection.onDocumentMarkersChanged(file:///home/cmendoza/Projects/Project_Bata_Bit/styles.css)
[2022-08-30 23:12:52:611] [11] CodeStreamAgentConnection.onDocumentMarkersChanged(file:///home/cmendoza/Projects/Project_Bata_Bit/styles.css) completed • 0 ms
[2022-08-30 23:12:52:611] AgentConnection.sendRequest(codestream/textDocument/markers)
[2022-08-30 23:12:52:612] AgentConnection.sendRequest(codestream/textDocument/markers)
[2022-08-30 23:13:33:689] WebviewPanel: FAILED posting webview/editors/didChangeVisible to the webview; Webview is invisible and can't receive messages
[2022-08-30 23:13:33:700] [12] CodeStreamAgentConnection.onDataChanged(documents)
[2022-08-30 23:13:33:700] [12] CodeStreamAgentConnection.onDataChanged(documents) completed • 0 ms
[2022-08-30 23:13:34:190] WebviewPanel: FAILED posting webview/editor/didChangeActive to the webview; Webview is invisible and can't receive messages
[2022-08-30 23:14:07:406] WebviewPanel: FAILED posting webview/editors/didChangeVisible to the webview; Webview is invisible and can't receive messages
[2022-08-30 23:14:07:411] AgentConnection.sendRequest(codestream/textDocument/markers)
[2022-08-30 23:14:08:675] WebviewPanel: FAILED posting webview/editor/didChangeActive to the webview; Webview is invisible and can't receive messages
[2022-08-30 23:14:08:687] [13] CodeStreamAgentConnection.onDataChanged(documents)
[2022-08-30 23:14:08:688] [13] CodeStreamAgentConnection.onDataChanged(documents) completed • 0 ms
[2022-08-30 23:14:09:613] WebviewPanel: FAILED posting webview/editors/didChangeVisible to the webview; Webview is invisible and can't receive messages
[2022-08-30 23:14:09:620] [14] CodeStreamAgentConnection.onDataChanged(documents)
[2022-08-30 23:14:09:621] [14] CodeStreamAgentConnection.onDataChanged(documents) completed • 0 ms
[2022-08-30 23:14:10:492] WebviewPanel: FAILED posting webview/editor/didChangeActive to the webview; Webview is invisible and can't receive messages
[2022-08-30 23:14:10:494] [15] CodeStreamAgentConnection.onDocumentMarkersChanged(file:///home/cmendoza/Projects/Js_Practico/BasesDatos/prueba.html)
[2022-08-30 23:14:10:494] [15] CodeStreamAgentConnection.onDocumentMarkersChanged(file:///home/cmendoza/Projects/Js_Practico/BasesDatos/prueba.html) completed • 0 ms
[2022-08-30 23:15:03:475] WebviewPanel: FAILED posting webview/editors/didChangeVisible to the webview; Webview is invisible and can't receive messages
[2022-08-30 23:15:04:461] AgentConnection.sendRequest(codestream/textDocument/markers)
[2022-08-30 23:15:06:122] WebviewPanel: FAILED posting webview/editor/didChangeActive to the webview; Webview is invisible and can't receive messages
[2022-08-30 23:15:06:174] WebviewPanel: FAILED posting webview/editors/didChangeVisible to the webview; Webview is invisible and can't receive messages
[2022-08-30 23:15:06:213] [16] CodeStreamAgentConnection.onDataChanged(documents)
[2022-08-30 23:15:06:213] [16] CodeStreamAgentConnection.onDataChanged(documents) completed • 0 ms
[2022-08-30 23:15:06:222] [17] CodeStreamAgentConnection.onDataChanged(documents)
[2022-08-30 23:15:06:222] [17] CodeStreamAgentConnection.onDataChanged(documents) completed • 0 ms
[2022-08-30 23:15:06:475] [18] CodeStreamAgentConnection.onDocumentMarkersChanged(file:///home/cmendoza/PersonalProjects/PersonalProjects/WEB/Frontend/curso%202/main.js)
[2022-08-30 23:15:06:475] [18] CodeStreamAgentConnection.onDocumentMarkersChanged(file:///home/cmendoza/PersonalProjects/PersonalProjects/WEB/Frontend/curso%202/main.js) completed • 0 ms
[2022-08-30 23:15:06:675] WebviewPanel: FAILED posting webview/editor/didChangeActive to the webview; Webview is invisible and can't receive messages
[2022-08-30 23:15:20:986] [19] CodeStreamAgentConnection.onDataChanged(commits)
[2022-08-30 23:15:20:986] [19] CodeStreamAgentConnection.onDataChanged(commits) completed • 0 ms
[2022-08-30 23:15:57:572] [1a] CodeStreamAgentConnection.onDataChanged(commits)
[2022-08-30 23:15:57:572] [1a] CodeStreamAgentConnection.onDataChanged(commits) completed • 0 ms
[2022-08-30 23:15:59:117] [1b] CodeStreamAgentConnection.onUserCommitted
[2022-08-30 23:15:59:118] User committed cfffa64ae47239d0e91dff0dd1642002f69aa057 - opening feedback request form
[2022-08-30 23:15:59:118] [1c] WebviewController.newReviewRequest
[2022-08-30 23:15:59:118] [1d] WebviewController.show
[2022-08-30 23:15:59:118] [1e] WebviewController.ensureWebView
[2022-08-30 23:15:59:118] [1b] CodeStreamAgentConnection.onUserCommitted completed • 0 ms
[2022-08-30 23:15:59:118] [1e] WebviewController.ensureWebView completed • 0 ms
[2022-08-30 23:15:59:119] [1f] CodeStreamWebviewSidebar.show
[2022-08-30 23:15:59:119] [1f] CodeStreamWebviewSidebar.show waiting for WebView ready
[2022-08-30 23:15:59:178] resolveWebviewView starting — {}
[2022-08-30 23:15:59:182] [20] CodeStreamWebviewSidebar.triggerIpc
[2022-08-30 23:15:59:182] [20] CodeStreamWebviewSidebar.triggerIpc waiting for WebView ready
[2022-08-30 23:16:00:046] Webview: Received message host/bootstrap(wv:1:qYQXCUVKRueQeEeIrnBJkw) from the webview
[2022-08-30 23:16:00:047] WebviewPanel: Bootstrapping webview... — SignedIn=true
[2022-08-30 23:16:00:051] WebviewPanel: Completed posting response(wv:1:qYQXCUVKRueQeEeIrnBJkw) to the webview
[2022-08-30 23:16:00:057] Webview: Received message codestream/bootstrap(wv:2:v-dAnjyDQ-6BJShqu4-aEg) from the webview
[2022-08-30 23:16:00:058] Webview: Received message host/editor/context(wv:3:flXdo77xToaKmAE0_Q94HQ) from the webview
[2022-08-30 23:16:00:058] AgentConnection.sendRequest(codestream/bootstrap)
[2022-08-30 23:16:00:063] WebviewPanel: Completed posting response(wv:3:flXdo77xToaKmAE0_Q94HQ) to the webview
[2022-08-30 23:16:01:172] WebviewPanel: Completed posting response(wv:2:v-dAnjyDQ-6BJShqu4-aEg) to the webview
[2022-08-30 23:16:01:186] Webview: Received message host/didInitialize from the webview
[2022-08-30 23:16:01:186] WebviewPanel: Resuming communication...
[2022-08-30 23:16:01:186] WebviewPanel: Flushing pending queue
[2022-08-30 23:16:01:187] Webview: Received message codestream/verifyConnectivity(wv:4:VERJcsRlTwecKZDbSn8EHA) from the webview
[2022-08-30 23:16:01:187] Webview: Received message host/context/didChange from the webview
[2022-08-30 23:16:01:187] Webview: Received message codestream/ui/state(wv:5:BNFLAAiWQK2Jx0E5Ewl2hw) from the webview
[2022-08-30 23:16:01:188] AgentConnection.sendRequest(codestream/verifyConnectivity)
[2022-08-30 23:16:01:188] AgentConnection.sendRequest(codestream/ui/state)
[2022-08-30 23:16:01:188] [1f] CodeStreamWebviewSidebar.show waiting for WebView complete. cancelled=false
[2022-08-30 23:16:01:188] [20] CodeStreamWebviewSidebar.triggerIpc waiting for WebView complete. cancelled=false
[2022-08-30 23:16:01:189] [1f] CodeStreamWebviewSidebar.show completed • 2069 ms
[2022-08-30 23:16:01:189] [20] CodeStreamWebviewSidebar.triggerIpc completed • 2007 ms
[2022-08-30 23:16:01:189] resolveWebviewView completed
[2022-08-30 23:16:01:189] [1d] WebviewController.show completed • 2071 ms
[2022-08-30 23:16:01:189] [1c] WebviewController.newReviewRequest completed • 2071 ms
[2022-08-30 23:16:01:192] Webview: Received message host/context/didChange from the webview
[2022-08-30 23:16:01:192] Webview: Received message codestream/ui/state(wv:6:lqeg6EbpQ2-NTgrn8WZ3Eg) from the webview
[2022-08-30 23:16:01:192] Webview: Received message codestream/codemarks(wv:7:azc61D48RgiQqJUznAayLg) from the webview
[2022-08-30 23:16:01:192] AgentConnection.sendRequest(codestream/ui/state)
[2022-08-30 23:16:01:193] AgentConnection.sendRequest(codestream/codemarks)
[2022-08-30 23:16:01:194] WebviewPanel: Completed posting webview/editors/didChangeVisible to the webview
[2022-08-30 23:16:01:200] WebviewPanel: Completed posting webview/editor/didChangeActive to the webview
[2022-08-30 23:16:01:205] WebviewPanel: Completed posting webview/editors/didChangeVisible to the webview
[2022-08-30 23:16:01:210] WebviewPanel: Completed posting webview/editor/didChangeActive to the webview
[2022-08-30 23:16:01:215] WebviewPanel: Completed posting webview/editors/didChangeVisible to the webview
[2022-08-30 23:16:01:221] WebviewPanel: Completed posting webview/editor/didChangeActive to the webview
[2022-08-30 23:16:01:229] WebviewPanel: Completed posting webview/editors/didChangeVisible to the webview
[2022-08-30 23:16:01:235] WebviewPanel: Completed posting webview/editor/didChangeActive to the webview
[2022-08-30 23:16:01:240] WebviewPanel: Completed posting webview/editors/didChangeVisible to the webview
[2022-08-30 23:16:01:245] WebviewPanel: Completed posting webview/editor/didChangeActive to the webview
[2022-08-30 23:16:01:250] WebviewPanel: Completed posting webview/editors/didChangeVisible to the webview
[2022-08-30 23:16:01:255] WebviewPanel: Completed posting webview/editor/didChangeActive to the webview
[2022-08-30 23:16:01:261] WebviewPanel: Completed posting webview/editors/didChangeVisible to the webview
[2022-08-30 23:16:01:265] WebviewPanel: Completed posting webview/editor/didChangeActive to the webview
[2022-08-30 23:16:01:270] WebviewPanel: Completed posting webview/editors/didChangeVisible to the webview
[2022-08-30 23:16:01:275] WebviewPanel: Completed posting webview/editor/didChangeActive to the webview
[2022-08-30 23:16:01:280] WebviewPanel: Completed posting webview/editors/didChangeVisible to the webview
[2022-08-30 23:16:01:285] WebviewPanel: Completed posting webview/editor/didChangeActive to the webview
[2022-08-30 23:16:01:288] WebviewPanel: Completed posting webview/editors/didChangeVisible to the webview
[2022-08-30 23:16:01:292] WebviewPanel: Completed posting webview/editor/didChangeActive to the webview
[2022-08-30 23:16:01:292] WebviewPanel: Completed flushing pending queue
[2022-08-30 23:16:01:297] WebviewPanel: Completed posting webview/review/new to the webview
[2022-08-30 23:16:01:297] WebviewPanel: Completed posting response(wv:5:BNFLAAiWQK2Jx0E5Ewl2hw) to the webview
[2022-08-30 23:16:01:297] WebviewPanel: Completed posting response(wv:6:lqeg6EbpQ2-NTgrn8WZ3Eg) to the webview
[2022-08-30 23:16:01:675] WebviewPanel: Completed posting response(wv:4:VERJcsRlTwecKZDbSn8EHA) to the webview
[2022-08-30 23:16:01:694] WebviewPanel: Completed posting response(wv:7:azc61D48RgiQqJUznAayLg) to the webview
[2022-08-30 23:16:57:160] [21] CodeStreamAgentConnection.onDataChanged(commits)
[2022-08-30 23:16:57:160] [21] CodeStreamAgentConnection.onDataChanged(commits) completed • 0 ms
[2022-08-30 23:16:57:165] WebviewPanel: Completed posting codestream/didChangeData to the webview
[2022-08-30 23:16:58:959] [22] CodeStreamAgentConnection.onUserCommitted
[2022-08-30 23:16:58:959] User committed 955d58abacbe18b4c2cef7c106b1bcad5aff5afe - opening feedback request form
[2022-08-30 23:16:58:959] [23] WebviewController.newReviewRequest
[2022-08-30 23:16:58:959] [24] CodeStreamWebviewSidebar.show
[2022-08-30 23:16:58:959] [22] CodeStreamAgentConnection.onUserCommitted completed • 0 ms
[2022-08-30 23:16:58:959] [24] CodeStreamWebviewSidebar.show completed • 0 ms
[2022-08-30 23:16:58:959] [23] WebviewController.newReviewRequest completed • 0 ms
[2022-08-30 23:16:59:010] WebviewPanel: Completed posting webview/review/new to the webview
[2022-08-30 23:17:12:343] [25] CodeStreamAgentConnection.onDataChanged(commits)
[2022-08-30 23:17:12:344] [25] CodeStreamAgentConnection.onDataChanged(commits) completed • 0 ms
[2022-08-30 23:17:12:348] WebviewPanel: Completed posting codestream/didChangeData to the webview
[2022-08-30 23:17:27:221] WebviewPanel: Completed posting webview/focus/didChange to the webview
[2022-08-30 23:17:27:467] Webview: Received message codestream/scm/repos(wv:8:0yDJEzhjQEeNDuHyXHNJcQ) from the webview
[2022-08-30 23:17:27:467] Webview: Received message host/review/closeDiff(wv:9:JRkvBhBsRBaQ_J3zRwIYuQ) from the webview
[2022-08-30 23:17:27:468] Webview: Received message codestream/providers/pullrequest/queries(wv:10:RjdoNx-3TbWIrUhoDYu1Zg) from the webview
[2022-08-30 23:17:27:468] AgentConnection.sendRequest(codestream/scm/repos)
[2022-08-30 23:17:27:468] AgentConnection.sendRequest(codestream/providers/pullrequest/queries)
[2022-08-30 23:17:27:469] Webview: Received message codestream/reviews(wv:11:L4z7Bse4TxCeG-3OtcEroA) from the webview
[2022-08-30 23:17:27:469] Webview: Received message codestream/reviews(wv:12:RK_Me4znQQC0ZidYruhirQ) from the webview
[2022-08-30 23:17:27:470] Webview: Received message codestream/provider/boards(wv:13:UlxCqJl7QQKNNw7Pvg0e2g) from the webview
[2022-08-30 23:17:27:470] Webview: Received message codestream/provider/boards(wv:14:B_MFeB_DSE-ncogX4s1Kyw) from the webview
[2022-08-30 23:17:27:470] Webview: Received message codestream/provider/cards(wv:15:9hJqyct7SIKIEjle4RGMRA) from the webview
[2022-08-30 23:17:27:470] Webview: Received message codestream/provider/cards(wv:16:atR-tQOITHeFt9eYht-I6Q) from the webview
[2022-08-30 23:17:27:470] Webview: Received message codestream/scm/repos(wv:17:7PvqeYfIQ4u4d-N_-21qpg) from the webview
[2022-08-30 23:17:27:470] Webview: Received message codestream/telemetry(wv:18:Q4tTzTKvS0u6QDE-K0V7DA) from the webview
[2022-08-30 23:17:27:471] Webview: Received message codestream/provider/channels(wv:19:-TV2HZmnQZatOIAexGrnbQ) from the webview
[2022-08-30 23:17:27:471] Webview: Received message codestream/scm/repos(wv:20:h7JBOZU7TceQsJvp88GH6w) from the webview
[2022-08-30 23:17:27:471] Webview: Received message codestream/provider/channels(wv:21:V8UnsZ6xS8uNARSbJkCuWQ) from the webview
[2022-08-30 23:17:27:471] AgentConnection.sendRequest(codestream/reviews)
[2022-08-30 23:17:27:472] AgentConnection.sendRequest(codestream/reviews)
[2022-08-30 23:17:27:472] AgentConnection.sendRequest(codestream/provider/boards)
[2022-08-30 23:17:27:472] AgentConnection.sendRequest(codestream/provider/boards)
[2022-08-30 23:17:27:472] AgentConnection.sendRequest(codestream/provider/cards)
[2022-08-30 23:17:27:472] AgentConnection.sendRequest(codestream/provider/cards)
[2022-08-30 23:17:27:472] AgentConnection.sendRequest(codestream/scm/repos)
[2022-08-30 23:17:27:472] AgentConnection.sendRequest(codestream/telemetry)
[2022-08-30 23:17:27:472] AgentConnection.sendRequest(codestream/provider/channels)
[2022-08-30 23:17:27:472] AgentConnection.sendRequest(codestream/scm/repos)
[2022-08-30 23:17:27:472] AgentConnection.sendRequest(codestream/provider/channels)
[2022-08-30 23:17:27:476] WebviewPanel: Completed posting response(wv:9:JRkvBhBsRBaQ_J3zRwIYuQ) to the webview
[2022-08-30 23:17:27:483] WebviewPanel: Completed posting response(wv:8:0yDJEzhjQEeNDuHyXHNJcQ) to the webview
[2022-08-30 23:17:27:483] WebviewPanel: Completed posting response(wv:10:RjdoNx-3TbWIrUhoDYu1Zg) to the webview
[2022-08-30 23:17:27:487] Webview: Received message codestream/scm/file/info(wv:22:HKdcJaqpRQSorM39hkudYQ) from the webview
[2022-08-30 23:17:27:487] AgentConnection.sendRequest(codestream/scm/file/info)
[2022-08-30 23:17:27:492] Webview: Received message codestream/provider/generic(wv:23:a-tIzmP3RNOqwV3IkRfMbg) from the webview
[2022-08-30 23:17:27:492] Webview: Received message codestream/scm/repos(wv:24:UkqMtdznQvqy0bZ5FTz5TQ) from the webview
[2022-08-30 23:17:27:492] AgentConnection.sendRequest(codestream/provider/generic)
[2022-08-30 23:17:27:492] AgentConnection.sendRequest(codestream/scm/repos)
[2022-08-30 23:17:30:226] WebviewPanel: Completed posting response(wv:18:Q4tTzTKvS0u6QDE-K0V7DA) to the webview
[2022-08-30 23:17:30:246] WebviewPanel: Completed posting response(wv:17:7PvqeYfIQ4u4d-N_-21qpg) to the webview
[2022-08-30 23:17:30:246] WebviewPanel: Completed posting response(wv:20:h7JBOZU7TceQsJvp88GH6w) to the webview
[2022-08-30 23:17:30:250] Webview: Received message codestream/scm/file/info(wv:25:oGMsO0iLRnaEBneKiJGEZg) from the webview
[2022-08-30 23:17:30:250] AgentConnection.sendRequest(codestream/scm/file/info)
[2022-08-30 23:17:34:557] WebviewPanel: Completed posting response(wv:24:UkqMtdznQvqy0bZ5FTz5TQ) to the webview
[2022-08-30 23:17:34:568] WebviewPanel: Completed posting response(wv:22:HKdcJaqpRQSorM39hkudYQ) to the webview
[2022-08-30 23:17:35:361] [26] CodeStreamAgentConnection.onDataChanged(users)
[2022-08-30 23:17:35:362] [26] CodeStreamAgentConnection.onDataChanged(users) completed • 0 ms
[2022-08-30 23:17:35:363] WebviewPanel: Completed posting response(wv:11:L4z7Bse4TxCeG-3OtcEroA) to the webview
[2022-08-30 23:17:35:363] WebviewPanel: Completed posting response(wv:12:RK_Me4znQQC0ZidYruhirQ) to the webview
[2022-08-30 23:17:35:368] WebviewPanel: Completed posting codestream/didChangeData to the webview
[2022-08-30 23:17:35:387] WebviewPanel: Completed posting response(wv:15:9hJqyct7SIKIEjle4RGMRA) to the webview
[2022-08-30 23:17:35:390] WebviewPanel: Completed posting response(wv:25:oGMsO0iLRnaEBneKiJGEZg) to the webview
[2022-08-30 23:17:35:395] Webview: Received message codestream/scm/repo/status(wv:26:Z_jG4BhXQGGPOa0U26GTGg) from the webview
[2022-08-30 23:17:35:395] AgentConnection.sendRequest(codestream/scm/repo/status)
[2022-08-30 23:17:37:092] WebviewPanel: Completed posting response(wv:23:a-tIzmP3RNOqwV3IkRfMbg) to the webview
[2022-08-30 23:17:37:094] Webview: Received message codestream/telemetry(wv:27:-TR4oroARo2OJu7W5EfWSA) from the webview
[2022-08-30 23:17:37:095] AgentConnection.sendRequest(codestream/telemetry)
[2022-08-30 23:17:37:105] WebviewPanel: Completed posting response(wv:27:-TR4oroARo2OJu7W5EfWSA) to the webview
[2022-08-30 23:17:38:771] WebviewPanel: Completed posting response(wv:19:-TV2HZmnQZatOIAexGrnbQ) to the webview
[2022-08-30 23:17:38:771] WebviewPanel: Completed posting response(wv:21:V8UnsZ6xS8uNARSbJkCuWQ) to the webview
[2022-08-30 23:17:39:629] [27] CodeStreamAgentConnection.onDataChanged(users)
[2022-08-30 23:17:39:630] [27] CodeStreamAgentConnection.onDataChanged(users) completed • 0 ms
[2022-08-30 23:17:39:633] WebviewPanel: Completed posting codestream/didChangeData to the webview
[2022-08-30 23:17:42:296] WebviewPanel: Completed posting response(wv:13:UlxCqJl7QQKNNw7Pvg0e2g) to the webview
[2022-08-30 23:17:43:110] WebviewPanel: Completed posting response(wv:16:atR-tQOITHeFt9eYht-I6Q) to the webview
[2022-08-30 23:17:44:742] WebviewPanel: Completed posting response(wv:14:B_MFeB_DSE-ncogX4s1Kyw) to the webview
[2022-08-30 23:18:02:767] WebviewPanel: Completed posting response(wv:26:Z_jG4BhXQGGPOa0U26GTGg) to the webview
[2022-08-30 23:18:02:804] Webview: Received message codestream/scm/repo/status(wv:28:IKRySkd9RViLXkLUs2FF6Q) from the webview
[2022-08-30 23:18:02:805] Webview: Received message codestream/repos/ignore-files(wv:29:gbXzCh_jTgq7Haq-g1xjSw) from the webview
[2022-08-30 23:18:02:805] AgentConnection.sendRequest(codestream/scm/repo/status)
[2022-08-30 23:18:02:805] AgentConnection.sendRequest(codestream/repos/ignore-files)
[2022-08-30 23:18:03:754] WebviewPanel: Completed posting response(wv:29:gbXzCh_jTgq7Haq-g1xjSw) to the webview
[2022-08-30 23:18:03:815] Webview: Received message codestream/provider/channels(wv:30:luvnQQSvTG-rfsBVHkVnXA) from the webview
[2022-08-30 23:18:03:816] Webview: Received message codestream/user/updatePreferences(wv:31:QLEQSyKMT36aTXbr1XvwAg) from the webview
[2022-08-30 23:18:03:816] AgentConnection.sendRequest(codestream/provider/channels)
[2022-08-30 23:18:03:816] AgentConnection.sendRequest(codestream/user/updatePreferences)
[2022-08-30 23:18:08:198] WebviewPanel: Completed posting response(wv:30:luvnQQSvTG-rfsBVHkVnXA) to the webview
[2022-08-30 23:18:09:163] [28] CodeStreamAgentConnection.onDataChanged(users)
[2022-08-30 23:18:09:163] [28] CodeStreamAgentConnection.onDataChanged(users) completed • 0 ms
[2022-08-30 23:18:09:164] [29] CodeStreamAgentConnection.onDataChanged(preferences)
[2022-08-30 23:18:09:164] [29] CodeStreamAgentConnection.onDataChanged(preferences) completed • 0 ms
[2022-08-30 23:18:09:168] WebviewPanel: Completed posting codestream/didChangeData to the webview
[2022-08-30 23:18:09:169] WebviewPanel: Completed posting codestream/didChangeData to the webview
[2022-08-30 23:18:09:170] WebviewPanel: Completed posting response(wv:31:QLEQSyKMT36aTXbr1XvwAg) to the webview
[2022-08-30 23:18:30:980] WebviewPanel: Completed posting response(wv:28:IKRySkd9RViLXkLUs2FF6Q) to the webview
[2022-08-30 23:18:31:001] Webview: Received message codestream/repos/ignore-files(wv:32:Xq6rawe0Qd2P8_RFJ7cC_Q) from the webview
[2022-08-30 23:18:31:002] AgentConnection.sendRequest(codestream/repos/ignore-files)
[2022-08-30 23:18:31:012] WebviewPanel: Completed posting response(wv:32:Xq6rawe0Qd2P8_RFJ7cC_Q) to the webview
[2022-08-30 23:18:37:266] Webview: Received message codestream/provider/generic(wv:33:UuaxIhveSo2tt_9t1kY3qg) from the webview
[2022-08-30 23:18:37:266] AgentConnection.sendRequest(codestream/provider/generic)
[2022-08-30 23:18:37:916] WebviewPanel: Completed posting response(wv:33:UuaxIhveSo2tt_9t1kY3qg) to the webview
[2022-08-30 23:19:37:252] Webview: Received message codestream/provider/generic(wv:34:crAoZh9PQhmJ8Jnpa3ZzYQ) from the webview
[2022-08-30 23:19:37:252] AgentConnection.sendRequest(codestream/provider/generic)
[2022-08-30 23:19:38:179] WebviewPanel: Completed posting response(wv:34:crAoZh9PQhmJ8Jnpa3ZzYQ) to the webview
[2022-08-30 23:20:05:841] [2a] CodeStreamAgentConnection.onDataChanged(commits)
[2022-08-30 23:20:05:842] [2a] CodeStreamAgentConnection.onDataChanged(commits) completed • 0 ms
[2022-08-30 23:20:05:846] WebviewPanel: Completed posting codestream/didChangeData to the webview
[2022-08-30 23:20:07:499] [2b] CodeStreamAgentConnection.onUserCommitted
[2022-08-30 23:20:07:499] User committed 3fad22057c1ecbb3a1a00a97839db77242c6e353 - opening feedback request form
[2022-08-30 23:20:07:499] [2c] WebviewController.newReviewRequest
[2022-08-30 23:20:07:499] [2d] WebviewController.show
[2022-08-30 23:20:07:499] [2e] WebviewController.ensureWebView
[2022-08-30 23:20:07:499] [2b] CodeStreamAgentConnection.onUserCommitted completed • 0 ms
[2022-08-30 23:20:07:499] [2e] WebviewController.ensureWebView completed • 0 ms
[2022-08-30 23:20:07:500] [2f] CodeStreamWebviewSidebar.show
[2022-08-30 23:20:07:500] [2f] CodeStreamWebviewSidebar.show completed • 0 ms
[2022-08-30 23:20:07:500] [2d] WebviewController.show completed • 0 ms
[2022-08-30 23:20:07:500] [2c] WebviewController.newReviewRequest completed • 0 ms
[2022-08-30 23:20:07:514] WebviewPanel: Completed posting webview/review/new to the webview
[2022-08-30 23:20:16:370] [30] CodeStreamAgentConnection.onDataChanged(commits)
[2022-08-30 23:20:16:370] [30] CodeStreamAgentConnection.onDataChanged(commits) completed • 0 ms
[2022-08-30 23:20:16:378] WebviewPanel: Completed posting codestream/didChangeData to the webview
[2022-08-30 23:20:37:248] Webview: Received message codestream/provider/generic(wv:35:glVd3gr-RBGQ-Al8D6W0Ng) from the webview
[2022-08-30 23:20:37:248] AgentConnection.sendRequest(codestream/provider/generic)
[2022-08-30 23:20:37:841] WebviewPanel: Completed posting response(wv:35:glVd3gr-RBGQ-Al8D6W0Ng) to the webview
[2022-08-30 23:21:16:473] Webview: Received message host/context/didChange from the webview
[2022-08-30 23:21:16:473] Webview: Received message codestream/ui/state(wv:36:3oD3cRJsSMGDwrvuXvZReQ) from the webview
[2022-08-30 23:21:16:473] Webview: Received message host/context/didChange from the webview
[2022-08-30 23:21:16:473] Webview: Received message codestream/ui/state(wv:37:xoyFd0j8R0GIdRLQN9DZtw) from the webview
[2022-08-30 23:21:16:474] AgentConnection.sendRequest(codestream/ui/state)
[2022-08-30 23:21:16:474] AgentConnection.sendRequest(codestream/ui/state)
[2022-08-30 23:21:16:480] WebviewPanel: Completed posting response(wv:36:3oD3cRJsSMGDwrvuXvZReQ) to the webview
[2022-08-30 23:21:16:480] WebviewPanel: Completed posting response(wv:37:xoyFd0j8R0GIdRLQN9DZtw) to the webview
[2022-08-30 23:21:28:251] Webview: Received message codestream/provider/boards(wv:38:ppmI6_UtS8SeAYzAlKtNQw) from the webview
[2022-08-30 23:21:28:251] Webview: Received message codestream/provider/boards(wv:39:r8pT-hDiTPOKcRUtHhGQxQ) from the webview
[2022-08-30 23:21:28:252] Webview: Received message codestream/provider/cards(wv:40:fjmGhXpXQr6Bsv7YnFH7uA) from the webview
[2022-08-30 23:21:28:252] Webview: Received message codestream/provider/cards(wv:41:B81pDTEfRv68gg5yMGxYgg) from the webview
[2022-08-30 23:21:28:252] AgentConnection.sendRequest(codestream/provider/boards)
[2022-08-30 23:21:28:252] AgentConnection.sendRequest(codestream/provider/boards)
[2022-08-30 23:21:28:252] AgentConnection.sendRequest(codestream/provider/cards)
[2022-08-30 23:21:28:252] AgentConnection.sendRequest(codestream/provider/cards)
[2022-08-30 23:21:28:260] WebviewPanel: Completed posting response(wv:38:ppmI6_UtS8SeAYzAlKtNQw) to the webview
[2022-08-30 23:21:28:262] WebviewPanel: Completed posting response(wv:39:r8pT-hDiTPOKcRUtHhGQxQ) to the webview
[2022-08-30 23:21:28:738] WebviewPanel: Completed posting response(wv:40:fjmGhXpXQr6Bsv7YnFH7uA) to the webview
[2022-08-30 23:21:29:077] WebviewPanel: Completed posting response(wv:41:B81pDTEfRv68gg5yMGxYgg) to the webview
[2022-08-30 23:21:37:258] Webview: Received message codestream/provider/generic(wv:42:XZ0HejjtQReBAweSRrUEVQ) from the webview
[2022-08-30 23:21:37:258] AgentConnection.sendRequest(codestream/provider/generic)
[2022-08-30 23:21:37:871] WebviewPanel: Completed posting response(wv:42:XZ0HejjtQReBAweSRrUEVQ) to the webview
[2022-08-30 23:22:24:424] [31] CodeStreamAgentConnection.onDataChanged(commits)
[2022-08-30 23:22:24:425] [31] CodeStreamAgentConnection.onDataChanged(commits) completed • 1 ms
[2022-08-30 23:22:24:431] WebviewPanel: Completed posting codestream/didChangeData to the webview
[2022-08-30 23:22:25:992] [32] CodeStreamAgentConnection.onUserCommitted
[2022-08-30 23:22:25:992] User committed 7d0a3b5d0704ebb71ee46a6cbfd2f245d91ab03e - opening feedback request form
[2022-08-30 23:22:25:992] [33] WebviewController.newReviewRequest
[2022-08-30 23:22:25:992] [34] CodeStreamWebviewSidebar.show
[2022-08-30 23:22:25:992] [32] CodeStreamAgentConnection.onUserCommitted completed • 0 ms
[2022-08-30 23:22:25:992] [34] CodeStreamWebviewSidebar.show completed • 0 ms
[2022-08-30 23:22:25:993] [33] WebviewController.newReviewRequest completed • 0 ms
[2022-08-30 23:22:26:024] WebviewPanel: Completed posting webview/review/new to the webview
[2022-08-30 23:22:28:232] Webview: Received message codestream/provider/boards(wv:43:e54OJy0zS9qrLK7muhOufg) from the webview
[2022-08-30 23:22:28:233] Webview: Received message codestream/provider/boards(wv:44:rEypntI1Q4qiKgNMdpcswA) from the webview
[2022-08-30 23:22:28:233] Webview: Received message codestream/provider/cards(wv:45:aCtAc4O7TqWLR0ejOFAVLw) from the webview
[2022-08-30 23:22:28:233] Webview: Received message codestream/provider/cards(wv:46:OoSGTxjoRRuzoQxEFR2XRA) from the webview
[2022-08-30 23:22:28:234] AgentConnection.sendRequest(codestream/provider/boards)
[2022-08-30 23:22:28:235] AgentConnection.sendRequest(codestream/provider/boards)
[2022-08-30 23:22:28:235] AgentConnection.sendRequest(codestream/provider/cards)
[2022-08-30 23:22:28:236] AgentConnection.sendRequest(codestream/provider/cards)
[2022-08-30 23:22:28:243] WebviewPanel: Completed posting response(wv:43:e54OJy0zS9qrLK7muhOufg) to the webview
[2022-08-30 23:22:28:243] WebviewPanel: Completed posting response(wv:44:rEypntI1Q4qiKgNMdpcswA) to the webview
[2022-08-30 23:22:28:706] WebviewPanel: Completed posting response(wv:45:aCtAc4O7TqWLR0ejOFAVLw) to the webview
[2022-08-30 23:22:29:047] WebviewPanel: Completed posting response(wv:46:OoSGTxjoRRuzoQxEFR2XRA) to the webview
[2022-08-30 23:22:36:347] [35] CodeStreamAgentConnection.onDataChanged(commits)
[2022-08-30 23:22:36:347] [35] CodeStreamAgentConnection.onDataChanged(commits) completed • 0 ms
[2022-08-30 23:22:36:353] WebviewPanel: Completed posting codestream/didChangeData to the webview
[2022-08-30 23:22:37:235] Webview: Received message codestream/provider/generic(wv:47:TwuET5SWTAeJTeZSF7mlzg) from the webview
[2022-08-30 23:22:37:236] AgentConnection.sendRequest(codestream/provider/generic)
[2022-08-30 23:22:37:823] WebviewPanel: Completed posting response(wv:47:TwuET5SWTAeJTeZSF7mlzg) to the webview
[2022-08-30 23:23:22:981] WebviewPanel: Completed posting webview/focus/didChange to the webview
[2022-08-30 23:23:22:991] Webview: Received message host/context/didChange from the webview
[2022-08-30 23:23:22:993] Webview: Received message codestream/ui/state(wv:48:yAyMYk_WQoKW7v0J0KNPNA) from the webview
[2022-08-30 23:23:22:993] Webview: Received message host/context/didChange from the webview
[2022-08-30 23:23:22:993] AgentConnection.sendRequest(codestream/ui/state)
[2022-08-30 23:23:22:995] Webview: Received message codestream/ui/state(wv:49:tZAJUOb_QVexUwJqwVJ4JQ) from the webview
[2022-08-30 23:23:22:995] AgentConnection.sendRequest(codestream/ui/state)
[2022-08-30 23:23:23:001] WebviewPanel: Completed posting response(wv:48:yAyMYk_WQoKW7v0J0KNPNA) to the webview
[2022-08-30 23:23:23:001] WebviewPanel: Completed posting response(wv:49:tZAJUOb_QVexUwJqwVJ4JQ) to the webview
[2022-08-30 23:23:27:302] Webview: Received message codestream/provider/boards(wv:50:S-d14ntWTqCn-bOLqc6cTw) from the webview
[2022-08-30 23:23:27:302] Webview: Received message codestream/provider/boards(wv:51:ORjRjIlQSk6qcfCwdeha9Q) from the webview
[2022-08-30 23:23:27:302] Webview: Received message codestream/provider/cards(wv:52:IW2ydtKgQLaIDva-LJz1yg) from the webview
[2022-08-30 23:23:27:303] Webview: Received message codestream/provider/cards(wv:53:KyN-l-ibTNW0OOGBvYn6pw) from the webview
[2022-08-30 23:23:27:303] AgentConnection.sendRequest(codestream/provider/boards)
[2022-08-30 23:23:27:303] AgentConnection.sendRequest(codestream/provider/boards)
[2022-08-30 23:23:27:303] AgentConnection.sendRequest(codestream/provider/cards)
[2022-08-30 23:23:27:303] AgentConnection.sendRequest(codestream/provider/cards)
[2022-08-30 23:23:27:311] WebviewPanel: Completed posting response(wv:50:S-d14ntWTqCn-bOLqc6cTw) to the webview
[2022-08-30 23:23:27:311] WebviewPanel: Completed posting response(wv:51:ORjRjIlQSk6qcfCwdeha9Q) to the webview
[2022-08-30 23:23:27:850] WebviewPanel: Completed posting response(wv:52:IW2ydtKgQLaIDva-LJz1yg) to the webview
[2022-08-30 23:23:28:136] WebviewPanel: Completed posting response(wv:53:KyN-l-ibTNW0OOGBvYn6pw) to the webview
[2022-08-30 23:23:31:348] AgentConnection.sendRequest(codestream/textDocument/markers)
[2022-08-30 23:23:32:333] WebviewPanel: Completed posting webview/editors/didChangeVisible to the webview
[2022-08-30 23:23:32:333] WebviewPanel: Completed posting webview/editor/didChangeVisibleRanges to the webview
[2022-08-30 23:23:32:345] [36] CodeStreamAgentConnection.onDataChanged(documents)
[2022-08-30 23:23:32:346] [36] CodeStreamAgentConnection.onDataChanged(documents) completed • 0 ms
[2022-08-30 23:23:32:347] [37] CodeStreamAgentConnection.onDataChanged(documents)
[2022-08-30 23:23:32:347] [37] CodeStreamAgentConnection.onDataChanged(documents) completed • 0 ms
[2022-08-30 23:23:32:379] WebviewPanel: Completed posting webview/editor/didChangeVisibleRanges to the webview
[2022-08-30 23:23:32:379] WebviewPanel: Completed posting webview/editor/didChangeVisibleRanges to the webview
[2022-08-30 23:23:32:379] WebviewPanel: Completed posting webview/editor/didChangeVisibleRanges to the webview
[2022-08-30 23:23:32:379] WebviewPanel: Completed posting webview/editor/didChangeVisibleRanges to the webview
[2022-08-30 23:23:32:379] WebviewPanel: Completed posting webview/editor/didChangeVisibleRanges to the webview
[2022-08-30 23:23:32:379] WebviewPanel: Completed posting webview/editor/didChangeVisibleRanges to the webview
[2022-08-30 23:23:32:379] WebviewPanel: Completed posting webview/editor/didChangeVisibleRanges to the webview
[2022-08-30 23:23:32:379] WebviewPanel: Completed posting webview/editor/didChangeVisibleRanges to the webview
[2022-08-30 23:23:32:379] WebviewPanel: Completed posting webview/editor/didChangeVisibleRanges to the webview
[2022-08-30 23:23:32:379] WebviewPanel: Completed posting webview/editor/didChangeVisibleRanges to the webview
[2022-08-30 23:23:32:379] WebviewPanel: Completed posting webview/editor/didChangeVisibleRanges to the webview
[2022-08-30 23:23:32:379] WebviewPanel: Completed posting webview/editor/didChangeVisibleRanges to the webview
[2022-08-30 23:23:32:379] WebviewPanel: Completed posting webview/editor/didChangeVisibleRanges to the webview
[2022-08-30 23:23:32:379] WebviewPanel: Completed posting webview/editor/didChangeVisibleRanges to the webview
[2022-08-30 23:23:32:379] WebviewPanel: Completed posting webview/editor/didChangeVisibleRanges to the webview
[2022-08-30 23:23:32:379] WebviewPanel: Completed posting webview/editor/didChangeVisibleRanges to the webview
[2022-08-30 23:23:32:455] WebviewPanel: Completed posting codestream/didChangeData to the webview
[2022-08-30 23:23:32:455] WebviewPanel: Completed posting codestream/didChangeData to the webview
[2022-08-30 23:23:32:457] WebviewPanel: Completed posting webview/editor/didChangeVisibleRanges to the webview
[2022-08-30 23:23:32:457] WebviewPanel: Completed posting webview/editor/didChangeVisibleRanges to the webview
[2022-08-30 23:23:32:480] WebviewPanel: Completed posting webview/editor/didChangeVisibleRanges to the webview
[2022-08-30 23:23:32:480] WebviewPanel: Completed posting webview/editor/didChangeVisibleRanges to the webview
[2022-08-30 23:23:32:480] WebviewPanel: Completed posting webview/editor/didChangeVisibleRanges to the webview
[2022-08-30 23:23:34:148] WebviewPanel: Completed posting webview/editor/didChangeVisibleRanges to the webview
[2022-08-30 23:23:34:148] WebviewPanel: Completed posting webview/editor/didChangeVisibleRanges to the webview
[2022-08-30 23:23:34:148] WebviewPanel: Completed posting webview/editor/didChangeVisibleRanges to the webview
[2022-08-30 23:23:34:148] WebviewPanel: Completed posting webview/editor/didChangeVisibleRanges to the webview
[2022-08-30 23:23:34:148] WebviewPanel: Completed posting webview/editor/didChangeVisibleRanges to the webview
[2022-08-30 23:23:34:148] WebviewPanel: Completed posting webview/editor/didChangeVisibleRanges to the webview
[2022-08-30 23:23:34:148] WebviewPanel: Completed posting webview/editor/didChangeVisibleRanges to the webview
[2022-08-30 23:23:34:312] [38] CodeStreamAgentConnection.onDocumentMarkersChanged(file:///home/cmendoza/PersonalProjects/PersonalProjects/WEB/Frontend/curso%202/main.js)
[2022-08-30 23:23:34:313] [38] CodeStreamAgentConnection.onDocumentMarkersChanged(file:///home/cmendoza/PersonalProjects/PersonalProjects/WEB/Frontend/curso%202/main.js) completed • 0 ms
[2022-08-30 23:23:34:313] AgentConnection.sendRequest(codestream/textDocument/markers)
[2022-08-30 23:23:34:313] AgentConnection.sendRequest(codestream/textDocument/markers)
[2022-08-30 23:23:34:317] WebviewPanel: Completed posting codestream/didChangeDocumentMarkers to the webview
[2022-08-30 23:23:34:630] WebviewPanel: Completed posting webview/editor/didChangeSelection to the webview
[2022-08-30 23:23:36:148] [39] CodeStreamAgentConnection.onDataChanged(documents)
[2022-08-30 23:23:36:149] [39] CodeStreamAgentConnection.onDataChanged(documents) completed • 0 ms
[2022-08-30 23:23:36:154] WebviewPanel: Completed posting codestream/didChangeData to the webview
[2022-08-30 23:23:36:204] WebviewPanel: Completed posting webview/editor/didChangeSelection to the webview
[2022-08-30 23:23:36:862] WebviewPanel: Completed posting webview/editor/didChangeSelection to the webview
[2022-08-30 23:23:37:109] Webview: Received message codestream/provider/generic(wv:54:S0BNsuHVQ0i1nUAKysNh6A) from the webview
[2022-08-30 23:23:37:109] AgentConnection.sendRequest(codestream/provider/generic)
[2022-08-30 23:23:37:679] [3a] CodeStreamAgentConnection.onDataChanged(documents)
[2022-08-30 23:23:37:680] [3a] CodeStreamAgentConnection.onDataChanged(documents) completed • 0 ms
[2022-08-30 23:23:37:685] WebviewPanel: Completed posting codestream/didChangeData to the webview
[2022-08-30 23:23:37:775] WebviewPanel: Completed posting response(wv:54:S0BNsuHVQ0i1nUAKysNh6A) to the webview
[2022-08-30 23:23:39:146] [3b] CodeStreamAgentConnection.onDocumentMarkersChanged(file:///home/cmendoza/PersonalProjects/PersonalProjects/WEB/Frontend/curso%202/main.js)
[2022-08-30 23:23:39:147] [3b] CodeStreamAgentConnection.onDocumentMarkersChanged(file:///home/cmendoza/PersonalProjects/PersonalProjects/WEB/Frontend/curso%202/main.js) completed • 0 ms
[2022-08-30 23:23:39:147] AgentConnection.sendRequest(codestream/textDocument/markers)
[2022-08-30 23:23:39:147] AgentConnection.sendRequest(codestream/textDocument/markers)
[2022-08-30 23:23:39:152] WebviewPanel: Completed posting codestream/didChangeDocumentMarkers to the webview
[2022-08-30 23:23:46:265] WebviewPanel: Completed posting webview/editor/didChangeVisibleRanges to the webview
[2022-08-30 23:23:46:265] WebviewPanel: Completed posting webview/editor/didChangeVisibleRanges to the webview
[2022-08-30 23:24:28:244] Webview: Received message codestream/provider/boards(wv:55:I_ll-peeSUiyvF9oZe5_3w) from the webview
[2022-08-30 23:24:28:244] Webview: Received message codestream/provider/boards(wv:56:xhxGjVD7Stunx3R8pcWTAA) from the webview
[2022-08-30 23:24:28:244] Webview: Received message codestream/provider/cards(wv:57:zGtDL_KkQzSYFt3AsoWK1Q) from the webview
[2022-08-30 23:24:28:244] Webview: Received message codestream/provider/cards(wv:58:k14yEKQYSMWCIeMpYk2asg) from the webview
[2022-08-30 23:24:28:245] AgentConnection.sendRequest(codestream/provider/boards)
[2022-08-30 23:24:28:245] AgentConnection.sendRequest(codestream/provider/boards)
[2022-08-30 23:24:28:245] AgentConnection.sendRequest(codestream/provider/cards)
[2022-08-30 23:24:28:245] AgentConnection.sendRequest(codestream/provider/cards)
[2022-08-30 23:24:28:253] WebviewPanel: Completed posting response(wv:55:I_ll-peeSUiyvF9oZe5_3w) to the webview
[2022-08-30 23:24:28:253] WebviewPanel: Completed posting response(wv:56:xhxGjVD7Stunx3R8pcWTAA) to the webview
[2022-08-30 23:24:28:745] WebviewPanel: Completed posting response(wv:57:zGtDL_KkQzSYFt3AsoWK1Q) to the webview
[2022-08-30 23:24:29:053] WebviewPanel: Completed posting response(wv:58:k14yEKQYSMWCIeMpYk2asg) to the webview
[2022-08-30 23:24:37:247] Webview: Received message codestream/provider/generic(wv:59:bRmDjvfcRQmvgUAA8JDzsA) from the webview
[2022-08-30 23:24:37:247] AgentConnection.sendRequest(codestream/provider/generic)
[2022-08-30 23:24:37:832] WebviewPanel: Completed posting response(wv:59:bRmDjvfcRQmvgUAA8JDzsA) to the webview
[2022-08-30 23:24:47:667] [3c] CodeStreamAgentConnection.onDataChanged(commits)
[2022-08-30 23:24:47:667] [3c] CodeStreamAgentConnection.onDataChanged(commits) completed • 0 ms
[2022-08-30 23:24:47:672] WebviewPanel: Completed posting codestream/didChangeData to the webview
[2022-08-30 23:25:08:358] [3d] CodeStreamAgentConnection.onDataChanged(commits)
[2022-08-30 23:25:08:359] [3d] CodeStreamAgentConnection.onDataChanged(commits) completed • 0 ms
[2022-08-30 23:25:08:363] WebviewPanel: Completed posting codestream/didChangeData to the webview
[2022-08-30 23:25:18:212] [3e] CodeStreamAgentConnection.onDataChanged(commits)
[2022-08-30 23:25:18:212] [3e] CodeStreamAgentConnection.onDataChanged(commits) completed • 0 ms
[2022-08-30 23:25:18:213] [3f] CodeStreamAgentConnection.onDataChanged(commits)
[2022-08-30 23:25:18:213] [3f] CodeStreamAgentConnection.onDataChanged(commits) completed • 0 ms
[2022-08-30 23:25:18:217] WebviewPanel: Completed posting codestream/didChangeData to the webview
[2022-08-30 23:25:18:217] WebviewPanel: Completed posting codestream/didChangeData to the webview
[2022-08-30 23:25:20:887] [40] CodeStreamAgentConnection.onUserCommitted
[2022-08-30 23:25:20:887] User committed 947ebb8e29a6d12b4d5f28eae2d1e28c6b25212b - opening feedback request form
[2022-08-30 23:25:20:887] [41] WebviewController.newReviewRequest
[2022-08-30 23:25:20:887] [42] WebviewController.show
[2022-08-30 23:25:20:887] [43] WebviewController.ensureWebView
[2022-08-30 23:25:20:887] [40] CodeStreamAgentConnection.onUserCommitted completed • 0 ms
[2022-08-30 23:25:20:887] [43] WebviewController.ensureWebView completed • 0 ms
[2022-08-30 23:25:20:887] [44] CodeStreamWebviewSidebar.show
[2022-08-30 23:25:20:887] [44] CodeStreamWebviewSidebar.show completed • 0 ms
[2022-08-30 23:25:20:887] [42] WebviewController.show completed • 0 ms
[2022-08-30 23:25:20:888] [41] WebviewController.newReviewRequest completed • 1 ms
[2022-08-30 23:25:20:933] WebviewPanel: Completed posting webview/review/new to the webview
[2022-08-30 23:25:28:287] Webview: Received message codestream/provider/boards(wv:60:dc21dDv2QkSGFMFlPHHuOg) from the webview
[2022-08-30 23:25:28:288] Webview: Received message codestream/provider/boards(wv:61:TrdfUXCfTPWVqBwg48dIxw) from the webview
[2022-08-30 23:25:28:288] Webview: Received message codestream/provider/cards(wv:62:txK8CquLS7anopWGkRItxw) from the webview
[2022-08-30 23:25:28:288] Webview: Received message codestream/provider/cards(wv:63:Eyhwh629Qie-Bhly6OKhtg) from the webview
[2022-08-30 23:25:28:288] AgentConnection.sendRequest(codestream/provider/boards)
[2022-08-30 23:25:28:288] AgentConnection.sendRequest(codestream/provider/boards)
[2022-08-30 23:25:28:291] AgentConnection.sendRequest(codestream/provider/cards)
[2022-08-30 23:25:28:291] AgentConnection.sendRequest(codestream/provider/cards)
[2022-08-30 23:25:28:310] WebviewPanel: Completed posting response(wv:60:dc21dDv2QkSGFMFlPHHuOg) to the webview
[2022-08-30 23:25:28:310] WebviewPanel: Completed posting response(wv:61:TrdfUXCfTPWVqBwg48dIxw) to the webview
[2022-08-30 23:25:28:726] WebviewPanel: Completed posting response(wv:62:txK8CquLS7anopWGkRItxw) to the webview
[2022-08-30 23:25:28:844] WebviewPanel: Completed posting response(wv:63:Eyhwh629Qie-Bhly6OKhtg) to the webview
[2022-08-30 23:25:37:252] Webview: Received message codestream/provider/generic(wv:64:s-umPRp7TzmpvvoD50mO9Q) from the webview
[2022-08-30 23:25:37:252] AgentConnection.sendRequest(codestream/provider/generic)
[2022-08-30 23:25:37:818] WebviewPanel: Completed posting response(wv:64:s-umPRp7TzmpvvoD50mO9Q) to the webview
[2022-08-30 23:26:00:678] [45] CodeStreamAgentConnection.onDataChanged(commits)
[2022-08-30 23:26:00:679] [45] CodeStreamAgentConnection.onDataChanged(commits) completed • 0 ms
[2022-08-30 23:26:00:682] WebviewPanel: Completed posting codestream/didChangeData to the webview
[2022-08-30 23:26:28:254] Webview: Received message codestream/provider/boards(wv:65:Mnyt-jw5QHyD8OPvdU-nUw) from the webview
[2022-08-30 23:26:28:254] Webview: Received message codestream/provider/boards(wv:66:2ErOL1SlQICPY33m9hFJow) from the webview
[2022-08-30 23:26:28:254] Webview: Received message codestream/provider/cards(wv:67:CQV_-qMITZOdu5SYfccDyQ) from the webview
[2022-08-30 23:26:28:254] Webview: Received message codestream/provider/cards(wv:68:UfeSVpnBS3C3kbcX6lhZDw) from the webview
[2022-08-30 23:26:28:254] AgentConnection.sendRequest(codestream/provider/boards)
[2022-08-30 23:26:28:254] AgentConnection.sendRequest(codestream/provider/boards)
[2022-08-30 23:26:28:254] AgentConnection.sendRequest(codestream/provider/cards)
[2022-08-30 23:26:28:254] AgentConnection.sendRequest(codestream/provider/cards)
[2022-08-30 23:26:28:261] WebviewPanel: Completed posting response(wv:65:Mnyt-jw5QHyD8OPvdU-nUw) to the webview
[2022-08-30 23:26:28:261] WebviewPanel: Completed posting response(wv:66:2ErOL1SlQICPY33m9hFJow) to the webview
[2022-08-30 23:26:28:710] WebviewPanel: Completed posting response(wv:67:CQV_-qMITZOdu5SYfccDyQ) to the webview
[2022-08-30 23:26:29:036] WebviewPanel: Completed posting response(wv:68:UfeSVpnBS3C3kbcX6lhZDw) to the webview
[2022-08-30 23:26:37:245] Webview: Received message codestream/provider/generic(wv:69:uXJMXvBVTGeCiBoWojApdA) from the webview
[2022-08-30 23:26:37:245] AgentConnection.sendRequest(codestream/provider/generic)
[2022-08-30 23:26:38:864] WebviewPanel: Completed posting response(wv:69:uXJMXvBVTGeCiBoWojApdA) to the webview
[2022-08-30 23:27:10:284] Webview: Received message codestream/scm/file/info(wv:70:dx-AdF-lQ6qmS3SBhK2pag) from the webview
[2022-08-30 23:27:10:284] AgentConnection.sendRequest(codestream/scm/file/info)
[2022-08-30 23:27:10:285] Webview: Received message host/context/didChange from the webview
[2022-08-30 23:27:10:285] Webview: Received message codestream/ui/state(wv:71:8eUaVQHuTSiP3RpwAFziJQ) from the webview
[2022-08-30 23:27:10:285] Webview: Received message host/context/didChange from the webview
[2022-08-30 23:27:10:285] Webview: Received message codestream/ui/state(wv:72:zzS-Kz6QShugYNP_eQzsgQ) from the webview
[2022-08-30 23:27:10:285] AgentConnection.sendRequest(codestream/ui/state)
[2022-08-30 23:27:10:286] AgentConnection.sendRequest(codestream/ui/state)
[2022-08-30 23:27:10:287] WebviewPanel: Completed posting webview/focus/didChange to the webview
[2022-08-30 23:27:11:464] WebviewPanel: Completed posting response(wv:71:8eUaVQHuTSiP3RpwAFziJQ) to the webview
[2022-08-30 23:27:11:464] WebviewPanel: Completed posting response(wv:72:zzS-Kz6QShugYNP_eQzsgQ) to the webview
[2022-08-30 23:27:12:296] Webview: Received message codestream/scm/repos(wv:73:zSvIcvTISoi9_lkUBQW2gQ) from the webview
[2022-08-30 23:27:12:296] AgentConnection.sendRequest(codestream/scm/repos)
[2022-08-30 23:27:12:296] WebviewPanel: Completed posting response(wv:70:dx-AdF-lQ6qmS3SBhK2pag) to the webview
[2022-08-30 23:27:12:303] Webview: Received message codestream/textDocument/markers(wv:74:9bAkPsyqSAWHdvRKam6iUw) from the webview
[2022-08-30 23:27:12:303] AgentConnection.sendRequest(codestream/textDocument/markers)
[2022-08-30 23:27:12:303] WebviewPanel: Completed posting response(wv:73:zSvIcvTISoi9_lkUBQW2gQ) to the webview
[2022-08-30 23:27:12:313] WebviewPanel: Completed posting response(wv:74:9bAkPsyqSAWHdvRKam6iUw) to the webview
[2022-08-30 23:27:27:312] Webview: Received message codestream/provider/boards(wv:75:JbW_3UTTS-qvTVWFOX5C0Q) from the webview
[2022-08-30 23:27:27:313] Webview: Received message codestream/provider/boards(wv:76:BuV-9UF9TbuRairF1vnWTA) from the webview
[2022-08-30 23:27:27:313] Webview: Received message codestream/provider/cards(wv:77:dRMKVIEVTk6ZsmXsXo4npw) from the webview
[2022-08-30 23:27:27:313] Webview: Received message codestream/provider/cards(wv:78:nRwrcs4QRaabXOuEMhqV7Q) from the webview
[2022-08-30 23:27:27:313] AgentConnection.sendRequest(codestream/provider/boards)
[2022-08-30 23:27:27:313] AgentConnection.sendRequest(codestream/provider/boards)
[2022-08-30 23:27:27:313] AgentConnection.sendRequest(codestream/provider/cards)
[2022-08-30 23:27:27:313] AgentConnection.sendRequest(codestream/provider/cards)
[2022-08-30 23:27:27:322] WebviewPanel: Completed posting response(wv:75:JbW_3UTTS-qvTVWFOX5C0Q) to the webview
[2022-08-30 23:27:27:322] WebviewPanel: Completed posting response(wv:76:BuV-9UF9TbuRairF1vnWTA) to the webview
[2022-08-30 23:27:27:884] WebviewPanel: Completed posting response(wv:77:dRMKVIEVTk6ZsmXsXo4npw) to the webview
[2022-08-30 23:27:28:130] WebviewPanel: Completed posting response(wv:78:nRwrcs4QRaabXOuEMhqV7Q) to the webview
[2022-08-30 23:27:37:119] Webview: Received message codestream/provider/generic(wv:79:ON5URkBnTXSFfFOn1L1yQw) from the webview
[2022-08-30 23:27:37:119] AgentConnection.sendRequest(codestream/provider/generic)
[2022-08-30 23:27:37:735] WebviewPanel: Completed posting response(wv:79:ON5URkBnTXSFfFOn1L1yQw) to the webview
[2022-08-30 23:28:27:337] Webview: Received message codestream/provider/boards(wv:80:gLqkxW97QVyWlTZTdc-GxQ) from the webview
[2022-08-30 23:28:27:337] Webview: Received message codestream/provider/boards(wv:81:qROA5r7ORTilP6sAe14KIQ) from the webview
[2022-08-30 23:28:27:338] Webview: Received message codestream/provider/cards(wv:82:82NvfMq6RZ2BdpJFVGWZHw) from the webview
[2022-08-30 23:28:27:338] Webview: Received message codestream/provider/cards(wv:83:Rc6Vch-BTnWeXiSb8dNOng) from the webview
[2022-08-30 23:28:27:338] AgentConnection.sendRequest(codestream/provider/boards)
[2022-08-30 23:28:27:338] AgentConnection.sendRequest(codestream/provider/boards)
[2022-08-30 23:28:27:339] AgentConnection.sendRequest(codestream/provider/cards)
[2022-08-30 23:28:27:339] AgentConnection.sendRequest(codestream/provider/cards)
[2022-08-30 23:28:27:349] WebviewPanel: Completed posting response(wv:80:gLqkxW97QVyWlTZTdc-GxQ) to the webview
[2022-08-30 23:28:27:349] WebviewPanel: Completed posting response(wv:81:qROA5r7ORTilP6sAe14KIQ) to the webview
[2022-08-30 23:28:27:804] WebviewPanel: Completed posting response(wv:82:82NvfMq6RZ2BdpJFVGWZHw) to the webview
[2022-08-30 23:28:28:150] WebviewPanel: Completed posting response(wv:83:Rc6Vch-BTnWeXiSb8dNOng) to the webview
[2022-08-30 23:28:37:122] Webview: Received message codestream/provider/generic(wv:84:bvNNwBrXSlOTF8hODrW35Q) from the webview
[2022-08-30 23:28:37:123] AgentConnection.sendRequest(codestream/provider/generic)
[2022-08-30 23:28:37:718] WebviewPanel: Completed posting response(wv:84:bvNNwBrXSlOTF8hODrW35Q) to the webview
[2022-08-30 23:29:27:310] Webview: Received message codestream/provider/boards(wv:85:LiePnbr-TTqy_zntHnyjMw) from the webview
[2022-08-30 23:29:27:310] Webview: Received message codestream/provider/boards(wv:86:pSd7C8v1SCmmjQ3OXMY14A) from the webview
[2022-08-30 23:29:27:310] Webview: Received message codestream/provider/cards(wv:87:T_M4NEmgTTqV3q0EFRqZyg) from the webview
[2022-08-30 23:29:27:310] Webview: Received message codestream/provider/cards(wv:88:Jvyc1wtmSUaLpXhgCZO7iQ) from the webview
[2022-08-30 23:29:27:310] AgentConnection.sendRequest(codestream/provider/boards)
[2022-08-30 23:29:27:310] AgentConnection.sendRequest(codestream/provider/boards)
[2022-08-30 23:29:27:310] AgentConnection.sendRequest(codestream/provider/cards)
[2022-08-30 23:29:27:311] AgentConnection.sendRequest(codestream/provider/cards)
[2022-08-30 23:29:27:320] WebviewPanel: Completed posting response(wv:85:LiePnbr-TTqy_zntHnyjMw) to the webview
[2022-08-30 23:29:27:320] WebviewPanel: Completed posting response(wv:86:pSd7C8v1SCmmjQ3OXMY14A) to the webview
[2022-08-30 23:29:27:824] WebviewPanel: Completed posting response(wv:87:T_M4NEmgTTqV3q0EFRqZyg) to the webview
[2022-08-30 23:29:28:154] WebviewPanel: Completed posting response(wv:88:Jvyc1wtmSUaLpXhgCZO7iQ) to the webview
[2022-08-30 23:29:37:118] Webview: Received message codestream/provider/generic(wv:89:Ct4k9CfvRliuNkn2ctsoJw) from the webview
[2022-08-30 23:29:37:118] AgentConnection.sendRequest(codestream/provider/generic)
[2022-08-30 23:29:37:728] WebviewPanel: Completed posting response(wv:89:Ct4k9CfvRliuNkn2ctsoJw) to the webview
[2022-08-30 23:30:27:326] Webview: Received message codestream/provider/boards(wv:90:rXagPCp8Rsay9VkOj7q8Ug) from the webview
[2022-08-30 23:30:27:326] Webview: Received message codestream/provider/boards(wv:91:Y__93xuYQbWIfDLSPZq6ow) from the webview
[2022-08-30 23:30:27:326] Webview: Received message codestream/provider/cards(wv:92:g4czcQ4hRLmqaqUhQjIy8A) from the webview
[2022-08-30 23:30:27:326] Webview: Received message codestream/provider/cards(wv:93:D3CdgaB8T62kPUDDpkfQWg) from the webview
[2022-08-30 23:30:27:326] AgentConnection.sendRequest(codestream/provider/boards)
[2022-08-30 23:30:27:326] AgentConnection.sendRequest(codestream/provider/boards)
[2022-08-30 23:30:27:326] AgentConnection.sendRequest(codestream/provider/cards)
[2022-08-30 23:30:27:326] AgentConnection.sendRequest(codestream/provider/cards)
[2022-08-30 23:30:27:334] WebviewPanel: Completed posting response(wv:90:rXagPCp8Rsay9VkOj7q8Ug) to the webview
[2022-08-30 23:30:27:334] WebviewPanel: Completed posting response(wv:91:Y__93xuYQbWIfDLSPZq6ow) to the webview
[2022-08-30 23:30:27:802] WebviewPanel: Completed posting response(wv:92:g4czcQ4hRLmqaqUhQjIy8A) to the webview
[2022-08-30 23:30:28:160] WebviewPanel: Completed posting response(wv:93:D3CdgaB8T62kPUDDpkfQWg) to the webview
[2022-08-30 23:30:37:124] Webview: Received message codestream/provider/generic(wv:94:NeaPrAQnTOa_D5J4K5qE5g) from the webview
[2022-08-30 23:30:37:124] AgentConnection.sendRequest(codestream/provider/generic)
[2022-08-30 23:30:37:728] WebviewPanel: Completed posting response(wv:94:NeaPrAQnTOa_D5J4K5qE5g) to the webview
[2022-08-30 23:31:27:329] Webview: Received message codestream/provider/boards(wv:95:eaLO5zIfS-CEoebW-fqpNQ) from the webview
[2022-08-30 23:31:27:329] Webview: Received message codestream/provider/boards(wv:96:vX2P3ADzQe-bXj0uuLCp_g) from the webview
[2022-08-30 23:31:27:329] Webview: Received message codestream/provider/cards(wv:97:x5oa8v4oT-awyJVV36ysPw) from the webview
[2022-08-30 23:31:27:330] Webview: Received message codestream/provider/cards(wv:98:cht30u0dRT6PHDrY4qlO2w) from the webview
[2022-08-30 23:31:27:330] AgentConnection.sendRequest(codestream/provider/boards)
[2022-08-30 23:31:27:330] AgentConnection.sendRequest(codestream/provider/boards)
[2022-08-30 23:31:27:330] AgentConnection.sendRequest(codestream/provider/cards)
[2022-08-30 23:31:27:330] AgentConnection.sendRequest(codestream/provider/cards)
[2022-08-30 23:31:27:336] WebviewPanel: Completed posting response(wv:95:eaLO5zIfS-CEoebW-fqpNQ) to the webview
[2022-08-30 23:31:27:336] WebviewPanel: Completed posting response(wv:96:vX2P3ADzQe-bXj0uuLCp_g) to the webview
[2022-08-30 23:31:27:759] WebviewPanel: Completed posting response(wv:97:x5oa8v4oT-awyJVV36ysPw) to the webview
[2022-08-30 23:31:28:161] WebviewPanel: Completed posting response(wv:98:cht30u0dRT6PHDrY4qlO2w) to the webview
[2022-08-30 23:31:37:121] Webview: Received message codestream/provider/generic(wv:99:UgM6u5mqRZS6IB9SO4hQtg) from the webview
[2022-08-30 23:31:37:122] AgentConnection.sendRequest(codestream/provider/generic)
[2022-08-30 23:31:37:707] WebviewPanel: Completed posting response(wv:99:UgM6u5mqRZS6IB9SO4hQtg) to the webview
