[2022-08-30 10:41:41.996] [exthost] [info] Extension host with pid 174 started
[2022-08-30 10:41:42.005] [exthost] [error] Error: EEXIST: file already exists, open '/home/cmendoza/.vscode-server/data/User/workspaceStorage/d5aba56a1b1317a03906dd8671ef8bfc/vscode.lock'
[2022-08-30 10:41:42.062] [exthost] [info] Lock '/home/cmendoza/.vscode-server/data/User/workspaceStorage/d5aba56a1b1317a03906dd8671ef8bfc/vscode.lock': Could not acquire lock, checking if the file is stale.
[2022-08-30 10:41:42.064] [exthost] [info] Lock '/home/cmendoza/.vscode-server/data/User/workspaceStorage/d5aba56a1b1317a03906dd8671ef8bfc/vscode.lock': The pid 1990 appears to be gone.
[2022-08-30 10:41:42.065] [exthost] [info] Lock '/home/cmendoza/.vscode-server/data/User/workspaceStorage/d5aba56a1b1317a03906dd8671ef8bfc/vscode.lock': Deleting a stale lock.
[2022-08-30 10:41:42.083] [exthost] [info] Lock '/home/cmendoza/.vscode-server/data/User/workspaceStorage/d5aba56a1b1317a03906dd8671ef8bfc/vscode.lock': Lock acquired.
[2022-08-30 10:41:42.258] [exthost] [info] ExtensionService#_doActivateExtension vscode.html-language-features, startup: false, activationEvent: 'onLanguage:html'
[2022-08-30 10:41:42.670] [exthost] [info] ExtensionService#_doActivateExtension vscode.debug-auto-launch, startup: true, activationEvent: '*'
[2022-08-30 10:41:42.732] [exthost] [info] ExtensionService#_doActivateExtension vscode.git-base, startup: true, activationEvent: '*'
[2022-08-30 10:41:42.772] [exthost] [info] ExtensionService#_doActivateExtension vscode.ipynb, startup: true, activationEvent: '*'
[2022-08-30 10:41:42.919] [exthost] [info] ExtensionService#_doActivateExtension 2gua.rainbow-brackets, startup: true, activationEvent: '*'
[2022-08-30 10:41:42.940] [exthost] [info] ExtensionService#_doActivateExtension christian-kohler.path-intellisense, startup: true, activationEvent: '*'
[2022-08-30 10:41:43.239] [exthost] [info] ExtensionService#_doActivateExtension ecmel.vscode-html-css, startup: true, activationEvent: '*'
[2022-08-30 10:41:43.466] [exthost] [info] ExtensionService#_doActivateExtension ms-vsliveshare.vsliveshare, startup: true, activationEvent: '*'
[2022-08-30 10:41:46.684] [exthost] [info] ExtensionService#_doActivateExtension naumovs.color-highlight, startup: true, activationEvent: '*'
[2022-08-30 10:41:46.785] [exthost] [info] ExtensionService#_doActivateExtension oderwat.indent-rainbow, startup: true, activationEvent: '*'
[2022-08-30 10:41:46.806] [exthost] [info] ExtensionService#_doActivateExtension WallabyJs.quokka-vscode, startup: true, activationEvent: '*'
[2022-08-30 10:41:46.843] [exthost] [info] ExtensionService#_doActivateExtension vscode.npm, startup: true, activationEvent: 'workspaceContains:package.json'
[2022-08-30 10:41:47.086] [exthost] [info] ExtensionService#_doActivateExtension vscode.configuration-editing, startup: false, activationEvent: 'onLanguage:jsonc'
[2022-08-30 10:41:47.135] [exthost] [info] ExtensionService#_doActivateExtension vscode.json-language-features, startup: false, activationEvent: 'onLanguage:jsonc'
[2022-08-30 10:41:47.335] [exthost] [info] ExtensionService#_doActivateExtension vscode.typescript-language-features, startup: false, activationEvent: 'onLanguage:jsonc'
[2022-08-30 10:41:51.758] [exthost] [info] ExtensionService#_doActivateExtension vscode.github, startup: true, activationEvent: '*'
[2022-08-30 10:41:55.208] [exthost] [info] ExtensionService#_doActivateExtension GitHub.vscode-pull-request-github, startup: true, activationEvent: '*'
[2022-08-30 10:41:56.068] [exthost] [info] ExtensionService#_doActivateExtension vscode.css-language-features, startup: false, activationEvent: 'onLanguage:css'
[2022-08-30 10:41:56.261] [exthost] [info] Not activating extension 'pranaygp.vscode-css-peek': Timed out while searching for 'workspaceContains' pattern **/*.css,**/*.scss,**/*.sass,**/*.less
[2022-08-30 10:41:57.812] [exthost] [info] ExtensionService#_doActivateExtension vscode.emmet, startup: false, activationEvent: 'onStartupFinished'
[2022-08-30 10:41:57.974] [exthost] [info] ExtensionService#_doActivateExtension vscode.merge-conflict, startup: false, activationEvent: 'onStartupFinished'
[2022-08-30 10:41:58.032] [exthost] [info] ExtensionService#_doActivateExtension CodeStream.codestream, startup: false, activationEvent: 'onStartupFinished'
[2022-08-30 10:41:58.658] [exthost] [info] ExtensionService#_doActivateExtension eamodio.gitlens, startup: false, activationEvent: 'onStartupFinished'
[2022-08-30 10:41:59.951] [exthost] [info] ExtensionService#_doActivateExtension eamodio.gitlens-insiders, startup: false, activationEvent: 'onStartupFinished'
[2022-08-30 10:42:01.174] [exthost] [info] ExtensionService#_doActivateExtension ritwickdey.LiveServer, startup: false, activationEvent: 'onStartupFinished'
[2022-08-30 10:42:05.145] [exthost] [info] ExtensionService#_doActivateExtension pranaygp.vscode-css-peek, startup: true, activationEvent: 'workspaceContains:**/*.css,**/*.scss,**/*.sass,**/*.less'
[2022-08-30 10:42:12.968] [exthost] [info] ExtensionService#_doActivateExtension esbenp.prettier-vscode, startup: false, activationEvent: 'onStartupFinished'
[2022-08-30 10:42:48.764] [exthost] [info] Eager extensions activated
[2022-08-30 10:43:20.825] [exthost] [warning] DiagnosticCollection with name 'css-peek' does already exist.
[2022-08-30 10:45:34.680] [exthost] [warning] TextEditor is closed/disposed
[2022-08-30 10:45:46.627] [exthost] [warning] TextEditor is closed/disposed
[2022-08-30 10:49:00.706] [exthost] [warning] TextEditor is closed/disposed
[2022-08-30 10:53:03.159] [exthost] [warning] TextEditor is closed/disposed
[2022-08-30 10:53:31.578] [exthost] [error] [ecmel.vscode-html-css] provider FAILED
[2022-08-30 10:53:31.578] [exthost] [error] undefined
[2022-08-30 10:53:44.098] [exthost] [error] [ecmel.vscode-html-css] provider FAILED
[2022-08-30 10:53:44.098] [exthost] [error] undefined
[2022-08-30 10:54:17.117] [exthost] [error] [ecmel.vscode-html-css] provider FAILED
[2022-08-30 10:54:17.117] [exthost] [error] undefined
[2022-08-30 10:54:51.209] [exthost] [error] [ecmel.vscode-html-css] provider FAILED
[2022-08-30 10:54:51.210] [exthost] [error] undefined
[2022-08-30 10:54:55.389] [exthost] [error] [ecmel.vscode-html-css] provider FAILED
[2022-08-30 10:54:55.389] [exthost] [error] undefined
[2022-08-30 10:55:16.225] [exthost] [error] [ecmel.vscode-html-css] provider FAILED
[2022-08-30 10:55:16.225] [exthost] [error] undefined
[2022-08-30 11:00:33.145] [exthost] [error] [ecmel.vscode-html-css] provider FAILED
[2022-08-30 11:00:33.146] [exthost] [error] undefined
[2022-08-30 11:00:34.905] [exthost] [error] [ecmel.vscode-html-css] provider FAILED
[2022-08-30 11:00:34.905] [exthost] [error] undefined
[2022-08-30 11:13:22.971] [exthost] [error] [ecmel.vscode-html-css] provider FAILED
[2022-08-30 11:13:22.971] [exthost] [error] undefined
[2022-08-30 11:14:25.515] [exthost] [error] [ecmel.vscode-html-css] provider FAILED
[2022-08-30 11:14:25.515] [exthost] [error] undefined
[2022-08-30 11:14:56.853] [exthost] [error] [ecmel.vscode-html-css] provider FAILED
[2022-08-30 11:14:56.853] [exthost] [error] undefined
[2022-08-30 11:15:01.370] [exthost] [error] [ecmel.vscode-html-css] provider FAILED
[2022-08-30 11:15:01.370] [exthost] [error] undefined
[2022-08-30 11:17:35.081] [exthost] [warning] TextEditor is closed/disposed
[2022-08-30 11:18:28.601] [exthost] [warning] TextEditor is closed/disposed
[2022-08-30 11:19:55.837] [exthost] [warning] TextEditor is closed/disposed
[2022-08-30 11:20:00.759] [exthost] [warning] TextEditor is closed/disposed
[2022-08-30 11:20:24.780] [exthost] [warning] TextEditor is closed/disposed
