[2022-08-23 17:25:15.597] [exthost] [info] Extension host with pid 122 started
[2022-08-23 17:25:15.669] [exthost] [info] Lock '/home/cmendoza/.vscode-server/data/User/workspaceStorage/d5aba56a1b1317a03906dd8671ef8bfc/vscode.lock': Lock acquired.
[2022-08-23 17:25:16.084] [exthost] [info] ExtensionService#_doActivateExtension vscode.css-language-features, startup: false, activationEvent: 'onLanguage:css'
[2022-08-23 17:25:16.244] [exthost] [info] ExtensionService#_doActivateExtension vscode.debug-auto-launch, startup: true, activationEvent: '*'
[2022-08-23 17:25:16.357] [exthost] [info] ExtensionService#_doActivateExtension vscode.git-base, startup: true, activationEvent: '*'
[2022-08-23 17:25:16.431] [exthost] [info] ExtensionService#_doActivateExtension vscode.ipynb, startup: true, activationEvent: '*'
[2022-08-23 17:25:16.717] [exthost] [info] ExtensionService#_doActivateExtension 2gua.rainbow-brackets, startup: true, activationEvent: '*'
[2022-08-23 17:25:16.751] [exthost] [info] ExtensionService#_doActivateExtension christian-kohler.path-intellisense, startup: true, activationEvent: '*'
[2022-08-23 17:25:17.319] [exthost] [info] ExtensionService#_doActivateExtension ecmel.vscode-html-css, startup: true, activationEvent: '*'
[2022-08-23 17:25:17.604] [exthost] [info] ExtensionService#_doActivateExtension ms-vsliveshare.vsliveshare, startup: true, activationEvent: '*'
[2022-08-23 17:25:21.021] [exthost] [info] ExtensionService#_doActivateExtension naumovs.color-highlight, startup: true, activationEvent: '*'
[2022-08-23 17:25:21.103] [exthost] [info] ExtensionService#_doActivateExtension oderwat.indent-rainbow, startup: true, activationEvent: '*'
[2022-08-23 17:25:21.122] [exthost] [info] ExtensionService#_doActivateExtension WallabyJs.quokka-vscode, startup: true, activationEvent: '*'
[2022-08-23 17:25:21.142] [exthost] [info] ExtensionService#_doActivateExtension vscode.npm, startup: true, activationEvent: 'workspaceContains:package.json'
[2022-08-23 17:25:21.330] [exthost] [info] ExtensionService#_doActivateExtension vscode.html-language-features, startup: false, activationEvent: 'onLanguage:html'
[2022-08-23 17:25:21.432] [exthost] [info] ExtensionService#_doActivateExtension vscode.configuration-editing, startup: false, activationEvent: 'onLanguage:jsonc'
[2022-08-23 17:25:21.481] [exthost] [info] ExtensionService#_doActivateExtension vscode.json-language-features, startup: false, activationEvent: 'onLanguage:jsonc'
[2022-08-23 17:25:21.677] [exthost] [info] ExtensionService#_doActivateExtension vscode.typescript-language-features, startup: false, activationEvent: 'onLanguage:jsonc'
[2022-08-23 17:25:25.802] [exthost] [info] ExtensionService#_doActivateExtension vscode.github, startup: true, activationEvent: '*'
[2022-08-23 17:25:28.660] [exthost] [info] ExtensionService#_doActivateExtension GitHub.vscode-pull-request-github, startup: true, activationEvent: '*'
[2022-08-23 17:25:29.442] [exthost] [info] Not activating extension 'pranaygp.vscode-css-peek': Timed out while searching for 'workspaceContains' pattern **/*.css,**/*.scss,**/*.sass,**/*.less
[2022-08-23 17:25:30.638] [exthost] [info] ExtensionService#_doActivateExtension pranaygp.vscode-css-peek, startup: true, activationEvent: 'workspaceContains:**/*.css,**/*.scss,**/*.sass,**/*.less'
[2022-08-23 17:25:31.627] [exthost] [info] ExtensionService#_doActivateExtension vscode.emmet, startup: false, activationEvent: 'onStartupFinished'
[2022-08-23 17:25:31.708] [exthost] [info] ExtensionService#_doActivateExtension vscode.merge-conflict, startup: false, activationEvent: 'onStartupFinished'
[2022-08-23 17:25:31.732] [exthost] [info] ExtensionService#_doActivateExtension CodeStream.codestream, startup: false, activationEvent: 'onStartupFinished'
[2022-08-23 17:25:32.075] [exthost] [info] ExtensionService#_doActivateExtension eamodio.gitlens, startup: false, activationEvent: 'onStartupFinished'
[2022-08-23 17:25:32.798] [exthost] [info] ExtensionService#_doActivateExtension eamodio.gitlens-insiders, startup: false, activationEvent: 'onStartupFinished'
[2022-08-23 17:25:33.943] [exthost] [info] ExtensionService#_doActivateExtension ritwickdey.LiveServer, startup: false, activationEvent: 'onStartupFinished'
[2022-08-23 17:25:46.517] [exthost] [warning] DiagnosticCollection with name 'css-peek' does already exist.
[2022-08-23 17:25:46.538] [exthost] [info] ExtensionService#_doActivateExtension esbenp.prettier-vscode, startup: false, activationEvent: 'onStartupFinished'
[2022-08-23 17:26:26.805] [exthost] [info] Eager extensions activated
[2022-08-23 17:26:58.221] [exthost] [warning] TextEditor is closed/disposed
[2022-08-23 17:27:14.657] [exthost] [warning] TextEditor is closed/disposed
[2022-08-23 17:27:29.991] [exthost] [warning] TextEditor is closed/disposed
[2022-08-23 17:27:47.777] [exthost] [warning] TextEditor is closed/disposed
[2022-08-23 17:27:54.086] [exthost] [warning] TextEditor is closed/disposed
[2022-08-23 17:28:14.837] [exthost] [warning] TextEditor is closed/disposed
[2022-08-23 17:28:19.777] [exthost] [warning] TextEditor is closed/disposed
[2022-08-23 17:28:29.781] [exthost] [warning] TextEditor is closed/disposed
[2022-08-23 17:28:40.490] [exthost] [warning] TextEditor is closed/disposed
[2022-08-23 17:29:11.058] [exthost] [warning] TextEditor is closed/disposed
[2022-08-23 17:29:28.606] [exthost] [warning] TextEditor is closed/disposed
[2022-08-23 17:29:30.975] [exthost] [warning] TextEditor is closed/disposed
[2022-08-23 17:29:39.935] [exthost] [warning] TextEditor is closed/disposed
[2022-08-23 17:31:49.235] [exthost] [warning] TextEditor is closed/disposed
[2022-08-23 17:32:06.006] [exthost] [warning] TextEditor is closed/disposed
[2022-08-23 17:32:21.695] [exthost] [warning] TextEditor is closed/disposed
[2022-08-23 17:32:31.074] [exthost] [warning] TextEditor is closed/disposed
[2022-08-23 17:32:43.887] [exthost] [warning] TextEditor is closed/disposed
[2022-08-23 17:34:00.171] [exthost] [warning] TextEditor is closed/disposed
[2022-08-23 17:34:18.283] [exthost] [warning] TextEditor is closed/disposed
[2022-08-23 17:34:41.155] [exthost] [warning] TextEditor is closed/disposed
[2022-08-23 17:34:42.036] [exthost] [warning] TextEditor is closed/disposed
[2022-08-23 17:35:37.384] [exthost] [warning] TextEditor is closed/disposed
[2022-08-23 17:35:39.153] [exthost] [warning] TextEditor is closed/disposed
[2022-08-23 17:41:23.599] [exthost] [warning] TextEditor is closed/disposed
[2022-08-23 17:41:26.165] [exthost] [warning] TextEditor is closed/disposed
[2022-08-23 17:44:32.938] [exthost] [warning] TextEditor is closed/disposed
[2022-08-23 17:45:59.971] [exthost] [error] [ecmel.vscode-html-css] provider FAILED
[2022-08-23 17:45:59.971] [exthost] [error] undefined
[2022-08-23 17:46:04.872] [exthost] [error] [ecmel.vscode-html-css] provider FAILED
[2022-08-23 17:46:04.872] [exthost] [error] undefined
[2022-08-23 17:46:10.316] [exthost] [error] [ecmel.vscode-html-css] provider FAILED
[2022-08-23 17:46:10.316] [exthost] [error] undefined
[2022-08-23 17:46:30.284] [exthost] [warning] TextEditor is closed/disposed
[2022-08-23 17:47:12.851] [exthost] [warning] TextEditor is closed/disposed
[2022-08-23 17:47:44.924] [exthost] [error] [ecmel.vscode-html-css] provider FAILED
[2022-08-23 17:47:44.925] [exthost] [error] undefined
[2022-08-23 17:48:20.238] [exthost] [warning] TextEditor is closed/disposed
[2022-08-23 17:52:10.880] [exthost] [warning] TextEditor is closed/disposed
[2022-08-23 17:52:13.646] [exthost] [info] ExtensionService#_doActivateExtension wix.vscode-import-cost, startup: false, activationEvent: 'onLanguage:javascript'
[2022-08-23 17:53:30.334] [exthost] [warning] TextEditor is closed/disposed
[2022-08-23 17:54:06.957] [exthost] [warning] TextEditor is closed/disposed
[2022-08-23 17:54:55.196] [exthost] [warning] TextEditor is closed/disposed
[2022-08-23 17:57:52.520] [exthost] [warning] TextEditor is closed/disposed
[2022-08-23 17:59:39.176] [exthost] [warning] TextEditor is closed/disposed
[2022-08-23 18:00:01.094] [exthost] [warning] TextEditor is closed/disposed
[2022-08-23 18:02:30.152] [exthost] [warning] TextEditor is closed/disposed
[2022-08-23 18:05:55.193] [exthost] [warning] TextEditor is closed/disposed
[2022-08-23 18:08:07.302] [exthost] [warning] TextEditor is closed/disposed
[2022-08-23 18:08:25.986] [exthost] [warning] TextEditor is closed/disposed
[2022-08-23 18:08:40.701] [exthost] [warning] TextEditor is closed/disposed
[2022-08-23 18:09:48.591] [exthost] [warning] TextEditor is closed/disposed
[2022-08-23 18:10:05.075] [exthost] [warning] TextEditor is closed/disposed
[2022-08-23 18:10:11.512] [exthost] [warning] TextEditor is closed/disposed
[2022-08-23 18:27:50.956] [exthost] [warning] TextEditor is closed/disposed
[2022-08-23 18:27:52.165] [exthost] [warning] TextEditor is closed/disposed
[2022-08-23 18:28:05.934] [exthost] [warning] TextEditor is closed/disposed
[2022-08-23 18:28:11.543] [exthost] [warning] TextEditor is closed/disposed
[2022-08-23 18:28:18.841] [exthost] [warning] TextEditor is closed/disposed
[2022-08-23 18:34:19.441] [exthost] [warning] TextEditor is closed/disposed
[2022-08-23 18:35:23.063] [exthost] [warning] TextEditor is closed/disposed
[2022-08-23 18:35:42.449] [exthost] [warning] TextEditor is closed/disposed
[2022-08-23 18:36:30.768] [exthost] [warning] TextEditor is closed/disposed
[2022-08-23 18:36:35.126] [exthost] [warning] TextEditor is closed/disposed
[2022-08-23 18:41:11.509] [exthost] [warning] TextEditor is closed/disposed
[2022-08-23 18:42:08.286] [exthost] [warning] TextEditor is closed/disposed
[2022-08-23 18:42:59.136] [exthost] [warning] TextEditor is closed/disposed
[2022-08-23 18:44:06.187] [exthost] [warning] TextEditor is closed/disposed
[2022-08-23 18:44:47.153] [exthost] [warning] TextEditor is closed/disposed
[2022-08-23 18:44:54.376] [exthost] [warning] TextEditor is closed/disposed
[2022-08-23 18:45:48.140] [exthost] [warning] TextEditor is closed/disposed
[2022-08-23 18:45:51.642] [exthost] [warning] TextEditor is closed/disposed
[2022-08-23 18:46:35.254] [exthost] [warning] TextEditor is closed/disposed
[2022-08-23 18:47:23.119] [exthost] [warning] TextEditor is closed/disposed
[2022-08-23 18:48:14.201] [exthost] [warning] TextEditor is closed/disposed
[2022-08-23 18:48:18.904] [exthost] [warning] TextEditor is closed/disposed
[2022-08-23 18:48:19.605] [exthost] [warning] TextEditor is closed/disposed
[2022-08-23 18:50:14.234] [exthost] [warning] TextEditor is closed/disposed
[2022-08-23 18:50:41.699] [exthost] [warning] TextEditor is closed/disposed
[2022-08-23 18:51:01.137] [exthost] [warning] TextEditor is closed/disposed
[2022-08-23 18:54:44.602] [exthost] [warning] TextEditor is closed/disposed
[2022-08-23 18:57:00.981] [exthost] [error] [ecmel.vscode-html-css] provider FAILED
[2022-08-23 18:57:00.981] [exthost] [error] undefined
[2022-08-23 18:57:19.215] [exthost] [error] [ecmel.vscode-html-css] provider FAILED
[2022-08-23 18:57:19.215] [exthost] [error] undefined
[2022-08-23 18:57:36.531] [exthost] [error] [ecmel.vscode-html-css] provider FAILED
[2022-08-23 18:57:36.531] [exthost] [error] undefined
[2022-08-23 18:58:12.558] [exthost] [warning] TextEditor is closed/disposed
[2022-08-23 19:06:08.929] [exthost] [info] Extension host terminating: received terminate message from renderer
[2022-08-23 19:06:08.932] [exthost] [info] Lock '/home/cmendoza/.vscode-server/data/User/workspaceStorage/d5aba56a1b1317a03906dd8671ef8bfc/vscode.lock': Marking the lockfile as scheduled to be released in 6000 ms.
[2022-08-23 19:06:09.175] [exthost] [warning] {"name":"Canceled"}
[2022-08-23 19:06:09.223] [exthost] [info] Extension host with pid 122 exiting with code 0
