LSP Notebooks experiment is enabled
LSP Notebooks interactive window support is enabled
[ERROR 2022-11-20 17:2:32.804]: readdir() failed for "/home/cmendoza/Projects/PersonalProjects/.git" (Error: EACCES: permission denied, scandir '/home/cmendoza/Projects/PersonalProjects/.git')
[ERROR 2022-11-20 17:2:33.420]: readdir() failed for "/home/cmendoza/Projects/Project_Diseno_para_Dev/.git" (Error: EACCES: permission denied, scandir '/home/cmendoza/Projects/Project_Diseno_para_Dev/.git')
[ERROR 2022-11-20 17:2:34.250]: readdir() failed for "/home/cmendoza/Projects/PersonalProjects/.git" (Error: EACCES: permission denied, scandir '/home/cmendoza/Projects/PersonalProjects/.git')
[ERROR 2022-11-20 17:2:34.257]: readdir() failed for "/home/cmendoza/Projects/Project_Diseno_para_Dev/.git" (Error: EACCES: permission denied, scandir '/home/cmendoza/Projects/Project_Diseno_para_Dev/.git')
> C:\Users\admin\AppData\Local\Programs\Python\Python310\python.exe -c "import sys;print(sys.executable)"
[ERROR 2022-11-20 17:2:34.644]: Error: Command failed: C:\Users\admin\AppData\Local\Programs\Python\Python310\python.exe -c "import sys;print(sys.executable)"
/bin/sh: 1: C:UsersadminAppDataLocalProgramsPythonPython310python.exe: not found

    at ChildProcess.exithandler (node:child_process:399:12)
    at ChildProcess.emit (node:events:526:28)
    at maybeClose (node:internal/child_process:1092:16)
    at Socket.<anonymous> (node:internal/child_process:451:11)
    at Socket.emit (node:events:526:28)
    at Pipe.<anonymous> (node:net:687:12) {
  killed: false,
  code: 127,
  signal: null,
  cmd: 'C:\\Users\\admin\\AppData\\Local\\Programs\\Python\\Python310\\python.exe -c "import sys;print(sys.executable)"'
}
Iniciando el servidor de lenguaje Pylance.
