[2022-09-12 16:18:19.411] [exthost] [info] Extension host with pid 448 started
[2022-09-12 16:18:19.725] [exthost] [info] ExtensionService#_doActivateExtension vscode.css-language-features, startup: false, activationEvent: 'onLanguage:css'
[2022-09-12 16:18:19.914] [exthost] [info] ExtensionService#_doActivateExtension vscode.debug-auto-launch, startup: true, activationEvent: '*'
[2022-09-12 16:18:19.928] [exthost] [info] ExtensionService#_doActivateExtension vscode.git-base, startup: true, activationEvent: '*'
[2022-09-12 16:18:19.943] [exthost] [info] ExtensionService#_doActivateExtension vscode.ipynb, startup: true, activationEvent: '*'
[2022-09-12 16:18:19.987] [exthost] [info] ExtensionService#_doActivateExtension 2gua.rainbow-brackets, startup: true, activationEvent: '*'
[2022-09-12 16:18:19.995] [exthost] [info] ExtensionService#_doActivateExtension christian-kohler.path-intellisense, startup: true, activationEvent: '*'
[2022-09-12 16:18:20.065] [exthost] [info] ExtensionService#_doActivateExtension ecmel.vscode-html-css, startup: true, activationEvent: '*'
[2022-09-12 16:18:20.274] [exthost] [info] ExtensionService#_doActivateExtension ms-vsliveshare.vsliveshare, startup: true, activationEvent: '*'
[2022-09-12 16:18:21.664] [exthost] [info] ExtensionService#_doActivateExtension naumovs.color-highlight, startup: true, activationEvent: '*'
[2022-09-12 16:18:21.694] [exthost] [info] ExtensionService#_doActivateExtension oderwat.indent-rainbow, startup: true, activationEvent: '*'
[2022-09-12 16:18:21.701] [exthost] [info] ExtensionService#_doActivateExtension WallabyJs.quokka-vscode, startup: true, activationEvent: '*'
[2022-09-12 16:18:21.727] [exthost] [info] Lock '/home/cmendoza/.vscode-server/data/User/workspaceStorage/5979ea734077970d694a454aaeeb4a4d/vscode.lock': Lock acquired.
[2022-09-12 16:18:22.909] [exthost] [info] ExtensionService#_doActivateExtension vscode.github, startup: true, activationEvent: '*'
[2022-09-12 16:18:23.245] [exthost] [info] ExtensionService#_doActivateExtension GitHub.vscode-pull-request-github, startup: true, activationEvent: '*'
[2022-09-12 16:18:23.601] [exthost] [info] ExtensionService#_doActivateExtension pranaygp.vscode-css-peek, startup: true, activationEvent: 'workspaceContains:**/*.css,**/*.scss,**/*.sass,**/*.less'
[2022-09-12 16:18:31.718] [exthost] [info] ExtensionService#_doActivateExtension vscode.emmet, startup: false, activationEvent: 'onStartupFinished'
[2022-09-12 16:18:31.759] [exthost] [info] ExtensionService#_doActivateExtension vscode.merge-conflict, startup: false, activationEvent: 'onStartupFinished'
[2022-09-12 16:18:31.764] [exthost] [info] ExtensionService#_doActivateExtension CodeStream.codestream, startup: false, activationEvent: 'onStartupFinished'
[2022-09-12 16:18:32.343] [exthost] [info] ExtensionService#_doActivateExtension eamodio.gitlens, startup: false, activationEvent: 'onStartupFinished'
[2022-09-12 16:18:32.672] [exthost] [info] ExtensionService#_doActivateExtension eamodio.gitlens-insiders, startup: false, activationEvent: 'onStartupFinished'
[2022-09-12 16:18:33.696] [exthost] [info] ExtensionService#_doActivateExtension vscode.npm, startup: false, activationEvent: 'onStartupFinished', root cause: esbenp.prettier-vscode
[2022-09-12 16:18:33.740] [exthost] [info] ExtensionService#_doActivateExtension ritwickdey.LiveServer, startup: false, activationEvent: 'onStartupFinished'
[2022-09-12 16:18:34.281] [exthost] [info] ExtensionService#_doActivateExtension esbenp.prettier-vscode, startup: false, activationEvent: 'onStartupFinished'
[2022-09-12 16:18:34.766] [exthost] [info] Eager extensions activated
[2022-09-12 16:21:18.363] [exthost] [warning] TextEditor is closed/disposed
[2022-09-12 16:21:18.507] [exthost] [info] ExtensionService#_doActivateExtension vscode.html-language-features, startup: false, activationEvent: 'onLanguage:html'
[2022-09-12 16:21:32.114] [exthost] [warning] TextEditor is closed/disposed
[2022-09-12 16:21:32.286] [exthost] [info] ExtensionService#_doActivateExtension vscode.typescript-language-features, startup: false, activationEvent: 'onLanguage:javascript'
[2022-09-12 16:21:32.451] [exthost] [info] ExtensionService#_doActivateExtension wix.vscode-import-cost, startup: false, activationEvent: 'onLanguage:javascript'
[2022-09-12 16:37:06.624] [exthost] [warning] TextEditor is closed/disposed
[2022-09-12 16:37:36.372] [exthost] [warning] TextEditor is closed/disposed
[2022-09-12 16:37:42.064] [exthost] [warning] TextEditor is closed/disposed
[2022-09-12 16:39:09.612] [exthost] [warning] TextEditor is closed/disposed
[2022-09-12 16:39:33.900] [exthost] [warning] TextEditor is closed/disposed
[2022-09-12 16:39:55.585] [exthost] [warning] TextEditor is closed/disposed
[2022-09-12 16:41:35.988] [exthost] [warning] TextEditor is closed/disposed
[2022-09-12 16:42:01.510] [exthost] [warning] TextEditor is closed/disposed
[2022-09-12 16:44:05.927] [exthost] [warning] TextEditor is closed/disposed
[2022-09-12 16:44:09.923] [exthost] [warning] TextEditor is closed/disposed
[2022-09-12 16:55:15.136] [exthost] [warning] TextEditor is closed/disposed
[2022-09-12 16:58:12.312] [exthost] [warning] TextEditor is closed/disposed
[2022-09-12 16:58:18.390] [exthost] [warning] TextEditor is closed/disposed
[2022-09-12 17:01:29.775] [exthost] [error] [ecmel.vscode-html-css] provider FAILED
[2022-09-12 17:01:29.775] [exthost] [error] undefined
[2022-09-12 17:02:12.538] [exthost] [error] [ecmel.vscode-html-css] provider FAILED
[2022-09-12 17:02:12.538] [exthost] [error] undefined
[2022-09-12 17:02:20.891] [exthost] [error] [ecmel.vscode-html-css] provider FAILED
[2022-09-12 17:02:20.891] [exthost] [error] undefined
[2022-09-12 17:02:23.024] [exthost] [error] [ecmel.vscode-html-css] provider FAILED
[2022-09-12 17:02:23.024] [exthost] [error] undefined
[2022-09-12 17:02:29.623] [exthost] [error] [ecmel.vscode-html-css] provider FAILED
[2022-09-12 17:02:29.623] [exthost] [error] undefined
[2022-09-12 17:02:34.955] [exthost] [error] [ecmel.vscode-html-css] provider FAILED
[2022-09-12 17:02:34.955] [exthost] [error] undefined
[2022-09-12 17:02:35.687] [exthost] [error] [ecmel.vscode-html-css] provider FAILED
[2022-09-12 17:02:35.687] [exthost] [error] undefined
[2022-09-12 17:02:56.932] [exthost] [error] [ecmel.vscode-html-css] provider FAILED
[2022-09-12 17:02:56.933] [exthost] [error] undefined
[2022-09-12 17:03:23.135] [exthost] [error] [ecmel.vscode-html-css] provider FAILED
[2022-09-12 17:03:23.135] [exthost] [error] undefined
[2022-09-12 17:03:27.896] [exthost] [error] [ecmel.vscode-html-css] provider FAILED
[2022-09-12 17:03:27.896] [exthost] [error] undefined
[2022-09-12 17:03:35.289] [exthost] [error] [ecmel.vscode-html-css] provider FAILED
[2022-09-12 17:03:35.289] [exthost] [error] undefined
[2022-09-12 17:03:40.243] [exthost] [error] [ecmel.vscode-html-css] provider FAILED
[2022-09-12 17:03:40.243] [exthost] [error] undefined
[2022-09-12 17:03:40.799] [exthost] [error] [ecmel.vscode-html-css] provider FAILED
[2022-09-12 17:03:40.799] [exthost] [error] undefined
[2022-09-12 17:03:47.790] [exthost] [error] [ecmel.vscode-html-css] provider FAILED
[2022-09-12 17:03:47.790] [exthost] [error] undefined
[2022-09-12 17:04:50.501] [exthost] [error] [ecmel.vscode-html-css] provider FAILED
[2022-09-12 17:04:50.501] [exthost] [error] undefined
[2022-09-12 17:05:19.675] [exthost] [error] [ecmel.vscode-html-css] provider FAILED
[2022-09-12 17:05:19.675] [exthost] [error] undefined
[2022-09-12 17:05:45.579] [exthost] [error] [ecmel.vscode-html-css] provider FAILED
[2022-09-12 17:05:45.579] [exthost] [error] undefined
[2022-09-12 17:06:21.488] [exthost] [error] [ecmel.vscode-html-css] provider FAILED
[2022-09-12 17:06:21.488] [exthost] [error] undefined
[2022-09-12 17:11:28.625] [exthost] [warning] TextEditor is closed/disposed
[2022-09-12 17:12:03.832] [exthost] [error] [ecmel.vscode-html-css] provider FAILED
[2022-09-12 17:12:03.832] [exthost] [error] undefined
[2022-09-12 17:13:04.036] [exthost] [warning] TextEditor is closed/disposed
[2022-09-12 17:14:20.581] [exthost] [warning] TextEditor is closed/disposed
[2022-09-12 17:14:29.150] [exthost] [warning] TextEditor is closed/disposed
[2022-09-12 17:16:42.001] [exthost] [warning] TextEditor is closed/disposed
[2022-09-12 17:16:49.033] [exthost] [error] [ecmel.vscode-html-css] provider FAILED
[2022-09-12 17:16:49.033] [exthost] [error] undefined
[2022-09-12 17:17:26.564] [exthost] [warning] TextEditor is closed/disposed
[2022-09-12 17:20:45.537] [exthost] [warning] TextEditor is closed/disposed
[2022-09-12 17:20:51.817] [exthost] [warning] TextEditor is closed/disposed
[2022-09-12 17:22:58.353] [exthost] [warning] TextEditor is closed/disposed
[2022-09-12 17:51:33.555] [exthost] [warning] TextEditor is closed/disposed
[2022-09-12 18:33:02.631] [exthost] [info] Extension host terminating: received terminate message from renderer
[2022-09-12 18:33:02.635] [exthost] [info] Lock '/home/cmendoza/.vscode-server/data/User/workspaceStorage/5979ea734077970d694a454aaeeb4a4d/vscode.lock': Marking the lockfile as scheduled to be released in 6000 ms.
[2022-09-12 18:33:03.064] [exthost] [warning] {"name":"Canceled"}
[2022-09-12 18:33:03.210] [exthost] [info] Extension host with pid 448 exiting with code 0
