[2022-08-30 22:33:54:259] CodeStream v13.6.0-4237 in VS Code (v1.70.2) starting...
[2022-08-30 22:33:54:260] Proxy support is on, but no proxy url was found
[2022-08-30 22:33:59:283] no NewRelic telemetry - The user aborted a request.
[2022-08-30 22:33:59:293] no NewRelic telemetry
[2022-08-30 22:34:04:315] CodeStream v13.6.0-4237 started • 14369 ms
[2022-08-30 22:34:04:323] [1] CodeStreamAgentConnection.onApiVersionCompatibilityChanged
[2022-08-30 22:34:04:323] [2] WebviewController.onApiVersionChanged
[2022-08-30 22:34:04:324] [2] WebviewController.onApiVersionChanged completed • 1 ms
[2022-08-30 22:34:04:324] [1] CodeStreamAgentConnection.onApiVersionCompatibilityChanged completed • 1 ms
[2022-08-30 22:34:04:328] Signing alvarezmendoz@gmail.com into CodeStream (https://api.codestream.com)
[2022-08-30 22:34:04:329] AgentConnection.sendRequest(codestream/login/token)
[2022-08-30 22:34:14:395] [3] CodeStreamAgentConnection.onDataChanged(unreads)
[2022-08-30 22:34:14:395] [3] CodeStreamAgentConnection.onDataChanged(unreads) completed • 0 ms
[2022-08-30 22:34:15:369] AgentConnection.sendRequest(codestream/users/me/unreads)
[2022-08-30 22:34:15:376] AgentConnection.sendRequest(codestream/users/me/unreads)
[2022-08-30 22:34:17:112] alvarezmendoz@gmail.com signed into CodeStream (https://api.codestream.com); userId=62a8af311c3021007d502dc9, teamId=62a8af3bd1bffae460f923af
[2022-08-30 22:34:17:180] AgentConnection.sendRequest(codestream/textDocument/markers)
[2022-08-30 22:34:18:098] alvarezmendoz@gmail.com signed into CodeStream (https://api.codestream.com); userId=62a8af311c3021007d502dc9, teamId=62a8af3bd1bffae460f923af
[2022-08-30 22:34:35:662] [4] CodeStreamAgentConnection.onDataChanged(commits)
[2022-08-30 22:34:35:662] [4] CodeStreamAgentConnection.onDataChanged(commits) completed • 0 ms
[2022-08-30 22:34:41:573] [5] CodeStreamAgentConnection.onDataChanged(commits)
[2022-08-30 22:34:41:574] [5] CodeStreamAgentConnection.onDataChanged(commits) completed • 0 ms
[2022-08-30 22:34:52:652] WebviewPanel: FAILED posting webview/editors/didChangeVisible to the webview
[2022-08-30 22:34:52:670] [6] CodeStreamAgentConnection.onDataChanged(documents)
[2022-08-30 22:34:52:671] [6] CodeStreamAgentConnection.onDataChanged(documents) completed • 0 ms
[2022-08-30 22:34:53:154] WebviewPanel: FAILED posting webview/editor/didChangeActive to the webview; Webview is invisible and can't receive messages
[2022-08-30 22:40:36:839] [7] CodeStreamAgentConnection.onDataChanged(commits)
[2022-08-30 22:40:36:839] [7] CodeStreamAgentConnection.onDataChanged(commits) completed • 0 ms
