[2022-08-25 22:43:33:996] CodeStream v13.6.0-4237 in VS Code (v1.70.2) starting...
[2022-08-25 22:43:34:001] Proxy support is on, but no proxy url was found
[2022-08-25 22:43:39:328] no NewRelic telemetry - The user aborted a request.
[2022-08-25 22:43:39:345] no NewRelic telemetry
[2022-08-25 22:44:09:736] CodeStream upgraded from v13.5.0 to v13.6.0
[2022-08-25 22:44:09:737] CodeStream v13.6.0-4237 started • 41247 ms
[2022-08-25 22:44:09:743] [1] CodeStreamAgentConnection.onApiVersionCompatibilityChanged
[2022-08-25 22:44:09:743] [2] WebviewController.onApiVersionChanged
[2022-08-25 22:44:09:744] [2] WebviewController.onApiVersionChanged completed • 0 ms
[2022-08-25 22:44:09:744] [1] CodeStreamAgentConnection.onApiVersionCompatibilityChanged completed • 1 ms
[2022-08-25 22:44:09:745] Signing alvarezmendoz@gmail.com into CodeStream (https://api.codestream.com)
[2022-08-25 22:44:09:746] AgentConnection.sendRequest(codestream/login/token)
[2022-08-25 22:44:17:339] [3] CodeStreamAgentConnection.onDataChanged(unreads)
[2022-08-25 22:44:17:339] [3] CodeStreamAgentConnection.onDataChanged(unreads) completed • 0 ms
[2022-08-25 22:44:19:649] AgentConnection.sendRequest(codestream/users/me/unreads)
[2022-08-25 22:44:23:481] alvarezmendoz@gmail.com signed into CodeStream (https://api.codestream.com); userId=62a8af311c3021007d502dc9, teamId=62a8af3bd1bffae460f923af
[2022-08-25 22:44:23:883] AgentConnection.sendRequest(codestream/textDocument/markers)
[2022-08-25 22:44:23:891] AgentConnection.sendRequest(codestream/users/me/unreads)
[2022-08-25 22:44:28:185] alvarezmendoz@gmail.com signed into CodeStream (https://api.codestream.com); userId=62a8af311c3021007d502dc9, teamId=62a8af3bd1bffae460f923af
[2022-08-25 22:50:51:942] [4] CodeStreamAgentConnection.onDataChanged(commits)
[2022-08-25 22:50:51:942] [4] CodeStreamAgentConnection.onDataChanged(commits) completed • 0 ms
[2022-08-25 22:51:57:612] [5] CodeStreamAgentConnection.onDataChanged(commits)
[2022-08-25 22:51:57:613] [5] CodeStreamAgentConnection.onDataChanged(commits) completed • 0 ms
[2022-08-25 22:51:59:340] [6] CodeStreamAgentConnection.onUserCommitted
[2022-08-25 22:51:59:340] User committed 7bebeaa039aaaf5301bab78c28f8b60714255aa5 - opening feedback request form
[2022-08-25 22:51:59:340] [7] WebviewController.newReviewRequest
[2022-08-25 22:51:59:340] [8] WebviewController.show
[2022-08-25 22:51:59:341] [9] WebviewController.ensureWebView
[2022-08-25 22:51:59:341] [6] CodeStreamAgentConnection.onUserCommitted completed • 0 ms
[2022-08-25 22:51:59:341] [9] WebviewController.ensureWebView completed • 0 ms
[2022-08-25 22:51:59:342] [a] CodeStreamWebviewSidebar.show
[2022-08-25 22:51:59:342] [a] CodeStreamWebviewSidebar.show waiting for WebView ready
[2022-08-25 22:51:59:414] resolveWebviewView starting — {}
[2022-08-25 22:51:59:424] [b] CodeStreamWebviewSidebar.triggerIpc
[2022-08-25 22:51:59:424] [b] CodeStreamWebviewSidebar.triggerIpc waiting for WebView ready
[2022-08-25 22:52:00:355] Webview: Received message host/bootstrap(wv:1:AKElX82QQ-eyjGgsm0MD0w) from the webview
[2022-08-25 22:52:00:356] WebviewPanel: Bootstrapping webview... — SignedIn=true
[2022-08-25 22:52:00:362] WebviewPanel: Completed posting response(wv:1:AKElX82QQ-eyjGgsm0MD0w) to the webview
[2022-08-25 22:52:00:370] Webview: Received message codestream/bootstrap(wv:2:cEsyfZq2QCuBlyUbYUAuuQ) from the webview
[2022-08-25 22:52:00:371] Webview: Received message host/editor/context(wv:3:pubj2KLhRs21RfbbdiPwHQ) from the webview
[2022-08-25 22:52:00:373] AgentConnection.sendRequest(codestream/bootstrap)
[2022-08-25 22:52:00:377] WebviewPanel: Completed posting response(wv:3:pubj2KLhRs21RfbbdiPwHQ) to the webview
[2022-08-25 22:52:01:495] WebviewPanel: Completed posting response(wv:2:cEsyfZq2QCuBlyUbYUAuuQ) to the webview
[2022-08-25 22:52:01:505] Webview: Received message host/didInitialize from the webview
[2022-08-25 22:52:01:505] Webview: Received message codestream/verifyConnectivity(wv:4:qLqpdrkqSBSnLnj_OOX2Xg) from the webview
[2022-08-25 22:52:01:506] Webview: Received message host/context/didChange from the webview
[2022-08-25 22:52:01:506] Webview: Received message codestream/ui/state(wv:5:c-JIktIfTgKb1-OWOhs2SA) from the webview
[2022-08-25 22:52:01:506] Webview: Received message host/context/didChange from the webview
[2022-08-25 22:52:01:506] Webview: Received message codestream/ui/state(wv:6:ZSeKaJvURc6KD__59yr7Ag) from the webview
[2022-08-25 22:52:01:507] AgentConnection.sendRequest(codestream/verifyConnectivity)
[2022-08-25 22:52:01:507] AgentConnection.sendRequest(codestream/ui/state)
[2022-08-25 22:52:01:507] AgentConnection.sendRequest(codestream/ui/state)
[2022-08-25 22:52:01:507] [a] CodeStreamWebviewSidebar.show waiting for WebView complete. cancelled=false
[2022-08-25 22:52:01:508] [b] CodeStreamWebviewSidebar.triggerIpc waiting for WebView complete. cancelled=false
[2022-08-25 22:52:01:508] [a] CodeStreamWebviewSidebar.show completed • 2165 ms
[2022-08-25 22:52:01:508] [b] CodeStreamWebviewSidebar.triggerIpc completed • 2083 ms
[2022-08-25 22:52:01:508] resolveWebviewView completed
[2022-08-25 22:52:01:508] [8] WebviewController.show completed • 2167 ms
[2022-08-25 22:52:01:508] [7] WebviewController.newReviewRequest completed • 2167 ms
[2022-08-25 22:52:01:509] Webview: Received message codestream/codemarks(wv:7:iD8T2IidSqCG1WERQWFs-Q) from the webview
[2022-08-25 22:52:01:510] AgentConnection.sendRequest(codestream/codemarks)
[2022-08-25 22:52:01:514] WebviewPanel: Completed posting webview/review/new to the webview
[2022-08-25 22:52:01:516] WebviewPanel: Completed posting response(wv:5:c-JIktIfTgKb1-OWOhs2SA) to the webview
[2022-08-25 22:52:01:516] WebviewPanel: Completed posting response(wv:6:ZSeKaJvURc6KD__59yr7Ag) to the webview
[2022-08-25 22:52:01:958] WebviewPanel: Completed posting response(wv:7:iD8T2IidSqCG1WERQWFs-Q) to the webview
[2022-08-25 22:52:01:964] WebviewPanel: Completed posting response(wv:4:qLqpdrkqSBSnLnj_OOX2Xg) to the webview
[2022-08-25 22:56:58:478] WebviewPanel: Completed posting webview/focus/didChange to the webview
[2022-08-25 22:56:58:635] Webview: Received message codestream/scm/user/info(wv:8:rXZtGaxjTyiC2JJG_GxanQ) from the webview
[2022-08-25 22:56:58:636] Webview: Received message codestream/scm/file/info(wv:9:TkNCa_YGQuG-94F_eO2YIQ) from the webview
[2022-08-25 22:56:58:636] Webview: Received message codestream/telemetry(wv:10:Rn51U9KFQtWQpoElDOBpMg) from the webview
[2022-08-25 22:56:58:636] Webview: Received message host/review/closeDiff(wv:11:_NnI9qTaQ8ms9V8vcm-2kw) from the webview
[2022-08-25 22:56:58:637] Webview: Received message codestream/providers/pullrequest/queries(wv:12:-npeX7yqTV652Z9U_7uDGA) from the webview
[2022-08-25 22:56:58:637] Webview: Received message codestream/reviews(wv:13:heS2luUISsC5eAvBezV66A) from the webview
[2022-08-25 22:56:58:637] Webview: Received message codestream/reviews(wv:14:sEDqEdeFT9Kcu5i2P7adlA) from the webview
[2022-08-25 22:56:58:637] Webview: Received message codestream/scm/file/info(wv:15:4531tgJ6Q-Chq6c5Y7bIDw) from the webview
[2022-08-25 22:56:58:638] AgentConnection.sendRequest(codestream/scm/user/info)
[2022-08-25 22:56:58:638] AgentConnection.sendRequest(codestream/scm/file/info)
[2022-08-25 22:56:58:638] AgentConnection.sendRequest(codestream/telemetry)
[2022-08-25 22:56:58:638] AgentConnection.sendRequest(codestream/providers/pullrequest/queries)
[2022-08-25 22:56:58:639] AgentConnection.sendRequest(codestream/reviews)
[2022-08-25 22:56:58:639] AgentConnection.sendRequest(codestream/reviews)
[2022-08-25 22:56:58:639] AgentConnection.sendRequest(codestream/scm/file/info)
[2022-08-25 22:56:58:640] Webview: Received message codestream/scm/file/info(wv:16:vFjt_-9oTDmo76VnO1xHcg) from the webview
[2022-08-25 22:56:58:640] Webview: Received message codestream/provider/boards(wv:17:7xMuT3hiSVy2o3ryXJxr5A) from the webview
[2022-08-25 22:56:58:640] Webview: Received message codestream/provider/boards(wv:18:pDre8RiWTnuh1g1aJ65Fjw) from the webview
[2022-08-25 22:56:58:641] Webview: Received message codestream/provider/cards(wv:19:BAgwc6uISDWp4-CNhrxFmA) from the webview
[2022-08-25 22:56:58:641] Webview: Received message codestream/provider/cards(wv:20:5M5wG7MARR22FVworEyi6Q) from the webview
[2022-08-25 22:56:58:642] Webview: Received message codestream/scm/repos(wv:21:HC6SPgRxTfeptwxFWBhVJw) from the webview
[2022-08-25 22:56:58:643] Webview: Received message codestream/telemetry(wv:22:286uxFHETumygTL2ySzMjw) from the webview
[2022-08-25 22:56:58:644] Webview: Received message codestream/scm/user/info(wv:23:Vpj3RT_3TA-e2vUidkQkaQ) from the webview
[2022-08-25 22:56:58:644] AgentConnection.sendRequest(codestream/scm/file/info)
[2022-08-25 22:56:58:645] AgentConnection.sendRequest(codestream/provider/boards)
[2022-08-25 22:56:58:645] AgentConnection.sendRequest(codestream/provider/boards)
[2022-08-25 22:56:58:645] AgentConnection.sendRequest(codestream/provider/cards)
[2022-08-25 22:56:58:645] AgentConnection.sendRequest(codestream/provider/cards)
[2022-08-25 22:56:58:645] AgentConnection.sendRequest(codestream/scm/repos)
[2022-08-25 22:56:58:645] AgentConnection.sendRequest(codestream/telemetry)
[2022-08-25 22:56:58:645] AgentConnection.sendRequest(codestream/scm/user/info)
[2022-08-25 22:56:58:647] WebviewPanel: Completed posting response(wv:11:_NnI9qTaQ8ms9V8vcm-2kw) to the webview
[2022-08-25 22:56:58:652] Webview: Received message codestream/scm/user/info(wv:24:hs-Le2JaQPyY56bSaRkQ8Q) from the webview
[2022-08-25 22:56:58:653] AgentConnection.sendRequest(codestream/scm/user/info)
[2022-08-25 22:56:58:673] Webview: Received message codestream/scm/user/info(wv:25:Y13iN4JgRTOqaynJ1iJCWg) from the webview
[2022-08-25 22:56:58:673] AgentConnection.sendRequest(codestream/scm/user/info)
[2022-08-25 22:57:00:556] WebviewPanel: Completed posting response(wv:10:Rn51U9KFQtWQpoElDOBpMg) to the webview
[2022-08-25 22:57:01:006] WebviewPanel: Completed posting webview/focus/didChange to the webview
[2022-08-25 22:57:01:019] Webview: Received message codestream/scm/user/info(wv:26:qNtahTgISyedKUXXImoNqA) from the webview
[2022-08-25 22:57:01:019] AgentConnection.sendRequest(codestream/scm/user/info)
[2022-08-25 22:57:01:437] WebviewPanel: Completed posting response(wv:12:-npeX7yqTV652Z9U_7uDGA) to the webview
[2022-08-25 22:57:01:462] Webview: Received message codestream/provider/generic(wv:27:FWiJl8aeRQSaiD95_JaFTw) from the webview
[2022-08-25 22:57:01:462] Webview: Received message codestream/scm/repos(wv:28:on_tIYjNRIKrh0cifRcr9Q) from the webview
[2022-08-25 22:57:01:462] AgentConnection.sendRequest(codestream/provider/generic)
[2022-08-25 22:57:01:462] AgentConnection.sendRequest(codestream/scm/repos)
[2022-08-25 22:57:02:261] WebviewPanel: Completed posting response(wv:8:rXZtGaxjTyiC2JJG_GxanQ) to the webview
[2022-08-25 22:57:02:263] Webview: Received message codestream/user/updatePreferences(wv:29:ONNJ9H11Q26CcjUVc1-JFQ) from the webview
[2022-08-25 22:57:02:263] AgentConnection.sendRequest(codestream/user/updatePreferences)
[2022-08-25 22:57:03:156] Webview: Received message codestream/scm/repos(wv:30:t0U1NpkUTmSMPDcsoL7_Tw) from the webview
[2022-08-25 22:57:03:156] AgentConnection.sendRequest(codestream/scm/repos)
[2022-08-25 22:57:03:156] WebviewPanel: Completed posting response(wv:9:TkNCa_YGQuG-94F_eO2YIQ) to the webview
[2022-08-25 22:57:04:018] Webview: Received message codestream/scm/repos(wv:31:u9SPPqLDRb-wSu3es1SsYg) from the webview
[2022-08-25 22:57:04:018] Webview: Received message codestream/scm/repos(wv:32:Fo0cWUOHSlClIyY9t4yVWw) from the webview
[2022-08-25 22:57:04:018] AgentConnection.sendRequest(codestream/scm/repos)
[2022-08-25 22:57:04:018] AgentConnection.sendRequest(codestream/scm/repos)
[2022-08-25 22:57:04:018] WebviewPanel: Completed posting response(wv:15:4531tgJ6Q-Chq6c5Y7bIDw) to the webview
[2022-08-25 22:57:04:018] WebviewPanel: Completed posting response(wv:16:vFjt_-9oTDmo76VnO1xHcg) to the webview
[2022-08-25 22:57:10:565] WebviewPanel: Completed posting response(wv:22:286uxFHETumygTL2ySzMjw) to the webview
[2022-08-25 22:57:11:377] WebviewPanel: Completed posting response(wv:21:HC6SPgRxTfeptwxFWBhVJw) to the webview
[2022-08-25 22:57:12:165] WebviewPanel: Completed posting response(wv:13:heS2luUISsC5eAvBezV66A) to the webview
[2022-08-25 22:57:12:165] WebviewPanel: Completed posting response(wv:14:sEDqEdeFT9Kcu5i2P7adlA) to the webview
[2022-08-25 22:57:12:958] WebviewPanel: Completed posting response(wv:23:Vpj3RT_3TA-e2vUidkQkaQ) to the webview
[2022-08-25 22:57:12:958] WebviewPanel: Completed posting response(wv:24:hs-Le2JaQPyY56bSaRkQ8Q) to the webview
[2022-08-25 22:57:12:962] Webview: Received message codestream/user/updatePreferences(wv:33:XXO7HMwlReeyfP6WQM76aQ) from the webview
[2022-08-25 22:57:12:962] Webview: Received message codestream/user/updatePreferences(wv:34:d0kOZSejR-qusE5U7YhPdg) from the webview
[2022-08-25 22:57:12:962] AgentConnection.sendRequest(codestream/user/updatePreferences)
[2022-08-25 22:57:12:962] AgentConnection.sendRequest(codestream/user/updatePreferences)
[2022-08-25 22:57:13:786] [c] CodeStreamAgentConnection.onDataChanged(users)
[2022-08-25 22:57:13:787] [c] CodeStreamAgentConnection.onDataChanged(users) completed • 0 ms
[2022-08-25 22:57:13:792] WebviewPanel: Completed posting codestream/didChangeData to the webview
[2022-08-25 22:57:20:529] WebviewPanel: Completed posting response(wv:19:BAgwc6uISDWp4-CNhrxFmA) to the webview
[2022-08-25 22:57:20:540] WebviewPanel: Completed posting response(wv:25:Y13iN4JgRTOqaynJ1iJCWg) to the webview
[2022-08-25 22:57:20:540] WebviewPanel: Completed posting response(wv:26:qNtahTgISyedKUXXImoNqA) to the webview
[2022-08-25 22:57:20:542] WebviewPanel: Completed posting response(wv:30:t0U1NpkUTmSMPDcsoL7_Tw) to the webview
[2022-08-25 22:57:20:542] WebviewPanel: Completed posting response(wv:28:on_tIYjNRIKrh0cifRcr9Q) to the webview
[2022-08-25 22:57:20:549] Webview: Received message codestream/user/updatePreferences(wv:35:8zFGJgfxRu2WGr7opjXPQg) from the webview
[2022-08-25 22:57:20:550] Webview: Received message codestream/user/updatePreferences(wv:36:S9IxwK5pQsqMhLx4qn4e2g) from the webview
[2022-08-25 22:57:20:550] AgentConnection.sendRequest(codestream/user/updatePreferences)
[2022-08-25 22:57:20:550] AgentConnection.sendRequest(codestream/user/updatePreferences)
[2022-08-25 22:57:20:554] WebviewPanel: Completed posting response(wv:31:u9SPPqLDRb-wSu3es1SsYg) to the webview
[2022-08-25 22:57:20:554] WebviewPanel: Completed posting response(wv:32:Fo0cWUOHSlClIyY9t4yVWw) to the webview
[2022-08-25 22:57:20:561] Webview: Received message codestream/textDocument/markers(wv:37:dSJJWp6qRQqV6bRcVzSuuA) from the webview
[2022-08-25 22:57:20:562] AgentConnection.sendRequest(codestream/textDocument/markers)
[2022-08-25 22:57:20:569] WebviewPanel: Completed posting response(wv:37:dSJJWp6qRQqV6bRcVzSuuA) to the webview
[2022-08-25 22:57:20:895] [d] CodeStreamAgentConnection.onDataChanged(users)
[2022-08-25 22:57:20:895] [d] CodeStreamAgentConnection.onDataChanged(users) completed • 0 ms
[2022-08-25 22:57:20:901] WebviewPanel: Completed posting codestream/didChangeData to the webview
[2022-08-25 22:57:20:979] WebviewPanel: Completed posting response(wv:27:FWiJl8aeRQSaiD95_JaFTw) to the webview
[2022-08-25 22:57:20:987] [e] CodeStreamAgentConnection.onDataChanged(users)
[2022-08-25 22:57:20:988] [e] CodeStreamAgentConnection.onDataChanged(users) completed • 0 ms
[2022-08-25 22:57:20:988] [f] CodeStreamAgentConnection.onDataChanged(preferences)
[2022-08-25 22:57:20:988] [f] CodeStreamAgentConnection.onDataChanged(preferences) completed • 0 ms
[2022-08-25 22:57:20:993] WebviewPanel: Completed posting codestream/didChangeData to the webview
[2022-08-25 22:57:20:993] WebviewPanel: Completed posting codestream/didChangeData to the webview
[2022-08-25 22:57:20:993] WebviewPanel: Completed posting response(wv:29:ONNJ9H11Q26CcjUVc1-JFQ) to the webview
[2022-08-25 22:57:21:183] [10] CodeStreamAgentConnection.onDataChanged(users)
[2022-08-25 22:57:21:185] [10] CodeStreamAgentConnection.onDataChanged(users) completed • 1 ms
[2022-08-25 22:57:21:186] [11] CodeStreamAgentConnection.onDataChanged(preferences)
[2022-08-25 22:57:21:187] [11] CodeStreamAgentConnection.onDataChanged(preferences) completed • 0 ms
[2022-08-25 22:57:21:190] WebviewPanel: Completed posting codestream/didChangeData to the webview
[2022-08-25 22:57:21:195] WebviewPanel: Completed posting codestream/didChangeData to the webview
[2022-08-25 22:57:21:195] WebviewPanel: Completed posting response(wv:34:d0kOZSejR-qusE5U7YhPdg) to the webview
[2022-08-25 22:57:21:237] [12] CodeStreamAgentConnection.onDataChanged(users)
[2022-08-25 22:57:21:237] [12] CodeStreamAgentConnection.onDataChanged(users) completed • 0 ms
[2022-08-25 22:57:21:237] [13] CodeStreamAgentConnection.onDataChanged(preferences)
[2022-08-25 22:57:21:237] [13] CodeStreamAgentConnection.onDataChanged(preferences) completed • 0 ms
[2022-08-25 22:57:21:244] WebviewPanel: Completed posting codestream/didChangeData to the webview
[2022-08-25 22:57:21:244] WebviewPanel: Completed posting codestream/didChangeData to the webview
[2022-08-25 22:57:21:244] WebviewPanel: Completed posting response(wv:35:8zFGJgfxRu2WGr7opjXPQg) to the webview
[2022-08-25 22:57:21:266] [14] CodeStreamAgentConnection.onDataChanged(users)
[2022-08-25 22:57:21:267] [14] CodeStreamAgentConnection.onDataChanged(users) completed • 0 ms
[2022-08-25 22:57:21:267] [15] CodeStreamAgentConnection.onDataChanged(preferences)
[2022-08-25 22:57:21:268] [15] CodeStreamAgentConnection.onDataChanged(preferences) completed • 0 ms
[2022-08-25 22:57:21:270] WebviewPanel: Completed posting codestream/didChangeData to the webview
[2022-08-25 22:57:21:273] WebviewPanel: Completed posting codestream/didChangeData to the webview
[2022-08-25 22:57:21:273] WebviewPanel: Completed posting response(wv:33:XXO7HMwlReeyfP6WQM76aQ) to the webview
[2022-08-25 22:57:21:413] [16] CodeStreamAgentConnection.onDataChanged(users)
[2022-08-25 22:57:21:413] [16] CodeStreamAgentConnection.onDataChanged(users) completed • 0 ms
[2022-08-25 22:57:21:414] [17] CodeStreamAgentConnection.onDataChanged(preferences)
[2022-08-25 22:57:21:414] [17] CodeStreamAgentConnection.onDataChanged(preferences) completed • 0 ms
[2022-08-25 22:57:21:417] WebviewPanel: Completed posting codestream/didChangeData to the webview
[2022-08-25 22:57:21:417] WebviewPanel: Completed posting codestream/didChangeData to the webview
[2022-08-25 22:57:21:420] WebviewPanel: Completed posting response(wv:36:S9IxwK5pQsqMhLx4qn4e2g) to the webview
[2022-08-25 22:57:22:203] WebviewPanel: Completed posting response(wv:20:5M5wG7MARR22FVworEyi6Q) to the webview
[2022-08-25 22:57:22:867] WebviewPanel: Completed posting response(wv:18:pDre8RiWTnuh1g1aJ65Fjw) to the webview
[2022-08-25 22:57:24:328] WebviewPanel: Completed posting response(wv:17:7xMuT3hiSVy2o3ryXJxr5A) to the webview
[2022-08-25 22:58:21:356] Webview: Received message codestream/provider/generic(wv:38:eeCCmyspRpupJGgESkf78A) from the webview
[2022-08-25 22:58:21:356] AgentConnection.sendRequest(codestream/provider/generic)
[2022-08-25 22:58:22:265] WebviewPanel: Completed posting response(wv:38:eeCCmyspRpupJGgESkf78A) to the webview
[2022-08-25 22:58:46:150] [18] CodeStreamAgentConnection.onDataChanged(commits)
[2022-08-25 22:58:46:150] [18] CodeStreamAgentConnection.onDataChanged(commits) completed • 0 ms
[2022-08-25 22:58:46:155] WebviewPanel: Completed posting codestream/didChangeData to the webview
[2022-08-25 22:58:46:172] Webview: Received message codestream/scm/file/info(wv:39:0aocrcekQvebsq64CHSo2g) from the webview
[2022-08-25 22:58:46:173] AgentConnection.sendRequest(codestream/scm/file/info)
[2022-08-25 22:58:48:525] Webview: Received message codestream/scm/repos(wv:40:T9xy27mPRxaZyjEO2qU-oQ) from the webview
[2022-08-25 22:58:48:525] AgentConnection.sendRequest(codestream/scm/repos)
[2022-08-25 22:58:48:525] WebviewPanel: Completed posting response(wv:39:0aocrcekQvebsq64CHSo2g) to the webview
[2022-08-25 22:58:48:531] WebviewPanel: Completed posting response(wv:40:T9xy27mPRxaZyjEO2qU-oQ) to the webview
[2022-08-25 22:58:48:535] Webview: Received message codestream/textDocument/markers(wv:41:0m79_d5xRFqJ8zkoQF5t7Q) from the webview
[2022-08-25 22:58:48:535] AgentConnection.sendRequest(codestream/textDocument/markers)
[2022-08-25 22:58:48:541] WebviewPanel: Completed posting response(wv:41:0m79_d5xRFqJ8zkoQF5t7Q) to the webview
[2022-08-25 22:59:21:352] Webview: Received message codestream/provider/generic(wv:42:ijHDs_PyToOfkfx4_04XPg) from the webview
[2022-08-25 22:59:21:352] AgentConnection.sendRequest(codestream/provider/generic)
[2022-08-25 22:59:22:197] WebviewPanel: Completed posting response(wv:42:ijHDs_PyToOfkfx4_04XPg) to the webview
[2022-08-25 23:00:21:345] Webview: Received message codestream/provider/generic(wv:43:PKa_dUXlSvWHP-32jpczJA) from the webview
[2022-08-25 23:00:21:345] AgentConnection.sendRequest(codestream/provider/generic)
[2022-08-25 23:00:23:052] [19] CodeStreamAgentConnection.onDataChanged(commits)
[2022-08-25 23:00:23:052] [19] CodeStreamAgentConnection.onDataChanged(commits) completed • 0 ms
[2022-08-25 23:00:23:057] WebviewPanel: Completed posting codestream/didChangeData to the webview
[2022-08-25 23:00:23:061] Webview: Received message codestream/scm/file/info(wv:44:_DHdAQyER4ChCTD0yGHv3w) from the webview
[2022-08-25 23:00:23:061] AgentConnection.sendRequest(codestream/scm/file/info)
[2022-08-25 23:00:24:727] WebviewPanel: Completed posting response(wv:43:PKa_dUXlSvWHP-32jpczJA) to the webview
[2022-08-25 23:00:24:729] Webview: Received message codestream/scm/repos(wv:45:VUdY037mS7ODMky2QNRgfg) from the webview
[2022-08-25 23:00:24:729] AgentConnection.sendRequest(codestream/scm/repos)
[2022-08-25 23:00:24:729] WebviewPanel: Completed posting response(wv:44:_DHdAQyER4ChCTD0yGHv3w) to the webview
[2022-08-25 23:00:24:734] WebviewPanel: Completed posting response(wv:45:VUdY037mS7ODMky2QNRgfg) to the webview
[2022-08-25 23:00:24:738] Webview: Received message codestream/textDocument/markers(wv:46:axgmFeDHS9WcADlWD5l40w) from the webview
[2022-08-25 23:00:24:738] AgentConnection.sendRequest(codestream/textDocument/markers)
[2022-08-25 23:00:24:743] WebviewPanel: Completed posting response(wv:46:axgmFeDHS9WcADlWD5l40w) to the webview
[2022-08-25 23:00:39:994] [1a] CodeStreamAgentConnection.onDataChanged(commits)
[2022-08-25 23:00:39:996] [1a] CodeStreamAgentConnection.onDataChanged(commits) completed • 1 ms
[2022-08-25 23:00:39:999] WebviewPanel: Completed posting codestream/didChangeData to the webview
[2022-08-25 23:00:40:016] Webview: Received message codestream/scm/file/info(wv:47:Zb7o3xfPQriBLsQVMp3pLQ) from the webview
[2022-08-25 23:00:40:016] AgentConnection.sendRequest(codestream/scm/file/info)
[2022-08-25 23:00:42:112] Webview: Received message codestream/scm/repos(wv:48:82ugZ6BZTG6cJOeoB3ylNQ) from the webview
[2022-08-25 23:00:42:113] AgentConnection.sendRequest(codestream/scm/repos)
[2022-08-25 23:00:42:113] WebviewPanel: Completed posting response(wv:47:Zb7o3xfPQriBLsQVMp3pLQ) to the webview
[2022-08-25 23:00:42:123] WebviewPanel: Completed posting response(wv:48:82ugZ6BZTG6cJOeoB3ylNQ) to the webview
[2022-08-25 23:00:42:127] Webview: Received message codestream/textDocument/markers(wv:49:cUEkQ0CWSBOgo3Jf43MW4Q) from the webview
[2022-08-25 23:00:42:127] AgentConnection.sendRequest(codestream/textDocument/markers)
[2022-08-25 23:00:42:132] WebviewPanel: Completed posting response(wv:49:cUEkQ0CWSBOgo3Jf43MW4Q) to the webview
[2022-08-25 23:00:56:889] [1b] CodeStreamAgentConnection.onDataChanged(commits)
[2022-08-25 23:00:56:890] [1b] CodeStreamAgentConnection.onDataChanged(commits) completed • 0 ms
[2022-08-25 23:00:56:890] [1c] CodeStreamAgentConnection.onDataChanged(commits)
[2022-08-25 23:00:56:890] [1c] CodeStreamAgentConnection.onDataChanged(commits) completed • 0 ms
[2022-08-25 23:00:56:894] WebviewPanel: Completed posting codestream/didChangeData to the webview
[2022-08-25 23:00:56:894] WebviewPanel: Completed posting codestream/didChangeData to the webview
[2022-08-25 23:00:56:941] Webview: Received message codestream/scm/file/info(wv:50:IsLNwzWhRpuSAxZBsqMm1w) from the webview
[2022-08-25 23:00:56:942] Webview: Received message codestream/scm/file/info(wv:51:CPsxpQNWQ-ybxuEoPbF43A) from the webview
[2022-08-25 23:00:56:942] AgentConnection.sendRequest(codestream/scm/file/info)
[2022-08-25 23:00:56:942] AgentConnection.sendRequest(codestream/scm/file/info)
[2022-08-25 23:01:00:032] [1d] CodeStreamAgentConnection.onUserCommitted
[2022-08-25 23:01:00:032] User committed 591811b7d01d5f5a2fdd63f01d0c4a7c280b7c80 - opening feedback request form
[2022-08-25 23:01:00:032] [1e] WebviewController.newReviewRequest
[2022-08-25 23:01:00:032] [1f] CodeStreamWebviewSidebar.show
[2022-08-25 23:01:00:033] [1d] CodeStreamAgentConnection.onUserCommitted completed • 0 ms
[2022-08-25 23:01:00:033] [1f] CodeStreamWebviewSidebar.show completed • 0 ms
[2022-08-25 23:01:00:033] [1e] WebviewController.newReviewRequest completed • 0 ms
[2022-08-25 23:01:00:065] WebviewPanel: Completed posting webview/review/new to the webview
[2022-08-25 23:01:00:067] WebviewPanel: Completed posting response(wv:50:IsLNwzWhRpuSAxZBsqMm1w) to the webview
[2022-08-25 23:01:00:067] WebviewPanel: Completed posting response(wv:51:CPsxpQNWQ-ybxuEoPbF43A) to the webview
[2022-08-25 23:01:00:069] Webview: Received message codestream/scm/repos(wv:52:V3MZ-mBdQLm5DuOZW4XuFA) from the webview
[2022-08-25 23:01:00:069] Webview: Received message codestream/scm/repos(wv:53:XhM0ymheREOdY3EBH2ge1w) from the webview
[2022-08-25 23:01:00:069] AgentConnection.sendRequest(codestream/scm/repos)
[2022-08-25 23:01:00:069] AgentConnection.sendRequest(codestream/scm/repos)
[2022-08-25 23:01:00:077] WebviewPanel: Completed posting response(wv:52:V3MZ-mBdQLm5DuOZW4XuFA) to the webview
[2022-08-25 23:01:00:077] WebviewPanel: Completed posting response(wv:53:XhM0ymheREOdY3EBH2ge1w) to the webview
[2022-08-25 23:01:00:082] Webview: Received message codestream/textDocument/markers(wv:54:p-s2V3FlQSGiWfDUUz0i7A) from the webview
[2022-08-25 23:01:00:083] AgentConnection.sendRequest(codestream/textDocument/markers)
[2022-08-25 23:01:00:086] Webview: Received message codestream/textDocument/markers(wv:55:uW7zw-VYSTCIMkAGlp6hJQ) from the webview
[2022-08-25 23:01:00:086] AgentConnection.sendRequest(codestream/textDocument/markers)
[2022-08-25 23:01:00:089] WebviewPanel: Completed posting response(wv:54:p-s2V3FlQSGiWfDUUz0i7A) to the webview
[2022-08-25 23:01:00:093] WebviewPanel: Completed posting response(wv:55:uW7zw-VYSTCIMkAGlp6hJQ) to the webview
[2022-08-25 23:01:21:335] Webview: Received message codestream/provider/generic(wv:56:gR6yJ05_QtCIZu2F4t4zdQ) from the webview
[2022-08-25 23:01:21:335] AgentConnection.sendRequest(codestream/provider/generic)
[2022-08-25 23:01:22:073] WebviewPanel: Completed posting response(wv:56:gR6yJ05_QtCIZu2F4t4zdQ) to the webview
[2022-08-25 23:02:56:149] [20] CodeStreamAgentConnection.onDataChanged(commits)
[2022-08-25 23:02:56:149] [20] CodeStreamAgentConnection.onDataChanged(commits) completed • 0 ms
[2022-08-25 23:02:56:154] WebviewPanel: Completed posting codestream/didChangeData to the webview
[2022-08-25 23:02:56:170] Webview: Received message codestream/scm/file/info(wv:57:aGGO6PCIRWmbiNvnjVe3Ng) from the webview
[2022-08-25 23:02:56:171] AgentConnection.sendRequest(codestream/scm/file/info)
[2022-08-25 23:02:58:507] Webview: Received message codestream/scm/repos(wv:58:31bDmtfqTniwXaCR-SUbPA) from the webview
[2022-08-25 23:02:58:507] AgentConnection.sendRequest(codestream/scm/repos)
[2022-08-25 23:02:58:507] WebviewPanel: Completed posting response(wv:57:aGGO6PCIRWmbiNvnjVe3Ng) to the webview
[2022-08-25 23:02:58:512] WebviewPanel: Completed posting response(wv:58:31bDmtfqTniwXaCR-SUbPA) to the webview
[2022-08-25 23:02:58:517] Webview: Received message codestream/textDocument/markers(wv:59:23QZ7UE5THqUPRM0liX7NQ) from the webview
[2022-08-25 23:02:58:517] AgentConnection.sendRequest(codestream/textDocument/markers)
[2022-08-25 23:02:58:522] WebviewPanel: Completed posting response(wv:59:23QZ7UE5THqUPRM0liX7NQ) to the webview
[2022-08-25 23:03:13:351] Webview: Received message codestream/provider/generic(wv:60:1I1tLSoqQZ2D9n9V3PvHhg) from the webview
[2022-08-25 23:03:13:351] AgentConnection.sendRequest(codestream/provider/generic)
[2022-08-25 23:03:14:119] WebviewPanel: Completed posting response(wv:60:1I1tLSoqQZ2D9n9V3PvHhg) to the webview
