[2022-08-10 14:54:27.601] [exthost] [info] Extension host with pid 177 started
[2022-08-10 14:54:27.638] [exthost] [info] Lock '/home/cmendoza/.vscode-server/data/User/workspaceStorage/d5aba56a1b1317a03906dd8671ef8bfc/vscode.lock': Lock acquired.
[2022-08-10 14:54:27.875] [exthost] [info] ExtensionService#_doActivateExtension vscode.css-language-features, startup: false, activationEvent: 'onLanguage:css'
[2022-08-10 14:54:28.112] [exthost] [info] ExtensionService#_doActivateExtension vscode.debug-auto-launch, startup: true, activationEvent: '*'
[2022-08-10 14:54:28.167] [exthost] [info] ExtensionService#_doActivateExtension vscode.git-base, startup: true, activationEvent: '*'
[2022-08-10 14:54:28.217] [exthost] [info] ExtensionService#_doActivateExtension vscode.ipynb, startup: true, activationEvent: '*'
[2022-08-10 14:54:28.346] [exthost] [info] ExtensionService#_doActivateExtension 2gua.rainbow-brackets, startup: true, activationEvent: '*'
[2022-08-10 14:54:28.373] [exthost] [info] ExtensionService#_doActivateExtension christian-kohler.path-intellisense, startup: true, activationEvent: '*'
[2022-08-10 14:54:28.782] [exthost] [info] ExtensionService#_doActivateExtension ecmel.vscode-html-css, startup: true, activationEvent: '*'
[2022-08-10 14:54:29.087] [exthost] [info] ExtensionService#_doActivateExtension ms-vsliveshare.vsliveshare, startup: true, activationEvent: '*'
[2022-08-10 14:54:32.408] [exthost] [info] ExtensionService#_doActivateExtension naumovs.color-highlight, startup: true, activationEvent: '*'
[2022-08-10 14:54:32.467] [exthost] [info] ExtensionService#_doActivateExtension oderwat.indent-rainbow, startup: true, activationEvent: '*'
[2022-08-10 14:54:32.483] [exthost] [info] ExtensionService#_doActivateExtension WallabyJs.quokka-vscode, startup: true, activationEvent: '*'
[2022-08-10 14:54:32.502] [exthost] [info] ExtensionService#_doActivateExtension vscode.npm, startup: true, activationEvent: 'workspaceContains:package.json'
[2022-08-10 14:54:32.658] [exthost] [info] ExtensionService#_doActivateExtension vscode.configuration-editing, startup: false, activationEvent: 'onLanguage:jsonc'
[2022-08-10 14:54:32.722] [exthost] [info] ExtensionService#_doActivateExtension vscode.json-language-features, startup: false, activationEvent: 'onLanguage:jsonc'
[2022-08-10 14:54:33.057] [exthost] [info] ExtensionService#_doActivateExtension vscode.typescript-language-features, startup: false, activationEvent: 'onLanguage:jsonc'
[2022-08-10 14:54:36.712] [exthost] [info] ExtensionService#_doActivateExtension vscode.github, startup: true, activationEvent: '*'
[2022-08-10 14:54:39.103] [exthost] [info] ExtensionService#_doActivateExtension GitHub.vscode-pull-request-github, startup: true, activationEvent: '*'
[2022-08-10 14:54:39.676] [exthost] [info] Not activating extension 'pranaygp.vscode-css-peek': Timed out while searching for 'workspaceContains' pattern **/*.css,**/*.scss,**/*.sass,**/*.less
[2022-08-10 14:54:39.731] [exthost] [info] ExtensionService#_doActivateExtension pranaygp.vscode-css-peek, startup: true, activationEvent: 'workspaceContains:**/*.css,**/*.scss,**/*.sass,**/*.less'
[2022-08-10 14:54:42.907] [exthost] [info] ExtensionService#_doActivateExtension vscode.emmet, startup: false, activationEvent: 'onStartupFinished'
[2022-08-10 14:54:43.036] [exthost] [info] ExtensionService#_doActivateExtension vscode.merge-conflict, startup: false, activationEvent: 'onStartupFinished'
[2022-08-10 14:54:43.073] [exthost] [info] ExtensionService#_doActivateExtension CodeStream.codestream, startup: false, activationEvent: 'onStartupFinished'
[2022-08-10 14:54:43.663] [exthost] [info] ExtensionService#_doActivateExtension eamodio.gitlens, startup: false, activationEvent: 'onStartupFinished'
[2022-08-10 14:54:44.798] [exthost] [info] ExtensionService#_doActivateExtension eamodio.gitlens-insiders, startup: false, activationEvent: 'onStartupFinished'
[2022-08-10 14:54:45.493] [exthost] [info] ExtensionService#_doActivateExtension esbenp.prettier-vscode, startup: false, activationEvent: 'onStartupFinished'
[2022-08-10 14:54:46.362] [exthost] [info] ExtensionService#_doActivateExtension ritwickdey.LiveServer, startup: false, activationEvent: 'onStartupFinished'
[2022-08-10 14:55:27.451] [exthost] [info] Eager extensions activated
[2022-08-10 14:57:06.522] [exthost] [info] ExtensionService#_doActivateExtension vscode.html-language-features, startup: false, activationEvent: 'onLanguage:html'
[2022-08-10 15:00:08.091] [exthost] [error] [ecmel.vscode-html-css] provider FAILED
[2022-08-10 15:00:08.091] [exthost] [error] undefined
[2022-08-10 15:00:19.627] [exthost] [error] [ecmel.vscode-html-css] provider FAILED
[2022-08-10 15:00:19.627] [exthost] [error] undefined
[2022-08-10 15:00:20.542] [exthost] [error] [ecmel.vscode-html-css] provider FAILED
[2022-08-10 15:00:20.542] [exthost] [error] undefined
[2022-08-10 15:00:20.542] [exthost] [error] [ecmel.vscode-html-css] provider FAILED
[2022-08-10 15:00:20.542] [exthost] [error] undefined
[2022-08-10 15:00:20.542] [exthost] [error] [ecmel.vscode-html-css] provider FAILED
[2022-08-10 15:00:20.542] [exthost] [error] undefined
[2022-08-10 15:00:20.542] [exthost] [error] [ecmel.vscode-html-css] provider FAILED
[2022-08-10 15:00:20.542] [exthost] [error] undefined
[2022-08-10 15:00:25.878] [exthost] [error] [ecmel.vscode-html-css] provider FAILED
[2022-08-10 15:00:25.878] [exthost] [error] undefined
[2022-08-10 15:03:02.073] [exthost] [warning] TextEditor is closed/disposed
[2022-08-10 15:03:37.099] [exthost] [error] [ecmel.vscode-html-css] provider FAILED
[2022-08-10 15:03:37.099] [exthost] [error] undefined
[2022-08-10 15:04:03.276] [exthost] [error] [ecmel.vscode-html-css] provider FAILED
[2022-08-10 15:04:03.276] [exthost] [error] undefined
[2022-08-10 15:06:47.040] [exthost] [warning] TextEditor is closed/disposed
[2022-08-10 15:06:47.902] [exthost] [warning] TextEditor is closed/disposed
[2022-08-10 15:06:57.374] [exthost] [warning] TextEditor is closed/disposed
[2022-08-10 15:11:27.745] [exthost] [info] Extension host terminating: received terminate message from renderer
[2022-08-10 15:11:27.746] [exthost] [info] Lock '/home/cmendoza/.vscode-server/data/User/workspaceStorage/d5aba56a1b1317a03906dd8671ef8bfc/vscode.lock': Marking the lockfile as scheduled to be released in 6000 ms.
[2022-08-10 15:11:28.105] [exthost] [info] Extension host with pid 177 exiting with code 0
