0 verbose cli /usr/local/bin/node /usr/local/bin/npm
1 info using npm@8.18.0
2 info using node@v18.8.0
3 timing npm:load:whichnode Completed in 0ms
4 timing config:load:defaults Completed in 2ms
5 timing config:load:file:/usr/local/lib/node_modules/npm/npmrc Completed in 2ms
6 timing config:load:builtin Completed in 2ms
7 timing config:load:cli Completed in 4ms
8 timing config:load:env Completed in 0ms
9 timing config:load:project Completed in 5ms
10 timing config:load:file:/home/cmendoza/.npmrc Completed in 0ms
11 timing config:load:user Completed in 0ms
12 timing config:load:file:/usr/local/etc/npmrc Completed in 0ms
13 timing config:load:global Completed in 1ms
14 timing config:load:validate Completed in 0ms
15 timing config:load:credentials Completed in 1ms
16 timing config:load:setEnvs Completed in 1ms
17 timing config:load Completed in 18ms
18 timing npm:load:configload Completed in 18ms
19 timing npm:load:mkdirpcache Completed in 1ms
20 timing npm:load:mkdirplogs Completed in 0ms
21 verbose title npm install npm@latest
22 verbose argv "install" "--global" "npm@latest"
23 timing npm:load:setTitle Completed in 1ms
24 timing config:load:flatten Completed in 4ms
25 timing npm:load:display Completed in 7ms
26 verbose logfile logs-max:10 dir:/home/cmendoza/.npm/_logs
27 verbose logfile /home/cmendoza/.npm/_logs/2022-08-31T15_52_21_690Z-debug-0.log
28 timing npm:load:logFile Completed in 8ms
29 timing npm:load:timers Completed in 0ms
30 timing npm:load:configScope Completed in 0ms
31 timing npm:load Completed in 39ms
32 silly logfile start cleaning logs, removing 1 files
33 silly logfile done cleaning log files
34 http fetch GET 200 https://registry.npmjs.org/npm 463ms (cache revalidated)
35 timing arborist:ctor Completed in 3ms
36 timing idealTree:init Completed in 13ms
37 http fetch GET 200 https://registry.npmjs.org/npm 38ms (cache hit)
38 timing idealTree:userRequests Completed in 63ms
39 silly idealTree buildDeps
40 silly fetch manifest npm@8.18.0
41 silly placeDep ROOT npm@8.18.0 OK for:  want: 8.18.0
42 timing idealTree:#root Completed in 10ms
43 timing idealTree:node_modules/npm Completed in 0ms
44 timing idealTree:buildDeps Completed in 12ms
45 timing idealTree:fixDepFlags Completed in 1ms
46 timing idealTree Completed in 92ms
47 timing reify:loadTrees Completed in 366ms
48 timing reify:diffTrees Completed in 5ms
49 silly reify mark retired [
49 silly reify   '/usr/local/lib/node_modules/npm',
49 silly reify   '/usr/local/bin/npm',
49 silly reify   '/usr/local/bin/npx'
49 silly reify ]
50 silly reify moves {
50 silly reify   '/usr/local/lib/node_modules/npm': '/usr/local/lib/node_modules/.npm-i9nnxROI',
50 silly reify   '/usr/local/bin/npm': '/usr/local/bin/.npm-uJtxIR1m',
50 silly reify   '/usr/local/bin/npx': '/usr/local/bin/.npx-xXo12k2C'
50 silly reify }
51 timing reify:rollback:retireShallow Completed in 2ms
52 timing command:install Completed in 934ms
53 verbose stack Error: EACCES: permission denied, rename '/usr/local/lib/node_modules/npm' -> '/usr/local/lib/node_modules/.npm-i9nnxROI'
54 verbose cwd /home/cmendoza
55 verbose Linux 4.4.0-19041-Microsoft
56 verbose node v18.8.0
57 verbose npm  v8.18.0
58 error code EACCES
59 error syscall rename
60 error path /usr/local/lib/node_modules/npm
61 error dest /usr/local/lib/node_modules/.npm-i9nnxROI
62 error errno -13
63 error [Error: EACCES: permission denied, rename '/usr/local/lib/node_modules/npm' -> '/usr/local/lib/node_modules/.npm-i9nnxROI'] {
63 error   errno: -13,
63 error   code: 'EACCES',
63 error   syscall: 'rename',
63 error   path: '/usr/local/lib/node_modules/npm',
63 error   dest: '/usr/local/lib/node_modules/.npm-i9nnxROI'
63 error }
64 error
64 error The operation was rejected by your operating system.
64 error It is likely you do not have the permissions to access this file as the current user
64 error
64 error If you believe this might be a permissions issue, please double-check the
64 error permissions of the file and its containing directories, or try running
64 error the command again as root/Administrator.
65 verbose exit -13
66 timing npm Completed in 2287ms
67 verbose unfinished npm timer reify 1661961143566
68 verbose unfinished npm timer reify:retireShallow 1661961143954
69 verbose code -13
70 error A complete log of this run can be found in:
70 error     /home/cmendoza/.npm/_logs/2022-08-31T15_52_21_690Z-debug-0.log
