0 verbose cli /usr/local/bin/node /usr/local/bin/npm
1 info using npm@8.18.0
2 info using node@v18.8.0
3 timing npm:load:whichnode Completed in 0ms
4 timing config:load:defaults Completed in 2ms
5 timing config:load:file:/usr/local/lib/node_modules/npm/npmrc Completed in 3ms
6 timing config:load:builtin Completed in 4ms
7 timing config:load:cli Completed in 2ms
8 timing config:load:env Completed in 0ms
9 timing config:load:file:/home/cmendoza/.cache/typescript/4.8/.npmrc Completed in 0ms
10 timing config:load:project Completed in 16ms
11 timing config:load:file:/home/cmendoza/.npmrc Completed in 1ms
12 timing config:load:user Completed in 1ms
13 timing config:load:file:/usr/local/etc/npmrc Completed in 1ms
14 timing config:load:global Completed in 1ms
15 timing config:load:validate Completed in 0ms
16 timing config:load:credentials Completed in 3ms
17 timing config:load:setEnvs Completed in 1ms
18 timing config:load Completed in 30ms
19 timing npm:load:configload Completed in 31ms
20 timing npm:load:mkdirpcache Completed in 2ms
21 timing npm:load:mkdirplogs Completed in 1ms
22 verbose title npm install types-registry@latest
23 verbose argv "install" "--ignore-scripts" "types-registry@latest"
24 timing npm:load:setTitle Completed in 1ms
25 timing config:load:flatten Completed in 4ms
26 timing npm:load:display Completed in 5ms
27 verbose logfile logs-max:10 dir:/home/cmendoza/.npm/_logs
28 verbose logfile /home/cmendoza/.npm/_logs/2022-09-12T21_30_08_254Z-debug-0.log
29 timing npm:load:logFile Completed in 8ms
30 timing npm:load:timers Completed in 1ms
31 timing npm:load:configScope Completed in 0ms
32 timing npm:load Completed in 50ms
33 timing arborist:ctor Completed in 1ms
34 silly logfile start cleaning logs, removing 1 files
35 silly logfile done cleaning log files
36 timing idealTree:init Completed in 20ms
37 timing arborist:ctor Completed in 1ms
38 http fetch GET 200 https://registry.npmjs.org/types-registry 522ms (cache updated)
39 timing idealTree:userRequests Completed in 537ms
40 silly idealTree buildDeps
41 silly fetch manifest types-registry@0.1.609
42 silly placeDep ROOT types-registry@0.1.609 REPLACE for:  want: 0.1.609
43 timing idealTree:#root Completed in 11ms
44 timing idealTree:node_modules/types-registry Completed in 0ms
45 timing idealTree:buildDeps Completed in 14ms
46 timing idealTree:fixDepFlags Completed in 1ms
47 timing idealTree Completed in 572ms
48 timing reify:loadTrees Completed in 574ms
49 timing reify:diffTrees Completed in 1ms
50 silly reify mark retired [ '/home/cmendoza/.cache/typescript/4.8/node_modules/types-registry' ]
51 silly reify moves {
51 silly reify   '/home/cmendoza/.cache/typescript/4.8/node_modules/types-registry': '/home/cmendoza/.cache/typescript/4.8/node_modules/.types-registry-7EogrwO5'
51 silly reify }
52 timing reify:retireShallow Completed in 10ms
53 timing reify:createSparse Completed in 5ms
54 timing reify:loadBundles Completed in 0ms
55 silly audit bulk request { 'types-registry': [ '0.1.609' ] }
56 silly tarball no local data for types-registry@https://registry.npmjs.org/types-registry/-/types-registry-0.1.609.tgz. Extracting by manifest.
57 http fetch GET 200 https://registry.npmjs.org/types-registry/-/types-registry-0.1.609.tgz 193ms (cache miss)
58 timing reifyNode:node_modules/types-registry Completed in 204ms
59 timing reify:unpack Completed in 204ms
60 timing reify:unretire Completed in 1ms
61 timing build:queue Completed in 6ms
62 timing build:deps Completed in 6ms
63 timing build Completed in 6ms
64 timing reify:build Completed in 6ms
65 http fetch POST 200 https://registry.npmjs.org/-/npm/v1/security/advisories/bulk 223ms
66 timing auditReport:getReport Completed in 225ms
67 silly audit report {}
68 timing auditReport:init Completed in 0ms
69 timing reify:audit Completed in 226ms
70 timing reify:trash Completed in 6ms
71 timing reify:save Completed in 11ms
72 timing reify Completed in 843ms
73 silly CHANGE node_modules/types-registry
74 timing command:install Completed in 849ms
75 verbose exit 0
76 timing npm Completed in 2258ms
77 info ok
