0 verbose cli /usr/local/bin/node /usr/local/bin/npm
1 info using npm@8.18.0
2 info using node@v18.8.0
3 timing npm:load:whichnode Completed in 0ms
4 timing config:load:defaults Completed in 11ms
5 timing config:load:file:/usr/local/lib/node_modules/npm/npmrc Completed in 13ms
6 timing config:load:builtin Completed in 14ms
7 timing config:load:cli Completed in 7ms
8 timing config:load:env Completed in 1ms
9 timing config:load:file:/home/cmendoza/.cache/typescript/4.8/.npmrc Completed in 0ms
10 timing config:load:project Completed in 67ms
11 timing config:load:file:/home/cmendoza/.npmrc Completed in 0ms
12 timing config:load:user Completed in 1ms
13 timing config:load:file:/usr/local/etc/npmrc Completed in 1ms
14 timing config:load:global Completed in 1ms
15 timing config:load:validate Completed in 1ms
16 timing config:load:credentials Completed in 8ms
17 timing config:load:setEnvs Completed in 3ms
18 timing config:load Completed in 121ms
19 timing npm:load:configload Completed in 121ms
20 timing npm:load:mkdirpcache Completed in 8ms
21 timing npm:load:mkdirplogs Completed in 1ms
22 verbose title npm install types-registry@latest
23 verbose argv "install" "--ignore-scripts" "types-registry@latest"
24 timing npm:load:setTitle Completed in 4ms
25 timing config:load:flatten Completed in 23ms
26 timing npm:load:display Completed in 27ms
27 verbose logfile logs-max:10 dir:/home/cmendoza/.npm/_logs
28 verbose logfile /home/cmendoza/.npm/_logs/2022-09-07T20_00_26_748Z-debug-0.log
29 timing npm:load:logFile Completed in 47ms
30 timing npm:load:timers Completed in 0ms
31 timing npm:load:configScope Completed in 0ms
32 timing npm:load Completed in 213ms
33 timing arborist:ctor Completed in 2ms
34 silly logfile start cleaning logs, removing 1 files
35 silly logfile done cleaning log files
36 timing arborist:ctor Completed in 1ms
37 timing idealTree:init Completed in 65ms
38 http fetch GET 200 https://registry.npmjs.org/types-registry 5275ms (cache updated)
39 timing idealTree:userRequests Completed in 5339ms
40 silly idealTree buildDeps
41 silly fetch manifest types-registry@0.1.608
42 silly placeDep ROOT types-registry@0.1.608 OK for:  want: 0.1.608
43 timing idealTree:#root Completed in 12ms
44 timing idealTree:node_modules/types-registry Completed in 0ms
45 timing idealTree:buildDeps Completed in 25ms
46 timing idealTree:fixDepFlags Completed in 1ms
47 timing idealTree Completed in 5433ms
48 timing reify:loadTrees Completed in 5435ms
49 timing reify:diffTrees Completed in 1ms
50 silly reify moves {}
51 timing reify:retireShallow Completed in 1ms
52 timing reify:createSparse Completed in 71ms
53 timing reify:loadBundles Completed in 0ms
54 silly audit bulk request { 'types-registry': [ '0.1.608' ] }
55 silly tarball no local data for types-registry@https://registry.npmjs.org/types-registry/-/types-registry-0.1.608.tgz. Extracting by manifest.
56 http fetch POST 200 https://registry.npmjs.org/-/npm/v1/security/advisories/bulk 399ms
57 timing auditReport:getReport Completed in 403ms
58 silly audit report {}
59 timing auditReport:init Completed in 0ms
60 timing reify:audit Completed in 403ms
61 http fetch GET 200 https://registry.npmjs.org/types-registry/-/types-registry-0.1.608.tgz 367ms (cache miss)
62 timing reifyNode:node_modules/types-registry Completed in 414ms
63 timing reify:unpack Completed in 414ms
64 timing reify:unretire Completed in 1ms
65 timing build:queue Completed in 20ms
66 timing build:deps Completed in 20ms
67 timing build Completed in 20ms
68 timing reify:build Completed in 20ms
69 timing reify:trash Completed in 0ms
70 timing reify:save Completed in 77ms
71 timing reify Completed in 6235ms
72 silly ADD node_modules/types-registry
73 timing command:install Completed in 6250ms
74 verbose exit 0
75 timing npm Completed in 11441ms
76 info ok
