0 verbose cli /usr/local/bin/node /usr/local/bin/npm
1 info using npm@8.18.0
2 info using node@v18.8.0
3 timing npm:load:whichnode Completed in 1ms
4 timing config:load:defaults Completed in 3ms
5 timing config:load:file:/usr/local/lib/node_modules/npm/npmrc Completed in 2ms
6 timing config:load:builtin Completed in 2ms
7 timing config:load:cli Completed in 6ms
8 timing config:load:env Completed in 1ms
9 timing config:load:file:/home/cmendoza/.cache/typescript/4.8/.npmrc Completed in 0ms
10 timing config:load:project Completed in 17ms
11 timing config:load:file:/home/cmendoza/.npmrc Completed in 0ms
12 timing config:load:user Completed in 1ms
13 timing config:load:file:/usr/local/etc/npmrc Completed in 0ms
14 timing config:load:global Completed in 0ms
15 timing config:load:validate Completed in 1ms
16 timing config:load:credentials Completed in 1ms
17 timing config:load:setEnvs Completed in 2ms
18 timing config:load Completed in 34ms
19 timing npm:load:configload Completed in 34ms
20 timing npm:load:mkdirpcache Completed in 2ms
21 timing npm:load:mkdirplogs Completed in 1ms
22 verbose title npm install @types/react@ts4.8
23 verbose argv "install" "--ignore-scripts" "@types/react@ts4.8" "--save-dev" "--user-agent" "typesInstaller/4.8.2"
24 timing npm:load:setTitle Completed in 2ms
25 timing config:load:flatten Completed in 7ms
26 timing npm:load:display Completed in 9ms
27 verbose logfile logs-max:10 dir:/home/cmendoza/.npm/_logs
28 verbose logfile /home/cmendoza/.npm/_logs/2022-09-19T23_06_59_832Z-debug-0.log
29 timing npm:load:logFile Completed in 13ms
30 timing npm:load:timers Completed in 0ms
31 timing npm:load:configScope Completed in 0ms
32 timing npm:load Completed in 63ms
33 timing arborist:ctor Completed in 1ms
34 silly logfile start cleaning logs, removing 1 files
35 silly logfile done cleaning log files
36 timing idealTree:init Completed in 19ms
37 timing arborist:ctor Completed in 1ms
38 http fetch GET 200 https://registry.npmjs.org/@types%2freact 1017ms (cache updated)
39 timing idealTree:userRequests Completed in 1030ms
40 silly idealTree buildDeps
41 silly fetch manifest @types/react@18.0.20
42 silly placeDep ROOT @types/react@18.0.20 OK for:  want: 18.0.20
43 silly fetch manifest @types/prop-types@*
44 silly fetch manifest @types/scheduler@*
45 silly fetch manifest csstype@^3.0.2
46 http fetch GET 200 https://registry.npmjs.org/@types%2fprop-types 161ms (cache updated)
47 http fetch GET 200 https://registry.npmjs.org/csstype 256ms (cache updated)
48 http fetch GET 200 https://registry.npmjs.org/@types%2fscheduler 666ms (cache updated)
49 timing idealTree:#root Completed in 676ms
50 silly placeDep ROOT @types/prop-types@15.7.5 OK for: @types/react@18.0.20 want: *
51 silly placeDep ROOT @types/scheduler@0.16.2 OK for: @types/react@18.0.20 want: *
52 silly placeDep ROOT csstype@3.1.1 OK for: @types/react@18.0.20 want: ^3.0.2
53 timing idealTree:node_modules/@types/react Completed in 9ms
54 timing idealTree:node_modules/@types/prop-types Completed in 0ms
55 timing idealTree:node_modules/@types/scheduler Completed in 0ms
56 timing idealTree:node_modules/csstype Completed in 0ms
57 timing idealTree:buildDeps Completed in 687ms
58 timing idealTree:fixDepFlags Completed in 0ms
59 timing idealTree Completed in 1737ms
60 timing reify:loadTrees Completed in 1738ms
61 timing reify:diffTrees Completed in 1ms
62 silly reify moves {}
63 timing reify:retireShallow Completed in 1ms
64 timing reify:createSparse Completed in 8ms
65 timing reify:loadBundles Completed in 0ms
66 silly audit bulk request {
66 silly audit   'types-registry': [ '0.1.610' ],
66 silly audit   '@types/react': [ '18.0.20' ],
66 silly audit   '@types/prop-types': [ '15.7.5' ],
66 silly audit   '@types/scheduler': [ '0.16.2' ],
66 silly audit   csstype: [ '3.1.1' ]
66 silly audit }
67 silly tarball no local data for @types/react@https://registry.npmjs.org/@types/react/-/react-18.0.20.tgz. Extracting by manifest.
68 silly tarball no local data for csstype@https://registry.npmjs.org/csstype/-/csstype-3.1.1.tgz. Extracting by manifest.
69 timing reifyNode:node_modules/@types/prop-types Completed in 31ms
70 timing reifyNode:node_modules/@types/scheduler Completed in 31ms
71 http fetch GET 200 https://registry.npmjs.org/@types/react/-/react-18.0.20.tgz 142ms (cache miss)
72 timing reifyNode:node_modules/@types/react Completed in 152ms
73 http fetch GET 200 https://registry.npmjs.org/csstype/-/csstype-3.1.1.tgz 166ms (cache miss)
74 timing reifyNode:node_modules/csstype Completed in 178ms
75 timing reify:unpack Completed in 178ms
76 timing reify:unretire Completed in 0ms
77 timing build:queue Completed in 1ms
78 timing build:deps Completed in 1ms
79 timing build Completed in 1ms
80 timing reify:build Completed in 1ms
81 timing reify:trash Completed in 0ms
82 timing reify:save Completed in 9ms
83 http fetch POST 200 https://registry.npmjs.org/-/npm/v1/security/advisories/bulk 227ms
84 timing auditReport:getReport Completed in 231ms
85 silly audit report {}
86 timing auditReport:init Completed in 0ms
87 timing reify:audit Completed in 232ms
88 timing reify Completed in 1989ms
89 silly ADD node_modules/csstype
90 silly ADD node_modules/@types/scheduler
91 silly ADD node_modules/@types/prop-types
92 silly ADD node_modules/@types/react
93 timing command:install Completed in 1997ms
94 verbose exit 0
95 timing npm Completed in 2254ms
96 info ok
