0 verbose cli /usr/local/bin/node /usr/local/bin/npm
1 info using npm@8.18.0
2 info using node@v18.8.0
3 timing npm:load:whichnode Completed in 0ms
4 timing config:load:defaults Completed in 2ms
5 timing config:load:file:/usr/local/lib/node_modules/npm/npmrc Completed in 2ms
6 timing config:load:builtin Completed in 2ms
7 timing config:load:cli Completed in 2ms
8 timing config:load:env Completed in 1ms
9 timing config:load:project Completed in 6ms
10 timing config:load:file:/home/cmendoza/.npmrc Completed in 1ms
11 timing config:load:user Completed in 1ms
12 timing config:load:file:/usr/local/etc/npmrc Completed in 0ms
13 timing config:load:global Completed in 0ms
14 timing config:load:validate Completed in 1ms
15 timing config:load:credentials Completed in 1ms
16 timing config:load:setEnvs Completed in 1ms
17 timing config:load Completed in 17ms
18 timing npm:load:configload Completed in 17ms
19 timing npm:load:mkdirpcache Completed in 1ms
20 timing npm:load:mkdirplogs Completed in 1ms
21 verbose title npm star http://localhost:3000
22 verbose argv "star" "http://localhost:3000"
23 timing npm:load:setTitle Completed in 1ms
24 timing config:load:flatten Completed in 3ms
25 timing npm:load:display Completed in 5ms
26 verbose logfile logs-max:10 dir:/home/cmendoza/.npm/_logs
27 verbose logfile /home/cmendoza/.npm/_logs/2022-09-19T22_59_51_688Z-debug-0.log
28 timing npm:load:logFile Completed in 7ms
29 timing npm:load:timers Completed in 0ms
30 timing npm:load:configScope Completed in 0ms
31 timing npm:load Completed in 33ms
32 timing command:star Completed in 4ms
33 verbose stack Error: This command requires you to be logged in.
33 verbose stack     at module.exports (/usr/local/lib/node_modules/npm/lib/utils/get-identity.js:21:5)
33 verbose stack     at Star.exec (/usr/local/lib/node_modules/npm/lib/commands/star.js:32:28)
33 verbose stack     at Npm.exec (/usr/local/lib/node_modules/npm/lib/npm.js:168:29)
33 verbose stack     at async module.exports (/usr/local/lib/node_modules/npm/lib/cli.js:78:5)
34 verbose cwd /home/cmendoza
35 verbose Linux 4.4.0-19041-Microsoft
36 verbose node v18.8.0
37 verbose npm  v8.18.0
38 error code ENEEDAUTH
39 error need auth This command requires you to be logged in.
40 error need auth You need to authorize this machine using `npm adduser`
41 verbose exit 1
42 timing npm Completed in 51ms
43 verbose code 1
44 error A complete log of this run can be found in:
44 error     /home/cmendoza/.npm/_logs/2022-09-19T22_59_51_688Z-debug-0.log
