0 verbose cli /usr/local/bin/node /usr/local/bin/npm
1 info using npm@8.18.0
2 info using node@v18.8.0
3 timing npm:load:whichnode Completed in 1ms
4 timing config:load:defaults Completed in 5ms
5 timing config:load:file:/usr/local/lib/node_modules/npm/npmrc Completed in 6ms
6 timing config:load:builtin Completed in 6ms
7 timing config:load:cli Completed in 3ms
8 timing config:load:env Completed in 1ms
9 timing config:load:file:/home/cmendoza/Projects/PersonalProjects/WEB/JavaScript/Asincronismo/.npmrc Completed in 1ms
10 timing config:load:project Completed in 17ms
11 timing config:load:file:/home/cmendoza/.npmrc Completed in 0ms
12 timing config:load:user Completed in 1ms
13 timing config:load:file:/usr/local/etc/npmrc Completed in 2ms
14 timing config:load:global Completed in 2ms
15 timing config:load:validate Completed in 0ms
16 timing config:load:credentials Completed in 3ms
17 timing config:load:setEnvs Completed in 1ms
18 timing config:load Completed in 42ms
19 timing npm:load:configload Completed in 43ms
20 timing npm:load:mkdirpcache Completed in 6ms
21 timing npm:load:mkdirplogs Completed in 2ms
22 verbose title npm i xmlhttprequest
23 verbose argv "i" "xmlhttprequest"
24 timing npm:load:setTitle Completed in 4ms
25 timing config:load:flatten Completed in 7ms
26 timing npm:load:display Completed in 14ms
27 verbose logfile logs-max:10 dir:/home/cmendoza/.npm/_logs
28 verbose logfile /home/cmendoza/.npm/_logs/2022-12-20T23_04_27_744Z-debug-0.log
29 timing npm:load:logFile Completed in 14ms
30 timing npm:load:timers Completed in 0ms
31 timing npm:load:configScope Completed in 0ms
32 timing npm:load Completed in 85ms
33 timing arborist:ctor Completed in 2ms
34 silly logfile start cleaning logs, removing 1 files
35 silly logfile done cleaning log files
36 timing arborist:ctor Completed in 0ms
37 timing idealTree:init Completed in 56ms
38 timing idealTree:userRequests Completed in 8ms
39 silly idealTree buildDeps
40 silly fetch manifest xmlhttprequest@*
41 http fetch GET 200 https://registry.npmjs.org/xmlhttprequest 927ms (cache miss)
42 silly placeDep ROOT xmlhttprequest@1.8.0 OK for: asincronismo@1.0.0 want: *
43 timing idealTree:#root Completed in 955ms
44 timing idealTree:node_modules/xmlhttprequest Completed in 0ms
45 timing idealTree:buildDeps Completed in 956ms
46 timing idealTree:fixDepFlags Completed in 0ms
47 timing idealTree Completed in 1028ms
48 timing reify:loadTrees Completed in 1030ms
49 timing reify:diffTrees Completed in 2ms
50 silly reify moves {}
51 timing reify:retireShallow Completed in 3ms
52 timing reify:createSparse Completed in 8ms
53 timing reify:loadBundles Completed in 0ms
54 silly audit bulk request { xmlhttprequest: [ '1.8.0' ] }
55 silly tarball no local data for xmlhttprequest@https://registry.npmjs.org/xmlhttprequest/-/xmlhttprequest-1.8.0.tgz. Extracting by manifest.
56 http fetch GET 200 https://registry.npmjs.org/xmlhttprequest/-/xmlhttprequest-1.8.0.tgz 138ms (cache miss)
57 timing reifyNode:node_modules/xmlhttprequest Completed in 154ms
58 timing reify:unpack Completed in 154ms
59 timing reify:unretire Completed in 0ms
60 timing build:queue Completed in 2ms
61 timing build:deps Completed in 2ms
62 timing build Completed in 2ms
63 timing reify:build Completed in 3ms
64 timing reify:trash Completed in 0ms
65 timing reify:save Completed in 22ms
66 http fetch POST 200 https://registry.npmjs.org/-/npm/v1/security/advisories/bulk 298ms
67 timing auditReport:getReport Completed in 300ms
68 silly audit report {}
69 timing auditReport:init Completed in 0ms
70 timing reify:audit Completed in 302ms
71 timing reify Completed in 1372ms
72 silly ADD node_modules/xmlhttprequest
73 timing command:i Completed in 1395ms
74 verbose exit 0
75 timing npm Completed in 1750ms
76 info ok
