0 verbose cli /usr/local/bin/node /usr/local/bin/npm
1 info using npm@8.11.0
2 info using node@v16.15.1
3 timing npm:load:whichnode Completed in 1ms
4 timing config:load:defaults Completed in 19ms
5 timing config:load:file:/usr/local/lib/node_modules/npm/npmrc Completed in 13ms
6 timing config:load:builtin Completed in 14ms
7 timing config:load:cli Completed in 6ms
8 timing config:load:env Completed in 3ms
9 timing config:load:file:/home/cmendoza/.cache/typescript/4.7/.npmrc Completed in 1ms
10 timing config:load:project Completed in 65ms
11 timing config:load:file:/home/cmendoza/.npmrc Completed in 2ms
12 timing config:load:user Completed in 5ms
13 timing config:load:file:/usr/local/etc/npmrc Completed in 3ms
14 timing config:load:global Completed in 4ms
15 timing config:load:validate Completed in 0ms
16 timing config:load:credentials Completed in 5ms
17 timing config:load:setEnvs Completed in 7ms
18 timing config:load Completed in 132ms
19 timing npm:load:configload Completed in 133ms
20 timing npm:load:mkdirpcache Completed in 5ms
21 timing npm:load:mkdirplogs Completed in 3ms
22 verbose title npm install types-registry@latest
23 verbose argv "install" "--ignore-scripts" "types-registry@latest"
24 timing npm:load:setTitle Completed in 9ms
25 timing config:load:flatten Completed in 12ms
26 timing npm:load:display Completed in 16ms
27 verbose logfile logs-max:10 dir:/home/cmendoza/.npm/_logs
28 verbose logfile /home/cmendoza/.npm/_logs/2022-08-23T15_58_12_930Z-debug-0.log
29 timing npm:load:logFile Completed in 19ms
30 timing npm:load:timers Completed in 0ms
31 timing npm:load:configScope Completed in 0ms
32 timing npm:load Completed in 189ms
33 timing arborist:ctor Completed in 1ms
34 silly logfile start cleaning logs, removing 1 files
35 silly logfile done cleaning log files
36 timing idealTree:init Completed in 43ms
37 timing arborist:ctor Completed in 0ms
38 http fetch GET 200 https://registry.npmjs.org/npm 911ms (cache updated)
39 http fetch GET 200 https://registry.npmjs.org/types-registry 945ms (cache updated)
40 timing idealTree:userRequests Completed in 970ms
41 silly idealTree buildDeps
42 silly fetch manifest types-registry@0.1.606
43 silly placeDep ROOT types-registry@0.1.606 REPLACE for:  want: 0.1.606
44 timing idealTree:#root Completed in 19ms
45 timing idealTree:node_modules/types-registry Completed in 0ms
46 timing idealTree:buildDeps Completed in 23ms
47 timing idealTree:fixDepFlags Completed in 0ms
48 timing idealTree Completed in 1040ms
49 timing reify:loadTrees Completed in 1042ms
50 timing reify:diffTrees Completed in 2ms
51 silly reify mark retired [ '/home/cmendoza/.cache/typescript/4.7/node_modules/types-registry' ]
52 silly reify moves {
52 silly reify   '/home/cmendoza/.cache/typescript/4.7/node_modules/types-registry': '/home/cmendoza/.cache/typescript/4.7/node_modules/.types-registry-WThLSPfc'
52 silly reify }
53 timing reify:retireShallow Completed in 20ms
54 timing reify:createSparse Completed in 4ms
55 timing reify:loadBundles Completed in 0ms
56 silly audit bulk request { 'types-registry': [ '0.1.606' ] }
57 silly tarball no local data for types-registry@https://registry.npmjs.org/types-registry/-/types-registry-0.1.606.tgz. Extracting by manifest.
58 http fetch GET 200 https://registry.npmjs.org/types-registry/-/types-registry-0.1.606.tgz 156ms (cache miss)
59 timing reifyNode:node_modules/types-registry Completed in 181ms
60 timing reify:unpack Completed in 181ms
61 timing reify:unretire Completed in 1ms
62 timing build:queue Completed in 2ms
63 timing build:deps Completed in 2ms
64 timing build Completed in 3ms
65 timing reify:build Completed in 3ms
66 timing reify:trash Completed in 7ms
67 timing reify:save Completed in 15ms
68 http fetch POST 200 https://registry.npmjs.org/-/npm/v1/security/advisories/bulk 233ms
69 timing auditReport:getReport Completed in 236ms
70 silly audit report {}
71 timing auditReport:init Completed in 0ms
72 timing reify:audit Completed in 240ms
73 timing reify Completed in 1349ms
74 silly CHANGE node_modules/types-registry
75 timing command:install Completed in 1360ms
76 notice
76 notice New minor version of npm available! 8.11.0 -> 8.18.0
76 notice Changelog: <https://github.com/npm/cli/releases/tag/v8.18.0>
76 notice Run `npm install -g npm@8.18.0` to update!
76 notice
77 verbose exit 0
78 timing npm Completed in 5013ms
79 info ok
