0 verbose cli /usr/local/bin/node /usr/local/bin/npm
1 info using npm@8.18.0
2 info using node@v18.8.0
3 timing npm:load:whichnode Completed in 0ms
4 timing config:load:defaults Completed in 1ms
5 timing config:load:file:/usr/local/lib/node_modules/npm/npmrc Completed in 1ms
6 timing config:load:builtin Completed in 2ms
7 timing config:load:cli Completed in 2ms
8 timing config:load:env Completed in 0ms
9 timing config:load:project Completed in 6ms
10 timing config:load:file:/home/cmendoza/.npmrc Completed in 1ms
11 timing config:load:user Completed in 1ms
12 timing config:load:file:/usr/local/etc/npmrc Completed in 0ms
13 timing config:load:global Completed in 0ms
14 timing config:load:validate Completed in 0ms
15 timing config:load:credentials Completed in 1ms
16 timing config:load:setEnvs Completed in 1ms
17 timing config:load Completed in 14ms
18 timing npm:load:configload Completed in 15ms
19 timing npm:load:mkdirpcache Completed in 1ms
20 timing npm:load:mkdirplogs Completed in 0ms
21 verbose title npm start
22 verbose argv "start"
23 timing npm:load:setTitle Completed in 1ms
24 timing config:load:flatten Completed in 2ms
25 timing npm:load:display Completed in 6ms
26 verbose logfile logs-max:10 dir:/home/cmendoza/.npm/_logs
27 verbose logfile /home/cmendoza/.npm/_logs/2022-09-19T22_59_03_652Z-debug-0.log
28 timing npm:load:logFile Completed in 6ms
29 timing npm:load:timers Completed in 1ms
30 timing npm:load:configScope Completed in 0ms
31 timing npm:load Completed in 31ms
32 silly logfile start cleaning logs, removing 2 files
33 silly logfile done cleaning log files
34 timing command:run-script Completed in 8ms
35 timing command:start Completed in 12ms
36 verbose stack Error: Missing script: "start"
36 verbose stack
36 verbose stack Did you mean one of these?
36 verbose stack     npm star # Mark your favorite packages
36 verbose stack     npm stars # View packages marked as favorites
36 verbose stack
36 verbose stack To see a list of scripts, run:
36 verbose stack   npm run
36 verbose stack     at RunScript.run (/usr/local/lib/node_modules/npm/lib/commands/run-script.js:98:13)
36 verbose stack     at async module.exports (/usr/local/lib/node_modules/npm/lib/cli.js:78:5)
37 verbose cwd /home/cmendoza
38 verbose Linux 4.4.0-19041-Microsoft
39 verbose node v18.8.0
40 verbose npm  v8.18.0
41 error Missing script: "start"
41 error
41 error Did you mean one of these?
41 error     npm star # Mark your favorite packages
41 error     npm stars # View packages marked as favorites
41 error
41 error To see a list of scripts, run:
41 error   npm run
42 verbose exit 1
43 timing npm Completed in 57ms
44 verbose code 1
45 error A complete log of this run can be found in:
45 error     /home/cmendoza/.npm/_logs/2022-09-19T22_59_03_652Z-debug-0.log
