0 verbose cli /usr/local/bin/node /usr/local/bin/npm
1 info using npm@8.11.0
2 info using node@v16.15.1
3 timing npm:load:whichnode Completed in 0ms
4 timing config:load:defaults Completed in 22ms
5 timing config:load:file:/usr/local/lib/node_modules/npm/npmrc Completed in 36ms
6 timing config:load:builtin Completed in 36ms
7 timing config:load:cli Completed in 2ms
8 timing config:load:env Completed in 6ms
9 timing config:load:file:/home/cmendoza/.cache/typescript/4.7/.npmrc Completed in 0ms
10 timing config:load:project Completed in 106ms
11 timing config:load:file:/home/cmendoza/.npmrc Completed in 0ms
12 timing config:load:user Completed in 0ms
13 timing config:load:file:/usr/local/etc/npmrc Completed in 1ms
14 timing config:load:global Completed in 1ms
15 timing config:load:validate Completed in 0ms
16 timing config:load:credentials Completed in 21ms
17 timing config:load:setEnvs Completed in 2ms
18 timing config:load Completed in 198ms
19 timing npm:load:configload Completed in 200ms
20 timing npm:load:mkdirpcache Completed in 18ms
21 timing npm:load:mkdirplogs Completed in 1ms
22 verbose title npm install types-registry@latest
23 verbose argv "install" "--ignore-scripts" "types-registry@latest"
24 timing npm:load:setTitle Completed in 2ms
25 timing config:load:flatten Completed in 3ms
26 timing npm:load:display Completed in 5ms
27 verbose logfile logs-max:10 dir:/home/cmendoza/.npm/_logs
28 verbose logfile /home/cmendoza/.npm/_logs/2022-08-29T16_55_07_446Z-debug-0.log
29 timing npm:load:logFile Completed in 18ms
30 timing npm:load:timers Completed in 0ms
31 timing npm:load:configScope Completed in 0ms
32 timing npm:load Completed in 245ms
33 timing arborist:ctor Completed in 1ms
34 silly logfile start cleaning logs, removing 1 files
35 silly logfile done cleaning log files
36 timing idealTree:init Completed in 42ms
37 timing arborist:ctor Completed in 0ms
38 http fetch GET 200 https://registry.npmjs.org/types-registry 1190ms (cache updated)
39 timing idealTree:userRequests Completed in 1203ms
40 silly idealTree buildDeps
41 silly fetch manifest types-registry@0.1.607
42 silly placeDep ROOT types-registry@0.1.607 REPLACE for:  want: 0.1.607
43 timing idealTree:#root Completed in 9ms
44 timing idealTree:node_modules/types-registry Completed in 0ms
45 timing idealTree:buildDeps Completed in 10ms
46 timing idealTree:fixDepFlags Completed in 0ms
47 timing idealTree Completed in 1257ms
48 timing reify:loadTrees Completed in 1259ms
49 timing reify:diffTrees Completed in 1ms
50 silly reify mark retired [ '/home/cmendoza/.cache/typescript/4.7/node_modules/types-registry' ]
51 silly reify moves {
51 silly reify   '/home/cmendoza/.cache/typescript/4.7/node_modules/types-registry': '/home/cmendoza/.cache/typescript/4.7/node_modules/.types-registry-WThLSPfc'
51 silly reify }
52 timing reify:retireShallow Completed in 7ms
53 timing reify:createSparse Completed in 2ms
54 timing reify:loadBundles Completed in 0ms
55 silly audit bulk request { 'types-registry': [ '0.1.607' ] }
56 silly tarball no local data for types-registry@https://registry.npmjs.org/types-registry/-/types-registry-0.1.607.tgz. Extracting by manifest.
57 http fetch GET 200 https://registry.npmjs.org/types-registry/-/types-registry-0.1.607.tgz 194ms (cache miss)
58 timing reifyNode:node_modules/types-registry Completed in 204ms
59 timing reify:unpack Completed in 205ms
60 timing reify:unretire Completed in 0ms
61 timing build:queue Completed in 10ms
62 timing build:deps Completed in 11ms
63 timing build Completed in 11ms
64 timing reify:build Completed in 11ms
65 timing reify:trash Completed in 5ms
66 timing reify:save Completed in 31ms
67 http fetch POST 200 https://registry.npmjs.org/-/npm/v1/security/advisories/bulk 338ms
68 timing auditReport:getReport Completed in 339ms
69 silly audit report {}
70 timing auditReport:init Completed in 0ms
71 timing reify:audit Completed in 340ms
72 timing reify Completed in 1620ms
73 silly CHANGE node_modules/types-registry
74 timing command:install Completed in 1626ms
75 verbose exit 0
76 timing npm Completed in 4319ms
77 info ok
