0 verbose cli /usr/local/bin/node /usr/local/bin/npm
1 info using npm@8.18.0
2 info using node@v18.8.0
3 timing npm:load:whichnode Completed in 0ms
4 timing config:load:defaults Completed in 2ms
5 timing config:load:file:/usr/local/lib/node_modules/npm/npmrc Completed in 1ms
6 timing config:load:builtin Completed in 2ms
7 timing config:load:cli Completed in 2ms
8 timing config:load:env Completed in 1ms
9 timing config:load:project Completed in 6ms
10 timing config:load:file:/home/cmendoza/.npmrc Completed in 0ms
11 timing config:load:user Completed in 0ms
12 timing config:load:file:/usr/local/etc/npmrc Completed in 0ms
13 timing config:load:global Completed in 1ms
14 timing config:load:validate Completed in 0ms
15 timing config:load:credentials Completed in 1ms
16 timing config:load:setEnvs Completed in 1ms
17 timing config:load Completed in 16ms
18 timing npm:load:configload Completed in 16ms
19 timing npm:load:mkdirpcache Completed in 1ms
20 timing npm:load:mkdirplogs Completed in 1ms
21 verbose title npm adduser
22 verbose argv "adduser"
23 timing npm:load:setTitle Completed in 1ms
24 timing config:load:flatten Completed in 3ms
25 timing npm:load:display Completed in 5ms
26 verbose logfile logs-max:10 dir:/home/cmendoza/.npm/_logs
27 verbose logfile /home/cmendoza/.npm/_logs/2022-09-19T22_57_12_101Z-debug-0.log
28 timing npm:load:logFile Completed in 6ms
29 timing npm:load:timers Completed in 0ms
30 timing npm:load:configScope Completed in 1ms
31 timing npm:load Completed in 31ms
32 warn adduser `adduser` will be split into `login` and `register` in a future version. `adduser` will become an alias of `register`. `login` (currently an alias) will become its own command.
33 notice Log in on https://registry.npmjs.org/
34 verbose web login before first POST
35 silly logfile start cleaning logs, removing 3 files
36 silly logfile done cleaning log files
37 http fetch POST 401 https://registry.npmjs.org/-/v1/login 1021ms
38 verbose web login not supported, trying couch
39 warn Name must be lowercase
40 verbose login before first PUT {
40 verbose login   _id: 'org.couchdb.user:1036617878',
40 verbose login   name: '1036617878',
40 verbose login   password: 'XXXXX',
40 verbose login   type: 'user',
40 verbose login   roles: [],
40 verbose login   date: '2022-09-19T22:58:22.484Z'
40 verbose login }
41 http fetch PUT 400 https://registry.npmjs.org/-/user/org.couchdb.user:1036617878 446ms
42 verbose adduser before first PUT {
42 verbose adduser   _id: 'org.couchdb.user:1036617878',
42 verbose adduser   name: '1036617878',
42 verbose adduser   password: 'XXXXX',
42 verbose adduser   email: 'alvarezmendoz@gmail.com',
42 verbose adduser   type: 'user',
42 verbose adduser   roles: [],
42 verbose adduser   date: '2022-09-19T22:58:22.938Z'
42 verbose adduser }
43 http fetch PUT 400 https://registry.npmjs.org/-/user/org.couchdb.user:1036617878 278ms
44 timing command:adduser Completed in 70936ms
45 verbose stack HttpErrorGeneral: 400 Bad Request - PUT https://registry.npmjs.org/-/user/org.couchdb.user:1036617878 - That word is not allowed. Please contact support at https://npmjs.com/support if you believe you received this in error.
45 verbose stack     at /usr/local/lib/node_modules/npm/node_modules/npm-registry-fetch/lib/check-response.js:95:15
45 verbose stack     at process.processTicksAndRejections (node:internal/process/task_queues:95:5)
45 verbose stack     at async addNewUser (/usr/local/lib/node_modules/npm/lib/auth/legacy.js:33:17)
45 verbose stack     at async login (/usr/local/lib/node_modules/npm/lib/auth/legacy.js:73:13)
45 verbose stack     at async AddUser.exec (/usr/local/lib/node_modules/npm/lib/commands/adduser.js:38:35)
45 verbose stack     at async module.exports (/usr/local/lib/node_modules/npm/lib/cli.js:78:5)
46 verbose statusCode 400
47 verbose cwd /home/cmendoza
48 verbose Linux 4.4.0-19041-Microsoft
49 verbose node v18.8.0
50 verbose npm  v8.18.0
51 error code E400
52 error 400 Bad Request - PUT https://registry.npmjs.org/-/user/org.couchdb.user:1036617878 - That word is not allowed. Please contact support at https://npmjs.com/support if you believe you received this in error.
53 verbose exit 1
54 timing npm Completed in 71127ms
55 verbose code 1
56 error A complete log of this run can be found in:
56 error     /home/cmendoza/.npm/_logs/2022-09-19T22_57_12_101Z-debug-0.log
