0 verbose cli /usr/local/bin/node /usr/local/bin/npm
1 info using npm@8.18.0
2 info using node@v18.8.0
3 timing npm:load:whichnode Completed in 1ms
4 timing config:load:defaults Completed in 32ms
5 timing config:load:file:/usr/local/lib/node_modules/npm/npmrc Completed in 34ms
6 timing config:load:builtin Completed in 37ms
7 timing config:load:cli Completed in 42ms
8 timing config:load:env Completed in 4ms
9 timing config:load:file:/home/cmendoza/.cache/typescript/4.8/.npmrc Completed in 1ms
10 timing config:load:project Completed in 101ms
11 timing config:load:file:/home/cmendoza/.npmrc Completed in 3ms
12 timing config:load:user Completed in 6ms
13 timing config:load:file:/usr/local/etc/npmrc Completed in 2ms
14 timing config:load:global Completed in 2ms
15 timing config:load:validate Completed in 0ms
16 timing config:load:credentials Completed in 8ms
17 timing config:load:setEnvs Completed in 6ms
18 timing config:load Completed in 249ms
19 timing npm:load:configload Completed in 251ms
20 timing npm:load:mkdirpcache Completed in 14ms
21 timing npm:load:mkdirplogs Completed in 14ms
22 verbose title npm install types-registry@latest
23 verbose argv "install" "--ignore-scripts" "types-registry@latest"
24 timing npm:load:setTitle Completed in 8ms
25 timing config:load:flatten Completed in 44ms
26 timing npm:load:display Completed in 52ms
27 verbose logfile logs-max:10 dir:/home/cmendoza/.npm/_logs
28 verbose logfile /home/cmendoza/.npm/_logs/2022-12-20T16_07_32_960Z-debug-0.log
29 timing npm:load:logFile Completed in 44ms
30 timing npm:load:timers Completed in 1ms
31 timing npm:load:configScope Completed in 0ms
32 timing npm:load Completed in 390ms
33 timing arborist:ctor Completed in 5ms
34 silly logfile start cleaning logs, removing 1 files
35 silly logfile done cleaning log files
36 timing idealTree:init Completed in 187ms
37 timing arborist:ctor Completed in 1ms
38 http fetch GET 200 https://registry.npmjs.org/types-registry 938ms (cache updated)
39 timing idealTree:userRequests Completed in 982ms
40 silly idealTree buildDeps
41 silly fetch manifest types-registry@0.1.623
42 silly placeDep ROOT types-registry@0.1.623 REPLACE for:  want: 0.1.623
43 timing idealTree:#root Completed in 34ms
44 timing idealTree:node_modules/types-registry Completed in 0ms
45 timing idealTree:buildDeps Completed in 40ms
46 timing idealTree:fixDepFlags Completed in 2ms
47 timing idealTree Completed in 1217ms
48 timing reify:loadTrees Completed in 1220ms
49 timing reify:diffTrees Completed in 8ms
50 silly reify mark retired [ '/home/cmendoza/.cache/typescript/4.8/node_modules/types-registry' ]
51 silly reify moves {
51 silly reify   '/home/cmendoza/.cache/typescript/4.8/node_modules/types-registry': '/home/cmendoza/.cache/typescript/4.8/node_modules/.types-registry-7EogrwO5'
51 silly reify }
52 timing reify:retireShallow Completed in 24ms
53 timing reify:createSparse Completed in 6ms
54 timing reify:loadBundles Completed in 0ms
55 silly audit bulk request {
55 silly audit   '@types/node': [ '18.11.9' ],
55 silly audit   '@types/prop-types': [ '15.7.5' ],
55 silly audit   '@types/react': [ '18.0.20' ],
55 silly audit   '@types/scheduler': [ '0.16.2' ],
55 silly audit   csstype: [ '3.1.1' ],
55 silly audit   'types-registry': [ '0.1.623' ]
55 silly audit }
56 silly tarball no local data for types-registry@https://registry.npmjs.org/types-registry/-/types-registry-0.1.623.tgz. Extracting by manifest.
57 http fetch GET 200 https://registry.npmjs.org/npm 1418ms (cache updated)
58 http fetch POST 200 https://registry.npmjs.org/-/npm/v1/security/advisories/bulk 418ms
59 timing auditReport:getReport Completed in 423ms
60 silly audit report {}
61 timing auditReport:init Completed in 0ms
62 timing reify:audit Completed in 427ms
63 http fetch GET 200 https://registry.npmjs.org/types-registry/-/types-registry-0.1.623.tgz 413ms (cache miss)
64 timing reifyNode:node_modules/types-registry Completed in 475ms
65 timing reify:unpack Completed in 476ms
66 timing reify:unretire Completed in 1ms
67 timing build:queue Completed in 7ms
68 timing build:deps Completed in 8ms
69 timing build Completed in 10ms
70 timing reify:build Completed in 13ms
71 timing reify:trash Completed in 17ms
72 timing reify:save Completed in 80ms
73 timing reify Completed in 2011ms
74 silly CHANGE node_modules/types-registry
75 timing command:install Completed in 2043ms
76 notice
76 notice New major version of npm available! 8.18.0 -> 9.2.0
76 notice Changelog: <https://github.com/npm/cli/releases/tag/v9.2.0>
76 notice Run `npm install -g npm@9.2.0` to update!
76 notice
77 verbose exit 0
78 timing npm Completed in 10475ms
79 info ok
