0 verbose cli /usr/local/bin/node /usr/local/bin/npm
1 info using npm@8.11.0
2 info using node@v16.15.1
3 timing npm:load:whichnode Completed in 0ms
4 timing config:load:defaults Completed in 2ms
5 timing config:load:file:/usr/local/lib/node_modules/npm/npmrc Completed in 6ms
6 timing config:load:builtin Completed in 6ms
7 warn config global `--global`, `--local` are deprecated. Use `--location=global` instead.
8 timing config:load:cli Completed in 5ms
9 timing config:load:env Completed in 1ms
10 timing config:load:project Completed in 9ms
11 timing config:load:file:/home/cmendoza/.npmrc Completed in 0ms
12 timing config:load:user Completed in 0ms
13 timing config:load:file:/usr/local/etc/npmrc Completed in 0ms
14 timing config:load:global Completed in 1ms
15 timing config:load:validate Completed in 0ms
16 timing config:load:credentials Completed in 1ms
17 timing config:load:setEnvs Completed in 1ms
18 timing config:load Completed in 27ms
19 timing npm:load:configload Completed in 28ms
20 timing npm:load:mkdirpcache Completed in 1ms
21 timing npm:load:mkdirplogs Completed in 0ms
22 verbose title npm install sass
23 verbose argv "install" "--global" "sass"
24 timing npm:load:setTitle Completed in 2ms
25 timing config:load:flatten Completed in 3ms
26 timing npm:load:display Completed in 7ms
27 verbose logfile logs-max:10 dir:/home/cmendoza/.npm/_logs
28 verbose logfile /home/cmendoza/.npm/_logs/2022-08-31T15_39_42_152Z-debug-0.log
29 timing npm:load:logFile Completed in 7ms
30 timing npm:load:timers Completed in 0ms
31 timing npm:load:configScope Completed in 0ms
32 timing npm:load Completed in 46ms
33 timing arborist:ctor Completed in 1ms
34 silly logfile start cleaning logs, removing 2 files
35 silly logfile done cleaning log files
36 timing idealTree:init Completed in 8ms
37 timing idealTree:userRequests Completed in 3ms
38 silly idealTree buildDeps
39 silly fetch manifest sass@*
40 http fetch GET 200 https://registry.npmjs.org/sass 43ms (cache hit)
41 silly placeDep ROOT sass@1.54.7 OK for:  want: *
42 silly fetch manifest chokidar@>=3.0.0 <4.0.0
43 silly fetch manifest immutable@^4.0.0
44 silly fetch manifest source-map-js@>=0.6.2 <2.0.0
45 http fetch GET 200 https://registry.npmjs.org/source-map-js 26ms (cache hit)
46 http fetch GET 200 https://registry.npmjs.org/chokidar 31ms (cache hit)
47 http fetch GET 200 https://registry.npmjs.org/immutable 36ms (cache hit)
48 timing idealTree:#root Completed in 99ms
49 silly placeDep node_modules/sass chokidar@3.5.3 OK for: sass@1.54.7 want: >=3.0.0 <4.0.0
50 silly placeDep node_modules/sass immutable@4.1.0 OK for: sass@1.54.7 want: ^4.0.0
51 silly placeDep node_modules/sass source-map-js@1.0.2 OK for: sass@1.54.7 want: >=0.6.2 <2.0.0
52 silly fetch manifest anymatch@~3.1.2
53 silly fetch manifest braces@~3.0.2
54 silly fetch manifest glob-parent@~5.1.2
55 silly fetch manifest is-binary-path@~2.1.0
56 silly fetch manifest is-glob@~4.0.1
57 silly fetch manifest normalize-path@~3.0.0
58 silly fetch manifest readdirp@~3.6.0
59 silly fetch manifest fsevents@~2.3.2
60 http fetch GET 200 https://registry.npmjs.org/anymatch 65ms (cache hit)
61 http fetch GET 200 https://registry.npmjs.org/is-binary-path 71ms (cache hit)
62 http fetch GET 200 https://registry.npmjs.org/braces 74ms (cache hit)
63 http fetch GET 200 https://registry.npmjs.org/normalize-path 75ms (cache hit)
64 http fetch GET 200 https://registry.npmjs.org/glob-parent 78ms (cache hit)
65 http fetch GET 200 https://registry.npmjs.org/is-glob 81ms (cache hit)
66 http fetch GET 200 https://registry.npmjs.org/fsevents 81ms (cache hit)
67 http fetch GET 200 https://registry.npmjs.org/readdirp 88ms (cache hit)
68 timing idealTree:node_modules/sass Completed in 103ms
69 silly placeDep node_modules/sass anymatch@3.1.2 OK for: chokidar@3.5.3 want: ~3.1.2
70 silly placeDep node_modules/sass braces@3.0.2 OK for: chokidar@3.5.3 want: ~3.0.2
71 silly placeDep node_modules/sass fsevents@2.3.2 OK for: chokidar@3.5.3 want: ~2.3.2
72 silly placeDep node_modules/sass glob-parent@5.1.2 OK for: chokidar@3.5.3 want: ~5.1.2
73 silly placeDep node_modules/sass is-binary-path@2.1.0 OK for: chokidar@3.5.3 want: ~2.1.0
74 silly placeDep node_modules/sass is-glob@4.0.3 OK for: chokidar@3.5.3 want: ~4.0.1
75 silly placeDep node_modules/sass normalize-path@3.0.0 OK for: chokidar@3.5.3 want: ~3.0.0
76 silly placeDep node_modules/sass readdirp@3.6.0 OK for: chokidar@3.5.3 want: ~3.6.0
77 silly fetch manifest picomatch@^2.0.4
78 silly fetch manifest fill-range@^7.0.1
79 silly fetch manifest binary-extensions@^2.0.0
80 silly fetch manifest is-extglob@^2.1.1
81 silly fetch manifest picomatch@^2.2.1
82 http fetch GET 200 https://registry.npmjs.org/picomatch 27ms (cache hit)
83 http fetch GET 200 https://registry.npmjs.org/picomatch 37ms (cache hit)
84 http fetch GET 200 https://registry.npmjs.org/fill-range 36ms (cache hit)
85 http fetch GET 200 https://registry.npmjs.org/binary-extensions 41ms (cache hit)
86 http fetch GET 200 https://registry.npmjs.org/is-extglob 41ms (cache hit)
87 timing idealTree:node_modules/sass/node_modules/chokidar Completed in 69ms
88 silly placeDep node_modules/sass picomatch@2.3.1 OK for: anymatch@3.1.2 want: ^2.0.4
89 timing idealTree:node_modules/sass/node_modules/anymatch Completed in 2ms
90 silly placeDep node_modules/sass fill-range@7.0.1 OK for: braces@3.0.2 want: ^7.0.1
91 silly fetch manifest to-regex-range@^5.0.1
92 http fetch GET 200 https://registry.npmjs.org/to-regex-range 20ms (cache hit)
93 timing idealTree:node_modules/sass/node_modules/braces Completed in 25ms
94 silly placeDep node_modules/sass to-regex-range@5.0.1 OK for: fill-range@7.0.1 want: ^5.0.1
95 silly fetch manifest is-number@^7.0.0
96 http fetch GET 200 https://registry.npmjs.org/is-number 17ms (cache hit)
97 timing idealTree:node_modules/sass/node_modules/fill-range Completed in 19ms
98 timing idealTree:node_modules/sass/node_modules/fsevents Completed in 0ms
99 timing idealTree:node_modules/sass/node_modules/glob-parent Completed in 0ms
100 timing idealTree:node_modules/sass/node_modules/immutable Completed in 0ms
101 silly placeDep node_modules/sass binary-extensions@2.2.0 OK for: is-binary-path@2.1.0 want: ^2.0.0
102 timing idealTree:node_modules/sass/node_modules/is-binary-path Completed in 2ms
103 timing idealTree:node_modules/sass/node_modules/binary-extensions Completed in 0ms
104 silly placeDep node_modules/sass is-extglob@2.1.1 OK for: is-glob@4.0.3 want: ^2.1.1
105 timing idealTree:node_modules/sass/node_modules/is-glob Completed in 1ms
106 timing idealTree:node_modules/sass/node_modules/is-extglob Completed in 0ms
107 timing idealTree:node_modules/sass/node_modules/normalize-path Completed in 0ms
108 timing idealTree:node_modules/sass/node_modules/picomatch Completed in 0ms
109 timing idealTree:node_modules/sass/node_modules/readdirp Completed in 0ms
110 timing idealTree:node_modules/sass/node_modules/source-map-js Completed in 0ms
111 silly placeDep node_modules/sass is-number@7.0.0 OK for: to-regex-range@5.0.1 want: ^7.0.0
112 timing idealTree:node_modules/sass/node_modules/to-regex-range Completed in 1ms
113 timing idealTree:node_modules/sass/node_modules/is-number Completed in 0ms
114 timing idealTree:buildDeps Completed in 325ms
115 timing idealTree:fixDepFlags Completed in 1ms
116 timing idealTree Completed in 340ms
117 timing reify:loadTrees Completed in 343ms
118 timing reify:diffTrees Completed in 2ms
119 silly reify moves {}
120 timing reify:retireShallow Completed in 1ms
121 timing reify:rollback:createSparse Completed in 0ms
122 timing reify:rollback:retireShallow Completed in 0ms
123 timing command:install Completed in 369ms
124 verbose stack Error: EACCES: permission denied, mkdir '/usr/local/lib/node_modules/sass'
125 verbose cwd /home/cmendoza/PersonalProjects/PersonalProjects
126 verbose Linux 4.4.0-19041-Microsoft
127 verbose node v16.15.1
128 verbose npm  v8.11.0
129 error code EACCES
130 error syscall mkdir
131 error path /usr/local/lib/node_modules/sass
132 error errno -13
133 error [Error: EACCES: permission denied, mkdir '/usr/local/lib/node_modules/sass'] {
133 error   errno: -13,
133 error   code: 'EACCES',
133 error   syscall: 'mkdir',
133 error   path: '/usr/local/lib/node_modules/sass'
133 error }
134 error
134 error The operation was rejected by your operating system.
134 error It is likely you do not have the permissions to access this file as the current user
134 error
134 error If you believe this might be a permissions issue, please double-check the
134 error permissions of the file and its containing directories, or try running
134 error the command again as root/Administrator.
135 verbose exit -13
136 timing npm Completed in 538ms
137 verbose unfinished npm timer reify 1661960382312
138 verbose unfinished npm timer reify:createSparse 1661960382672
139 verbose code -13
140 error A complete log of this run can be found in:
140 error     /home/cmendoza/.npm/_logs/2022-08-31T15_39_42_152Z-debug-0.log
