[Server(1973) cmendoza/] onInitialize
[Server(1973) cmendoza/] setupInitialStylemap
[Server(1973) cmendoza/] Document opened: index.html
[Server(1973) cmendoza/] Document changed: index.html
[Server(1973) cmendoza/] Document opened: index.html
[Server(1973) cmendoza/] Document changed: index.html
[Server(1973) cmendoza/] Document changed: index.html
[Server(1973) cmendoza/] Document changed: index.html
[Server(1973) cmendoza/] Document opened: index.html
[Server(1973) cmendoza/] Document changed: index.html
[Server(1973) cmendoza/] Document opened: index.html
[Server(1973) cmendoza/] Document changed: index.html
[Server(1973) cmendoza/] Document changed: index.html
[Server(1973) cmendoza/] Document changed: index.html
[Server(1973) cmendoza/] Document changed: index.html
[Server(1973) cmendoza/] Document changed: index.html
[Server(1973) cmendoza/] Document changed: index.html
[Server(1973) cmendoza/] Document changed: index.html
[Server(1973) cmendoza/] Document changed: index.html
[Server(1973) cmendoza/] Document changed: index.html
styles.sass 242
  html 17 21
  head 34 38
  meta 45 49
  meta 72 76
  meta 130 134
  link 205 209
  title 261 266
  title 277 282
  head 286 290
  body 293 297
  h1 304 306
  h1 343 345
  div 352 355
  p 366 367
  p 374 375
  div 383 386
  div 393 396
  p 407 408
  p 417 418
  div 426 429
  body 433 437
  html 441 445
Invalid Selector
[Server(1973) cmendoza/] Document changed: index.html
[Server(1973) cmendoza/] Document changed: index.html
[Server(1973) cmendoza/] Document changed: index.html
[Server(1973) cmendoza/] Document changed: index.html
[Server(1973) cmendoza/] Document changed: index.html
[Server(1973) cmendoza/] Document changed: index.html
[Server(1973) cmendoza/] Document changed: index.html
[Server(1973) cmendoza/] Document changed: index.html
[Server(1973) cmendoza/] Document changed: index.html
[Server(1973) cmendoza/] Document changed: index.html
[Server(1973) cmendoza/] Document changed: index.html
[Server(1973) cmendoza/] Document changed: index.html
[Server(1973) cmendoza/] Document changed: index.html
[Server(1973) cmendoza/] Document changed: index.html
[Server(1973) cmendoza/] Document changed: index.html
[Server(1973) cmendoza/] Document changed: index.html
[Server(1973) cmendoza/] Document changed: index.html
[Server(1973) cmendoza/] Document changed: index.html
[Server(1973) cmendoza/] Document changed: index.html
[Server(1973) cmendoza/] Document changed: index.html
