[2022-08-09 16:05:58.687] [exthost] [info] Extension host with pid 636 started
[2022-08-09 16:05:58.946] [exthost] [info] ExtensionService#_doActivateExtension vscode.html-language-features, startup: false, activationEvent: 'onLanguage:html'
[2022-08-09 16:05:59.175] [exthost] [info] ExtensionService#_doActivateExtension vscode.debug-auto-launch, startup: true, activationEvent: '*'
[2022-08-09 16:05:59.195] [exthost] [info] ExtensionService#_doActivateExtension vscode.git-base, startup: true, activationEvent: '*'
[2022-08-09 16:05:59.214] [exthost] [info] ExtensionService#_doActivateExtension vscode.ipynb, startup: true, activationEvent: '*'
[2022-08-09 16:05:59.243] [exthost] [info] ExtensionService#_doActivateExtension 2gua.rainbow-brackets, startup: true, activationEvent: '*'
[2022-08-09 16:05:59.248] [exthost] [info] ExtensionService#_doActivateExtension christian-kohler.path-intellisense, startup: true, activationEvent: '*'
[2022-08-09 16:05:59.303] [exthost] [info] ExtensionService#_doActivateExtension ecmel.vscode-html-css, startup: true, activationEvent: '*'
[2022-08-09 16:05:59.399] [exthost] [info] ExtensionService#_doActivateExtension ms-vsliveshare.vsliveshare, startup: true, activationEvent: '*'
[2022-08-09 16:06:00.559] [exthost] [info] ExtensionService#_doActivateExtension naumovs.color-highlight, startup: true, activationEvent: '*'
[2022-08-09 16:06:00.577] [exthost] [info] ExtensionService#_doActivateExtension oderwat.indent-rainbow, startup: true, activationEvent: '*'
[2022-08-09 16:06:00.581] [exthost] [info] ExtensionService#_doActivateExtension WallabyJs.quokka-vscode, startup: true, activationEvent: '*'
[2022-08-09 16:06:00.598] [exthost] [info] ExtensionService#_doActivateExtension vscode.npm, startup: true, activationEvent: 'workspaceContains:package.json'
[2022-08-09 16:06:03.074] [exthost] [info] Lock '/home/cmendoza/.vscode-server/data/User/workspaceStorage/d5aba56a1b1317a03906dd8671ef8bfc/vscode.lock': Lock acquired.
[2022-08-09 16:06:04.344] [exthost] [info] ExtensionService#_doActivateExtension GitHub.vscode-pull-request-github, startup: true, activationEvent: '*'
[2022-08-09 16:06:05.103] [exthost] [info] ExtensionService#_doActivateExtension vscode.github, startup: true, activationEvent: '*'
[2022-08-09 16:06:07.243] [exthost] [info] ExtensionService#_doActivateExtension pranaygp.vscode-css-peek, startup: true, activationEvent: 'workspaceContains:**/*.css,**/*.scss,**/*.sass,**/*.less'
[2022-08-09 16:06:10.618] [exthost] [info] ExtensionService#_doActivateExtension vscode.emmet, startup: false, activationEvent: 'onStartupFinished'
[2022-08-09 16:06:10.645] [exthost] [info] ExtensionService#_doActivateExtension vscode.merge-conflict, startup: false, activationEvent: 'onStartupFinished'
[2022-08-09 16:06:10.659] [exthost] [info] ExtensionService#_doActivateExtension CodeStream.codestream, startup: false, activationEvent: 'onStartupFinished'
[2022-08-09 16:06:10.777] [exthost] [info] ExtensionService#_doActivateExtension eamodio.gitlens, startup: false, activationEvent: 'onStartupFinished'
[2022-08-09 16:06:10.942] [exthost] [info] ExtensionService#_doActivateExtension eamodio.gitlens-insiders, startup: false, activationEvent: 'onStartupFinished'
[2022-08-09 16:06:11.081] [exthost] [info] ExtensionService#_doActivateExtension esbenp.prettier-vscode, startup: false, activationEvent: 'onStartupFinished'
[2022-08-09 16:06:11.182] [exthost] [info] ExtensionService#_doActivateExtension ritwickdey.LiveServer, startup: false, activationEvent: 'onStartupFinished'
[2022-08-09 16:06:29.218] [exthost] [info] Eager extensions activated
[2022-08-09 16:08:21.479] [exthost] [warning] TextEditor is closed/disposed
[2022-08-09 16:10:02.458] [exthost] [warning] TextEditor is closed/disposed
[2022-08-09 16:10:03.021] [exthost] [info] ExtensionService#_doActivateExtension vscode.typescript-language-features, startup: false, activationEvent: 'onLanguage:javascript'
[2022-08-09 16:10:03.092] [exthost] [info] ExtensionService#_doActivateExtension wix.vscode-import-cost, startup: false, activationEvent: 'onLanguage:javascript'
[2022-08-09 16:14:45.857] [exthost] [warning] TextEditor is closed/disposed
[2022-08-09 16:14:54.055] [exthost] [warning] TextEditor is closed/disposed
[2022-08-09 16:14:54.164] [exthost] [info] ExtensionService#_doActivateExtension vscode.css-language-features, startup: false, activationEvent: 'onLanguage:css'
[2022-08-09 16:15:01.188] [exthost] [warning] TextEditor is closed/disposed
[2022-08-09 16:23:12.756] [exthost] [warning] TextEditor is closed/disposed
[2022-08-09 16:29:18.318] [exthost] [warning] TextEditor is closed/disposed
[2022-08-09 16:29:50.944] [exthost] [warning] TextEditor is closed/disposed
[2022-08-09 16:39:13.898] [exthost] [info] ExtensionService#_doActivateExtension ms-vscode.js-debug, startup: false, activationEvent: 'onDebugInitialConfigurations'
[2022-08-09 16:39:14.393] [exthost] [info] ExtensionService#_doActivateExtension ms-python.python, startup: false, activationEvent: 'onDebugInitialConfigurations'
[2022-08-09 16:39:15.504] [exthost] [info] ExtensionService#_doActivateExtension vscode.debug-server-ready, startup: false, activationEvent: 'onDebugResolve'
[2022-08-09 16:40:25.532] [exthost] [info] ExtensionService#_doActivateExtension vscode.configuration-editing, startup: false, activationEvent: 'onLanguage:jsonc'
[2022-08-09 16:40:25.632] [exthost] [info] ExtensionService#_doActivateExtension vscode.json-language-features, startup: false, activationEvent: 'onLanguage:jsonc'
[2022-08-09 16:59:42.687] [exthost] [warning] TextEditor is closed/disposed
[2022-08-09 17:05:44.332] [exthost] [warning] TextEditor is closed/disposed
[2022-08-09 17:08:29.308] [exthost] [warning] TextEditor is closed/disposed
[2022-08-09 17:24:46.243] [exthost] [warning] TextEditor is closed/disposed
[2022-08-09 17:25:14.377] [exthost] [warning] TextEditor is closed/disposed
[2022-08-09 18:08:05.489] [exthost] [info] Extension host terminating: received terminate message from renderer
[2022-08-09 18:08:05.491] [exthost] [info] Lock '/home/cmendoza/.vscode-server/data/User/workspaceStorage/d5aba56a1b1317a03906dd8671ef8bfc/vscode.lock': Marking the lockfile as scheduled to be released in 6000 ms.
[2022-08-09 18:08:06.222] [exthost] [info] Extension host with pid 636 exiting with code 0
