2022-12-20 11:05:22.232 [info] Extension host with pid 2739 started
2022-12-20 11:05:22.569 [info] ExtensionService#_doActivateExtension vscode.git-base, startup: true, activationEvent: '*'
2022-12-20 11:05:22.574 [info] ExtensionService#_doActivateExtension 2gua.rainbow-brackets, startup: true, activationEvent: '*'
2022-12-20 11:05:22.575 [info] ExtensionService#_doActivateExtension christian-kohler.path-intellisense, startup: true, activationEvent: '*'
2022-12-20 11:05:22.577 [info] ExtensionService#_doActivateExtension ecmel.vscode-html-css, startup: true, activationEvent: '*'
2022-12-20 11:05:22.578 [info] ExtensionService#_doActivateExtension ms-vsliveshare.vsliveshare, startup: true, activationEvent: '*'
2022-12-20 11:05:22.580 [info] ExtensionService#_doActivateExtension naumovs.color-highlight, startup: true, activationEvent: '*'
2022-12-20 11:05:22.581 [info] ExtensionService#_doActivateExtension oderwat.indent-rainbow, startup: true, activationEvent: '*'
2022-12-20 11:05:22.582 [info] ExtensionService#_doActivateExtension spywhere.guides, startup: true, activationEvent: '*'
2022-12-20 11:05:22.583 [info] ExtensionService#_doActivateExtension WallabyJs.quokka-vscode, startup: true, activationEvent: '*'
2022-12-20 11:05:26.575 [info] Lock '/home/cmendoza/.vscode-server/data/User/workspaceStorage/32df426cb7af36a347ed6120fb7ec54c/vscode.lock': Lock acquired.
2022-12-20 11:05:28.334 [info] ExtensionService#_doActivateExtension vscode.github, startup: true, activationEvent: '*'
2022-12-20 11:05:28.547 [info] ExtensionService#_doActivateExtension pranaygp.vscode-css-peek, startup: true, activationEvent: 'workspaceContains:**/*.css,**/*.scss,**/*.sass,**/*.less'
2022-12-20 11:05:30.807 [info] Not activating extension 'ms-python.isort': Timed out while searching for 'workspaceContains' pattern *.py
2022-12-20 11:05:31.319 [info] ExtensionService#_doActivateExtension vscode.configuration-editing, startup: false, activationEvent: 'onLanguage:jsonc'
2022-12-20 11:05:31.321 [info] ExtensionService#_doActivateExtension vscode.json-language-features, startup: false, activationEvent: 'onLanguage:jsonc'
2022-12-20 11:05:31.328 [info] ExtensionService#_doActivateExtension vscode.typescript-language-features, startup: false, activationEvent: 'onLanguage:jsonc'
2022-12-20 11:05:33.921 [info] ExtensionService#_doActivateExtension vscode.debug-auto-launch, startup: false, activationEvent: 'onStartupFinished'
2022-12-20 11:05:33.925 [info] ExtensionService#_doActivateExtension vscode.emmet, startup: false, activationEvent: 'onStartupFinished'
2022-12-20 11:05:33.927 [info] ExtensionService#_doActivateExtension vscode.merge-conflict, startup: false, activationEvent: 'onStartupFinished'
2022-12-20 11:05:33.929 [info] ExtensionService#_doActivateExtension CodeStream.codestream, startup: false, activationEvent: 'onStartupFinished'
2022-12-20 11:05:33.932 [info] ExtensionService#_doActivateExtension eamodio.gitlens, startup: false, activationEvent: 'onStartupFinished'
2022-12-20 11:05:33.933 [info] ExtensionService#_doActivateExtension eamodio.gitlens-insiders, startup: false, activationEvent: 'onStartupFinished'
2022-12-20 11:05:33.934 [info] ExtensionService#_doActivateExtension vscode.npm, startup: false, activationEvent: 'onStartupFinished', root cause: esbenp.prettier-vscode
2022-12-20 11:05:33.936 [info] ExtensionService#_doActivateExtension formulahendry.code-runner, startup: false, activationEvent: 'onStartupFinished'
2022-12-20 11:05:33.937 [info] ExtensionService#_doActivateExtension ritwickdey.LiveServer, startup: false, activationEvent: 'onStartupFinished'
2022-12-20 11:05:37.509 [info] ExtensionService#_doActivateExtension GitHub.vscode-pull-request-github, startup: false, activationEvent: 'onStartupFinished'
2022-12-20 11:05:38.900 [info] Eager extensions activated
2022-12-20 11:05:42.273 [info] ExtensionService#_doActivateExtension esbenp.prettier-vscode, startup: false, activationEvent: 'onStartupFinished'
2022-12-20 11:06:07.012 [info] Extension host terminating: received terminate message from renderer
2022-12-20 11:06:07.016 [info] Lock '/home/cmendoza/.vscode-server/data/User/workspaceStorage/32df426cb7af36a347ed6120fb7ec54c/vscode.lock': Marking the lockfile as scheduled to be released in 6000 ms.
2022-12-20 11:06:07.724 [info] Extension host with pid 2739 exiting with code 0
