[Server(511) Projects/] onInitialize
[Server(511) Projects/] setupInitialStylemap
[Server(511) Projects/] Document opened: index.html
[Server(511) Projects/] Document changed: index.html
[Server(511) Projects/] Document opened: main.js
[Server(511) Projects/] Document changed: main.js
[Server(511) Projects/] Document opened: main.js
[Server(511) Projects/] Document changed: main.js
[Server(511) Projects/] Document opened: index.html
[Server(511) Projects/] Document changed: index.html
[Server(511) Projects/] Document changed: index.html
[Server(511) Projects/] Document changed: index.html
[Server(511) Projects/] Document changed: index.html
[Server(511) Projects/] Document changed: index.html
[Server(511) Projects/] Document changed: index.html
[Server(511) Projects/] Document changed: index.html
[Server(511) Projects/] Document changed: index.html
[Server(511) Projects/] Document changed: index.html
[Server(511) Projects/] Document changed: index.html
[Server(511) Projects/] Document changed: index.html
[Server(511) Projects/] Document changed: index.html
[Server(511) Projects/] Document changed: index.html
[Server(511) Projects/] Document changed: index.html
[Server(511) Projects/] Document changed: index.html
[Server(511) Projects/] Document changed: index.html
[Server(511) Projects/] Document changed: index.html
[Server(511) Projects/] Document changed: index.html
[Server(511) Projects/] Document changed: index.html
[Server(511) Projects/] Document changed: index.html
[Server(511) Projects/] Document changed: index.html
[Server(511) Projects/] Document changed: index.html
[Server(511) Projects/] Document changed: index.html
[Server(511) Projects/] Document changed: index.html
[Server(511) Projects/] Document changed: index.html
[Server(511) Projects/] Document changed: index.html
[Server(511) Projects/] Document changed: index.html
[Server(511) Projects/] Document changed: index.html
[Server(511) Projects/] Document changed: index.html
[Server(511) Projects/] Document changed: index.html
[Server(511) Projects/] Document changed: index.html
[Server(511) Projects/] Document changed: index.html
[Server(511) Projects/] Document changed: index.html
[Server(511) Projects/] Document changed: index.html
[Server(511) Projects/] Document changed: index.html
[Server(511) Projects/] Document changed: index.html
[Server(511) Projects/] Document changed: index.html
[Server(511) Projects/] Document changed: index.html
[Server(511) Projects/] Document changed: index.html
[Server(511) Projects/] Document changed: index.html
[Server(511) Projects/] Document changed: index.html
[Server(511) Projects/] Document changed: index.html
[Server(511) Projects/] Document changed: index.html
[Server(511) Projects/] Document changed: index.html
[Server(511) Projects/] Document changed: index.html
[Server(511) Projects/] Document changed: index.html
[Server(511) Projects/] Document changed: index.html
[Server(511) Projects/] Document changed: index.html
[Server(511) Projects/] Document changed: index.html
[Server(511) Projects/] Document changed: index.html
[Server(511) Projects/] Document changed: index.html
[Server(511) Projects/] Document changed: index.html
[Server(511) Projects/] Document changed: index.html
[Server(511) Projects/] Document changed: index.html
[Server(511) Projects/] Document changed: index.html
[Server(511) Projects/] Document changed: index.html
[Server(511) Projects/] Document changed: index.html
[Server(511) Projects/] Document changed: index.html
[Server(511) Projects/] Document changed: index.html
[Server(511) Projects/] Document changed: index.html
[Server(511) Projects/] Document changed: index.html
[Server(511) Projects/] Document changed: index.html
[Server(511) Projects/] Document changed: index.html
[Server(511) Projects/] Document changed: index.html
[Server(511) Projects/] Document changed: index.html
[Server(511) Projects/] Document changed: index.html
[Server(511) Projects/] Document changed: index.html
[Server(511) Projects/] Document changed: index.html
[Server(511) Projects/] Document changed: index.html
[Server(511) Projects/] Document changed: index.html
[Server(511) Projects/] Document changed: index.html
[Server(511) Projects/] Document changed: index.html
[Server(511) Projects/] Document changed: index.html
[Server(511) Projects/] Document changed: index.html
[Server(511) Projects/] Document changed: index.html
[Server(511) Projects/] Document changed: index.html
[Server(511) Projects/] Document changed: index.html
[Server(511) Projects/] Document changed: index.html
[Server(511) Projects/] Document changed: index.html
[Server(511) Projects/] Document changed: index.html
[Server(511) Projects/] Document changed: index.html
[Server(511) Projects/] Document changed: index.html
[Server(511) Projects/] Document changed: index.html
[Server(511) Projects/] Document changed: index.html
[Server(511) Projects/] Document changed: index.html
[Server(511) Projects/] Document changed: index.html
[Server(511) Projects/] Document changed: index.html
[Server(511) Projects/] Document changed: index.html
[Server(511) Projects/] Document changed: index.html
[Server(511) Projects/] Document changed: index.html
[Server(511) Projects/] Document changed: index.html
[Server(511) Projects/] Document changed: index.html
[Server(511) Projects/] Document changed: index.html
[Server(511) Projects/] Document changed: index.html
[Server(511) Projects/] Document changed: index.html
[Server(511) Projects/] Document changed: index.html
[Server(511) Projects/] Document changed: index.html
[Server(511) Projects/] Document changed: index.html
[Server(511) Projects/] Document changed: index.html
[Server(511) Projects/] Document changed: index.html
[Server(511) Projects/] Document changed: index.html
[Server(511) Projects/] Document changed: index.html
[Server(511) Projects/] Document changed: index.html
[Server(511) Projects/] Document changed: index.html
[Server(511) Projects/] Document changed: index.html
[Server(511) Projects/] Document changed: index.html
[Server(511) Projects/] Document changed: index.html
[Server(511) Projects/] Document changed: index.html
[Server(511) Projects/] Document changed: index.html
[Server(511) Projects/] Document changed: index.html
[Server(511) Projects/] Document changed: index.html
[Server(511) Projects/] Document changed: index.html
[Server(511) Projects/] Document changed: index.html
[Server(511) Projects/] Document changed: index.html
[Server(511) Projects/] Document changed: index.html
[Server(511) Projects/] Document changed: index.html
[Server(511) Projects/] Document changed: index.html
class= 3027
  html 17 21
  head 34 38
  meta 45 49
  meta 72 76
  meta 130 134
  title 205 210
  title 228 233
  link 240 244
  link 304 308
  link 377 381
  link 517 521
  head 562 566
  body 569 573
  header 580 586
  img 597 600
  div 660 663
  h1 710 712
  h1 772 774
  p 789 790
  p 862 863
  a 878 879
  span 935 939
  span 942 946
  a 949 950
  div 962 965
  header 973 979
  main 986 990
  section 1001 1008
  div 1055 1058
  div 1113 1116
  div 1131 1134
  h2 1192 1194
  h2 1237 1239
  p 1258 1259
  p 1360 1361
  div 1377 1380
  section 1395 1402
  div 1451 1454
  p 1505 1506
  p 1546 1547
  div 1570 1573
  table 1634 1639
  tr 1670 1672
  td 1707 1709
  td 1743 1745
  td 1780 1782
  span 1828 1832
  span 1848 1852
  td 1855 1857
  tr 1889 1891
  tr 1922 1924
  td 1959 1961
  td 1972 1974
  td 2009 2011
  span 2041 2045
  span 2059 2063
  td 2066 2068
  tr 2100 2102
  tr 2133 2135
  td 2170 2172
  td 2181 2183
  td 2218 2220
  span 2249 2253
  span 2269 2273
  td 2276 2278
  tr 2310 2312
  tr 2343 2345
  td 2380 2382
  td 2419 2421
  td 2456 2458
  span 2507 2511
  span 2525 2529
  td 2532 2534
  tr 2566 2568
  table 2596 2601
  div 2625 2628
  div 2651 2654
  p 2710 2711
  b 2713 2714
  b 2730 2731
  p 2751 2752
  div 2776 2779
  div 2799 2802
  section 2818 2825
  section 2837 2844
  section 2855 2862
  span 2905 2909
  span 2913 2917
  div 2932 2935
  h2 2954 2956
  h2 2959 2961
  p 2980 2981
  p 2984 2985
  div 3001 3004
  section 3019 3026
  article 3078 3085
  span 3137 3141
  span 3158 3162
  p 3185 3186
  p 3228 3229
  p 3252 3253
  p 3381 3382
  article 3402 3409
  section 3425 3432
  section 3444 3451
  section 3462 3469
  section 3472 3479
  section 3490 3497
  section 3500 3507
  main 3515 3519
  footer 3531 3537
  footer 3540 3546
  body 3550 3554
  html 3558 3562
Invalid Selector
[Server(511) Projects/] Document changed: index.html
article 3114
  html 17 21
  head 34 38
  meta 45 49
  meta 72 76
  meta 130 134
  title 205 210
  title 228 233
  link 240 244
  link 304 308
  link 377 381
  link 517 521
  head 562 566
  body 569 573
  header 580 586
  img 597 600
  div 660 663
  h1 710 712
  h1 772 774
  p 789 790
  p 862 863
  a 878 879
  span 935 939
  span 942 946
  a 949 950
  div 962 965
  header 973 979
  main 986 990
  section 1001 1008
  div 1055 1058
  div 1113 1116
  div 1131 1134
  h2 1192 1194
  h2 1237 1239
  p 1258 1259
  p 1360 1361
  div 1377 1380
  section 1395 1402
  div 1451 1454
  p 1505 1506
  p 1546 1547
  div 1570 1573
  table 1634 1639
  tr 1670 1672
  td 1707 1709
  td 1743 1745
  td 1780 1782
  span 1828 1832
  span 1848 1852
  td 1855 1857
  tr 1889 1891
  tr 1922 1924
  td 1959 1961
  td 1972 1974
  td 2009 2011
  span 2041 2045
  span 2059 2063
  td 2066 2068
  tr 2100 2102
  tr 2133 2135
  td 2170 2172
  td 2181 2183
  td 2218 2220
  span 2249 2253
  span 2269 2273
  td 2276 2278
  tr 2310 2312
  tr 2343 2345
  td 2380 2382
  td 2419 2421
  td 2456 2458
  span 2507 2511
  span 2525 2529
  td 2532 2534
  tr 2566 2568
  table 2596 2601
  div 2625 2628
  div 2651 2654
  p 2710 2711
  b 2713 2714
  b 2730 2731
  p 2751 2752
  div 2776 2779
  div 2799 2802
  section 2818 2825
  section 2837 2844
  section 2855 2862
  span 2905 2909
  span 2913 2917
  div 2932 2935
  h2 2954 2956
  h2 2995 2997
  p 3016 3017
  p 3020 3021
  div 3037 3040
  section 3055 3062
  article 3114 3121
article is a "html tag"
styles.css has 28 symbols
  6:0    [5] :root
  23:0    [5] *
  29:0    [5] html
  34:0    [5] header
  46:0    [5] .header--logo
  54:0    [5] .header--title-container
  64:0    [5] .header--title-container h1
  71:0    [5] .header--title-container p
  79:0    [5] .header--title-container .header--button
  99:0    [5] .header--button span
  107:0    [5] main
  113:0    [5] .main-exchange-container
  121:0    [5] .main-exchange-container--title
  128:0    [5] .main-exchange-container .backgroundImg
  139:0    [5] .main-exchange-container h2
  147:0    [5] .main-exchange-container p
  155:0    [5] .main-currency-table
  164:0    [5] .main-currency-table .currency-table--title
  173:0    [5] .currency-table--container
  181:0    [5] .currency-table--container table
  186:0    [5] .currency-table--container td
  196:0    [5] .currency-table--container .table__top-left
  200:0    [5] .currency-table--container .table__top-right
  204:0    [5] .currency-table--container .table__bottom-left
  208:0    [5] .currency-table--container .table__bottom-right
  212:0    [5] .currency-table--container .table__right
  220:0    [5] .currency-table--container .down
  231:0    [5] .currency-table--container .up
styles.css has 1 symbols
  0:0    [5] body
styles.scss has 4 symbols
  2:0    [5] :root
  6:0    [5] body
  10:0    [5] h1
  14:0    [5] p
1.2.%20style.css has 24 symbols
  0:0    [5] :root
  51:0    [5] body
  55:0    [5] *
  61:0    [5] html
  67:0    [5] .login
  75:0    [5] .form-container
  83:0    [5] .logo
  93:0    [5] .form
  101:0    [5] .form a
  115:0    [5] .label
  122:0    [5] .input
  136:0    [5] .input-email
  140:0    [5] .primary-button
  163:0    [5] .secondary-button
  185:0    [5] .login-button
  194:0    [5] .title
  203:0    [5] .subtitle
  217:0    [2] @media (max-width: 640px)
  218:4    [5] .logo
  227:0    [5] .main-container
  233:0    [5] .main-container--aside__header
  239:0    [5] .main-container--aside
  245:0    [5] .main-container--aside__list
  249:0    [5] .main-container--aside__list-iconSales
1.1.%20style.css has 8 symbols
  0:0    [5] :root
  47:0    [5] body
  51:0    [5] .menuCSS3 ul
  57:0    [5] .menuCSS3 a
  64:0    [5] .menuCSS3 a:hover
  67:0    [5] .menuCSS3 ul li ul
  70:0    [5] .menuCSS3 ul li a:hover + ul
  70:0    [5] .menuCSS3 ul li ul:hover
styles.css has 77 symbols
  1:0    [5] :root
  12:0    [5] body
  17:0    [5] .inactive
  23:0    [5] nav
  30:0    [5] .menu
  34:0    [5] .logo
  38:0    [5] .navbar-left ul
  38:0    [5] .navbar-right ul
  48:0    [5] .navbar-left
  52:0    [5] .navbar-left ul
  56:0    [5] .navbar-left ul li a
  56:0    [5] .navbar-right ul li a
  65:0    [5] .navbar-left ul li a:hover
  65:0    [5] .navbar-right ul li a:hover
  71:0    [5] .navbar-email
  78:0    [5] .navbar-shopping-cart
  82:0    [5] .navbar-shopping-cart div
  98:0    [5] .desktop-menu
  110:0    [5] .desktop-menu ul
  116:0    [5] .desktop-menu ul li
  120:0    [5] .desktop-menu ul li:nth-child(1)
  120:0    [5] .desktop-menu ul li:nth-child(2)
  125:0    [5] .desktop-menu ul li:last-child
  130:0    [5] .desktop-menu ul li:last-child a
  135:0    [5] .desktop-menu ul li a
  143:0    [5] .mobile-menu
  152:0    [5] .mobile-menu a
  159:0    [5] .mobile-menu ul
  165:0    [5] .mobile-menu ul:nth-child(1)
  169:0    [5] .mobile-menu ul li
  173:0    [5] .email
  178:0    [5] .sign-out
  186:0    [5] .aside
  194:0    [5] .title-container
  198:0    [5] .title-container img
  203:0    [5] .title
  208:0    [5] .order
  219:0    [5] .order p:nth-child(1)
  224:0    [5] .order p span:nth-child(1)
  229:0    [5] .order p:nth-child(2)
  234:0    [5] .shopping-cart
  242:0    [5] .shopping-cart figure
  246:0    [5] .shopping-cart figure img
  253:0    [5] .shopping-cart p:nth-child(2)
  257:0    [5] .shopping-cart p:nth-child(3)
  262:0    [5] .primary-button
  276:0    [5] #shoppingCartContainer
  280:0    [5] .cards-container
  288:0    [5] .product-card
  292:0    [5] .product-card img
  300:0    [5] .product-card .product-info
  307:0    [5] .product-card .product-info figure
  311:0    [5] .product-card .product-info figure img
  316:0    [5] .product-card .product-info div p:nth-child(1)
  323:0    [5] .product-card .product-info div p:nth-child(2)
  333:0    [5] #productDetail
  340:0    [5] .productDetail-close
  352:0    [5] .productDetail-close:hover
  356:0    [5] #productDetail>img:nth-child(2)
  365:0    [5] #productDetail .product-info
  369:0    [5] #productDetail .product-info p:nth-child(1)
  376:0    [5] #productDetail .product-info p:nth-child(2)
  383:0    [5] #productDetail .product-info p:nth-child(3)
  391:0    [5] .primary-button
  403:0    [5] .add-to-cart-button
  409:0    [2] @media (max-width: 640px)
  410:4    [5] .menu
  414:4    [5] .navbar-left ul
  418:4    [5] .navbar-email
  422:4    [5] .desktop-menu
  426:4    [5] .aside
  430:4    [5] .cards-container
  434:4    [5] .product-card
  438:4    [5] .product-card img
  443:4    [5] .aside
  449:0    [2] @media (min-width: 640px)
  450:4    [5] .mobile-menu
styles.css has 12 symbols
  6:0    [5] :root
  22:0    [5] *
  28:0    [5] html
  33:0    [5] header
  45:0    [5] .header--logo
  53:0    [5] .header--title-container
  63:0    [5] .header--title-container h1
  70:0    [5] .header--title-container p
  78:0    [5] .header--title-container .header--button
  98:0    [5] .header--button span
  106:0    [5] main
  112:0    [5] .main-exchange-container
estilos-index.css has 9 symbols
  0:0    [5] body
  10:0    [5] #cabecera
  20:0    [5] #cabecera #logo
  25:0    [5] #cabecera #tagline
  34:0    [5] #container
  42:0    [5] #container h1
  47:0    [5] #post #perrito
  56:0    [5] #post
  61:0    [5] #post #footer
[Server(511) Projects/] Document changed: index.html
[Server(511) Projects/] Document changed: index.html
[Server(511) Projects/] Document changed: index.html
[Server(511) Projects/] Document changed: index.html
[Server(511) Projects/] Document changed: index.html
[Server(511) Projects/] Document changed: index.html
[Server(511) Projects/] Document changed: index.html
[Server(511) Projects/] Document changed: index.html
[Server(511) Projects/] Document changed: index.html
[Server(511) Projects/] Document changed: index.html
[Server(511) Projects/] Document changed: index.html
[Server(511) Projects/] Document changed: index.html
[Server(511) Projects/] Document changed: index.html
[Server(511) Projects/] Document changed: index.html
[Server(511) Projects/] Document changed: index.html
[Server(511) Projects/] Document changed: index.html
[Server(511) Projects/] Document changed: index.html
[Server(511) Projects/] Document changed: index.html
[Server(511) Projects/] Document changed: index.html
[Server(511) Projects/] Document changed: index.html
[Server(511) Projects/] Document changed: index.html
[Server(511) Projects/] Document changed: index.html
[Server(511) Projects/] Document changed: index.html
[Server(511) Projects/] Document changed: index.html
[Server(511) Projects/] Document changed: index.html
[Server(511) Projects/] Document changed: index.html
[Server(511) Projects/] Document changed: index.html
[Server(511) Projects/] Document changed: index.html
[Server(511) Projects/] Document changed: index.html
[Server(511) Projects/] Document changed: index.html
[Server(511) Projects/] Document changed: index.html
[Server(511) Projects/] Document changed: index.html
[Server(511) Projects/] Document changed: index.html
[Server(511) Projects/] Document changed: index.html
[Server(511) Projects/] Document changed: index.html
[Server(511) Projects/] Document changed: index.html
span 2949
  html 17 21
  head 34 38
  meta 45 49
  meta 72 76
  meta 130 134
  title 205 210
  title 228 233
  link 240 244
  link 304 308
  link 377 381
  link 517 521
  head 562 566
  body 569 573
  header 580 586
  img 597 600
  div 660 663
  h1 710 712
  h1 772 774
  p 789 790
  p 862 863
  a 878 879
  span 935 939
  span 942 946
  a 949 950
  div 962 965
  header 973 979
  main 986 990
  section 1001 1008
  div 1055 1058
  div 1113 1116
  div 1131 1134
  h2 1192 1194
  h2 1237 1239
  p 1258 1259
  p 1360 1361
  div 1377 1380
  section 1395 1402
  div 1451 1454
  p 1505 1506
  p 1546 1547
  div 1570 1573
  table 1634 1639
  tr 1670 1672
  td 1707 1709
  td 1743 1745
  td 1780 1782
  span 1828 1832
  span 1848 1852
  td 1855 1857
  tr 1889 1891
  tr 1922 1924
  td 1959 1961
  td 1972 1974
  td 2009 2011
  span 2041 2045
  span 2059 2063
  td 2066 2068
  tr 2100 2102
  tr 2133 2135
  td 2170 2172
  td 2181 2183
  td 2218 2220
  span 2249 2253
  span 2269 2273
  td 2276 2278
  tr 2310 2312
  tr 2343 2345
  td 2380 2382
  td 2419 2421
  td 2456 2458
  span 2507 2511
  span 2525 2529
  td 2532 2534
  tr 2566 2568
  table 2596 2601
  div 2625 2628
  div 2651 2654
  p 2710 2711
  b 2713 2714
  b 2730 2731
  p 2751 2752
  div 2776 2779
  div 2799 2802
  section 2818 2825
  section 2837 2844
  section 2855 2862
  span 2905 2909
  span 2949 2953
span is a "html tag"
styles.css has 28 symbols
  6:0    [5] :root
  23:0    [5] *
  29:0    [5] html
  34:0    [5] header
  46:0    [5] .header--logo
  54:0    [5] .header--title-container
  64:0    [5] .header--title-container h1
  71:0    [5] .header--title-container p
  79:0    [5] .header--title-container .header--button
  99:0    [5] .header--button span
  107:0    [5] main
  113:0    [5] .main-exchange-container
  121:0    [5] .main-exchange-container--title
  128:0    [5] .main-exchange-container .backgroundImg
  139:0    [5] .main-exchange-container h2
  147:0    [5] .main-exchange-container p
  155:0    [5] .main-currency-table
  164:0    [5] .main-currency-table .currency-table--title
  173:0    [5] .currency-table--container
  181:0    [5] .currency-table--container table
  186:0    [5] .currency-table--container td
  196:0    [5] .currency-table--container .table__top-left
  200:0    [5] .currency-table--container .table__top-right
  204:0    [5] .currency-table--container .table__bottom-left
  208:0    [5] .currency-table--container .table__bottom-right
  212:0    [5] .currency-table--container .table__right
  220:0    [5] .currency-table--container .down
  231:0    [5] .currency-table--container .up
styles.css has 1 symbols
  0:0    [5] body
styles.scss has 4 symbols
  2:0    [5] :root
  6:0    [5] body
  10:0    [5] h1
  14:0    [5] p
1.2.%20style.css has 24 symbols
  0:0    [5] :root
  51:0    [5] body
  55:0    [5] *
  61:0    [5] html
  67:0    [5] .login
  75:0    [5] .form-container
  83:0    [5] .logo
  93:0    [5] .form
  101:0    [5] .form a
  115:0    [5] .label
  122:0    [5] .input
  136:0    [5] .input-email
  140:0    [5] .primary-button
  163:0    [5] .secondary-button
  185:0    [5] .login-button
  194:0    [5] .title
  203:0    [5] .subtitle
  217:0    [2] @media (max-width: 640px)
  218:4    [5] .logo
  227:0    [5] .main-container
  233:0    [5] .main-container--aside__header
  239:0    [5] .main-container--aside
  245:0    [5] .main-container--aside__list
  249:0    [5] .main-container--aside__list-iconSales
1.1.%20style.css has 8 symbols
  0:0    [5] :root
  47:0    [5] body
  51:0    [5] .menuCSS3 ul
  57:0    [5] .menuCSS3 a
  64:0    [5] .menuCSS3 a:hover
  67:0    [5] .menuCSS3 ul li ul
  70:0    [5] .menuCSS3 ul li a:hover + ul
  70:0    [5] .menuCSS3 ul li ul:hover
styles.css has 77 symbols
  1:0    [5] :root
  12:0    [5] body
  17:0    [5] .inactive
  23:0    [5] nav
  30:0    [5] .menu
  34:0    [5] .logo
  38:0    [5] .navbar-left ul
  38:0    [5] .navbar-right ul
  48:0    [5] .navbar-left
  52:0    [5] .navbar-left ul
  56:0    [5] .navbar-left ul li a
  56:0    [5] .navbar-right ul li a
  65:0    [5] .navbar-left ul li a:hover
  65:0    [5] .navbar-right ul li a:hover
  71:0    [5] .navbar-email
  78:0    [5] .navbar-shopping-cart
  82:0    [5] .navbar-shopping-cart div
  98:0    [5] .desktop-menu
  110:0    [5] .desktop-menu ul
  116:0    [5] .desktop-menu ul li
  120:0    [5] .desktop-menu ul li:nth-child(1)
  120:0    [5] .desktop-menu ul li:nth-child(2)
  125:0    [5] .desktop-menu ul li:last-child
  130:0    [5] .desktop-menu ul li:last-child a
  135:0    [5] .desktop-menu ul li a
  143:0    [5] .mobile-menu
  152:0    [5] .mobile-menu a
  159:0    [5] .mobile-menu ul
  165:0    [5] .mobile-menu ul:nth-child(1)
  169:0    [5] .mobile-menu ul li
  173:0    [5] .email
  178:0    [5] .sign-out
  186:0    [5] .aside
  194:0    [5] .title-container
  198:0    [5] .title-container img
  203:0    [5] .title
  208:0    [5] .order
  219:0    [5] .order p:nth-child(1)
  224:0    [5] .order p span:nth-child(1)
  229:0    [5] .order p:nth-child(2)
  234:0    [5] .shopping-cart
  242:0    [5] .shopping-cart figure
  246:0    [5] .shopping-cart figure img
  253:0    [5] .shopping-cart p:nth-child(2)
  257:0    [5] .shopping-cart p:nth-child(3)
  262:0    [5] .primary-button
  276:0    [5] #shoppingCartContainer
  280:0    [5] .cards-container
  288:0    [5] .product-card
  292:0    [5] .product-card img
  300:0    [5] .product-card .product-info
  307:0    [5] .product-card .product-info figure
  311:0    [5] .product-card .product-info figure img
  316:0    [5] .product-card .product-info div p:nth-child(1)
  323:0    [5] .product-card .product-info div p:nth-child(2)
  333:0    [5] #productDetail
  340:0    [5] .productDetail-close
  352:0    [5] .productDetail-close:hover
  356:0    [5] #productDetail>img:nth-child(2)
  365:0    [5] #productDetail .product-info
  369:0    [5] #productDetail .product-info p:nth-child(1)
  376:0    [5] #productDetail .product-info p:nth-child(2)
  383:0    [5] #productDetail .product-info p:nth-child(3)
  391:0    [5] .primary-button
  403:0    [5] .add-to-cart-button
  409:0    [2] @media (max-width: 640px)
  410:4    [5] .menu
  414:4    [5] .navbar-left ul
  418:4    [5] .navbar-email
  422:4    [5] .desktop-menu
  426:4    [5] .aside
  430:4    [5] .cards-container
  434:4    [5] .product-card
  438:4    [5] .product-card img
  443:4    [5] .aside
  449:0    [2] @media (min-width: 640px)
  450:4    [5] .mobile-menu
styles.css has 12 symbols
  6:0    [5] :root
  22:0    [5] *
  28:0    [5] html
  33:0    [5] header
  45:0    [5] .header--logo
  53:0    [5] .header--title-container
  63:0    [5] .header--title-container h1
  70:0    [5] .header--title-container p
  78:0    [5] .header--title-container .header--button
  98:0    [5] .header--button span
  106:0    [5] main
  112:0    [5] .main-exchange-container
estilos-index.css has 9 symbols
  0:0    [5] body
  10:0    [5] #cabecera
  20:0    [5] #cabecera #logo
  25:0    [5] #cabecera #tagline
  34:0    [5] #container
  42:0    [5] #container h1
  47:0    [5] #post #perrito
  56:0    [5] #post
  61:0    [5] #post #footer
product-detail--batata-logo 2917
  html 17 21
  head 34 38
  meta 45 49
  meta 72 76
  meta 130 134
  title 205 210
  title 228 233
  link 240 244
  link 304 308
  link 377 381
  link 517 521
  head 562 566
  body 569 573
  header 580 586
  img 597 600
  div 660 663
  h1 710 712
  h1 772 774
  p 789 790
  p 862 863
  a 878 879
  span 935 939
  span 942 946
  a 949 950
  div 962 965
  header 973 979
  main 986 990
  section 1001 1008
  div 1055 1058
  div 1113 1116
  div 1131 1134
  h2 1192 1194
  h2 1237 1239
  p 1258 1259
  p 1360 1361
  div 1377 1380
  section 1395 1402
  div 1451 1454
  p 1505 1506
  p 1546 1547
  div 1570 1573
  table 1634 1639
  tr 1670 1672
  td 1707 1709
  td 1743 1745
  td 1780 1782
  span 1828 1832
  span 1848 1852
  td 1855 1857
  tr 1889 1891
  tr 1922 1924
  td 1959 1961
  td 1972 1974
  td 2009 2011
  span 2041 2045
  span 2059 2063
  td 2066 2068
  tr 2100 2102
  tr 2133 2135
  td 2170 2172
  td 2181 2183
  td 2218 2220
  span 2249 2253
  span 2269 2273
  td 2276 2278
  tr 2310 2312
  tr 2343 2345
  td 2380 2382
  td 2419 2421
  td 2456 2458
  span 2507 2511
  span 2525 2529
  td 2532 2534
  tr 2566 2568
  table 2596 2601
  div 2625 2628
  div 2651 2654
  p 2710 2711
  b 2713 2714
  b 2730 2731
  p 2751 2752
  div 2776 2779
  div 2799 2802
  section 2818 2825
  section 2837 2844
  section 2855 2862
  span 2905 2909
product-detail--batata-logo is a "class"
styles.css has 28 symbols
  6:0    [5] :root
  23:0    [5] *
  29:0    [5] html
  34:0    [5] header
  46:0    [5] .header--logo
  54:0    [5] .header--title-container
  64:0    [5] .header--title-container h1
  71:0    [5] .header--title-container p
  79:0    [5] .header--title-container .header--button
  99:0    [5] .header--button span
  107:0    [5] main
  113:0    [5] .main-exchange-container
  121:0    [5] .main-exchange-container--title
  128:0    [5] .main-exchange-container .backgroundImg
  139:0    [5] .main-exchange-container h2
  147:0    [5] .main-exchange-container p
  155:0    [5] .main-currency-table
  164:0    [5] .main-currency-table .currency-table--title
  173:0    [5] .currency-table--container
  181:0    [5] .currency-table--container table
  186:0    [5] .currency-table--container td
  196:0    [5] .currency-table--container .table__top-left
  200:0    [5] .currency-table--container .table__top-right
  204:0    [5] .currency-table--container .table__bottom-left
  208:0    [5] .currency-table--container .table__bottom-right
  212:0    [5] .currency-table--container .table__right
  220:0    [5] .currency-table--container .down
  231:0    [5] .currency-table--container .up
styles.css has 1 symbols
  0:0    [5] body
styles.scss has 4 symbols
  2:0    [5] :root
  6:0    [5] body
  10:0    [5] h1
  14:0    [5] p
1.2.%20style.css has 24 symbols
  0:0    [5] :root
  51:0    [5] body
  55:0    [5] *
  61:0    [5] html
  67:0    [5] .login
  75:0    [5] .form-container
  83:0    [5] .logo
  93:0    [5] .form
  101:0    [5] .form a
  115:0    [5] .label
  122:0    [5] .input
  136:0    [5] .input-email
  140:0    [5] .primary-button
  163:0    [5] .secondary-button
  185:0    [5] .login-button
  194:0    [5] .title
  203:0    [5] .subtitle
  217:0    [2] @media (max-width: 640px)
  218:4    [5] .logo
  227:0    [5] .main-container
  233:0    [5] .main-container--aside__header
  239:0    [5] .main-container--aside
  245:0    [5] .main-container--aside__list
  249:0    [5] .main-container--aside__list-iconSales
1.1.%20style.css has 8 symbols
  0:0    [5] :root
  47:0    [5] body
  51:0    [5] .menuCSS3 ul
  57:0    [5] .menuCSS3 a
  64:0    [5] .menuCSS3 a:hover
  67:0    [5] .menuCSS3 ul li ul
  70:0    [5] .menuCSS3 ul li a:hover + ul
  70:0    [5] .menuCSS3 ul li ul:hover
styles.css has 77 symbols
  1:0    [5] :root
  12:0    [5] body
  17:0    [5] .inactive
  23:0    [5] nav
  30:0    [5] .menu
  34:0    [5] .logo
  38:0    [5] .navbar-left ul
  38:0    [5] .navbar-right ul
  48:0    [5] .navbar-left
  52:0    [5] .navbar-left ul
  56:0    [5] .navbar-left ul li a
  56:0    [5] .navbar-right ul li a
  65:0    [5] .navbar-left ul li a:hover
  65:0    [5] .navbar-right ul li a:hover
  71:0    [5] .navbar-email
  78:0    [5] .navbar-shopping-cart
  82:0    [5] .navbar-shopping-cart div
  98:0    [5] .desktop-menu
  110:0    [5] .desktop-menu ul
  116:0    [5] .desktop-menu ul li
  120:0    [5] .desktop-menu ul li:nth-child(1)
  120:0    [5] .desktop-menu ul li:nth-child(2)
  125:0    [5] .desktop-menu ul li:last-child
  130:0    [5] .desktop-menu ul li:last-child a
  135:0    [5] .desktop-menu ul li a
  143:0    [5] .mobile-menu
  152:0    [5] .mobile-menu a
  159:0    [5] .mobile-menu ul
  165:0    [5] .mobile-menu ul:nth-child(1)
  169:0    [5] .mobile-menu ul li
  173:0    [5] .email
  178:0    [5] .sign-out
  186:0    [5] .aside
  194:0    [5] .title-container
  198:0    [5] .title-container img
  203:0    [5] .title
  208:0    [5] .order
  219:0    [5] .order p:nth-child(1)
  224:0    [5] .order p span:nth-child(1)
  229:0    [5] .order p:nth-child(2)
  234:0    [5] .shopping-cart
  242:0    [5] .shopping-cart figure
  246:0    [5] .shopping-cart figure img
  253:0    [5] .shopping-cart p:nth-child(2)
  257:0    [5] .shopping-cart p:nth-child(3)
  262:0    [5] .primary-button
  276:0    [5] #shoppingCartContainer
  280:0    [5] .cards-container
  288:0    [5] .product-card
  292:0    [5] .product-card img
  300:0    [5] .product-card .product-info
  307:0    [5] .product-card .product-info figure
  311:0    [5] .product-card .product-info figure img
  316:0    [5] .product-card .product-info div p:nth-child(1)
  323:0    [5] .product-card .product-info div p:nth-child(2)
  333:0    [5] #productDetail
  340:0    [5] .productDetail-close
  352:0    [5] .productDetail-close:hover
  356:0    [5] #productDetail>img:nth-child(2)
  365:0    [5] #productDetail .product-info
  369:0    [5] #productDetail .product-info p:nth-child(1)
  376:0    [5] #productDetail .product-info p:nth-child(2)
  383:0    [5] #productDetail .product-info p:nth-child(3)
  391:0    [5] .primary-button
  403:0    [5] .add-to-cart-button
  409:0    [2] @media (max-width: 640px)
  410:4    [5] .menu
  414:4    [5] .navbar-left ul
  418:4    [5] .navbar-email
  422:4    [5] .desktop-menu
  426:4    [5] .aside
  430:4    [5] .cards-container
  434:4    [5] .product-card
  438:4    [5] .product-card img
  443:4    [5] .aside
  449:0    [2] @media (min-width: 640px)
  450:4    [5] .mobile-menu
styles.css has 12 symbols
  6:0    [5] :root
  22:0    [5] *
  28:0    [5] html
  33:0    [5] header
  45:0    [5] .header--logo
  53:0    [5] .header--title-container
  63:0    [5] .header--title-container h1
  70:0    [5] .header--title-container p
  78:0    [5] .header--title-container .header--button
  98:0    [5] .header--button span
  106:0    [5] main
  112:0    [5] .main-exchange-container
estilos-index.css has 9 symbols
  0:0    [5] body
  10:0    [5] #cabecera
  20:0    [5] #cabecera #logo
  25:0    [5] #cabecera #tagline
  34:0    [5] #container
  42:0    [5] #container h1
  47:0    [5] #post #perrito
  56:0    [5] #post
  61:0    [5] #post #footer
product-detail--batata-logo 2917
  html 17 21
  head 34 38
  meta 45 49
  meta 72 76
  meta 130 134
  title 205 210
  title 228 233
  link 240 244
  link 304 308
  link 377 381
  link 517 521
  head 562 566
  body 569 573
  header 580 586
  img 597 600
  div 660 663
  h1 710 712
  h1 772 774
  p 789 790
  p 862 863
  a 878 879
  span 935 939
  span 942 946
  a 949 950
  div 962 965
  header 973 979
  main 986 990
  section 1001 1008
  div 1055 1058
  div 1113 1116
  div 1131 1134
  h2 1192 1194
  h2 1237 1239
  p 1258 1259
  p 1360 1361
  div 1377 1380
  section 1395 1402
  div 1451 1454
  p 1505 1506
  p 1546 1547
  div 1570 1573
  table 1634 1639
  tr 1670 1672
  td 1707 1709
  td 1743 1745
  td 1780 1782
  span 1828 1832
  span 1848 1852
  td 1855 1857
  tr 1889 1891
  tr 1922 1924
  td 1959 1961
  td 1972 1974
  td 2009 2011
  span 2041 2045
  span 2059 2063
  td 2066 2068
  tr 2100 2102
  tr 2133 2135
  td 2170 2172
  td 2181 2183
  td 2218 2220
  span 2249 2253
  span 2269 2273
  td 2276 2278
  tr 2310 2312
  tr 2343 2345
  td 2380 2382
  td 2419 2421
  td 2456 2458
  span 2507 2511
  span 2525 2529
  td 2532 2534
  tr 2566 2568
  table 2596 2601
  div 2625 2628
  div 2651 2654
  p 2710 2711
  b 2713 2714
  b 2730 2731
  p 2751 2752
  div 2776 2779
  div 2799 2802
  section 2818 2825
  section 2837 2844
  section 2855 2862
  span 2905 2909
product-detail--batata-logo is a "class"
styles.css has 28 symbols
  6:0    [5] :root
  23:0    [5] *
  29:0    [5] html
  34:0    [5] header
  46:0    [5] .header--logo
  54:0    [5] .header--title-container
  64:0    [5] .header--title-container h1
  71:0    [5] .header--title-container p
  79:0    [5] .header--title-container .header--button
  99:0    [5] .header--button span
  107:0    [5] main
  113:0    [5] .main-exchange-container
  121:0    [5] .main-exchange-container--title
  128:0    [5] .main-exchange-container .backgroundImg
  139:0    [5] .main-exchange-container h2
  147:0    [5] .main-exchange-container p
  155:0    [5] .main-currency-table
  164:0    [5] .main-currency-table .currency-table--title
  173:0    [5] .currency-table--container
  181:0    [5] .currency-table--container table
  186:0    [5] .currency-table--container td
  196:0    [5] .currency-table--container .table__top-left
  200:0    [5] .currency-table--container .table__top-right
  204:0    [5] .currency-table--container .table__bottom-left
  208:0    [5] .currency-table--container .table__bottom-right
  212:0    [5] .currency-table--container .table__right
  220:0    [5] .currency-table--container .down
  231:0    [5] .currency-table--container .up
styles.css has 1 symbols
  0:0    [5] body
styles.scss has 4 symbols
  2:0    [5] :root
  6:0    [5] body
  10:0    [5] h1
  14:0    [5] p
1.2.%20style.css has 24 symbols
  0:0    [5] :root
  51:0    [5] body
  55:0    [5] *
  61:0    [5] html
  67:0    [5] .login
  75:0    [5] .form-container
  83:0    [5] .logo
  93:0    [5] .form
  101:0    [5] .form a
  115:0    [5] .label
  122:0    [5] .input
  136:0    [5] .input-email
  140:0    [5] .primary-button
  163:0    [5] .secondary-button
  185:0    [5] .login-button
  194:0    [5] .title
  203:0    [5] .subtitle
  217:0    [2] @media (max-width: 640px)
  218:4    [5] .logo
  227:0    [5] .main-container
  233:0    [5] .main-container--aside__header
  239:0    [5] .main-container--aside
  245:0    [5] .main-container--aside__list
  249:0    [5] .main-container--aside__list-iconSales
1.1.%20style.css has 8 symbols
  0:0    [5] :root
  47:0    [5] body
  51:0    [5] .menuCSS3 ul
  57:0    [5] .menuCSS3 a
  64:0    [5] .menuCSS3 a:hover
  67:0    [5] .menuCSS3 ul li ul
  70:0    [5] .menuCSS3 ul li a:hover + ul
  70:0    [5] .menuCSS3 ul li ul:hover
styles.css has 77 symbols
  1:0    [5] :root
  12:0    [5] body
  17:0    [5] .inactive
  23:0    [5] nav
  30:0    [5] .menu
  34:0    [5] .logo
  38:0    [5] .navbar-left ul
  38:0    [5] .navbar-right ul
  48:0    [5] .navbar-left
  52:0    [5] .navbar-left ul
  56:0    [5] .navbar-left ul li a
  56:0    [5] .navbar-right ul li a
  65:0    [5] .navbar-left ul li a:hover
  65:0    [5] .navbar-right ul li a:hover
  71:0    [5] .navbar-email
  78:0    [5] .navbar-shopping-cart
  82:0    [5] .navbar-shopping-cart div
  98:0    [5] .desktop-menu
  110:0    [5] .desktop-menu ul
  116:0    [5] .desktop-menu ul li
  120:0    [5] .desktop-menu ul li:nth-child(1)
  120:0    [5] .desktop-menu ul li:nth-child(2)
  125:0    [5] .desktop-menu ul li:last-child
  130:0    [5] .desktop-menu ul li:last-child a
  135:0    [5] .desktop-menu ul li a
  143:0    [5] .mobile-menu
  152:0    [5] .mobile-menu a
  159:0    [5] .mobile-menu ul
  165:0    [5] .mobile-menu ul:nth-child(1)
  169:0    [5] .mobile-menu ul li
  173:0    [5] .email
  178:0    [5] .sign-out
  186:0    [5] .aside
  194:0    [5] .title-container
  198:0    [5] .title-container img
  203:0    [5] .title
  208:0    [5] .order
  219:0    [5] .order p:nth-child(1)
  224:0    [5] .order p span:nth-child(1)
  229:0    [5] .order p:nth-child(2)
  234:0    [5] .shopping-cart
  242:0    [5] .shopping-cart figure
  246:0    [5] .shopping-cart figure img
  253:0    [5] .shopping-cart p:nth-child(2)
  257:0    [5] .shopping-cart p:nth-child(3)
  262:0    [5] .primary-button
  276:0    [5] #shoppingCartContainer
  280:0    [5] .cards-container
  288:0    [5] .product-card
  292:0    [5] .product-card img
  300:0    [5] .product-card .product-info
  307:0    [5] .product-card .product-info figure
  311:0    [5] .product-card .product-info figure img
  316:0    [5] .product-card .product-info div p:nth-child(1)
  323:0    [5] .product-card .product-info div p:nth-child(2)
  333:0    [5] #productDetail
  340:0    [5] .productDetail-close
  352:0    [5] .productDetail-close:hover
  356:0    [5] #productDetail>img:nth-child(2)
  365:0    [5] #productDetail .product-info
  369:0    [5] #productDetail .product-info p:nth-child(1)
  376:0    [5] #productDetail .product-info p:nth-child(2)
  383:0    [5] #productDetail .product-info p:nth-child(3)
  391:0    [5] .primary-button
  403:0    [5] .add-to-cart-button
  409:0    [2] @media (max-width: 640px)
  410:4    [5] .menu
  414:4    [5] .navbar-left ul
  418:4    [5] .navbar-email
  422:4    [5] .desktop-menu
  426:4    [5] .aside
  430:4    [5] .cards-container
  434:4    [5] .product-card
  438:4    [5] .product-card img
  443:4    [5] .aside
  449:0    [2] @media (min-width: 640px)
  450:4    [5] .mobile-menu
styles.css has 12 symbols
  6:0    [5] :root
  22:0    [5] *
  28:0    [5] html
  33:0    [5] header
  45:0    [5] .header--logo
  53:0    [5] .header--title-container
  63:0    [5] .header--title-container h1
  70:0    [5] .header--title-container p
  78:0    [5] .header--title-container .header--button
  98:0    [5] .header--button span
  106:0    [5] main
  112:0    [5] .main-exchange-container
estilos-index.css has 9 symbols
  0:0    [5] body
  10:0    [5] #cabecera
  20:0    [5] #cabecera #logo
  25:0    [5] #cabecera #tagline
  34:0    [5] #container
  42:0    [5] #container h1
  47:0    [5] #post #perrito
  56:0    [5] #post
  61:0    [5] #post #footer
main-product-detail 2870
  html 17 21
  head 34 38
  meta 45 49
  meta 72 76
  meta 130 134
  title 205 210
  title 228 233
  link 240 244
  link 304 308
  link 377 381
  link 517 521
  head 562 566
  body 569 573
  header 580 586
  img 597 600
  div 660 663
  h1 710 712
  h1 772 774
  p 789 790
  p 862 863
  a 878 879
  span 935 939
  span 942 946
  a 949 950
  div 962 965
  header 973 979
  main 986 990
  section 1001 1008
  div 1055 1058
  div 1113 1116
  div 1131 1134
  h2 1192 1194
  h2 1237 1239
  p 1258 1259
  p 1360 1361
  div 1377 1380
  section 1395 1402
  div 1451 1454
  p 1505 1506
  p 1546 1547
  div 1570 1573
  table 1634 1639
  tr 1670 1672
  td 1707 1709
  td 1743 1745
  td 1780 1782
  span 1828 1832
  span 1848 1852
  td 1855 1857
  tr 1889 1891
  tr 1922 1924
  td 1959 1961
  td 1972 1974
  td 2009 2011
  span 2041 2045
  span 2059 2063
  td 2066 2068
  tr 2100 2102
  tr 2133 2135
  td 2170 2172
  td 2181 2183
  td 2218 2220
  span 2249 2253
  span 2269 2273
  td 2276 2278
  tr 2310 2312
  tr 2343 2345
  td 2380 2382
  td 2419 2421
  td 2456 2458
  span 2507 2511
  span 2525 2529
  td 2532 2534
  tr 2566 2568
  table 2596 2601
  div 2625 2628
  div 2651 2654
  p 2710 2711
  b 2713 2714
  b 2730 2731
  p 2751 2752
  div 2776 2779
  div 2799 2802
  section 2818 2825
  section 2837 2844
  section 2855 2862
main-product-detail is a "class"
styles.css has 28 symbols
  6:0    [5] :root
  23:0    [5] *
  29:0    [5] html
  34:0    [5] header
  46:0    [5] .header--logo
  54:0    [5] .header--title-container
  64:0    [5] .header--title-container h1
  71:0    [5] .header--title-container p
  79:0    [5] .header--title-container .header--button
  99:0    [5] .header--button span
  107:0    [5] main
  113:0    [5] .main-exchange-container
  121:0    [5] .main-exchange-container--title
  128:0    [5] .main-exchange-container .backgroundImg
  139:0    [5] .main-exchange-container h2
  147:0    [5] .main-exchange-container p
  155:0    [5] .main-currency-table
  164:0    [5] .main-currency-table .currency-table--title
  173:0    [5] .currency-table--container
  181:0    [5] .currency-table--container table
  186:0    [5] .currency-table--container td
  196:0    [5] .currency-table--container .table__top-left
  200:0    [5] .currency-table--container .table__top-right
  204:0    [5] .currency-table--container .table__bottom-left
  208:0    [5] .currency-table--container .table__bottom-right
  212:0    [5] .currency-table--container .table__right
  220:0    [5] .currency-table--container .down
  231:0    [5] .currency-table--container .up
styles.css has 1 symbols
  0:0    [5] body
styles.scss has 4 symbols
  2:0    [5] :root
  6:0    [5] body
  10:0    [5] h1
  14:0    [5] p
1.2.%20style.css has 24 symbols
  0:0    [5] :root
  51:0    [5] body
  55:0    [5] *
  61:0    [5] html
  67:0    [5] .login
  75:0    [5] .form-container
  83:0    [5] .logo
  93:0    [5] .form
  101:0    [5] .form a
  115:0    [5] .label
  122:0    [5] .input
  136:0    [5] .input-email
  140:0    [5] .primary-button
  163:0    [5] .secondary-button
  185:0    [5] .login-button
  194:0    [5] .title
  203:0    [5] .subtitle
  217:0    [2] @media (max-width: 640px)
  218:4    [5] .logo
  227:0    [5] .main-container
  233:0    [5] .main-container--aside__header
  239:0    [5] .main-container--aside
  245:0    [5] .main-container--aside__list
  249:0    [5] .main-container--aside__list-iconSales
1.1.%20style.css has 8 symbols
  0:0    [5] :root
  47:0    [5] body
  51:0    [5] .menuCSS3 ul
  57:0    [5] .menuCSS3 a
  64:0    [5] .menuCSS3 a:hover
  67:0    [5] .menuCSS3 ul li ul
  70:0    [5] .menuCSS3 ul li a:hover + ul
  70:0    [5] .menuCSS3 ul li ul:hover
styles.css has 77 symbols
  1:0    [5] :root
  12:0    [5] body
  17:0    [5] .inactive
  23:0    [5] nav
  30:0    [5] .menu
  34:0    [5] .logo
  38:0    [5] .navbar-left ul
  38:0    [5] .navbar-right ul
  48:0    [5] .navbar-left
  52:0    [5] .navbar-left ul
  56:0    [5] .navbar-left ul li a
  56:0    [5] .navbar-right ul li a
  65:0    [5] .navbar-left ul li a:hover
  65:0    [5] .navbar-right ul li a:hover
  71:0    [5] .navbar-email
  78:0    [5] .navbar-shopping-cart
  82:0    [5] .navbar-shopping-cart div
  98:0    [5] .desktop-menu
  110:0    [5] .desktop-menu ul
  116:0    [5] .desktop-menu ul li
  120:0    [5] .desktop-menu ul li:nth-child(1)
  120:0    [5] .desktop-menu ul li:nth-child(2)
  125:0    [5] .desktop-menu ul li:last-child
  130:0    [5] .desktop-menu ul li:last-child a
  135:0    [5] .desktop-menu ul li a
  143:0    [5] .mobile-menu
  152:0    [5] .mobile-menu a
  159:0    [5] .mobile-menu ul
  165:0    [5] .mobile-menu ul:nth-child(1)
  169:0    [5] .mobile-menu ul li
  173:0    [5] .email
  178:0    [5] .sign-out
  186:0    [5] .aside
  194:0    [5] .title-container
  198:0    [5] .title-container img
  203:0    [5] .title
  208:0    [5] .order
  219:0    [5] .order p:nth-child(1)
  224:0    [5] .order p span:nth-child(1)
  229:0    [5] .order p:nth-child(2)
  234:0    [5] .shopping-cart
  242:0    [5] .shopping-cart figure
  246:0    [5] .shopping-cart figure img
  253:0    [5] .shopping-cart p:nth-child(2)
  257:0    [5] .shopping-cart p:nth-child(3)
  262:0    [5] .primary-button
  276:0    [5] #shoppingCartContainer
  280:0    [5] .cards-container
  288:0    [5] .product-card
  292:0    [5] .product-card img
  300:0    [5] .product-card .product-info
  307:0    [5] .product-card .product-info figure
  311:0    [5] .product-card .product-info figure img
  316:0    [5] .product-card .product-info div p:nth-child(1)
  323:0    [5] .product-card .product-info div p:nth-child(2)
  333:0    [5] #productDetail
  340:0    [5] .productDetail-close
  352:0    [5] .productDetail-close:hover
  356:0    [5] #productDetail>img:nth-child(2)
  365:0    [5] #productDetail .product-info
  369:0    [5] #productDetail .product-info p:nth-child(1)
  376:0    [5] #productDetail .product-info p:nth-child(2)
  383:0    [5] #productDetail .product-info p:nth-child(3)
  391:0    [5] .primary-button
  403:0    [5] .add-to-cart-button
  409:0    [2] @media (max-width: 640px)
  410:4    [5] .menu
  414:4    [5] .navbar-left ul
  418:4    [5] .navbar-email
  422:4    [5] .desktop-menu
  426:4    [5] .aside
  430:4    [5] .cards-container
  434:4    [5] .product-card
  438:4    [5] .product-card img
  443:4    [5] .aside
  449:0    [2] @media (min-width: 640px)
  450:4    [5] .mobile-menu
styles.css has 12 symbols
  6:0    [5] :root
  22:0    [5] *
  28:0    [5] html
  33:0    [5] header
  45:0    [5] .header--logo
  53:0    [5] .header--title-container
  63:0    [5] .header--title-container h1
  70:0    [5] .header--title-container p
  78:0    [5] .header--title-container .header--button
  98:0    [5] .header--button span
  106:0    [5] main
  112:0    [5] .main-exchange-container
estilos-index.css has 9 symbols
  0:0    [5] body
  10:0    [5] #cabecera
  20:0    [5] #cabecera #logo
  25:0    [5] #cabecera #tagline
  34:0    [5] #container
  42:0    [5] #container h1
  47:0    [5] #post #perrito
  56:0    [5] #post
  61:0    [5] #post #footer
[Server(511) Projects/] Document changed: index.html
product--card-body 3402
  html 17 21
  head 34 38
  meta 45 49
  meta 72 76
  meta 130 134
  title 205 210
  title 228 233
  link 240 244
  link 304 308
  link 377 381
  link 517 521
  head 562 566
  body 569 573
  header 580 586
  img 597 600
  div 660 663
  h1 710 712
  h1 772 774
  p 789 790
  p 862 863
  a 878 879
  span 935 939
  span 942 946
  a 949 950
  div 962 965
  header 973 979
  main 986 990
  section 1001 1008
  div 1055 1058
  div 1113 1116
  div 1131 1134
  h2 1192 1194
  h2 1237 1239
  p 1258 1259
  p 1360 1361
  div 1377 1380
  section 1395 1402
  div 1451 1454
  p 1505 1506
  p 1546 1547
  div 1570 1573
  table 1634 1639
  tr 1670 1672
  td 1707 1709
  td 1743 1745
  td 1780 1782
  span 1828 1832
  span 1848 1852
  td 1855 1857
  tr 1889 1891
  tr 1922 1924
  td 1959 1961
  td 1972 1974
  td 2009 2011
  span 2041 2045
  span 2059 2063
  td 2066 2068
  tr 2100 2102
  tr 2133 2135
  td 2170 2172
  td 2181 2183
  td 2218 2220
  span 2249 2253
  span 2269 2273
  td 2276 2278
  tr 2310 2312
  tr 2343 2345
  td 2380 2382
  td 2419 2421
  td 2456 2458
  span 2507 2511
  span 2525 2529
  td 2532 2534
  tr 2566 2568
  table 2596 2601
  div 2625 2628
  div 2651 2654
  p 2710 2711
  b 2713 2714
  b 2730 2731
  p 2751 2752
  div 2776 2779
  div 2799 2802
  section 2818 2825
  section 2837 2844
  section 2855 2862
  span 2905 2909
  span 2948 2952
  div 2967 2970
  h2 3019 3021
  h2 3060 3062
  p 3081 3082
  p 3125 3126
  div 3142 3145
  section 3160 3167
  article 3219 3226
  span 3278 3282
  span 3299 3303
  p 3326 3327
  p 3369 3370
  p 3393 3394
product--card-body is a "class"
styles.css has 28 symbols
  6:0    [5] :root
  23:0    [5] *
  29:0    [5] html
  34:0    [5] header
  46:0    [5] .header--logo
  54:0    [5] .header--title-container
  64:0    [5] .header--title-container h1
  71:0    [5] .header--title-container p
  79:0    [5] .header--title-container .header--button
  99:0    [5] .header--button span
  107:0    [5] main
  113:0    [5] .main-exchange-container
  121:0    [5] .main-exchange-container--title
  128:0    [5] .main-exchange-container .backgroundImg
  139:0    [5] .main-exchange-container h2
  147:0    [5] .main-exchange-container p
  155:0    [5] .main-currency-table
  164:0    [5] .main-currency-table .currency-table--title
  173:0    [5] .currency-table--container
  181:0    [5] .currency-table--container table
  186:0    [5] .currency-table--container td
  196:0    [5] .currency-table--container .table__top-left
  200:0    [5] .currency-table--container .table__top-right
  204:0    [5] .currency-table--container .table__bottom-left
  208:0    [5] .currency-table--container .table__bottom-right
  212:0    [5] .currency-table--container .table__right
  220:0    [5] .currency-table--container .down
  231:0    [5] .currency-table--container .up
styles.css has 1 symbols
  0:0    [5] body
styles.scss has 4 symbols
  2:0    [5] :root
  6:0    [5] body
  10:0    [5] h1
  14:0    [5] p
1.2.%20style.css has 24 symbols
  0:0    [5] :root
  51:0    [5] body
  55:0    [5] *
  61:0    [5] html
  67:0    [5] .login
  75:0    [5] .form-container
  83:0    [5] .logo
  93:0    [5] .form
  101:0    [5] .form a
  115:0    [5] .label
  122:0    [5] .input
  136:0    [5] .input-email
  140:0    [5] .primary-button
  163:0    [5] .secondary-button
  185:0    [5] .login-button
  194:0    [5] .title
  203:0    [5] .subtitle
  217:0    [2] @media (max-width: 640px)
  218:4    [5] .logo
  227:0    [5] .main-container
  233:0    [5] .main-container--aside__header
  239:0    [5] .main-container--aside
  245:0    [5] .main-container--aside__list
  249:0    [5] .main-container--aside__list-iconSales
1.1.%20style.css has 8 symbols
  0:0    [5] :root
  47:0    [5] body
  51:0    [5] .menuCSS3 ul
  57:0    [5] .menuCSS3 a
  64:0    [5] .menuCSS3 a:hover
  67:0    [5] .menuCSS3 ul li ul
  70:0    [5] .menuCSS3 ul li a:hover + ul
  70:0    [5] .menuCSS3 ul li ul:hover
styles.css has 77 symbols
  1:0    [5] :root
  12:0    [5] body
  17:0    [5] .inactive
  23:0    [5] nav
  30:0    [5] .menu
  34:0    [5] .logo
  38:0    [5] .navbar-left ul
  38:0    [5] .navbar-right ul
  48:0    [5] .navbar-left
  52:0    [5] .navbar-left ul
  56:0    [5] .navbar-left ul li a
  56:0    [5] .navbar-right ul li a
  65:0    [5] .navbar-left ul li a:hover
  65:0    [5] .navbar-right ul li a:hover
  71:0    [5] .navbar-email
  78:0    [5] .navbar-shopping-cart
  82:0    [5] .navbar-shopping-cart div
  98:0    [5] .desktop-menu
  110:0    [5] .desktop-menu ul
  116:0    [5] .desktop-menu ul li
  120:0    [5] .desktop-menu ul li:nth-child(1)
  120:0    [5] .desktop-menu ul li:nth-child(2)
  125:0    [5] .desktop-menu ul li:last-child
  130:0    [5] .desktop-menu ul li:last-child a
  135:0    [5] .desktop-menu ul li a
  143:0    [5] .mobile-menu
  152:0    [5] .mobile-menu a
  159:0    [5] .mobile-menu ul
  165:0    [5] .mobile-menu ul:nth-child(1)
  169:0    [5] .mobile-menu ul li
  173:0    [5] .email
  178:0    [5] .sign-out
  186:0    [5] .aside
  194:0    [5] .title-container
  198:0    [5] .title-container img
  203:0    [5] .title
  208:0    [5] .order
  219:0    [5] .order p:nth-child(1)
  224:0    [5] .order p span:nth-child(1)
  229:0    [5] .order p:nth-child(2)
  234:0    [5] .shopping-cart
  242:0    [5] .shopping-cart figure
  246:0    [5] .shopping-cart figure img
  253:0    [5] .shopping-cart p:nth-child(2)
  257:0    [5] .shopping-cart p:nth-child(3)
  262:0    [5] .primary-button
  276:0    [5] #shoppingCartContainer
  280:0    [5] .cards-container
  288:0    [5] .product-card
  292:0    [5] .product-card img
  300:0    [5] .product-card .product-info
  307:0    [5] .product-card .product-info figure
  311:0    [5] .product-card .product-info figure img
  316:0    [5] .product-card .product-info div p:nth-child(1)
  323:0    [5] .product-card .product-info div p:nth-child(2)
  333:0    [5] #productDetail
  340:0    [5] .productDetail-close
  352:0    [5] .productDetail-close:hover
  356:0    [5] #productDetail>img:nth-child(2)
  365:0    [5] #productDetail .product-info
  369:0    [5] #productDetail .product-info p:nth-child(1)
  376:0    [5] #productDetail .product-info p:nth-child(2)
  383:0    [5] #productDetail .product-info p:nth-child(3)
  391:0    [5] .primary-button
  403:0    [5] .add-to-cart-button
  409:0    [2] @media (max-width: 640px)
  410:4    [5] .menu
  414:4    [5] .navbar-left ul
  418:4    [5] .navbar-email
  422:4    [5] .desktop-menu
  426:4    [5] .aside
  430:4    [5] .cards-container
  434:4    [5] .product-card
  438:4    [5] .product-card img
  443:4    [5] .aside
  449:0    [2] @media (min-width: 640px)
  450:4    [5] .mobile-menu
styles.css has 12 symbols
  6:0    [5] :root
  22:0    [5] *
  28:0    [5] html
  33:0    [5] header
  45:0    [5] .header--logo
  53:0    [5] .header--title-container
  63:0    [5] .header--title-container h1
  70:0    [5] .header--title-container p
  78:0    [5] .header--title-container .header--button
  98:0    [5] .header--button span
  106:0    [5] main
  112:0    [5] .main-exchange-container
estilos-index.css has 9 symbols
  0:0    [5] body
  10:0    [5] #cabecera
  20:0    [5] #cabecera #logo
  25:0    [5] #cabecera #tagline
  34:0    [5] #container
  42:0    [5] #container h1
  47:0    [5] #post #perrito
  56:0    [5] #post
  61:0    [5] #post #footer
