El experimento \"pythonaacf\" está activo
El experimento \"pythonTensorboardExperiment\" está activo
El experimento \"PythonPyTorchProfiler\" está activo
LSP Notebooks experiment is enabled
LSP Notebooks interactive window support is enabled
> C:\Users\admin\AppData\Local\Programs\Python\Python310\python.exe -c "import sys;print(sys.executable)"
[ERROR 2022-7-9 16:39:16.567]: [Error: Command failed: C:\Users\admin\AppData\Local\Programs\Python\Python310\python.exe -c "import sys;print(sys.executable)"
/bin/sh: 1: C:UsersadminAppDataLocalProgramsPythonPython310python.exe: not found

	at ChildProcess.exithandler (node:child_process:397:12)
	at ChildProcess.emit (node:events:390:28)
	at maybeClose (node:internal/child_process:1064:16)
	at Socket.<anonymous> (node:internal/child_process:450:11)
	at Socket.emit (node:events:390:28)
	at Pipe.<anonymous> (node:net:687:12)] {
  killed: false,
  code: 127,
  signal: null,
  cmd: 'C:\\Users\\admin\\AppData\\Local\\Programs\\Python\\Python310\\python.exe -c "import sys;print(sys.executable)"'
}
> C:\Users\admin\AppData\Local\Programs\Python\Python310\python.exe -c "import sys;print(sys.executable)"
[ERROR 2022-7-9 16:39:17.468]: [Error: Command failed: C:\Users\admin\AppData\Local\Programs\Python\Python310\python.exe -c "import sys;print(sys.executable)"
/bin/sh: 1: C:UsersadminAppDataLocalProgramsPythonPython310python.exe: not found

	at ChildProcess.exithandler (node:child_process:397:12)
	at ChildProcess.emit (node:events:390:28)
	at maybeClose (node:internal/child_process:1064:16)
	at Socket.<anonymous> (node:internal/child_process:450:11)
	at Socket.emit (node:events:390:28)
	at Pipe.<anonymous> (node:net:687:12)] {
  killed: false,
  code: 127,
  signal: null,
  cmd: 'C:\\Users\\admin\\AppData\\Local\\Programs\\Python\\Python310\\python.exe -c "import sys;print(sys.executable)"'
}
> C:\Users\admin\AppData\Local\Programs\Python\Python310\python.exe -c "import sys;print(sys.executable)"
[ERROR 2022-7-9 16:39:18.412]: [Error: Command failed: C:\Users\admin\AppData\Local\Programs\Python\Python310\python.exe -c "import sys;print(sys.executable)"
/bin/sh: 1: C:UsersadminAppDataLocalProgramsPythonPython310python.exe: not found

	at ChildProcess.exithandler (node:child_process:397:12)
	at ChildProcess.emit (node:events:390:28)
	at maybeClose (node:internal/child_process:1064:16)
	at Socket.<anonymous> (node:internal/child_process:450:11)
	at Socket.emit (node:events:390:28)
	at Pipe.<anonymous> (node:net:687:12)] {
  killed: false,
  code: 127,
  signal: null,
  cmd: 'C:\\Users\\admin\\AppData\\Local\\Programs\\Python\\Python310\\python.exe -c "import sys;print(sys.executable)"'
}
Iniciando el servidor de lenguaje Pylance.
> C:\Users\admin\AppData\Local\Programs\Python\Python310\python.exe -c "import sys;print(sys.executable)"
> C:\Users\admin\AppData\Local\Programs\Python\Python310\python.exe -c "import sys;print(sys.executable)"
[ERROR 2022-7-9 16:39:22.419]: [Error: Command failed: C:\Users\admin\AppData\Local\Programs\Python\Python310\python.exe -c "import sys;print(sys.executable)"
/bin/sh: 1: C:UsersadminAppDataLocalProgramsPythonPython310python.exe: not found

	at ChildProcess.exithandler (node:child_process:397:12)
	at ChildProcess.emit (node:events:390:28)
	at maybeClose (node:internal/child_process:1064:16)
	at Socket.<anonymous> (node:internal/child_process:450:11)
	at Socket.emit (node:events:390:28)
	at Pipe.<anonymous> (node:net:687:12)] {
  killed: false,
  code: 127,
  signal: null,
  cmd: 'C:\\Users\\admin\\AppData\\Local\\Programs\\Python\\Python310\\python.exe -c "import sys;print(sys.executable)"'
}
[ERROR 2022-7-9 16:39:22.420]: [Error: Command failed: C:\Users\admin\AppData\Local\Programs\Python\Python310\python.exe -c "import sys;print(sys.executable)"
/bin/sh: 1: C:UsersadminAppDataLocalProgramsPythonPython310python.exe: not found

	at ChildProcess.exithandler (node:child_process:397:12)
	at ChildProcess.emit (node:events:390:28)
	at maybeClose (node:internal/child_process:1064:16)
	at Socket.<anonymous> (node:internal/child_process:450:11)
	at Socket.emit (node:events:390:28)
	at Pipe.<anonymous> (node:net:687:12)] {
  killed: false,
  code: 127,
  signal: null,
  cmd: 'C:\\Users\\admin\\AppData\\Local\\Programs\\Python\\Python310\\python.exe -c "import sys;print(sys.executable)"'
}
> C:\Users\admin\AppData\Local\Programs\Python\Python310\python.exe -c "import sys;print(sys.executable)"
[ERROR 2022-7-9 16:40:28.96]: [Error: Command failed: C:\Users\admin\AppData\Local\Programs\Python\Python310\python.exe -c "import sys;print(sys.executable)"
/bin/sh: 1: C:UsersadminAppDataLocalProgramsPythonPython310python.exe: not found

	at ChildProcess.exithandler (node:child_process:397:12)
	at ChildProcess.emit (node:events:390:28)
	at maybeClose (node:internal/child_process:1064:16)
	at Socket.<anonymous> (node:internal/child_process:450:11)
	at Socket.emit (node:events:390:28)
	at Pipe.<anonymous> (node:net:687:12)] {
  killed: false,
  code: 127,
  signal: null,
  cmd: 'C:\\Users\\admin\\AppData\\Local\\Programs\\Python\\Python310\\python.exe -c "import sys;print(sys.executable)"'
}
> C:\Users\admin\AppData\Local\Programs\Python\Python310\python.exe -c "import sys;print(sys.executable)"
[ERROR 2022-7-9 16:40:30.980]: [Error: Command failed: C:\Users\admin\AppData\Local\Programs\Python\Python310\python.exe -c "import sys;print(sys.executable)"
/bin/sh: 1: C:UsersadminAppDataLocalProgramsPythonPython310python.exe: not found

	at ChildProcess.exithandler (node:child_process:397:12)
	at ChildProcess.emit (node:events:390:28)
	at maybeClose (node:internal/child_process:1064:16)
	at Socket.<anonymous> (node:internal/child_process:450:11)
	at Socket.emit (node:events:390:28)
	at Pipe.<anonymous> (node:net:687:12)] {
  killed: false,
  code: 127,
  signal: null,
  cmd: 'C:\\Users\\admin\\AppData\\Local\\Programs\\Python\\Python310\\python.exe -c "import sys;print(sys.executable)"'
}
> C:\Users\admin\AppData\Local\Programs\Python\Python310\python.exe -c "import sys;print(sys.executable)"
> C:\Users\admin\AppData\Local\Programs\Python\Python310\python.exe -c "import sys;print(sys.executable)"
[ERROR 2022-7-9 16:40:33.94]: [Error: Command failed: C:\Users\admin\AppData\Local\Programs\Python\Python310\python.exe -c "import sys;print(sys.executable)"
/bin/sh: 1: C:UsersadminAppDataLocalProgramsPythonPython310python.exe: not found

	at ChildProcess.exithandler (node:child_process:397:12)
	at ChildProcess.emit (node:events:390:28)
	at maybeClose (node:internal/child_process:1064:16)
	at Socket.<anonymous> (node:internal/child_process:450:11)
	at Socket.emit (node:events:390:28)
	at Pipe.<anonymous> (node:net:687:12)] {
  killed: false,
  code: 127,
  signal: null,
  cmd: 'C:\\Users\\admin\\AppData\\Local\\Programs\\Python\\Python310\\python.exe -c "import sys;print(sys.executable)"'
}
[ERROR 2022-7-9 16:40:33.96]: [Error: Command failed: C:\Users\admin\AppData\Local\Programs\Python\Python310\python.exe -c "import sys;print(sys.executable)"
/bin/sh: 1: C:UsersadminAppDataLocalProgramsPythonPython310python.exe: not found

	at ChildProcess.exithandler (node:child_process:397:12)
	at ChildProcess.emit (node:events:390:28)
	at maybeClose (node:internal/child_process:1064:16)
	at Socket.<anonymous> (node:internal/child_process:450:11)
	at Socket.emit (node:events:390:28)
	at Pipe.<anonymous> (node:net:687:12)] {
  killed: false,
  code: 127,
  signal: null,
  cmd: 'C:\\Users\\admin\\AppData\\Local\\Programs\\Python\\Python310\\python.exe -c "import sys;print(sys.executable)"'
}
> C:\Users\admin\AppData\Local\Programs\Python\Python310\python.exe -c "import sys;print(sys.executable)"
> C:\Users\admin\AppData\Local\Programs\Python\Python310\python.exe -c "import sys;print(sys.executable)"
[ERROR 2022-7-9 16:40:35.61]: [Error: Command failed: C:\Users\admin\AppData\Local\Programs\Python\Python310\python.exe -c "import sys;print(sys.executable)"
/bin/sh: 1: C:UsersadminAppDataLocalProgramsPythonPython310python.exe: not found

	at ChildProcess.exithandler (node:child_process:397:12)
	at ChildProcess.emit (node:events:390:28)
	at maybeClose (node:internal/child_process:1064:16)
	at Socket.<anonymous> (node:internal/child_process:450:11)
	at Socket.emit (node:events:390:28)
	at Pipe.<anonymous> (node:net:687:12)] {
  killed: false,
  code: 127,
  signal: null,
  cmd: 'C:\\Users\\admin\\AppData\\Local\\Programs\\Python\\Python310\\python.exe -c "import sys;print(sys.executable)"'
}
[ERROR 2022-7-9 16:40:35.65]: [Error: Command failed: C:\Users\admin\AppData\Local\Programs\Python\Python310\python.exe -c "import sys;print(sys.executable)"
/bin/sh: 1: C:UsersadminAppDataLocalProgramsPythonPython310python.exe: not found

	at ChildProcess.exithandler (node:child_process:397:12)
	at ChildProcess.emit (node:events:390:28)
	at maybeClose (node:internal/child_process:1064:16)
	at Socket.<anonymous> (node:internal/child_process:450:11)
	at Socket.emit (node:events:390:28)
	at Pipe.<anonymous> (node:net:687:12)] {
  killed: false,
  code: 127,
  signal: null,
  cmd: 'C:\\Users\\admin\\AppData\\Local\\Programs\\Python\\Python310\\python.exe -c "import sys;print(sys.executable)"'
}
> C:\Users\admin\AppData\Local\Programs\Python\Python310\python.exe -c "import sys;print(sys.executable)"
[ERROR 2022-7-9 16:40:42.725]: [Error: Command failed: C:\Users\admin\AppData\Local\Programs\Python\Python310\python.exe -c "import sys;print(sys.executable)"
/bin/sh: 1: C:UsersadminAppDataLocalProgramsPythonPython310python.exe: not found

	at ChildProcess.exithandler (node:child_process:397:12)
	at ChildProcess.emit (node:events:390:28)
	at maybeClose (node:internal/child_process:1064:16)
	at Socket.<anonymous> (node:internal/child_process:450:11)
	at Socket.emit (node:events:390:28)
	at Pipe.<anonymous> (node:net:687:12)] {
  killed: false,
  code: 127,
  signal: null,
  cmd: 'C:\\Users\\admin\\AppData\\Local\\Programs\\Python\\Python310\\python.exe -c "import sys;print(sys.executable)"'
}
> C:\Users\admin\AppData\Local\Programs\Python\Python310\python.exe -c "import sys;print(sys.executable)"
[ERROR 2022-7-9 16:40:56.390]: [Error: Command failed: C:\Users\admin\AppData\Local\Programs\Python\Python310\python.exe -c "import sys;print(sys.executable)"
/bin/sh: 1: C:UsersadminAppDataLocalProgramsPythonPython310python.exe: not found

	at ChildProcess.exithandler (node:child_process:397:12)
	at ChildProcess.emit (node:events:390:28)
	at maybeClose (node:internal/child_process:1064:16)
	at Socket.<anonymous> (node:internal/child_process:450:11)
	at Socket.emit (node:events:390:28)
	at Pipe.<anonymous> (node:net:687:12)] {
  killed: false,
  code: 127,
  signal: null,
  cmd: 'C:\\Users\\admin\\AppData\\Local\\Programs\\Python\\Python310\\python.exe -c "import sys;print(sys.executable)"'
}
> C:\Users\admin\AppData\Local\Programs\Python\Python310\python.exe -c "import sys;print(sys.executable)"
> C:\Users\admin\AppData\Local\Programs\Python\Python310\python.exe -c "import sys;print(sys.executable)"
[ERROR 2022-7-9 16:40:58.400]: [Error: Command failed: C:\Users\admin\AppData\Local\Programs\Python\Python310\python.exe -c "import sys;print(sys.executable)"
/bin/sh: 1: C:UsersadminAppDataLocalProgramsPythonPython310python.exe: not found

	at ChildProcess.exithandler (node:child_process:397:12)
	at ChildProcess.emit (node:events:390:28)
	at maybeClose (node:internal/child_process:1064:16)
	at Socket.<anonymous> (node:internal/child_process:450:11)
	at Socket.emit (node:events:390:28)
	at Pipe.<anonymous> (node:net:687:12)] {
  killed: false,
  code: 127,
  signal: null,
  cmd: 'C:\\Users\\admin\\AppData\\Local\\Programs\\Python\\Python310\\python.exe -c "import sys;print(sys.executable)"'
}
[ERROR 2022-7-9 16:40:58.400]: [Error: Command failed: C:\Users\admin\AppData\Local\Programs\Python\Python310\python.exe -c "import sys;print(sys.executable)"
/bin/sh: 1: C:UsersadminAppDataLocalProgramsPythonPython310python.exe: not found

	at ChildProcess.exithandler (node:child_process:397:12)
	at ChildProcess.emit (node:events:390:28)
	at maybeClose (node:internal/child_process:1064:16)
	at Socket.<anonymous> (node:internal/child_process:450:11)
	at Socket.emit (node:events:390:28)
	at Pipe.<anonymous> (node:net:687:12)] {
  killed: false,
  code: 127,
  signal: null,
  cmd: 'C:\\Users\\admin\\AppData\\Local\\Programs\\Python\\Python310\\python.exe -c "import sys;print(sys.executable)"'
}
> C:\Users\admin\AppData\Local\Programs\Python\Python310\python.exe -c "import sys;print(sys.executable)"
> C:\Users\admin\AppData\Local\Programs\Python\Python310\python.exe -c "import sys;print(sys.executable)"
[ERROR 2022-7-9 16:41:0.469]: [Error: Command failed: C:\Users\admin\AppData\Local\Programs\Python\Python310\python.exe -c "import sys;print(sys.executable)"
/bin/sh: 1: C:UsersadminAppDataLocalProgramsPythonPython310python.exe: not found

	at ChildProcess.exithandler (node:child_process:397:12)
	at ChildProcess.emit (node:events:390:28)
	at maybeClose (node:internal/child_process:1064:16)
	at Socket.<anonymous> (node:internal/child_process:450:11)
	at Socket.emit (node:events:390:28)
	at Pipe.<anonymous> (node:net:687:12)] {
  killed: false,
  code: 127,
  signal: null,
  cmd: 'C:\\Users\\admin\\AppData\\Local\\Programs\\Python\\Python310\\python.exe -c "import sys;print(sys.executable)"'
}
[ERROR 2022-7-9 16:41:0.472]: [Error: Command failed: C:\Users\admin\AppData\Local\Programs\Python\Python310\python.exe -c "import sys;print(sys.executable)"
/bin/sh: 1: C:UsersadminAppDataLocalProgramsPythonPython310python.exe: not found

	at ChildProcess.exithandler (node:child_process:397:12)
	at ChildProcess.emit (node:events:390:28)
	at maybeClose (node:internal/child_process:1064:16)
	at Socket.<anonymous> (node:internal/child_process:450:11)
	at Socket.emit (node:events:390:28)
	at Pipe.<anonymous> (node:net:687:12)] {
  killed: false,
  code: 127,
  signal: null,
  cmd: 'C:\\Users\\admin\\AppData\\Local\\Programs\\Python\\Python310\\python.exe -c "import sys;print(sys.executable)"'
}
> C:\Users\admin\AppData\Local\Programs\Python\Python310\python.exe -c "import sys;print(sys.executable)"
> C:\Users\admin\AppData\Local\Programs\Python\Python310\python.exe -c "import sys;print(sys.executable)"
[ERROR 2022-7-9 16:47:29.727]: [Error: Command failed: C:\Users\admin\AppData\Local\Programs\Python\Python310\python.exe -c "import sys;print(sys.executable)"
/bin/sh: 1: C:UsersadminAppDataLocalProgramsPythonPython310python.exe: not found

	at ChildProcess.exithandler (node:child_process:397:12)
	at ChildProcess.emit (node:events:390:28)
	at maybeClose (node:internal/child_process:1064:16)
	at Socket.<anonymous> (node:internal/child_process:450:11)
	at Socket.emit (node:events:390:28)
	at Pipe.<anonymous> (node:net:687:12)] {
  killed: false,
  code: 127,
  signal: null,
  cmd: 'C:\\Users\\admin\\AppData\\Local\\Programs\\Python\\Python310\\python.exe -c "import sys;print(sys.executable)"'
}
[ERROR 2022-7-9 16:47:29.729]: [Error: Command failed: C:\Users\admin\AppData\Local\Programs\Python\Python310\python.exe -c "import sys;print(sys.executable)"
/bin/sh: 1: C:UsersadminAppDataLocalProgramsPythonPython310python.exe: not found

	at ChildProcess.exithandler (node:child_process:397:12)
	at ChildProcess.emit (node:events:390:28)
	at maybeClose (node:internal/child_process:1064:16)
	at Socket.<anonymous> (node:internal/child_process:450:11)
	at Socket.emit (node:events:390:28)
	at Pipe.<anonymous> (node:net:687:12)] {
  killed: false,
  code: 127,
  signal: null,
  cmd: 'C:\\Users\\admin\\AppData\\Local\\Programs\\Python\\Python310\\python.exe -c "import sys;print(sys.executable)"'
}
> C:\Users\admin\AppData\Local\Programs\Python\Python310\python.exe -c "import sys;print(sys.executable)"
> C:\Users\admin\AppData\Local\Programs\Python\Python310\python.exe -c "import sys;print(sys.executable)"
[ERROR 2022-7-9 16:47:31.758]: [Error: Command failed: C:\Users\admin\AppData\Local\Programs\Python\Python310\python.exe -c "import sys;print(sys.executable)"
/bin/sh: 1: C:UsersadminAppDataLocalProgramsPythonPython310python.exe: not found

	at ChildProcess.exithandler (node:child_process:397:12)
	at ChildProcess.emit (node:events:390:28)
	at maybeClose (node:internal/child_process:1064:16)
	at Socket.<anonymous> (node:internal/child_process:450:11)
	at Socket.emit (node:events:390:28)
	at Pipe.<anonymous> (node:net:687:12)] {
  killed: false,
  code: 127,
  signal: null,
  cmd: 'C:\\Users\\admin\\AppData\\Local\\Programs\\Python\\Python310\\python.exe -c "import sys;print(sys.executable)"'
}
[ERROR 2022-7-9 16:47:31.767]: [Error: Command failed: C:\Users\admin\AppData\Local\Programs\Python\Python310\python.exe -c "import sys;print(sys.executable)"
/bin/sh: 1: C:UsersadminAppDataLocalProgramsPythonPython310python.exe: not found

	at ChildProcess.exithandler (node:child_process:397:12)
	at ChildProcess.emit (node:events:390:28)
	at maybeClose (node:internal/child_process:1064:16)
	at Socket.<anonymous> (node:internal/child_process:450:11)
	at Socket.emit (node:events:390:28)
	at Pipe.<anonymous> (node:net:687:12)] {
  killed: false,
  code: 127,
  signal: null,
  cmd: 'C:\\Users\\admin\\AppData\\Local\\Programs\\Python\\Python310\\python.exe -c "import sys;print(sys.executable)"'
}
> C:\Users\admin\AppData\Local\Programs\Python\Python310\python.exe -c "import sys;print(sys.executable)"
[ERROR 2022-7-9 16:47:32.818]: [Error: Command failed: C:\Users\admin\AppData\Local\Programs\Python\Python310\python.exe -c "import sys;print(sys.executable)"
/bin/sh: 1: C:UsersadminAppDataLocalProgramsPythonPython310python.exe: not found

	at ChildProcess.exithandler (node:child_process:397:12)
	at ChildProcess.emit (node:events:390:28)
	at maybeClose (node:internal/child_process:1064:16)
	at Socket.<anonymous> (node:internal/child_process:450:11)
	at Socket.emit (node:events:390:28)
	at Pipe.<anonymous> (node:net:687:12)] {
  killed: false,
  code: 127,
  signal: null,
  cmd: 'C:\\Users\\admin\\AppData\\Local\\Programs\\Python\\Python310\\python.exe -c "import sys;print(sys.executable)"'
}
> C:\Users\admin\AppData\Local\Programs\Python\Python310\python.exe -c "import sys;print(sys.executable)"
[ERROR 2022-7-9 16:59:44.65]: [Error: Command failed: C:\Users\admin\AppData\Local\Programs\Python\Python310\python.exe -c "import sys;print(sys.executable)"
/bin/sh: 1: C:UsersadminAppDataLocalProgramsPythonPython310python.exe: not found

	at ChildProcess.exithandler (node:child_process:397:12)
	at ChildProcess.emit (node:events:390:28)
	at maybeClose (node:internal/child_process:1064:16)
	at Socket.<anonymous> (node:internal/child_process:450:11)
	at Socket.emit (node:events:390:28)
	at Pipe.<anonymous> (node:net:687:12)] {
  killed: false,
  code: 127,
  signal: null,
  cmd: 'C:\\Users\\admin\\AppData\\Local\\Programs\\Python\\Python310\\python.exe -c "import sys;print(sys.executable)"'
}
> C:\Users\admin\AppData\Local\Programs\Python\Python310\python.exe -c "import sys;print(sys.executable)"
[ERROR 2022-7-9 17:3:35.339]: [Error: Command failed: C:\Users\admin\AppData\Local\Programs\Python\Python310\python.exe -c "import sys;print(sys.executable)"
/bin/sh: 1: C:UsersadminAppDataLocalProgramsPythonPython310python.exe: not found

	at ChildProcess.exithandler (node:child_process:397:12)
	at ChildProcess.emit (node:events:390:28)
	at maybeClose (node:internal/child_process:1064:16)
	at Socket.<anonymous> (node:internal/child_process:450:11)
	at Socket.emit (node:events:390:28)
	at Pipe.<anonymous> (node:net:687:12)] {
  killed: false,
  code: 127,
  signal: null,
  cmd: 'C:\\Users\\admin\\AppData\\Local\\Programs\\Python\\Python310\\python.exe -c "import sys;print(sys.executable)"'
}
> C:\Users\admin\AppData\Local\Programs\Python\Python310\python.exe -c "import sys;print(sys.executable)"
[ERROR 2022-7-9 17:5:45.611]: [Error: Command failed: C:\Users\admin\AppData\Local\Programs\Python\Python310\python.exe -c "import sys;print(sys.executable)"
/bin/sh: 1: C:UsersadminAppDataLocalProgramsPythonPython310python.exe: not found

	at ChildProcess.exithandler (node:child_process:397:12)
	at ChildProcess.emit (node:events:390:28)
	at maybeClose (node:internal/child_process:1064:16)
	at Socket.<anonymous> (node:internal/child_process:450:11)
	at Socket.emit (node:events:390:28)
	at Pipe.<anonymous> (node:net:687:12)] {
  killed: false,
  code: 127,
  signal: null,
  cmd: 'C:\\Users\\admin\\AppData\\Local\\Programs\\Python\\Python310\\python.exe -c "import sys;print(sys.executable)"'
}
> C:\Users\admin\AppData\Local\Programs\Python\Python310\python.exe -c "import sys;print(sys.executable)"
[ERROR 2022-7-9 17:8:24.441]: [Error: Command failed: C:\Users\admin\AppData\Local\Programs\Python\Python310\python.exe -c "import sys;print(sys.executable)"
/bin/sh: 1: C:UsersadminAppDataLocalProgramsPythonPython310python.exe: not found

	at ChildProcess.exithandler (node:child_process:397:12)
	at ChildProcess.emit (node:events:390:28)
	at maybeClose (node:internal/child_process:1064:16)
	at Socket.<anonymous> (node:internal/child_process:450:11)
	at Socket.emit (node:events:390:28)
	at Pipe.<anonymous> (node:net:687:12)] {
  killed: false,
  code: 127,
  signal: null,
  cmd: 'C:\\Users\\admin\\AppData\\Local\\Programs\\Python\\Python310\\python.exe -c "import sys;print(sys.executable)"'
}
> C:\Users\admin\AppData\Local\Programs\Python\Python310\python.exe -c "import sys;print(sys.executable)"
[ERROR 2022-7-9 17:8:32.548]: [Error: Command failed: C:\Users\admin\AppData\Local\Programs\Python\Python310\python.exe -c "import sys;print(sys.executable)"
/bin/sh: 1: C:UsersadminAppDataLocalProgramsPythonPython310python.exe: not found

	at ChildProcess.exithandler (node:child_process:397:12)
	at ChildProcess.emit (node:events:390:28)
	at maybeClose (node:internal/child_process:1064:16)
	at Socket.<anonymous> (node:internal/child_process:450:11)
	at Socket.emit (node:events:390:28)
	at Pipe.<anonymous> (node:net:687:12)] {
  killed: false,
  code: 127,
  signal: null,
  cmd: 'C:\\Users\\admin\\AppData\\Local\\Programs\\Python\\Python310\\python.exe -c "import sys;print(sys.executable)"'
}
> C:\Users\admin\AppData\Local\Programs\Python\Python310\python.exe -c "import sys;print(sys.executable)"
[ERROR 2022-7-9 17:24:28.426]: [Error: Command failed: C:\Users\admin\AppData\Local\Programs\Python\Python310\python.exe -c "import sys;print(sys.executable)"
/bin/sh: 1: C:UsersadminAppDataLocalProgramsPythonPython310python.exe: not found

	at ChildProcess.exithandler (node:child_process:397:12)
	at ChildProcess.emit (node:events:390:28)
	at maybeClose (node:internal/child_process:1064:16)
	at Socket.<anonymous> (node:internal/child_process:450:11)
	at Socket.emit (node:events:390:28)
	at Pipe.<anonymous> (node:net:687:12)] {
  killed: false,
  code: 127,
  signal: null,
  cmd: 'C:\\Users\\admin\\AppData\\Local\\Programs\\Python\\Python310\\python.exe -c "import sys;print(sys.executable)"'
}
> C:\Users\admin\AppData\Local\Programs\Python\Python310\python.exe -c "import sys;print(sys.executable)"
[ERROR 2022-7-9 17:24:49.275]: [Error: Command failed: C:\Users\admin\AppData\Local\Programs\Python\Python310\python.exe -c "import sys;print(sys.executable)"
/bin/sh: 1: C:UsersadminAppDataLocalProgramsPythonPython310python.exe: not found

	at ChildProcess.exithandler (node:child_process:397:12)
	at ChildProcess.emit (node:events:390:28)
	at maybeClose (node:internal/child_process:1064:16)
	at Socket.<anonymous> (node:internal/child_process:450:11)
	at Socket.emit (node:events:390:28)
	at Pipe.<anonymous> (node:net:687:12)] {
  killed: false,
  code: 127,
  signal: null,
  cmd: 'C:\\Users\\admin\\AppData\\Local\\Programs\\Python\\Python310\\python.exe -c "import sys;print(sys.executable)"'
}
> C:\Users\admin\AppData\Local\Programs\Python\Python310\python.exe -c "import sys;print(sys.executable)"
[ERROR 2022-7-9 17:25:11.48]: [Error: Command failed: C:\Users\admin\AppData\Local\Programs\Python\Python310\python.exe -c "import sys;print(sys.executable)"
/bin/sh: 1: C:UsersadminAppDataLocalProgramsPythonPython310python.exe: not found

	at ChildProcess.exithandler (node:child_process:397:12)
	at ChildProcess.emit (node:events:390:28)
	at maybeClose (node:internal/child_process:1064:16)
	at Socket.<anonymous> (node:internal/child_process:450:11)
	at Socket.emit (node:events:390:28)
	at Pipe.<anonymous> (node:net:687:12)] {
  killed: false,
  code: 127,
  signal: null,
  cmd: 'C:\\Users\\admin\\AppData\\Local\\Programs\\Python\\Python310\\python.exe -c "import sys;print(sys.executable)"'
}
> C:\Users\admin\AppData\Local\Programs\Python\Python310\python.exe -c "import sys;print(sys.executable)"
[ERROR 2022-7-9 17:25:17.698]: [Error: Command failed: C:\Users\admin\AppData\Local\Programs\Python\Python310\python.exe -c "import sys;print(sys.executable)"
/bin/sh: 1: C:UsersadminAppDataLocalProgramsPythonPython310python.exe: not found

	at ChildProcess.exithandler (node:child_process:397:12)
	at ChildProcess.emit (node:events:390:28)
	at maybeClose (node:internal/child_process:1064:16)
	at Socket.<anonymous> (node:internal/child_process:450:11)
	at Socket.emit (node:events:390:28)
	at Pipe.<anonymous> (node:net:687:12)] {
  killed: false,
  code: 127,
  signal: null,
  cmd: 'C:\\Users\\admin\\AppData\\Local\\Programs\\Python\\Python310\\python.exe -c "import sys;print(sys.executable)"'
}
> C:\Users\admin\AppData\Local\Programs\Python\Python310\python.exe -c "import sys;print(sys.executable)"
[ERROR 2022-7-9 18:6:43.364]: [Error: Command failed: C:\Users\admin\AppData\Local\Programs\Python\Python310\python.exe -c "import sys;print(sys.executable)"
/bin/sh: 1: C:UsersadminAppDataLocalProgramsPythonPython310python.exe: not found

	at ChildProcess.exithandler (node:child_process:397:12)
	at ChildProcess.emit (node:events:390:28)
	at maybeClose (node:internal/child_process:1064:16)
	at Socket.<anonymous> (node:internal/child_process:450:11)
	at Socket.emit (node:events:390:28)
	at Pipe.<anonymous> (node:net:687:12)] {
  killed: false,
  code: 127,
  signal: null,
  cmd: 'C:\\Users\\admin\\AppData\\Local\\Programs\\Python\\Python310\\python.exe -c "import sys;print(sys.executable)"'
}
> C:\Users\admin\AppData\Local\Programs\Python\Python310\python.exe -c "import sys;print(sys.executable)"
[ERROR 2022-7-9 18:6:49.781]: [Error: Command failed: C:\Users\admin\AppData\Local\Programs\Python\Python310\python.exe -c "import sys;print(sys.executable)"
/bin/sh: 1: C:UsersadminAppDataLocalProgramsPythonPython310python.exe: not found

	at ChildProcess.exithandler (node:child_process:397:12)
	at ChildProcess.emit (node:events:390:28)
	at maybeClose (node:internal/child_process:1064:16)
	at Socket.<anonymous> (node:internal/child_process:450:11)
	at Socket.emit (node:events:390:28)
	at Pipe.<anonymous> (node:net:687:12)] {
  killed: false,
  code: 127,
  signal: null,
  cmd: 'C:\\Users\\admin\\AppData\\Local\\Programs\\Python\\Python310\\python.exe -c "import sys;print(sys.executable)"'
}
