["INFO" - 4:06:12 PM] Extension Name: esbenp.prettier-vscode.
["INFO" - 4:06:12 PM] Extension Version: 9.5.0.
["INFO" - 4:40:25 PM] Formatting file:///home/cmendoza/.vscode/settings.json
["INFO" - 4:40:29 PM] Using ignore file (if present) at /home/cmendoza/.prettierignore
["INFO" - 4:40:29 PM] File Info:
{
  "ignored": false,
  "inferredParser": "json"
}
["INFO" - 4:40:29 PM] No local configuration (i.e. .prettierrc or .editorconfig) detected, falling back to VS Code configuration
["INFO" - 4:40:29 PM] Prettier Options:
{
  "arrowParens": "always",
  "bracketSpacing": true,
  "endOfLine": "lf",
  "htmlWhitespaceSensitivity": "css",
  "insertPragma": false,
  "jsxBracketSameLine": false,
  "jsxSingleQuote": false,
  "printWidth": 80,
  "proseWrap": "preserve",
  "quoteProps": "as-needed",
  "requirePragma": false,
  "semi": true,
  "singleQuote": false,
  "tabWidth": 2,
  "trailingComma": "es5",
  "useTabs": false,
  "vueIndentScriptAndStyle": false,
  "filepath": "/home/cmendoza/.vscode/settings.json",
  "parser": "json"
}
["INFO" - 4:40:29 PM] Formatting completed in 3.493ms.
