[Server(228) Projects/] onInitialize
[Server(228) Projects/] setupInitialStylemap
[Server(228) Projects/] Document opened: 3.%20main_page.html
[Server(228) Projects/] Document changed: 3.%20main_page.html
[Server(228) Projects/] Document changed: 3.%20main_page.html
[Server(228) Projects/] Document changed: 3.%20main_page.html
[Server(228) Projects/] Document changed: 3.%20main_page.html
[Server(228) Projects/] Document changed: 3.%20main_page.html
[Server(228) Projects/] Document changed: 3.%20main_page.html
[Server(228) Projects/] Document changed: 3.%20main_page.html
[Server(228) Projects/] Document changed: 3.%20main_page.html
menu-item 1279
  html 17 21
  head 34 38
  meta 45 49
  meta 72 76
  meta 130 134
  title 205 210
  title 221 226
  link 233 237
  link 287 291
  link 351 355
  link 424 428
  link 542 546
  head 601 605
  body 608 612
  div 619 622
  div 695 698
  div 725 728
  span 742 746
  span 757 761
  div 764 767
  div 782 785
  div 818 821
  div 846 849
  div 868 871
  div 896 899
  div 918 921
  div 946 949
  div 965 968
  div 980 983
  div 1020 1023
  div 1051 1054
  img 1084 1087
  div 1161 1164
  div 1180 1183
  span 1195 1199
  span 1211 1215
  div 1218 1221
  div 1234 1237
  div 1271 1274
menu-item is a "id"
main.css has 29 symbols
  0:0    [5] :root
  47:0    [5] *
  53:0    [5] body
  59:0    [5] html
  63:0    [5] a
  68:0    [5] header
  73:0    [5] header nav
  78:0    [5] .nav-right-section
  88:0    [5] nav .nav-right-section a
  93:0    [5] .menu-icon
  103:0    [5] .img-perfil
  108:0    [5] main
  113:0    [5] .main-logo
  118:0    [5] .main-logo-url
  122:0    [5] .main-input
  128:0    [5] .main-input-container
  137:0    [5] .main-input-container-search
  144:0    [5] .main-input-container:hover
  149:0    [5] .search-icon
  158:0    [5] .micro-icon
  171:0    [5] .main-buttons
  176:0    [5] main .main-buttons div
  179:0    [5] main .main-buttons button
  190:0    [5] main .main-buttons button:hover
  199:0    [5] footer
  212:0    [5] footer ul
  219:0    [5] footer .footer-left
  223:0    [5] footer .footer-right
  227:0    [5] footer ul li a
styles.css has 88 symbols
  6:0    [5] :root
  25:0    [5] *
  31:0    [5] html
  36:0    [5] header
  48:0    [5] .header--logo
  56:0    [5] .header--title-container
  66:0    [5] .header--title-container h1
  73:0    [5] .header--title-container p
  81:0    [5] .header--title-container .header--button
  101:0    [5] .header--button span
  109:0    [5] main
  115:0    [5] .main-exchange-container
  123:0    [5] .main-exchange-container--title
  130:0    [5] .main-exchange-container .backgroundImg
  141:0    [5] .main-exchange-container h2
  149:0    [5] .main-exchange-container p
  157:0    [5] .main-currency-table
  166:0    [5] .main-currency-table .currency-table--title
  175:0    [5] .currency-table--container
  183:0    [5] .currency-table--container table
  188:0    [5] .currency-table--container td
  198:0    [5] .currency-table--container .table__top-left
  202:0    [5] .currency-table--container .table__top-right
  206:0    [5] .currency-table--container .table__bottom-left
  210:0    [5] .currency-table--container .table__bottom-right
  214:0    [5] .currency-table--container .table__right
  222:0    [5] .currency-table--container .down
  233:0    [5] .currency-table--container .up
  244:0    [5] .currency-table--date
  254:0    [5] .currency-table--date p
  263:0    [5] .main-product-detail
  272:0    [5] .product-detail--batata-logo
  281:0    [5] .product-detail--title
  290:0    [5] .product-detail--title h2
  298:0    [5] .product-detail--title p
  312:0    [5] .product-detail--card
  325:0    [5] .clock
  336:0    [5] .product--card-title
  344:0    [5] .product--card-body
  353:0    [5] .product-detail--card1
  366:0    [5] .eye
  377:0    [5] .product--card-title1
  385:0    [5] .product--card-body1
  394:0    [5] .product-detail--card2
  407:0    [5] .dollar-sign
  418:0    [5] .product--card-title2
  426:0    [5] .product--card-body2
  435:0    [5] .product-detail--card3
  448:0    [5] .check-circle
  459:0    [5] .product--card-title3
  467:0    [5] .product--card-body3
  477:0    [5] .bitcoin-img-container
  488:0    [5] .bitcoin-img-container h2
  496:0    [5] .main-plans-container
  503:0    [5] .plans--title
  511:0    [5] .plans--title h2
  519:0    [5] .plans--title p
  531:0    [5] .plans-container--slider
  546:0    [5] .plans-container--card
  561:0    [5] .recommended
  576:0    [5] .plan-card--title
  584:0    [5] .plan-card---price
  593:0    [5] .plan-card---price span
  601:0    [5] .plan-card--saving
  606:0    [5] .plan-card--ca
  620:0    [5] .plan-card--ca:hover
  627:0    [5] .plan-card--ca span
  638:0    [5] .plans-container--card1
  654:0    [5] .plan-card--title1
  662:0    [5] .plan-card---price1
  671:0    [5] .plan-card---price1 span
  679:0    [5] .plan-card--saving1
  684:0    [5] .plan-card--ca1
  698:0    [5] .plan-card--ca1:hover
  705:0    [5] .plan-card--ca1 span
  715:0    [5] .plans-container--card2
  731:0    [5] .plan-card--title2
  739:0    [5] .plan-card---price2
  748:0    [5] .plan-card---price2 span
  756:0    [5] .plan-card--saving2
  761:0    [5] .plan-card--ca2
  775:0    [5] .plan-card--ca2:hover
  782:0    [5] .plan-card--ca2 span
  793:0    [5] footer
  800:0    [5] footer section
  807:0    [5] footer .left ul
  815:0    [5] .left li
  819:0    [5] .left a
styles.css has 1 symbols
  0:0    [5] body
styles.scss has 4 symbols
  2:0    [5] :root
  6:0    [5] body
  10:0    [5] h1
  14:0    [5] p
table.css has 6 symbols
  4:0    [5] .main-tables-container
  13:0    [5] .product-cards--container
  23:0    [5] .plans-container--slider
  27:0    [5] .plans-container--card
  31:0    [5] .plans-container--card1
  35:0    [5] .plans-container--card2
styles.css has 12 symbols
  6:0    [5] :root
  22:0    [5] *
  28:0    [5] html
  33:0    [5] header
  45:0    [5] .header--logo
  53:0    [5] .header--title-container
  63:0    [5] .header--title-container h1
  70:0    [5] .header--title-container p
  78:0    [5] .header--title-container .header--button
  98:0    [5] .header--button span
  106:0    [5] main
  112:0    [5] .main-exchange-container
card.css has 27 symbols
  1:0    [5] @font-face
  5:0    [5] @font-face
  9:0    [5] *
  16:0    [5] .name
  23:0    [5] .position
  30:0    [5] .line
  35:0    [5] .container
  46:0    [5] .card-container
  54:0    [5] .header
  59:0    [5] .descripcion
  64:0    [5] .header
  64:0    [5] .descripcion
  69:0    [5] .header h4
  73:0    [5] .header a
  77:1    [5] .header img
  85:1    [5] .name
  96:1    [5] .companylogo
  102:1    [5] .companylogo img
  107:1    [5] .mail
  112:1    [5] .email
  116:1    [5] .email line
  121:1    [5] .email a
  126:1    [5] .fa-linkedin
  126:1    [5] .fa-square-facebook
  126:1    [5] .fa-square-instagram
  130:1    [5] .fa-twitter
  136:1    [2] @media (max-with:640px)
1.2.%20style.css has 31 symbols
  0:0    [5] :root
  56:0    [5] body
  62:0    [5] *
  68:0    [5] html
  74:0    [5] .login
  82:0    [5] .form-container
  90:0    [5] .logo
  100:0    [5] .form
  108:0    [5] .form a
  122:0    [5] .label
  129:0    [5] .input
  143:0    [5] .input-email
  147:0    [5] .primary-button
  170:0    [5] .secondary-button
  192:0    [5] .login-button
  201:0    [5] .title
  210:0    [5] .subtitle
  224:0    [2] @media (max-width: 640px)
  225:4    [5] .logo
  234:0    [5] .body-expanded
  238:0    [5] #main-container
  243:0    [5] #sidemenu
  252:0    [5] #sidemenu a
  260:0    [5] #sidemenu #header
  265:0    [5] #sidemenu #header #title2
  270:0    [5] #sidemenu #header #title2
  270:0    [5] #sidemenu #header #menu-btn
  275:0    [5] #sidemenu #header #menu-btn
  279:0    [5] #sidemenu #header #menu-btn
  286:0    [5] #sidemenu #header #menu-btn:hover
  290:0    [5] #sidemenu #header #menu-btn .btn-hamburger
1.1.%20style.css has 8 symbols
  0:0    [5] :root
  47:0    [5] body
  51:0    [5] .menuCSS3 ul
  57:0    [5] .menuCSS3 a
  64:0    [5] .menuCSS3 a:hover
  67:0    [5] .menuCSS3 ul li ul
  70:0    [5] .menuCSS3 ul li a:hover + ul
  70:0    [5] .menuCSS3 ul li ul:hover
styles.css has 77 symbols
  1:0    [5] :root
  12:0    [5] body
  17:0    [5] .inactive
  23:0    [5] nav
  30:0    [5] .menu
  34:0    [5] .logo
  38:0    [5] .navbar-left ul
  38:0    [5] .navbar-right ul
  48:0    [5] .navbar-left
  52:0    [5] .navbar-left ul
  56:0    [5] .navbar-left ul li a
  56:0    [5] .navbar-right ul li a
  65:0    [5] .navbar-left ul li a:hover
  65:0    [5] .navbar-right ul li a:hover
  71:0    [5] .navbar-email
  78:0    [5] .navbar-shopping-cart
  82:0    [5] .navbar-shopping-cart div
  98:0    [5] .desktop-menu
  110:0    [5] .desktop-menu ul
  116:0    [5] .desktop-menu ul li
  120:0    [5] .desktop-menu ul li:nth-child(1)
  120:0    [5] .desktop-menu ul li:nth-child(2)
  125:0    [5] .desktop-menu ul li:last-child
  130:0    [5] .desktop-menu ul li:last-child a
  135:0    [5] .desktop-menu ul li a
  143:0    [5] .mobile-menu
  152:0    [5] .mobile-menu a
  159:0    [5] .mobile-menu ul
  165:0    [5] .mobile-menu ul:nth-child(1)
  169:0    [5] .mobile-menu ul li
  173:0    [5] .email
  178:0    [5] .sign-out
  186:0    [5] .aside
  194:0    [5] .title-container
  198:0    [5] .title-container img
  203:0    [5] .title
  208:0    [5] .order
  219:0    [5] .order p:nth-child(1)
  224:0    [5] .order p span:nth-child(1)
  229:0    [5] .order p:nth-child(2)
  234:0    [5] .shopping-cart
  242:0    [5] .shopping-cart figure
  246:0    [5] .shopping-cart figure img
  253:0    [5] .shopping-cart p:nth-child(2)
  257:0    [5] .shopping-cart p:nth-child(3)
  262:0    [5] .primary-button
  276:0    [5] #shoppingCartContainer
  280:0    [5] .cards-container
  288:0    [5] .product-card
  292:0    [5] .product-card img
  300:0    [5] .product-card .product-info
  307:0    [5] .product-card .product-info figure
  311:0    [5] .product-card .product-info figure img
  316:0    [5] .product-card .product-info div p:nth-child(1)
  323:0    [5] .product-card .product-info div p:nth-child(2)
  333:0    [5] #productDetail
  340:0    [5] .productDetail-close
  352:0    [5] .productDetail-close:hover
  356:0    [5] #productDetail>img:nth-child(2)
  365:0    [5] #productDetail .product-info
  369:0    [5] #productDetail .product-info p:nth-child(1)
  376:0    [5] #productDetail .product-info p:nth-child(2)
  383:0    [5] #productDetail .product-info p:nth-child(3)
  391:0    [5] .primary-button
  403:0    [5] .add-to-cart-button
  409:0    [2] @media (max-width: 640px)
  410:4    [5] .menu
  414:4    [5] .navbar-left ul
  418:4    [5] .navbar-email
  422:4    [5] .desktop-menu
  426:4    [5] .aside
  430:4    [5] .cards-container
  434:4    [5] .product-card
  438:4    [5] .product-card img
  443:4    [5] .aside
  449:0    [2] @media (min-width: 640px)
  450:4    [5] .mobile-menu
estilos-index.css has 9 symbols
  0:0    [5] body
  10:0    [5] #cabecera
  20:0    [5] #cabecera #logo
  25:0    [5] #cabecera #tagline
  34:0    [5] #container
  42:0    [5] #container h1
  47:0    [5] #post #perrito
  56:0    [5] #post
  61:0    [5] #post #footer
menu-item 1279
  html 17 21
  head 34 38
  meta 45 49
  meta 72 76
  meta 130 134
  title 205 210
  title 221 226
  link 233 237
  link 287 291
  link 351 355
  link 424 428
  link 542 546
  head 601 605
  body 608 612
  div 619 622
  div 695 698
  div 725 728
  span 742 746
  span 757 761
  div 764 767
  div 782 785
  div 818 821
  div 846 849
  div 868 871
  div 896 899
  div 918 921
  div 946 949
  div 965 968
  div 980 983
  div 1020 1023
  div 1051 1054
  img 1084 1087
  div 1161 1164
  div 1180 1183
  span 1195 1199
  span 1211 1215
  div 1218 1221
  div 1234 1237
  div 1271 1274
menu-item is a "id"
main.css has 29 symbols
  0:0    [5] :root
  47:0    [5] *
  53:0    [5] body
  59:0    [5] html
  63:0    [5] a
  68:0    [5] header
  73:0    [5] header nav
  78:0    [5] .nav-right-section
  88:0    [5] nav .nav-right-section a
  93:0    [5] .menu-icon
  103:0    [5] .img-perfil
  108:0    [5] main
  113:0    [5] .main-logo
  118:0    [5] .main-logo-url
  122:0    [5] .main-input
  128:0    [5] .main-input-container
  137:0    [5] .main-input-container-search
  144:0    [5] .main-input-container:hover
  149:0    [5] .search-icon
  158:0    [5] .micro-icon
  171:0    [5] .main-buttons
  176:0    [5] main .main-buttons div
  179:0    [5] main .main-buttons button
  190:0    [5] main .main-buttons button:hover
  199:0    [5] footer
  212:0    [5] footer ul
  219:0    [5] footer .footer-left
  223:0    [5] footer .footer-right
  227:0    [5] footer ul li a
styles.css has 88 symbols
  6:0    [5] :root
  25:0    [5] *
  31:0    [5] html
  36:0    [5] header
  48:0    [5] .header--logo
  56:0    [5] .header--title-container
  66:0    [5] .header--title-container h1
  73:0    [5] .header--title-container p
  81:0    [5] .header--title-container .header--button
  101:0    [5] .header--button span
  109:0    [5] main
  115:0    [5] .main-exchange-container
  123:0    [5] .main-exchange-container--title
  130:0    [5] .main-exchange-container .backgroundImg
  141:0    [5] .main-exchange-container h2
  149:0    [5] .main-exchange-container p
  157:0    [5] .main-currency-table
  166:0    [5] .main-currency-table .currency-table--title
  175:0    [5] .currency-table--container
  183:0    [5] .currency-table--container table
  188:0    [5] .currency-table--container td
  198:0    [5] .currency-table--container .table__top-left
  202:0    [5] .currency-table--container .table__top-right
  206:0    [5] .currency-table--container .table__bottom-left
  210:0    [5] .currency-table--container .table__bottom-right
  214:0    [5] .currency-table--container .table__right
  222:0    [5] .currency-table--container .down
  233:0    [5] .currency-table--container .up
  244:0    [5] .currency-table--date
  254:0    [5] .currency-table--date p
  263:0    [5] .main-product-detail
  272:0    [5] .product-detail--batata-logo
  281:0    [5] .product-detail--title
  290:0    [5] .product-detail--title h2
  298:0    [5] .product-detail--title p
  312:0    [5] .product-detail--card
  325:0    [5] .clock
  336:0    [5] .product--card-title
  344:0    [5] .product--card-body
  353:0    [5] .product-detail--card1
  366:0    [5] .eye
  377:0    [5] .product--card-title1
  385:0    [5] .product--card-body1
  394:0    [5] .product-detail--card2
  407:0    [5] .dollar-sign
  418:0    [5] .product--card-title2
  426:0    [5] .product--card-body2
  435:0    [5] .product-detail--card3
  448:0    [5] .check-circle
  459:0    [5] .product--card-title3
  467:0    [5] .product--card-body3
  477:0    [5] .bitcoin-img-container
  488:0    [5] .bitcoin-img-container h2
  496:0    [5] .main-plans-container
  503:0    [5] .plans--title
  511:0    [5] .plans--title h2
  519:0    [5] .plans--title p
  531:0    [5] .plans-container--slider
  546:0    [5] .plans-container--card
  561:0    [5] .recommended
  576:0    [5] .plan-card--title
  584:0    [5] .plan-card---price
  593:0    [5] .plan-card---price span
  601:0    [5] .plan-card--saving
  606:0    [5] .plan-card--ca
  620:0    [5] .plan-card--ca:hover
  627:0    [5] .plan-card--ca span
  638:0    [5] .plans-container--card1
  654:0    [5] .plan-card--title1
  662:0    [5] .plan-card---price1
  671:0    [5] .plan-card---price1 span
  679:0    [5] .plan-card--saving1
  684:0    [5] .plan-card--ca1
  698:0    [5] .plan-card--ca1:hover
  705:0    [5] .plan-card--ca1 span
  715:0    [5] .plans-container--card2
  731:0    [5] .plan-card--title2
  739:0    [5] .plan-card---price2
  748:0    [5] .plan-card---price2 span
  756:0    [5] .plan-card--saving2
  761:0    [5] .plan-card--ca2
  775:0    [5] .plan-card--ca2:hover
  782:0    [5] .plan-card--ca2 span
  793:0    [5] footer
  800:0    [5] footer section
  807:0    [5] footer .left ul
  815:0    [5] .left li
  819:0    [5] .left a
styles.css has 1 symbols
  0:0    [5] body
styles.scss has 4 symbols
  2:0    [5] :root
  6:0    [5] body
  10:0    [5] h1
  14:0    [5] p
table.css has 6 symbols
  4:0    [5] .main-tables-container
  13:0    [5] .product-cards--container
  23:0    [5] .plans-container--slider
  27:0    [5] .plans-container--card
  31:0    [5] .plans-container--card1
  35:0    [5] .plans-container--card2
styles.css has 12 symbols
  6:0    [5] :root
  22:0    [5] *
  28:0    [5] html
  33:0    [5] header
  45:0    [5] .header--logo
  53:0    [5] .header--title-container
  63:0    [5] .header--title-container h1
  70:0    [5] .header--title-container p
  78:0    [5] .header--title-container .header--button
  98:0    [5] .header--button span
  106:0    [5] main
  112:0    [5] .main-exchange-container
card.css has 27 symbols
  1:0    [5] @font-face
  5:0    [5] @font-face
  9:0    [5] *
  16:0    [5] .name
  23:0    [5] .position
  30:0    [5] .line
  35:0    [5] .container
  46:0    [5] .card-container
  54:0    [5] .header
  59:0    [5] .descripcion
  64:0    [5] .header
  64:0    [5] .descripcion
  69:0    [5] .header h4
  73:0    [5] .header a
  77:1    [5] .header img
  85:1    [5] .name
  96:1    [5] .companylogo
  102:1    [5] .companylogo img
  107:1    [5] .mail
  112:1    [5] .email
  116:1    [5] .email line
  121:1    [5] .email a
  126:1    [5] .fa-linkedin
  126:1    [5] .fa-square-facebook
  126:1    [5] .fa-square-instagram
  130:1    [5] .fa-twitter
  136:1    [2] @media (max-with:640px)
1.2.%20style.css has 31 symbols
  0:0    [5] :root
  56:0    [5] body
  62:0    [5] *
  68:0    [5] html
  74:0    [5] .login
  82:0    [5] .form-container
  90:0    [5] .logo
  100:0    [5] .form
  108:0    [5] .form a
  122:0    [5] .label
  129:0    [5] .input
  143:0    [5] .input-email
  147:0    [5] .primary-button
  170:0    [5] .secondary-button
  192:0    [5] .login-button
  201:0    [5] .title
  210:0    [5] .subtitle
  224:0    [2] @media (max-width: 640px)
  225:4    [5] .logo
  234:0    [5] .body-expanded
  238:0    [5] #main-container
  243:0    [5] #sidemenu
  252:0    [5] #sidemenu a
  260:0    [5] #sidemenu #header
  265:0    [5] #sidemenu #header #title2
  270:0    [5] #sidemenu #header #title2
  270:0    [5] #sidemenu #header #menu-btn
  275:0    [5] #sidemenu #header #menu-btn
  279:0    [5] #sidemenu #header #menu-btn
  286:0    [5] #sidemenu #header #menu-btn:hover
  290:0    [5] #sidemenu #header #menu-btn .btn-hamburger
1.1.%20style.css has 8 symbols
  0:0    [5] :root
  47:0    [5] body
  51:0    [5] .menuCSS3 ul
  57:0    [5] .menuCSS3 a
  64:0    [5] .menuCSS3 a:hover
  67:0    [5] .menuCSS3 ul li ul
  70:0    [5] .menuCSS3 ul li a:hover + ul
  70:0    [5] .menuCSS3 ul li ul:hover
styles.css has 77 symbols
  1:0    [5] :root
  12:0    [5] body
  17:0    [5] .inactive
  23:0    [5] nav
  30:0    [5] .menu
  34:0    [5] .logo
  38:0    [5] .navbar-left ul
  38:0    [5] .navbar-right ul
  48:0    [5] .navbar-left
  52:0    [5] .navbar-left ul
  56:0    [5] .navbar-left ul li a
  56:0    [5] .navbar-right ul li a
  65:0    [5] .navbar-left ul li a:hover
  65:0    [5] .navbar-right ul li a:hover
  71:0    [5] .navbar-email
  78:0    [5] .navbar-shopping-cart
  82:0    [5] .navbar-shopping-cart div
  98:0    [5] .desktop-menu
  110:0    [5] .desktop-menu ul
  116:0    [5] .desktop-menu ul li
  120:0    [5] .desktop-menu ul li:nth-child(1)
  120:0    [5] .desktop-menu ul li:nth-child(2)
  125:0    [5] .desktop-menu ul li:last-child
  130:0    [5] .desktop-menu ul li:last-child a
  135:0    [5] .desktop-menu ul li a
  143:0    [5] .mobile-menu
  152:0    [5] .mobile-menu a
  159:0    [5] .mobile-menu ul
  165:0    [5] .mobile-menu ul:nth-child(1)
  169:0    [5] .mobile-menu ul li
  173:0    [5] .email
  178:0    [5] .sign-out
  186:0    [5] .aside
  194:0    [5] .title-container
  198:0    [5] .title-container img
  203:0    [5] .title
  208:0    [5] .order
  219:0    [5] .order p:nth-child(1)
  224:0    [5] .order p span:nth-child(1)
  229:0    [5] .order p:nth-child(2)
  234:0    [5] .shopping-cart
  242:0    [5] .shopping-cart figure
  246:0    [5] .shopping-cart figure img
  253:0    [5] .shopping-cart p:nth-child(2)
  257:0    [5] .shopping-cart p:nth-child(3)
  262:0    [5] .primary-button
  276:0    [5] #shoppingCartContainer
  280:0    [5] .cards-container
  288:0    [5] .product-card
  292:0    [5] .product-card img
  300:0    [5] .product-card .product-info
  307:0    [5] .product-card .product-info figure
  311:0    [5] .product-card .product-info figure img
  316:0    [5] .product-card .product-info div p:nth-child(1)
  323:0    [5] .product-card .product-info div p:nth-child(2)
  333:0    [5] #productDetail
  340:0    [5] .productDetail-close
  352:0    [5] .productDetail-close:hover
  356:0    [5] #productDetail>img:nth-child(2)
  365:0    [5] #productDetail .product-info
  369:0    [5] #productDetail .product-info p:nth-child(1)
  376:0    [5] #productDetail .product-info p:nth-child(2)
  383:0    [5] #productDetail .product-info p:nth-child(3)
  391:0    [5] .primary-button
  403:0    [5] .add-to-cart-button
  409:0    [2] @media (max-width: 640px)
  410:4    [5] .menu
  414:4    [5] .navbar-left ul
  418:4    [5] .navbar-email
  422:4    [5] .desktop-menu
  426:4    [5] .aside
  430:4    [5] .cards-container
  434:4    [5] .product-card
  438:4    [5] .product-card img
  443:4    [5] .aside
  449:0    [2] @media (min-width: 640px)
  450:4    [5] .mobile-menu
estilos-index.css has 9 symbols
  0:0    [5] body
  10:0    [5] #cabecera
  20:0    [5] #cabecera #logo
  25:0    [5] #cabecera #tagline
  34:0    [5] #container
  42:0    [5] #container h1
  47:0    [5] #post #perrito
  56:0    [5] #post
  61:0    [5] #post #footer
[Server(228) Projects/] Document changed: 3.%20main_page.html
[Server(228) Projects/] Document changed: 3.%20main_page.html
[Server(228) Projects/] Document changed: 3.%20main_page.html
[Server(228) Projects/] Document changed: 3.%20main_page.html
[Server(228) Projects/] Document changed: 3.%20main_page.html
[Server(228) Projects/] Document changed: 3.%20main_page.html
[Server(228) Projects/] Document changed: 3.%20main_page.html
[Server(228) Projects/] Document changed: 3.%20main_page.html
[Server(228) Projects/] Document changed: 3.%20main_page.html
[Server(228) Projects/] Document changed: 3.%20main_page.html
[Server(228) Projects/] Document changed: 3.%20main_page.html
[Server(228) Projects/] Document changed: 3.%20main_page.html
[Server(228) Projects/] Document changed: 3.%20main_page.html
[Server(228) Projects/] Document changed: 3.%20main_page.html
[Server(228) Projects/] Document changed: 3.%20main_page.html
[Server(228) Projects/] Document changed: 3.%20main_page.html
[Server(228) Projects/] Document changed: 3.%20main_page.html
[Server(228) Projects/] Document changed: 3.%20main_page.html
[Server(228) Projects/] Document changed: 3.%20main_page.html
[Server(228) Projects/] Document changed: 3.%20main_page.html
class= 1585
  html 17 21
  head 34 38
  meta 45 49
  meta 72 76
  meta 130 134
  title 205 210
  title 221 226
  link 233 237
  link 287 291
  link 351 355
  link 424 428
  link 542 546
  head 601 605
  body 608 612
  div 619 622
  div 695 698
  div 725 728
  span 742 746
  span 757 761
  div 764 767
  div 782 785
  div 818 821
  div 846 849
  div 868 871
  div 896 899
  div 918 921
  div 946 949
  div 965 968
  div 980 983
  div 1020 1023
  div 1051 1054
  img 1084 1087
  div 1161 1164
  div 1180 1183
  span 1212 1216
  span 1266 1270
  div 1286 1289
  div 1302 1305
  div 1339 1342
  div 1372 1375
  a 1407 1408
  div 1439 1442
  img 1482 1485
  div 1555 1558
  div 1581 1584
  span 1601 1605
  span 1615 1619
  div 1622 1625
  a 1645 1646
  div 1662 1665
  div 1681 1684
  div 1740 1743
  div 1755 1758
  div 1767 1770
  div 1778 1781
  div 1828 1831
  body 1835 1839
  html 1843 1847
Invalid Selector
alt= 1524
  html 17 21
  head 34 38
  meta 45 49
  meta 72 76
  meta 130 134
  title 205 210
  title 221 226
  link 233 237
  link 287 291
  link 351 355
  link 424 428
  link 542 546
  head 601 605
  body 608 612
  div 619 622
  div 695 698
  div 725 728
  span 742 746
  span 757 761
  div 764 767
  div 782 785
  div 818 821
  div 846 849
  div 868 871
  div 896 899
  div 918 921
  div 946 949
  div 965 968
  div 980 983
  div 1020 1023
  div 1051 1054
  img 1084 1087
  div 1161 1164
  div 1180 1183
  span 1212 1216
  span 1266 1270
  div 1286 1289
  div 1302 1305
  div 1339 1342
  div 1372 1375
  a 1407 1408
  div 1439 1442
  img 1482 1485
  div 1555 1558
  div 1581 1584
  span 1601 1605
  span 1615 1619
  div 1622 1625
  a 1645 1646
  div 1662 1665
  div 1681 1684
  div 1740 1743
  div 1755 1758
  div 1767 1770
  div 1778 1781
  div 1828 1831
  body 1835 1839
  html 1843 1847
Invalid Selector
img 1482
  html 17 21
  head 34 38
  meta 45 49
  meta 72 76
  meta 130 134
  title 205 210
  title 221 226
  link 233 237
  link 287 291
  link 351 355
  link 424 428
  link 542 546
  head 601 605
  body 608 612
  div 619 622
  div 695 698
  div 725 728
  span 742 746
  span 757 761
  div 764 767
  div 782 785
  div 818 821
  div 846 849
  div 868 871
  div 896 899
  div 918 921
  div 946 949
  div 965 968
  div 980 983
  div 1020 1023
  div 1051 1054
  img 1084 1087
  div 1161 1164
  div 1180 1183
  span 1212 1216
  span 1266 1270
  div 1286 1289
  div 1302 1305
  div 1339 1342
  div 1372 1375
  a 1407 1408
  div 1439 1442
  img 1482 1485
img is a "html tag"
main.css has 29 symbols
  0:0    [5] :root
  47:0    [5] *
  53:0    [5] body
  59:0    [5] html
  63:0    [5] a
  68:0    [5] header
  73:0    [5] header nav
  78:0    [5] .nav-right-section
  88:0    [5] nav .nav-right-section a
  93:0    [5] .menu-icon
  103:0    [5] .img-perfil
  108:0    [5] main
  113:0    [5] .main-logo
  118:0    [5] .main-logo-url
  122:0    [5] .main-input
  128:0    [5] .main-input-container
  137:0    [5] .main-input-container-search
  144:0    [5] .main-input-container:hover
  149:0    [5] .search-icon
  158:0    [5] .micro-icon
  171:0    [5] .main-buttons
  176:0    [5] main .main-buttons div
  179:0    [5] main .main-buttons button
  190:0    [5] main .main-buttons button:hover
  199:0    [5] footer
  212:0    [5] footer ul
  219:0    [5] footer .footer-left
  223:0    [5] footer .footer-right
  227:0    [5] footer ul li a
styles.css has 88 symbols
  6:0    [5] :root
  25:0    [5] *
  31:0    [5] html
  36:0    [5] header
  48:0    [5] .header--logo
  56:0    [5] .header--title-container
  66:0    [5] .header--title-container h1
  73:0    [5] .header--title-container p
  81:0    [5] .header--title-container .header--button
  101:0    [5] .header--button span
  109:0    [5] main
  115:0    [5] .main-exchange-container
  123:0    [5] .main-exchange-container--title
  130:0    [5] .main-exchange-container .backgroundImg
  141:0    [5] .main-exchange-container h2
  149:0    [5] .main-exchange-container p
  157:0    [5] .main-currency-table
  166:0    [5] .main-currency-table .currency-table--title
  175:0    [5] .currency-table--container
  183:0    [5] .currency-table--container table
  188:0    [5] .currency-table--container td
  198:0    [5] .currency-table--container .table__top-left
  202:0    [5] .currency-table--container .table__top-right
  206:0    [5] .currency-table--container .table__bottom-left
  210:0    [5] .currency-table--container .table__bottom-right
  214:0    [5] .currency-table--container .table__right
  222:0    [5] .currency-table--container .down
  233:0    [5] .currency-table--container .up
  244:0    [5] .currency-table--date
  254:0    [5] .currency-table--date p
  263:0    [5] .main-product-detail
  272:0    [5] .product-detail--batata-logo
  281:0    [5] .product-detail--title
  290:0    [5] .product-detail--title h2
  298:0    [5] .product-detail--title p
  312:0    [5] .product-detail--card
  325:0    [5] .clock
  336:0    [5] .product--card-title
  344:0    [5] .product--card-body
  353:0    [5] .product-detail--card1
  366:0    [5] .eye
  377:0    [5] .product--card-title1
  385:0    [5] .product--card-body1
  394:0    [5] .product-detail--card2
  407:0    [5] .dollar-sign
  418:0    [5] .product--card-title2
  426:0    [5] .product--card-body2
  435:0    [5] .product-detail--card3
  448:0    [5] .check-circle
  459:0    [5] .product--card-title3
  467:0    [5] .product--card-body3
  477:0    [5] .bitcoin-img-container
  488:0    [5] .bitcoin-img-container h2
  496:0    [5] .main-plans-container
  503:0    [5] .plans--title
  511:0    [5] .plans--title h2
  519:0    [5] .plans--title p
  531:0    [5] .plans-container--slider
  546:0    [5] .plans-container--card
  561:0    [5] .recommended
  576:0    [5] .plan-card--title
  584:0    [5] .plan-card---price
  593:0    [5] .plan-card---price span
  601:0    [5] .plan-card--saving
  606:0    [5] .plan-card--ca
  620:0    [5] .plan-card--ca:hover
  627:0    [5] .plan-card--ca span
  638:0    [5] .plans-container--card1
  654:0    [5] .plan-card--title1
  662:0    [5] .plan-card---price1
  671:0    [5] .plan-card---price1 span
  679:0    [5] .plan-card--saving1
  684:0    [5] .plan-card--ca1
  698:0    [5] .plan-card--ca1:hover
  705:0    [5] .plan-card--ca1 span
  715:0    [5] .plans-container--card2
  731:0    [5] .plan-card--title2
  739:0    [5] .plan-card---price2
  748:0    [5] .plan-card---price2 span
  756:0    [5] .plan-card--saving2
  761:0    [5] .plan-card--ca2
  775:0    [5] .plan-card--ca2:hover
  782:0    [5] .plan-card--ca2 span
  793:0    [5] footer
  800:0    [5] footer section
  807:0    [5] footer .left ul
  815:0    [5] .left li
  819:0    [5] .left a
styles.css has 1 symbols
  0:0    [5] body
styles.scss has 4 symbols
  2:0    [5] :root
  6:0    [5] body
  10:0    [5] h1
  14:0    [5] p
table.css has 6 symbols
  4:0    [5] .main-tables-container
  13:0    [5] .product-cards--container
  23:0    [5] .plans-container--slider
  27:0    [5] .plans-container--card
  31:0    [5] .plans-container--card1
  35:0    [5] .plans-container--card2
styles.css has 12 symbols
  6:0    [5] :root
  22:0    [5] *
  28:0    [5] html
  33:0    [5] header
  45:0    [5] .header--logo
  53:0    [5] .header--title-container
  63:0    [5] .header--title-container h1
  70:0    [5] .header--title-container p
  78:0    [5] .header--title-container .header--button
  98:0    [5] .header--button span
  106:0    [5] main
  112:0    [5] .main-exchange-container
card.css has 27 symbols
  1:0    [5] @font-face
  5:0    [5] @font-face
  9:0    [5] *
  16:0    [5] .name
  23:0    [5] .position
  30:0    [5] .line
  35:0    [5] .container
  46:0    [5] .card-container
  54:0    [5] .header
  59:0    [5] .descripcion
  64:0    [5] .header
  64:0    [5] .descripcion
  69:0    [5] .header h4
  73:0    [5] .header a
  77:1    [5] .header img
  85:1    [5] .name
  96:1    [5] .companylogo
  102:1    [5] .companylogo img
  107:1    [5] .mail
  112:1    [5] .email
  116:1    [5] .email line
  121:1    [5] .email a
  126:1    [5] .fa-linkedin
  126:1    [5] .fa-square-facebook
  126:1    [5] .fa-square-instagram
  130:1    [5] .fa-twitter
  136:1    [2] @media (max-with:640px)
1.2.%20style.css has 31 symbols
  0:0    [5] :root
  56:0    [5] body
  62:0    [5] *
  68:0    [5] html
  74:0    [5] .login
  82:0    [5] .form-container
  90:0    [5] .logo
  100:0    [5] .form
  108:0    [5] .form a
  122:0    [5] .label
  129:0    [5] .input
  143:0    [5] .input-email
  147:0    [5] .primary-button
  170:0    [5] .secondary-button
  192:0    [5] .login-button
  201:0    [5] .title
  210:0    [5] .subtitle
  224:0    [2] @media (max-width: 640px)
  225:4    [5] .logo
  234:0    [5] .body-expanded
  238:0    [5] #main-container
  243:0    [5] #sidemenu
  252:0    [5] #sidemenu a
  260:0    [5] #sidemenu #header
  265:0    [5] #sidemenu #header #title2
  270:0    [5] #sidemenu #header #title2
  270:0    [5] #sidemenu #header #menu-btn
  275:0    [5] #sidemenu #header #menu-btn
  279:0    [5] #sidemenu #header #menu-btn
  286:0    [5] #sidemenu #header #menu-btn:hover
  290:0    [5] #sidemenu #header #menu-btn .btn-hamburger
1.1.%20style.css has 8 symbols
  0:0    [5] :root
  47:0    [5] body
  51:0    [5] .menuCSS3 ul
  57:0    [5] .menuCSS3 a
  64:0    [5] .menuCSS3 a:hover
  67:0    [5] .menuCSS3 ul li ul
  70:0    [5] .menuCSS3 ul li a:hover + ul
  70:0    [5] .menuCSS3 ul li ul:hover
styles.css has 77 symbols
  1:0    [5] :root
  12:0    [5] body
  17:0    [5] .inactive
  23:0    [5] nav
  30:0    [5] .menu
  34:0    [5] .logo
  38:0    [5] .navbar-left ul
  38:0    [5] .navbar-right ul
  48:0    [5] .navbar-left
  52:0    [5] .navbar-left ul
  56:0    [5] .navbar-left ul li a
  56:0    [5] .navbar-right ul li a
  65:0    [5] .navbar-left ul li a:hover
  65:0    [5] .navbar-right ul li a:hover
  71:0    [5] .navbar-email
  78:0    [5] .navbar-shopping-cart
  82:0    [5] .navbar-shopping-cart div
  98:0    [5] .desktop-menu
  110:0    [5] .desktop-menu ul
  116:0    [5] .desktop-menu ul li
  120:0    [5] .desktop-menu ul li:nth-child(1)
  120:0    [5] .desktop-menu ul li:nth-child(2)
  125:0    [5] .desktop-menu ul li:last-child
  130:0    [5] .desktop-menu ul li:last-child a
  135:0    [5] .desktop-menu ul li a
  143:0    [5] .mobile-menu
  152:0    [5] .mobile-menu a
  159:0    [5] .mobile-menu ul
  165:0    [5] .mobile-menu ul:nth-child(1)
  169:0    [5] .mobile-menu ul li
  173:0    [5] .email
  178:0    [5] .sign-out
  186:0    [5] .aside
  194:0    [5] .title-container
  198:0    [5] .title-container img
  203:0    [5] .title
  208:0    [5] .order
  219:0    [5] .order p:nth-child(1)
  224:0    [5] .order p span:nth-child(1)
  229:0    [5] .order p:nth-child(2)
  234:0    [5] .shopping-cart
  242:0    [5] .shopping-cart figure
  246:0    [5] .shopping-cart figure img
  253:0    [5] .shopping-cart p:nth-child(2)
  257:0    [5] .shopping-cart p:nth-child(3)
  262:0    [5] .primary-button
  276:0    [5] #shoppingCartContainer
  280:0    [5] .cards-container
  288:0    [5] .product-card
  292:0    [5] .product-card img
  300:0    [5] .product-card .product-info
  307:0    [5] .product-card .product-info figure
  311:0    [5] .product-card .product-info figure img
  316:0    [5] .product-card .product-info div p:nth-child(1)
  323:0    [5] .product-card .product-info div p:nth-child(2)
  333:0    [5] #productDetail
  340:0    [5] .productDetail-close
  352:0    [5] .productDetail-close:hover
  356:0    [5] #productDetail>img:nth-child(2)
  365:0    [5] #productDetail .product-info
  369:0    [5] #productDetail .product-info p:nth-child(1)
  376:0    [5] #productDetail .product-info p:nth-child(2)
  383:0    [5] #productDetail .product-info p:nth-child(3)
  391:0    [5] .primary-button
  403:0    [5] .add-to-cart-button
  409:0    [2] @media (max-width: 640px)
  410:4    [5] .menu
  414:4    [5] .navbar-left ul
  418:4    [5] .navbar-email
  422:4    [5] .desktop-menu
  426:4    [5] .aside
  430:4    [5] .cards-container
  434:4    [5] .product-card
  438:4    [5] .product-card img
  443:4    [5] .aside
  449:0    [2] @media (min-width: 640px)
  450:4    [5] .mobile-menu
estilos-index.css has 9 symbols
  0:0    [5] body
  10:0    [5] #cabecera
  20:0    [5] #cabecera #logo
  25:0    [5] #cabecera #tagline
  34:0    [5] #container
  42:0    [5] #container h1
  47:0    [5] #post #perrito
  56:0    [5] #post
  61:0    [5] #post #footer
div 1439
  html 17 21
  head 34 38
  meta 45 49
  meta 72 76
  meta 130 134
  title 205 210
  title 221 226
  link 233 237
  link 287 291
  link 351 355
  link 424 428
  link 542 546
  head 601 605
  body 608 612
  div 619 622
  div 695 698
  div 725 728
  span 742 746
  span 757 761
  div 764 767
  div 782 785
  div 818 821
  div 846 849
  div 868 871
  div 896 899
  div 918 921
  div 946 949
  div 965 968
  div 980 983
  div 1020 1023
  div 1051 1054
  img 1084 1087
  div 1161 1164
  div 1180 1183
  span 1212 1216
  span 1266 1270
  div 1286 1289
  div 1302 1305
  div 1339 1342
  div 1372 1375
  a 1407 1408
  div 1439 1442
div is a "html tag"
main.css has 29 symbols
  0:0    [5] :root
  47:0    [5] *
  53:0    [5] body
  59:0    [5] html
  63:0    [5] a
  68:0    [5] header
  73:0    [5] header nav
  78:0    [5] .nav-right-section
  88:0    [5] nav .nav-right-section a
  93:0    [5] .menu-icon
  103:0    [5] .img-perfil
  108:0    [5] main
  113:0    [5] .main-logo
  118:0    [5] .main-logo-url
  122:0    [5] .main-input
  128:0    [5] .main-input-container
  137:0    [5] .main-input-container-search
  144:0    [5] .main-input-container:hover
  149:0    [5] .search-icon
  158:0    [5] .micro-icon
  171:0    [5] .main-buttons
  176:0    [5] main .main-buttons div
  179:0    [5] main .main-buttons button
  190:0    [5] main .main-buttons button:hover
  199:0    [5] footer
  212:0    [5] footer ul
  219:0    [5] footer .footer-left
  223:0    [5] footer .footer-right
  227:0    [5] footer ul li a
styles.css has 88 symbols
  6:0    [5] :root
  25:0    [5] *
  31:0    [5] html
  36:0    [5] header
  48:0    [5] .header--logo
  56:0    [5] .header--title-container
  66:0    [5] .header--title-container h1
  73:0    [5] .header--title-container p
  81:0    [5] .header--title-container .header--button
  101:0    [5] .header--button span
  109:0    [5] main
  115:0    [5] .main-exchange-container
  123:0    [5] .main-exchange-container--title
  130:0    [5] .main-exchange-container .backgroundImg
  141:0    [5] .main-exchange-container h2
  149:0    [5] .main-exchange-container p
  157:0    [5] .main-currency-table
  166:0    [5] .main-currency-table .currency-table--title
  175:0    [5] .currency-table--container
  183:0    [5] .currency-table--container table
  188:0    [5] .currency-table--container td
  198:0    [5] .currency-table--container .table__top-left
  202:0    [5] .currency-table--container .table__top-right
  206:0    [5] .currency-table--container .table__bottom-left
  210:0    [5] .currency-table--container .table__bottom-right
  214:0    [5] .currency-table--container .table__right
  222:0    [5] .currency-table--container .down
  233:0    [5] .currency-table--container .up
  244:0    [5] .currency-table--date
  254:0    [5] .currency-table--date p
  263:0    [5] .main-product-detail
  272:0    [5] .product-detail--batata-logo
  281:0    [5] .product-detail--title
  290:0    [5] .product-detail--title h2
  298:0    [5] .product-detail--title p
  312:0    [5] .product-detail--card
  325:0    [5] .clock
  336:0    [5] .product--card-title
  344:0    [5] .product--card-body
  353:0    [5] .product-detail--card1
  366:0    [5] .eye
  377:0    [5] .product--card-title1
  385:0    [5] .product--card-body1
  394:0    [5] .product-detail--card2
  407:0    [5] .dollar-sign
  418:0    [5] .product--card-title2
  426:0    [5] .product--card-body2
  435:0    [5] .product-detail--card3
  448:0    [5] .check-circle
  459:0    [5] .product--card-title3
  467:0    [5] .product--card-body3
  477:0    [5] .bitcoin-img-container
  488:0    [5] .bitcoin-img-container h2
  496:0    [5] .main-plans-container
  503:0    [5] .plans--title
  511:0    [5] .plans--title h2
  519:0    [5] .plans--title p
  531:0    [5] .plans-container--slider
  546:0    [5] .plans-container--card
  561:0    [5] .recommended
  576:0    [5] .plan-card--title
  584:0    [5] .plan-card---price
  593:0    [5] .plan-card---price span
  601:0    [5] .plan-card--saving
  606:0    [5] .plan-card--ca
  620:0    [5] .plan-card--ca:hover
  627:0    [5] .plan-card--ca span
  638:0    [5] .plans-container--card1
  654:0    [5] .plan-card--title1
  662:0    [5] .plan-card---price1
  671:0    [5] .plan-card---price1 span
  679:0    [5] .plan-card--saving1
  684:0    [5] .plan-card--ca1
  698:0    [5] .plan-card--ca1:hover
  705:0    [5] .plan-card--ca1 span
  715:0    [5] .plans-container--card2
  731:0    [5] .plan-card--title2
  739:0    [5] .plan-card---price2
  748:0    [5] .plan-card---price2 span
  756:0    [5] .plan-card--saving2
  761:0    [5] .plan-card--ca2
  775:0    [5] .plan-card--ca2:hover
  782:0    [5] .plan-card--ca2 span
  793:0    [5] footer
  800:0    [5] footer section
  807:0    [5] footer .left ul
  815:0    [5] .left li
  819:0    [5] .left a
styles.css has 1 symbols
  0:0    [5] body
styles.scss has 4 symbols
  2:0    [5] :root
  6:0    [5] body
  10:0    [5] h1
  14:0    [5] p
table.css has 6 symbols
  4:0    [5] .main-tables-container
  13:0    [5] .product-cards--container
  23:0    [5] .plans-container--slider
  27:0    [5] .plans-container--card
  31:0    [5] .plans-container--card1
  35:0    [5] .plans-container--card2
styles.css has 12 symbols
  6:0    [5] :root
  22:0    [5] *
  28:0    [5] html
  33:0    [5] header
  45:0    [5] .header--logo
  53:0    [5] .header--title-container
  63:0    [5] .header--title-container h1
  70:0    [5] .header--title-container p
  78:0    [5] .header--title-container .header--button
  98:0    [5] .header--button span
  106:0    [5] main
  112:0    [5] .main-exchange-container
card.css has 27 symbols
  1:0    [5] @font-face
  5:0    [5] @font-face
  9:0    [5] *
  16:0    [5] .name
  23:0    [5] .position
  30:0    [5] .line
  35:0    [5] .container
  46:0    [5] .card-container
  54:0    [5] .header
  59:0    [5] .descripcion
  64:0    [5] .header
  64:0    [5] .descripcion
  69:0    [5] .header h4
  73:0    [5] .header a
  77:1    [5] .header img
  85:1    [5] .name
  96:1    [5] .companylogo
  102:1    [5] .companylogo img
  107:1    [5] .mail
  112:1    [5] .email
  116:1    [5] .email line
  121:1    [5] .email a
  126:1    [5] .fa-linkedin
  126:1    [5] .fa-square-facebook
  126:1    [5] .fa-square-instagram
  130:1    [5] .fa-twitter
  136:1    [2] @media (max-with:640px)
1.2.%20style.css has 31 symbols
  0:0    [5] :root
  56:0    [5] body
  62:0    [5] *
  68:0    [5] html
  74:0    [5] .login
  82:0    [5] .form-container
  90:0    [5] .logo
  100:0    [5] .form
  108:0    [5] .form a
  122:0    [5] .label
  129:0    [5] .input
  143:0    [5] .input-email
  147:0    [5] .primary-button
  170:0    [5] .secondary-button
  192:0    [5] .login-button
  201:0    [5] .title
  210:0    [5] .subtitle
  224:0    [2] @media (max-width: 640px)
  225:4    [5] .logo
  234:0    [5] .body-expanded
  238:0    [5] #main-container
  243:0    [5] #sidemenu
  252:0    [5] #sidemenu a
  260:0    [5] #sidemenu #header
  265:0    [5] #sidemenu #header #title2
  270:0    [5] #sidemenu #header #title2
  270:0    [5] #sidemenu #header #menu-btn
  275:0    [5] #sidemenu #header #menu-btn
  279:0    [5] #sidemenu #header #menu-btn
  286:0    [5] #sidemenu #header #menu-btn:hover
  290:0    [5] #sidemenu #header #menu-btn .btn-hamburger
1.1.%20style.css has 8 symbols
  0:0    [5] :root
  47:0    [5] body
  51:0    [5] .menuCSS3 ul
  57:0    [5] .menuCSS3 a
  64:0    [5] .menuCSS3 a:hover
  67:0    [5] .menuCSS3 ul li ul
  70:0    [5] .menuCSS3 ul li a:hover + ul
  70:0    [5] .menuCSS3 ul li ul:hover
styles.css has 77 symbols
  1:0    [5] :root
  12:0    [5] body
  17:0    [5] .inactive
  23:0    [5] nav
  30:0    [5] .menu
  34:0    [5] .logo
  38:0    [5] .navbar-left ul
  38:0    [5] .navbar-right ul
  48:0    [5] .navbar-left
  52:0    [5] .navbar-left ul
  56:0    [5] .navbar-left ul li a
  56:0    [5] .navbar-right ul li a
  65:0    [5] .navbar-left ul li a:hover
  65:0    [5] .navbar-right ul li a:hover
  71:0    [5] .navbar-email
  78:0    [5] .navbar-shopping-cart
  82:0    [5] .navbar-shopping-cart div
  98:0    [5] .desktop-menu
  110:0    [5] .desktop-menu ul
  116:0    [5] .desktop-menu ul li
  120:0    [5] .desktop-menu ul li:nth-child(1)
  120:0    [5] .desktop-menu ul li:nth-child(2)
  125:0    [5] .desktop-menu ul li:last-child
  130:0    [5] .desktop-menu ul li:last-child a
  135:0    [5] .desktop-menu ul li a
  143:0    [5] .mobile-menu
  152:0    [5] .mobile-menu a
  159:0    [5] .mobile-menu ul
  165:0    [5] .mobile-menu ul:nth-child(1)
  169:0    [5] .mobile-menu ul li
  173:0    [5] .email
  178:0    [5] .sign-out
  186:0    [5] .aside
  194:0    [5] .title-container
  198:0    [5] .title-container img
  203:0    [5] .title
  208:0    [5] .order
  219:0    [5] .order p:nth-child(1)
  224:0    [5] .order p span:nth-child(1)
  229:0    [5] .order p:nth-child(2)
  234:0    [5] .shopping-cart
  242:0    [5] .shopping-cart figure
  246:0    [5] .shopping-cart figure img
  253:0    [5] .shopping-cart p:nth-child(2)
  257:0    [5] .shopping-cart p:nth-child(3)
  262:0    [5] .primary-button
  276:0    [5] #shoppingCartContainer
  280:0    [5] .cards-container
  288:0    [5] .product-card
  292:0    [5] .product-card img
  300:0    [5] .product-card .product-info
  307:0    [5] .product-card .product-info figure
  311:0    [5] .product-card .product-info figure img
  316:0    [5] .product-card .product-info div p:nth-child(1)
  323:0    [5] .product-card .product-info div p:nth-child(2)
  333:0    [5] #productDetail
  340:0    [5] .productDetail-close
  352:0    [5] .productDetail-close:hover
  356:0    [5] #productDetail>img:nth-child(2)
  365:0    [5] #productDetail .product-info
  369:0    [5] #productDetail .product-info p:nth-child(1)
  376:0    [5] #productDetail .product-info p:nth-child(2)
  383:0    [5] #productDetail .product-info p:nth-child(3)
  391:0    [5] .primary-button
  403:0    [5] .add-to-cart-button
  409:0    [2] @media (max-width: 640px)
  410:4    [5] .menu
  414:4    [5] .navbar-left ul
  418:4    [5] .navbar-email
  422:4    [5] .desktop-menu
  426:4    [5] .aside
  430:4    [5] .cards-container
  434:4    [5] .product-card
  438:4    [5] .product-card img
  443:4    [5] .aside
  449:0    [2] @media (min-width: 640px)
  450:4    [5] .mobile-menu
estilos-index.css has 9 symbols
  0:0    [5] body
  10:0    [5] #cabecera
  20:0    [5] #cabecera #logo
  25:0    [5] #cabecera #tagline
  34:0    [5] #container
  42:0    [5] #container h1
  47:0    [5] #post #perrito
  56:0    [5] #post
  61:0    [5] #post #footer
[Server(228) Projects/] Document changed: 3.%20main_page.html
[Server(228) Projects/] Document changed: 3.%20main_page.html
[Server(228) Projects/] Document changed: 3.%20main_page.html
[Server(228) Projects/] Document changed: 3.%20main_page.html
[Server(228) Projects/] Document changed: 3.%20main_page.html
[Server(228) Projects/] Document changed: 3.%20main_page.html
[Server(228) Projects/] Document changed: 3.%20main_page.html
[Server(228) Projects/] Document changed: 3.%20main_page.html
[Server(228) Projects/] Document changed: 3.%20main_page.html
[Server(228) Projects/] Document changed: 3.%20main_page.html
[Server(228) Projects/] Document changed: 3.%20main_page.html
[Server(228) Projects/] Document changed: 3.%20main_page.html
[Server(228) Projects/] Document changed: 3.%20main_page.html
[Server(228) Projects/] Document changed: 3.%20main_page.html
[Server(228) Projects/] Document changed: 3.%20main_page.html
[Server(228) Projects/] Document changed: 3.%20main_page.html
[Server(228) Projects/] Document changed: 3.%20main_page.html
[Server(228) Projects/] Document changed: 3.%20main_page.html
[Server(228) Projects/] Document changed: 3.%20main_page.html
[Server(228) Projects/] Document changed: 3.%20main_page.html
[Server(228) Projects/] Document changed: 3.%20main_page.html
[Server(228) Projects/] Document changed: 3.%20main_page.html
[Server(228) Projects/] Document changed: 3.%20main_page.html
[Server(228) Projects/] Document changed: 3.%20main_page.html
[Server(228) Projects/] Document changed: 3.%20main_page.html
[Server(228) Projects/] Document changed: 3.%20main_page.html
[Server(228) Projects/] Document changed: 3.%20main_page.html
[Server(228) Projects/] Document changed: 3.%20main_page.html
[Server(228) Projects/] Document changed: 3.%20main_page.html
[Server(228) Projects/] Document changed: 3.%20main_page.html
[Server(228) Projects/] Document changed: 3.%20main_page.html
[Server(228) Projects/] Document changed: 3.%20main_page.html
[Server(228) Projects/] Document changed: 3.%20main_page.html
[Server(228) Projects/] Document changed: 3.%20main_page.html
[Server(228) Projects/] Document changed: 3.%20main_page.html
[Server(228) Projects/] Document changed: 3.%20main_page.html
[Server(228) Projects/] Document changed: 3.%20main_page.html
[Server(228) Projects/] Document changed: 3.%20main_page.html
[Server(228) Projects/] Document changed: 3.%20main_page.html
[Server(228) Projects/] Document changed: 3.%20main_page.html
[Server(228) Projects/] Document changed: 3.%20main_page.html
[Server(228) Projects/] Document changed: 3.%20main_page.html
[Server(228) Projects/] Document changed: 3.%20main_page.html
[Server(228) Projects/] Document changed: 3.%20main_page.html
[Server(228) Projects/] Document changed: 3.%20main_page.html
[Server(228) Projects/] Document opened: main.js
[Server(228) Projects/] Document changed: main.js
[Server(228) Projects/] Document changed: 3.%20main_page.html
[Server(228) Projects/] Document changed: 3.%20main_page.html
[Server(228) Projects/] Document changed: 3.%20main_page.html
[Server(228) Projects/] Document changed: 3.%20main_page.html
[Server(228) Projects/] Document changed: 3.%20main_page.html
[Server(228) Projects/] Document changed: 3.%20main_page.html
[Server(228) Projects/] Document changed: main.js
[Server(228) Projects/] Document changed: main.js
[Server(228) Projects/] Document changed: main.js
[Server(228) Projects/] Document changed: main.js
[Server(228) Projects/] Document changed: main.js
[Server(228) Projects/] Document changed: main.js
[Server(228) Projects/] Document changed: main.js
[Server(228) Projects/] Document changed: main.js
[Server(228) Projects/] Document changed: main.js
[Server(228) Projects/] Document changed: main.js
[Server(228) Projects/] Document changed: main.js
[Server(228) Projects/] Document changed: main.js
[Server(228) Projects/] Document changed: main.js
[Server(228) Projects/] Document changed: main.js
[Server(228) Projects/] Document changed: main.js
[Server(228) Projects/] Document changed: main.js
[Server(228) Projects/] Document changed: main.js
[Server(228) Projects/] Document changed: main.js
[Server(228) Projects/] Document changed: main.js
[Server(228) Projects/] Document changed: main.js
[Server(228) Projects/] Document changed: main.js
[Server(228) Projects/] Document changed: main.js
[Server(228) Projects/] Document changed: main.js
[Server(228) Projects/] Document changed: main.js
[Server(228) Projects/] Document changed: main.js
[Server(228) Projects/] Document changed: main.js
[Server(228) Projects/] Document changed: main.js
[Server(228) Projects/] Document changed: main.js
[Server(228) Projects/] Document changed: main.js
[Server(228) Projects/] Document changed: main.js
[Server(228) Projects/] Document changed: main.js
[Server(228) Projects/] Document changed: main.js
[Server(228) Projects/] Document changed: main.js
[Server(228) Projects/] Document changed: main.js
[Server(228) Projects/] Document changed: main.js
[Server(228) Projects/] Document changed: main.js
const 0
Invalid Selector
btn 6
Invalid Selector
document.querySelector 12
Invalid Selector
[Server(228) Projects/] Document opened: lib.dom.d.ts
[Server(228) Projects/] Document changed: lib.dom.d.ts
[Server(228) Projects/] Document changed: main.js
[Server(228) Projects/] Document changed: main.js
[Server(228) Projects/] Document changed: main.js
[Server(228) Projects/] Document changed: main.js
[Server(228) Projects/] Document changed: main.js
[Server(228) Projects/] Document changed: main.js
[Server(228) Projects/] Document changed: main.js
[Server(228) Projects/] Document changed: main.js
[Server(228) Projects/] Document changed: main.js
[Server(228) Projects/] Document changed: main.js
[Server(228) Projects/] Document changed: main.js
[Server(228) Projects/] Document changed: main.js
[Server(228) Projects/] Document changed: main.js
[Server(228) Projects/] Document changed: main.js
[Server(228) Projects/] Document changed: main.js
[Server(228) Projects/] Document changed: main.js
[Server(228) Projects/] Document changed: main.js
[Server(228) Projects/] Document changed: main.js
[Server(228) Projects/] Document changed: main.js
[Server(228) Projects/] Document changed: main.js
[Server(228) Projects/] Document changed: main.js
[Server(228) Projects/] Document changed: main.js
[Server(228) Projects/] Document changed: main.js
[Server(228) Projects/] Document changed: main.js
[Server(228) Projects/] Document changed: main.js
[Server(228) Projects/] Document changed: main.js
[Server(228) Projects/] Document changed: main.js
[Server(228) Projects/] Document changed: main.js
[Server(228) Projects/] Document changed: main.js
[Server(228) Projects/] Document changed: main.js
[Server(228) Projects/] Document changed: main.js
[Server(228) Projects/] Document changed: main.js
[Server(228) Projects/] Document changed: main.js
[Server(228) Projects/] Document changed: main.js
[Server(228) Projects/] Document changed: main.js
[Server(228) Projects/] Document changed: main.js
[Server(228) Projects/] Document changed: main.js
[Server(228) Projects/] Document changed: main.js
[Server(228) Projects/] Document changed: main.js
[Server(228) Projects/] Document changed: main.js
[Server(228) Projects/] Document changed: main.js
[Server(228) Projects/] Document changed: main.js
[Server(228) Projects/] Document changed: main.js
[Server(228) Projects/] Document changed: main.js
[Server(228) Projects/] Document changed: main.js
[Server(228) Projects/] Document changed: main.js
[Server(228) Projects/] Document changed: main.js
[Server(228) Projects/] Document changed: main.js
[Server(228) Projects/] Document changed: main.js
[Server(228) Projects/] Document changed: main.js
[Server(228) Projects/] Document changed: main.js
[Server(228) Projects/] Document changed: main.js
[Server(228) Projects/] Document changed: main.js
[Server(228) Projects/] Document changed: main.js
[Server(228) Projects/] Document changed: main.js
[Server(228) Projects/] Document changed: main.js
menu.classList.toggle 143
Invalid Selector
menu.classList.toggle 143
Invalid Selector
[Server(228) Projects/] Document opened: lib.dom.d.ts
[Server(228) Projects/] Document changed: lib.dom.d.ts
menu.classList.toggle 143
Invalid Selector
[Server(228) Projects/] Document opened: lib.dom.d.ts
[Server(228) Projects/] Document changed: lib.dom.d.ts
[Server(228) Projects/] Document changed: main.js
[Server(228) Projects/] Document changed: main.js
[Server(228) Projects/] Document changed: main.js
[Server(228) Projects/] Document changed: main.js
[Server(228) Projects/] Document changed: main.js
[Server(228) Projects/] Document changed: main.js
[Server(228) Projects/] Document changed: main.js
[Server(228) Projects/] Document changed: main.js
[Server(228) Projects/] Document changed: main.js
[Server(228) Projects/] Document changed: main.js
[Server(228) Projects/] Document changed: main.js
[Server(228) Projects/] Document changed: main.js
[Server(228) Projects/] Document changed: main.js
[Server(228) Projects/] Document changed: main.js
[Server(228) Projects/] Document changed: main.js
[Server(228) Projects/] Document changed: main.js
[Server(228) Projects/] Document changed: main.js
[Server(228) Projects/] Document changed: main.js
[Server(228) Projects/] Document changed: main.js
[Server(228) Projects/] Document changed: main.js
[Server(228) Projects/] Document changed: main.js
[Server(228) Projects/] Document changed: main.js
[Server(228) Projects/] Document changed: main.js
[Server(228) Projects/] Document changed: main.js
[Server(228) Projects/] Document changed: main.js
[Server(228) Projects/] Document changed: main.js
[Server(228) Projects/] Document changed: main.js
[Server(228) Projects/] Document changed: main.js
[Server(228) Projects/] Document changed: main.js
[Server(228) Projects/] Document changed: main.js
[Server(228) Projects/] Document changed: main.js
[Server(228) Projects/] Document changed: main.js
[Server(228) Projects/] Document changed: main.js
[Server(228) Projects/] Document changed: main.js
[Server(228) Projects/] Document changed: main.js
[Server(228) Projects/] Document changed: main.js
[Server(228) Projects/] Document changed: main.js
[Server(228) Projects/] Document changed: main.js
[Server(228) Projects/] Document changed: main.js
[Server(228) Projects/] Document changed: main.js
[Server(228) Projects/] Document changed: main.js
[Server(228) Projects/] Document changed: main.js
[Server(228) Projects/] Document changed: main.js
[Server(228) Projects/] Document changed: main.js
[Server(228) Projects/] Document changed: main.js
[Server(228) Projects/] Document changed: main.js
[Server(228) Projects/] Document changed: main.js
[Server(228) Projects/] Document changed: main.js
[Server(228) Projects/] Document changed: main.js
[Server(228) Projects/] Document changed: main.js
[Server(228) Projects/] Document changed: main.js
[Server(228) Projects/] Document changed: main.js
[Server(228) Projects/] Document changed: 3.%20main_page.html
[Server(228) Projects/] Document changed: 3.%20main_page.html
[Server(228) Projects/] Document changed: 3.%20main_page.html
[Server(228) Projects/] Document changed: 3.%20main_page.html
[Server(228) Projects/] Document changed: 3.%20main_page.html
[Server(228) Projects/] Document changed: 3.%20main_page.html
[Server(228) Projects/] Document changed: 3.%20main_page.html
[Server(228) Projects/] Document opened: index.html
[Server(228) Projects/] Document changed: index.html
[Server(228) Projects/] Document opened: math.html
[Server(228) Projects/] Document changed: math.html
[Server(228) Projects/] Document opened: math.js
[Server(228) Projects/] Document changed: math.js
[Server(228) Projects/] Document opened: index.html
[Server(228) Projects/] Document changed: index.html
[Server(228) Projects/] Document opened: math.html
[Server(228) Projects/] Document changed: math.html
[Server(228) Projects/] Document opened: math.js
[Server(228) Projects/] Document changed: math.js
[Server(228) Projects/] Document opened: main.js
[Server(228) Projects/] Document changed: main.js
[Server(228) Projects/] Document changed: math.js
[Server(228) Projects/] Document changed: math.js
[Server(228) Projects/] Document changed: math.js
[Server(228) Projects/] Document changed: math.js
[Server(228) Projects/] Document changed: math.js
[Server(228) Projects/] Document changed: math.js
[Server(228) Projects/] Document changed: math.js
[Server(228) Projects/] Document changed: math.js
[Server(228) Projects/] Document changed: math.js
[Server(228) Projects/] Document changed: math.js
[Server(228) Projects/] Document changed: math.js
[Server(228) Projects/] Document changed: math.js
[Server(228) Projects/] Document changed: math.js
[Server(228) Projects/] Document changed: math.js
[Server(228) Projects/] Document changed: math.js
[Server(228) Projects/] Document changed: math.js
[Server(228) Projects/] Document changed: math.js
[Server(228) Projects/] Document changed: math.js
[Server(228) Projects/] Document changed: math.js
[Server(228) Projects/] Document changed: math.js
[Server(228) Projects/] Document changed: math.js
[Server(228) Projects/] Document changed: math.js
[Server(228) Projects/] Document changed: math.js
[Server(228) Projects/] Document changed: math.js
[Server(228) Projects/] Document changed: math.js
[Server(228) Projects/] Document changed: math.js
[Server(228) Projects/] Document changed: math.js
[Server(228) Projects/] Document changed: math.js
[Server(228) Projects/] Document changed: math.js
[Server(228) Projects/] Document changed: math.js
[Server(228) Projects/] Document changed: math.js
[Server(228) Projects/] Document changed: math.js
[Server(228) Projects/] Document changed: math.js
[Server(228) Projects/] Document changed: math.js
[Server(228) Projects/] Document changed: math.js
[Server(228) Projects/] Document changed: math.js
[Server(228) Projects/] Document changed: math.js
[Server(228) Projects/] Document changed: math.js
[Server(228) Projects/] Document changed: math.js
[Server(228) Projects/] Document changed: math.js
[Server(228) Projects/] Document changed: math.js
[Server(228) Projects/] Document changed: math.js
[Server(228) Projects/] Document changed: math.js
[Server(228) Projects/] Document changed: math.js
[Server(228) Projects/] Document changed: math.js
[Server(228) Projects/] Document changed: math.js
[Server(228) Projects/] Document changed: math.js
[Server(228) Projects/] Document changed: math.js
[Server(228) Projects/] Document changed: math.js
[Server(228) Projects/] Document changed: math.js
[Server(228) Projects/] Document changed: math.js
[Server(228) Projects/] Document changed: math.js
[Server(228) Projects/] Document changed: math.js
[Server(228) Projects/] Document changed: math.js
[Server(228) Projects/] Document changed: math.js
[Server(228) Projects/] Document changed: math.js
[Server(228) Projects/] Document changed: math.js
[Server(228) Projects/] Document changed: math.js
[Server(228) Projects/] Document changed: math.js
[Server(228) Projects/] Document changed: math.js
[Server(228) Projects/] Document changed: math.js
[Server(228) Projects/] Document changed: math.js
[Server(228) Projects/] Document changed: math.js
[Server(228) Projects/] Document changed: math.js
[Server(228) Projects/] Document changed: math.js
[Server(228) Projects/] Document changed: math.js
[Server(228) Projects/] Document changed: math.js
[Server(228) Projects/] Document changed: math.js
[Server(228) Projects/] Document changed: math.js
[Server(228) Projects/] Document changed: math.js
[Server(228) Projects/] Document changed: math.js
[Server(228) Projects/] Document changed: math.js
[Server(228) Projects/] Document changed: math.js
[Server(228) Projects/] Document changed: math.js
[Server(228) Projects/] Document changed: math.js
[Server(228) Projects/] Document changed: math.js
[Server(228) Projects/] Document changed: math.js
[Server(228) Projects/] Document changed: math.js
[Server(228) Projects/] Document changed: math.js
[Server(228) Projects/] Document changed: math.js
[Server(228) Projects/] Document changed: math.js
[Server(228) Projects/] Document changed: math.js
[Server(228) Projects/] Document changed: math.js
[Server(228) Projects/] Document changed: math.js
[Server(228) Projects/] Document changed: math.js
[Server(228) Projects/] Document changed: math.js
[Server(228) Projects/] Document changed: math.js
[Server(228) Projects/] Document changed: math.js
[Server(228) Projects/] Document changed: math.js
[Server(228) Projects/] Document changed: math.js
[Server(228) Projects/] Document changed: math.js
[Server(228) Projects/] Document changed: math.js
[Server(228) Projects/] Document changed: math.js
[Server(228) Projects/] Document changed: math.js
[Server(228) Projects/] Document changed: math.js
[Server(228) Projects/] Document changed: math.js
[Server(228) Projects/] Document changed: math.js
[Server(228) Projects/] Document changed: math.js
[Server(228) Projects/] Document changed: math.js
[Server(228) Projects/] Document changed: math.js
[Server(228) Projects/] Document changed: math.js
[Server(228) Projects/] Document changed: math.js
[Server(228) Projects/] Document changed: math.js
[Server(228) Projects/] Document changed: math.js
[Server(228) Projects/] Document changed: math.js
[Server(228) Projects/] Document changed: math.js
[Server(228) Projects/] Document changed: math.js
console.group( 384
Invalid Selector
[Server(228) Projects/] Document opened: lib.dom.d.ts
[Server(228) Projects/] Document changed: lib.dom.d.ts
[Server(228) Projects/] Document changed: math.js
[Server(228) Projects/] Document changed: math.js
console.groupEnd( 947
Invalid Selector
[Server(228) Projects/] Document opened: lib.dom.d.ts
[Server(228) Projects/] Document changed: lib.dom.d.ts
console.groupEnd( 947
Invalid Selector
[Server(228) Projects/] Document opened: lib.dom.d.ts
[Server(228) Projects/] Document changed: lib.dom.d.ts
[Server(228) Projects/] Document changed: math.js
[Server(228) Projects/] Document changed: math.js
Triangulo 1021
Invalid Selector
Triangulo 1052
Invalid Selector
Triangulo 1052
Invalid Selector
Triangulo 1052
Invalid Selector
Triangulo 1052
Invalid Selector
Triangulo 1052
Invalid Selector
Triangulo 1052
Invalid Selector
[Server(228) Projects/] Document changed: math.js
Tri 1052
Invalid Selector
[Server(228) Projects/] Document changed: math.js
Triangulo 1052
Invalid Selector
Triangulo 1052
Invalid Selector
Triangulo 1021
Invalid Selector
Triangulo 1021
Invalid Selector
[Server(228) Projects/] Document changed: math.js
[Server(228) Projects/] Document changed: math.js
[Server(228) Projects/] Document changed: math.js
[Server(228) Projects/] Document changed: math.js
[Server(228) Projects/] Document changed: math.js
[Server(228) Projects/] Document changed: math.js
[Server(228) Projects/] Document changed: math.js
[Server(228) Projects/] Document changed: math.js
[Server(228) Projects/] Document changed: math.js
[Server(228) Projects/] Document changed: math.js
[Server(228) Projects/] Document changed: math.js
[Server(228) Projects/] Document changed: math.js
[Server(228) Projects/] Document changed: math.js
[Server(228) Projects/] Document changed: math.js
[Server(228) Projects/] Document changed: math.js
[Server(228) Projects/] Document changed: math.js
[Server(228) Projects/] Document changed: math.js
[Server(228) Projects/] Document changed: math.js
[Server(228) Projects/] Document changed: math.js
[Server(228) Projects/] Document changed: math.js
[Server(228) Projects/] Document changed: math.js
Circulo 1049
Invalid Selector
[Server(228) Projects/] Document changed: math.js
Circle) 1049
Invalid Selector
[Server(228) Projects/] Document changed: math.js
[Server(228) Projects/] Document changed: math.js
[Server(228) Projects/] Document changed: math.js
[Server(228) Projects/] Document changed: math.js
[Server(228) Projects/] Document changed: math.js
[Server(228) Projects/] Document changed: math.js
[Server(228) Projects/] Document changed: math.js
[Server(228) Projects/] Document changed: math.js
[Server(228) Projects/] Document changed: math.js
[Server(228) Projects/] Document changed: math.js
[Server(228) Projects/] Document changed: math.js
[Server(228) Projects/] Document changed: math.js
[Server(228) Projects/] Document changed: math.js
[Server(228) Projects/] Document changed: math.js
[Server(228) Projects/] Document changed: math.js
[Server(228) Projects/] Document changed: math.js
[Server(228) Projects/] Document changed: math.js
[Server(228) Projects/] Document changed: math.js
[Server(228) Projects/] Document changed: math.js
[Server(228) Projects/] Document changed: math.js
[Server(228) Projects/] Document changed: math.js
[Server(228) Projects/] Document changed: math.js
[Server(228) Projects/] Document changed: math.js
[Server(228) Projects/] Document changed: math.js
[Server(228) Projects/] Document changed: math.js
[Server(228) Projects/] Document changed: math.js
[Server(228) Projects/] Document changed: math.js
[Server(228) Projects/] Document changed: math.js
[Server(228) Projects/] Document changed: math.js
[Server(228) Projects/] Document changed: math.js
[Server(228) Projects/] Document changed: math.js
[Server(228) Projects/] Document changed: math.js
[Server(228) Projects/] Document changed: math.js
[Server(228) Projects/] Document changed: math.js
[Server(228) Projects/] Document changed: math.js
[Server(228) Projects/] Document changed: math.js
[Server(228) Projects/] Document changed: math.js
[Server(228) Projects/] Document changed: math.js
[Server(228) Projects/] Document changed: math.js
[Server(228) Projects/] Document changed: math.js
[Server(228) Projects/] Document changed: math.js
[Server(228) Projects/] Document changed: math.js
[Server(228) Projects/] Document changed: math.js
[Server(228) Projects/] Document changed: math.js
[Server(228) Projects/] Document changed: math.js
[Server(228) Projects/] Document changed: math.js
[Server(228) Projects/] Document changed: math.js
[Server(228) Projects/] Document changed: math.js
[Server(228) Projects/] Document changed: math.js
[Server(228) Projects/] Document changed: math.js
[Server(228) Projects/] Document changed: math.js
[Server(228) Projects/] Document changed: math.js
[Server(228) Projects/] Document changed: math.js
[Server(228) Projects/] Document changed: math.js
[Server(228) Projects/] Document changed: math.js
[Server(228) Projects/] Document changed: math.js
[Server(228) Projects/] Document changed: math.js
[Server(228) Projects/] Document changed: math.js
[Server(228) Projects/] Document changed: math.js
[Server(228) Projects/] Document changed: math.js
[Server(228) Projects/] Document changed: math.js
[Server(228) Projects/] Document changed: math.js
[Server(228) Projects/] Document changed: math.js
[Server(228) Projects/] Document changed: math.js
[Server(228) Projects/] Document changed: math.js
[Server(228) Projects/] Document changed: math.js
[Server(228) Projects/] Document changed: math.js
[Server(228) Projects/] Document changed: math.js
[Server(228) Projects/] Document changed: math.js
[Server(228) Projects/] Document changed: math.js
[Server(228) Projects/] Document changed: math.js
[Server(228) Projects/] Document changed: math.js
[Server(228) Projects/] Document changed: math.js
[Server(228) Projects/] Document changed: math.js
[Server(228) Projects/] Document changed: math.js
[Server(228) Projects/] Document changed: math.js
[Server(228) Projects/] Document changed: math.js
[Server(228) Projects/] Document changed: math.js
[Server(228) Projects/] Document changed: math.js
[Server(228) Projects/] Document changed: math.js
[Server(228) Projects/] Document changed: math.js
[Server(228) Projects/] Document changed: math.js
[Server(228) Projects/] Document changed: math.js
[Server(228) Projects/] Document changed: math.js
[Server(228) Projects/] Document changed: math.js
[Server(228) Projects/] Document changed: math.js
const 1115
Invalid Selector
circunferencia 1121
Invalid Selector
circunferencia 1121
Invalid Selector
[Server(228) Projects/] Document changed: math.js
[Server(228) Projects/] Document changed: math.js
[Server(228) Projects/] Document changed: math.js
[Server(228) Projects/] Document changed: math.js
[Server(228) Projects/] Document changed: math.js
[Server(228) Projects/] Document changed: math.js
[Server(228) Projects/] Document changed: math.js
[Server(228) Projects/] Document changed: math.js
[Server(228) Projects/] Document changed: math.js
[Server(228) Projects/] Document changed: math.js
[Server(228) Projects/] Document changed: math.js
[Server(228) Projects/] Document changed: math.js
[Server(228) Projects/] Document changed: math.js
[Server(228) Projects/] Document changed: math.js
[Server(228) Projects/] Document changed: math.js
[Server(228) Projects/] Document changed: math.js
[Server(228) Projects/] Document changed: math.js
[Server(228) Projects/] Document changed: math.js
[Server(228) Projects/] Document changed: math.js
[Server(228) Projects/] Document changed: math.js
[Server(228) Projects/] Document changed: math.js
[Server(228) Projects/] Document changed: math.js
[Server(228) Projects/] Document changed: math.js
[Server(228) Projects/] Document changed: math.js
[Server(228) Projects/] Document changed: math.js
[Server(228) Projects/] Document changed: math.js
[Server(228) Projects/] Document changed: math.js
[Server(228) Projects/] Document changed: math.js
[Server(228) Projects/] Document changed: math.js
[Server(228) Projects/] Document changed: math.js
[Server(228) Projects/] Document changed: math.js
[Server(228) Projects/] Document changed: math.js
[Server(228) Projects/] Document changed: math.js
[Server(228) Projects/] Document changed: math.js
[Server(228) Projects/] Document changed: math.js
radioCirculo 1037
Invalid Selector
diametroCirculo 1060
Invalid Selector
PI 1101
Invalid Selector
circunferencia 1121
Invalid Selector
areaCirculo 1165
Invalid Selector
ladoTriangulo1, 1222
Invalid Selector
[Server(228) Projects/] Document changed: math.js
radioCirculo, 1222
Invalid Selector
diametroCirculo 1060
Invalid Selector
ladoTriangulo2, 1238
Invalid Selector
[Server(228) Projects/] Document changed: math.js
diametroCirculo, 1238
Invalid Selector
ladoTrianguloBase, 1257
Invalid Selector
PI 1101
Invalid Selector
circunferencia 1121
Invalid Selector
areaCirculo 1165
Invalid Selector
alturaTriangulo, 1278
Invalid Selector
perimetroTriangulo, 1297
Invalid Selector
areaTriangulo, 1319
Invalid Selector
[Server(228) Projects/] Document changed: math.js
areaTriangulo, 1304
Invalid Selector
circunferencia 1121
Invalid Selector
circunferencia 1121
Invalid Selector
areaCirculo 1165
Invalid Selector
console.log({ 1206
Invalid Selector
[Server(228) Projects/] Document opened: lib.dom.d.ts
[Server(228) Projects/] Document changed: lib.dom.d.ts
alturaTriangulo, 1263
Invalid Selector
[Server(228) Projects/] Document changed: math.js
[Server(228) Projects/] Document changed: math.js
areaCirculo 1165
Invalid Selector
console.log({ 1206
Invalid Selector
radioCirculo, 1222
Invalid Selector
diametroCirculo, 1238
Invalid Selector
[Server(228) Projects/] Document opened: lib.dom.d.ts
[Server(228) Projects/] Document changed: lib.dom.d.ts
perimetroTriangulo, 1281
Invalid Selector
[Server(228) Projects/] Document changed: math.js
areaCirculo 1281
Invalid Selector
[Server(228) Projects/] Document changed: math.js
areaCirculo 1165
Invalid Selector
circunferencia 1121
Invalid Selector
circunferencia 1121
Invalid Selector
areaCirculo 1165
Invalid Selector
areaCirculo 1165
Invalid Selector
areaCirculo 1165
Invalid Selector
circunferencia 1121
Invalid Selector
const 1115
Invalid Selector
circunferencia 1121
Invalid Selector
areaCirculo 1165
Invalid Selector
circunferencia 1121
Invalid Selector
areaCirculo 1165
Invalid Selector
areaCirculo 1165
Invalid Selector
areaCirculo 1165
Invalid Selector
diametroCirculo 1060
Invalid Selector
diametroCirculo 1060
Invalid Selector
2 1093
Invalid Selector
[Server(228) Projects/] Document changed: math.js
[Server(228) Projects/] Document changed: math.js
[Server(228) Projects/] Document changed: math.js
[Server(228) Projects/] Document changed: math.js
[Server(228) Projects/] Document changed: math.js
[Server(228) Projects/] Document changed: math.js
[Server(228) Projects/] Document changed: math.js
[Server(228) Projects/] Document changed: math.js
[Server(228) Projects/] Document changed: math.js
[Server(228) Projects/] Document changed: math.js
[Server(228) Projects/] Document changed: math.js
[Server(228) Projects/] Document changed: math.js
[Server(228) Projects/] Document changed: math.js
[Server(228) Projects/] Document changed: math.js
[Server(228) Projects/] Document changed: math.js
[Server(228) Projects/] Document changed: math.js
[Server(228) Projects/] Document changed: math.js
[Server(228) Projects/] Document changed: math.js
[Server(228) Projects/] Document changed: math.js
[Server(228) Projects/] Document changed: math.js
[Server(228) Projects/] Document changed: math.js
[Server(228) Projects/] Document changed: math.js
[Server(228) Projects/] Document changed: math.js
[Server(228) Projects/] Document changed: math.js
[Server(228) Projects/] Document changed: math.js
[Server(228) Projects/] Document changed: math.js
circunferencia 1121
Invalid Selector
circunferencia, 1263
Invalid Selector
[Server(228) Projects/] Document changed: math.js
calcularCirculo 1306
Invalid Selector
calcularCirculo 1306
Invalid Selector
[Server(228) Projects/] Document changed: math.js
[Server(228) Projects/] Document changed: math.js
areaCirculo 1165
Invalid Selector
console.log({ 1206
Invalid Selector
console.log({ 1206
Invalid Selector
radioCirculo, 1222
Invalid Selector
diametroCirculo, 1238
Invalid Selector
circunferencia, 1263
Invalid Selector
[Server(228) Projects/] Document opened: lib.dom.d.ts
[Server(228) Projects/] Document changed: lib.dom.d.ts
[Server(228) Projects/] Document changed: math.js
[Server(228) Projects/] Document changed: math.js
[Server(228) Projects/] Document changed: math.js
[Server(228) Projects/] Document changed: math.js
[Server(228) Projects/] Document changed: math.js
[Server(228) Projects/] Document changed: math.js
[Server(228) Projects/] Document changed: math.js
[Server(228) Projects/] Document changed: math.js
[Server(228) Projects/] Document changed: math.js
[Server(228) Projects/] Document changed: math.js
[Server(228) Projects/] Document changed: math.js
[Server(228) Projects/] Document changed: math.js
[Server(228) Projects/] Document changed: math.js
[Server(228) Projects/] Document changed: math.js
[Server(228) Projects/] Document changed: math.js
[Server(228) Projects/] Document changed: math.js
[Server(228) Projects/] Document changed: math.js
[Server(228) Projects/] Document changed: math.js
[Server(228) Projects/] Document changed: math.js
[Server(228) Projects/] Document changed: math.js
[Server(228) Projects/] Document changed: math.js
[Server(228) Projects/] Document changed: math.js
[Server(228) Projects/] Document changed: math.js
[Server(228) Projects/] Document changed: math.js
[Server(228) Projects/] Document changed: math.js
[Server(228) Projects/] Document changed: math.js
[Server(228) Projects/] Document changed: math.js
[Server(228) Projects/] Document changed: math.js
[Server(228) Projects/] Document changed: math.js
[Server(228) Projects/] Document changed: math.js
[Server(228) Projects/] Document changed: math.js
[Server(228) Projects/] Document changed: math.js
[Server(228) Projects/] Document changed: math.js
[Server(228) Projects/] Document changed: math.js
[Server(228) Projects/] Document changed: math.js
[Server(228) Projects/] Document changed: math.js
[Server(228) Projects/] Document changed: math.js
[Server(228) Projects/] Document changed: math.js
[Server(228) Projects/] Document changed: math.js
[Server(228) Projects/] Document changed: math.js
[Server(228) Projects/] Document changed: math.js
[Server(228) Projects/] Document changed: math.js
[Server(228) Projects/] Document changed: math.js
[Server(228) Projects/] Document changed: math.js
[Server(228) Projects/] Document changed: math.js
[Server(228) Projects/] Document changed: math.js
[Server(228) Projects/] Document changed: math.js
[Server(228) Projects/] Document changed: math.js
[Server(228) Projects/] Document changed: math.js
[Server(228) Projects/] Document changed: math.js
[Server(228) Projects/] Document changed: math.js
[Server(228) Projects/] Document changed: math.js
[Server(228) Projects/] Document changed: math.js
[Server(228) Projects/] Document changed: math.js
[Server(228) Projects/] Document changed: math.js
[Server(228) Projects/] Document changed: math.js
[Server(228) Projects/] Document changed: math.js
[Server(228) Projects/] Document changed: math.js
[Server(228) Projects/] Document changed: math.js
[Server(228) Projects/] Document changed: math.js
[Server(228) Projects/] Document changed: math.js
[Server(228) Projects/] Document changed: math.js
[Server(228) Projects/] Document changed: math.js
[Server(228) Projects/] Document changed: math.js
[Server(228) Projects/] Document changed: math.js
[Server(228) Projects/] Document changed: math.js
[Server(228) Projects/] Document changed: math.js
[Server(228) Projects/] Document changed: math.js
[Server(228) Projects/] Document changed: math.js
[Server(228) Projects/] Document changed: math.js
[Server(228) Projects/] Document changed: math.js
[Server(228) Projects/] Document changed: math.js
[Server(228) Projects/] Document changed: math.js
[Server(228) Projects/] Document changed: math.js
[Server(228) Projects/] Document changed: math.js
[Server(228) Projects/] Document changed: math.js
[Server(228) Projects/] Document changed: math.js
[Server(228) Projects/] Document changed: math.js
[Server(228) Projects/] Document changed: math.js
[Server(228) Projects/] Document changed: math.js
[Server(228) Projects/] Document changed: math.js
[Server(228) Projects/] Document changed: math.js
[Server(228) Projects/] Document changed: math.js
[Server(228) Projects/] Document changed: math.js
[Server(228) Projects/] Document changed: math.js
[Server(228) Projects/] Document changed: math.js
[Server(228) Projects/] Document changed: math.js
[Server(228) Projects/] Document changed: math.js
[Server(228) Projects/] Document changed: math.js
[Server(228) Projects/] Document changed: math.js
[Server(228) Projects/] Document changed: math.js
[Server(228) Projects/] Document changed: math.js
[Server(228) Projects/] Document changed: math.js
[Server(228) Projects/] Document changed: math.js
[Server(228) Projects/] Document changed: math.js
[Server(228) Projects/] Document changed: math.js
[Server(228) Projects/] Document changed: math.js
[Server(228) Projects/] Document changed: math.js
[Server(228) Projects/] Document changed: math.js
[Server(228) Projects/] Document changed: math.js
[Server(228) Projects/] Document changed: math.js
[Server(228) Projects/] Document changed: math.js
[Server(228) Projects/] Document changed: math.js
[Server(228) Projects/] Document changed: math.js
[Server(228) Projects/] Document changed: math.js
[Server(228) Projects/] Document changed: math.js
[Server(228) Projects/] Document changed: math.js
[Server(228) Projects/] Document changed: math.js
[Server(228) Projects/] Document changed: math.js
[Server(228) Projects/] Document changed: math.js
[Server(228) Projects/] Document changed: math.js
[Server(228) Projects/] Document changed: math.js
[Server(228) Projects/] Document changed: math.js
[Server(228) Projects/] Document changed: math.js
[Server(228) Projects/] Document changed: math.js
[Server(228) Projects/] Document changed: math.js
[Server(228) Projects/] Document changed: math.js
[Server(228) Projects/] Document changed: math.js
[Server(228) Projects/] Document changed: math.js
[Server(228) Projects/] Document changed: math.js
[Server(228) Projects/] Document changed: math.js
[Server(228) Projects/] Document changed: math.js
[Server(228) Projects/] Document changed: math.js
[Server(228) Projects/] Document changed: math.js
[Server(228) Projects/] Document changed: math.js
[Server(228) Projects/] Document changed: math.js
[Server(228) Projects/] Document changed: math.js
[Server(228) Projects/] Document changed: math.js
[Server(228) Projects/] Document changed: math.js
[Server(228) Projects/] Document changed: math.js
[Server(228) Projects/] Document changed: math.js
[Server(228) Projects/] Document changed: math.js
[Server(228) Projects/] Document changed: math.js
[Server(228) Projects/] Document changed: math.js
[Server(228) Projects/] Document changed: math.js
[Server(228) Projects/] Document changed: math.js
[Server(228) Projects/] Document changed: math.js
[Server(228) Projects/] Document changed: math.js
[Server(228) Projects/] Document changed: math.js
[Server(228) Projects/] Document changed: math.js
[Server(228) Projects/] Document changed: math.js
[Server(228) Projects/] Document changed: math.js
[Server(228) Projects/] Document changed: math.js
[Server(228) Projects/] Document changed: math.js
[Server(228) Projects/] Document changed: math.js
[Server(228) Projects/] Document changed: math.js
[Server(228) Projects/] Document changed: math.js
[Server(228) Projects/] Document changed: math.js
[Server(228) Projects/] Document changed: math.js
[Server(228) Projects/] Document changed: math.js
ALTURA 1591
Invalid Selector
ALTURA 1591
Invalid Selector
[Server(228) Projects/] Document changed: math.js
[Server(228) Projects/] Document changed: math.js
[Server(228) Projects/] Document changed: math.js
[Server(228) Projects/] Document changed: math.js
[Server(228) Projects/] Document changed: math.js
[Server(228) Projects/] Document changed: math.js
[Server(228) Projects/] Document changed: math.js
[Server(228) Projects/] Document changed: math.js
[Server(228) Projects/] Document changed: math.js
[Server(228) Projects/] Document changed: math.js
[Server(228) Projects/] Document changed: math.js
[Server(228) Projects/] Document changed: math.js
[Server(228) Projects/] Document changed: math.js
[Server(228) Projects/] Document changed: math.js
[Server(228) Projects/] Document changed: math.js
[Server(228) Projects/] Document changed: math.js
[Server(228) Projects/] Document changed: math.js
[Server(228) Projects/] Document changed: math.js
[Server(228) Projects/] Document changed: math.js
[Server(228) Projects/] Document changed: math.js
[Server(228) Projects/] Document changed: math.js
[Server(228) Projects/] Document changed: math.js
[Server(228) Projects/] Document changed: math.js
[Server(228) Projects/] Document changed: math.js
[Server(228) Projects/] Document changed: math.js
[Server(228) Projects/] Document changed: math.js
[Server(228) Projects/] Document changed: math.js
[Server(228) Projects/] Document changed: math.js
[Server(228) Projects/] Document changed: math.js
[Server(228) Projects/] Document changed: math.js
[Server(228) Projects/] Document changed: math.js
[Server(228) Projects/] Document changed: math.js
[Server(228) Projects/] Document changed: math.js
[Server(228) Projects/] Document changed: math.js
[Server(228) Projects/] Document changed: math.js
[Server(228) Projects/] Document changed: math.js
[Server(228) Projects/] Document changed: math.js
[Server(228) Projects/] Document changed: math.js
[Server(228) Projects/] Document changed: math.js
[Server(228) Projects/] Document changed: math.js
[Server(228) Projects/] Document changed: math.js
[Server(228) Projects/] Document changed: math.js
[Server(228) Projects/] Document changed: math.js
[Server(228) Projects/] Document changed: math.js
[Server(228) Projects/] Document changed: math.js
[Server(228) Projects/] Document changed: math.js
[Server(228) Projects/] Document changed: math.js
[Server(228) Projects/] Document changed: math.js
[Server(228) Projects/] Document changed: math.js
[Server(228) Projects/] Document changed: math.js
[Server(228) Projects/] Document changed: math.js
[Server(228) Projects/] Document changed: math.js
(ladosEquivalentes, 1677
Invalid Selector
(lados 1710
Invalid Selector
[Server(228) Projects/] Document changed: math.js
(ladosEquivalentes 1710
Invalid Selector
[Server(228) Projects/] Document changed: math.js
[Server(228) Projects/] Document changed: math.js
[Server(228) Projects/] Document changed: math.js
[Server(228) Projects/] Document changed: math.js
[Server(228) Projects/] Document changed: math.js
[Server(228) Projects/] Document changed: math.js
[Server(228) Projects/] Document changed: math.js
[Server(228) Projects/] Document changed: math.js
[Server(228) Projects/] Document changed: math.js
[Server(228) Projects/] Document changed: math.js
[Server(228) Projects/] Document changed: math.js
[Server(228) Projects/] Document changed: math.js
[Server(228) Projects/] Document changed: math.js
[Server(228) Projects/] Document changed: math.js
[Server(228) Projects/] Document changed: math.js
[Server(228) Projects/] Document changed: math.js
[Server(228) Projects/] Document changed: math.js
[Server(228) Projects/] Document changed: math.js
[Server(228) Projects/] Document changed: math.js
[Server(228) Projects/] Document changed: math.js
[Server(228) Projects/] Document changed: math.js
[Server(228) Projects/] Document changed: math.js
[Server(228) Projects/] Document changed: math.js
[Server(228) Projects/] Document changed: math.js
[Server(228) Projects/] Document changed: math.js
[Server(228) Projects/] Document changed: math.js
[Server(228) Projects/] Document changed: math.js
[Server(228) Projects/] Document changed: math.js
[Server(228) Projects/] Document changed: math.js
[Server(228) Projects/] Document changed: math.js
[Server(228) Projects/] Document changed: math.js
[Server(228) Projects/] Document changed: math.js
[Server(228) Projects/] Document changed: math.js
[Server(228) Projects/] Document changed: math.js
[Server(228) Projects/] Document changed: math.js
[Server(228) Projects/] Document changed: math.js
[Server(228) Projects/] Document changed: math.js
[Server(228) Projects/] Document changed: math.js
[Server(228) Projects/] Document changed: math.js
[Server(228) Projects/] Document changed: math.js
[Server(228) Projects/] Document changed: math.js
[Server(228) Projects/] Document changed: math.js
[Server(228) Projects/] Document changed: math.js
[Server(228) Projects/] Document changed: math.js
[Server(228) Projects/] Document changed: math.js
[Server(228) Projects/] Document changed: math.js
[Server(228) Projects/] Document changed: math.js
[Server(228) Projects/] Document changed: math.js
[Server(228) Projects/] Document changed: math.js
[Server(228) Projects/] Document changed: math.js
[Server(228) Projects/] Document changed: math.js
[Server(228) Projects/] Document changed: math.js
[Server(228) Projects/] Document changed: math.js
[Server(228) Projects/] Document changed: math.js
[Server(228) Projects/] Document changed: math.js
[Server(228) Projects/] Document changed: math.js
[Server(228) Projects/] Document changed: math.js
[Server(228) Projects/] Document changed: math.js
[Server(228) Projects/] Document changed: math.js
[Server(228) Projects/] Document changed: math.js
[Server(228) Projects/] Document changed: math.js
[Server(228) Projects/] Document changed: math.js
[Server(228) Projects/] Document changed: math.js
[Server(228) Projects/] Document changed: math.js
[Server(228) Projects/] Document changed: math.js
[Server(228) Projects/] Document changed: math.js
[Server(228) Projects/] Document changed: math.js
[Server(228) Projects/] Document changed: math.js
[Server(228) Projects/] Document changed: math.js
[Server(228) Projects/] Document changed: math.js
[Server(228) Projects/] Document changed: math.js
[Server(228) Projects/] Document changed: math.js
[Server(228) Projects/] Document changed: math.js
[Server(228) Projects/] Document changed: math.js
[Server(228) Projects/] Document changed: math.js
[Server(228) Projects/] Document changed: math.js
[Server(228) Projects/] Document changed: math.js
[Server(228) Projects/] Document changed: math.js
[Server(228) Projects/] Document changed: math.js
[Server(228) Projects/] Document changed: math.js
[Server(228) Projects/] Document changed: math.js
[Server(228) Projects/] Document changed: math.js
[Server(228) Projects/] Document changed: math.js
[Server(228) Projects/] Document changed: math.js
[Server(228) Projects/] Document changed: math.js
[Server(228) Projects/] Document changed: math.js
[Server(228) Projects/] Document changed: math.js
[Server(228) Projects/] Document changed: math.js
[Server(228) Projects/] Document changed: math.js
[Server(228) Projects/] Document changed: math.js
[Server(228) Projects/] Document changed: math.js
[Server(228) Projects/] Document changed: math.js
[Server(228) Projects/] Document changed: math.js
[Server(228) Projects/] Document changed: math.js
[Server(228) Projects/] Document changed: math.js
[Server(228) Projects/] Document changed: math.js
[Server(228) Projects/] Document changed: math.js
[Server(228) Projects/] Document changed: math.js
[Server(228) Projects/] Document changed: math.js
[Server(228) Projects/] Document changed: math.js
[Server(228) Projects/] Document changed: math.js
[Server(228) Projects/] Document changed: math.js
[Server(228) Projects/] Document changed: math.js
[Server(228) Projects/] Document changed: math.js
[Server(228) Projects/] Document changed: math.js
[Server(228) Projects/] Document changed: math.js
[Server(228) Projects/] Document changed: math.js
[Server(228) Projects/] Document changed: math.js
[Server(228) Projects/] Document changed: math.js
[Server(228) Projects/] Document changed: math.js
[Server(228) Projects/] Document changed: math.js
[Server(228) Projects/] Document changed: math.js
[Server(228) Projects/] Document changed: math.js
[Server(228) Projects/] Document changed: math.js
[Server(228) Projects/] Document changed: math.js
[Server(228) Projects/] Document changed: math.js
[Server(228) Projects/] Document changed: math.js
[Server(228) Projects/] Document changed: math.js
[Server(228) Projects/] Document changed: math.js
[Server(228) Projects/] Document changed: math.js
[Server(228) Projects/] Document changed: math.js
[Server(228) Projects/] Document changed: math.js
[Server(228) Projects/] Document changed: math.js
[Server(228) Projects/] Document changed: math.js
[Server(228) Projects/] Document changed: math.js
[Server(228) Projects/] Document changed: math.js
[Server(228) Projects/] Document changed: math.js
[Server(228) Projects/] Document changed: math.js
[Server(228) Projects/] Document changed: math.js
[Server(228) Projects/] Document changed: math.js
[Server(228) Projects/] Document changed: math.js
[Server(228) Projects/] Document changed: math.js
[Server(228) Projects/] Document changed: math.js
[Server(228) Projects/] Document changed: math.js
[Server(228) Projects/] Document changed: math.js
[Server(228) Projects/] Document changed: math.js
[Server(228) Projects/] Document changed: math.js
[Server(228) Projects/] Document changed: math.js
[Server(228) Projects/] Document changed: math.js
[Server(228) Projects/] Document changed: math.js
[Server(228) Projects/] Document changed: math.js
[Server(228) Projects/] Document changed: math.js
[Server(228) Projects/] Document changed: math.js
[Server(228) Projects/] Document changed: math.js
[Server(228) Projects/] Document changed: math.js
[Server(228) Projects/] Document changed: math.js
[Server(228) Projects/] Document changed: math.js
[Server(228) Projects/] Document changed: math.js
[Server(228) Projects/] Document changed: math.js
[Server(228) Projects/] Document changed: math.js
[Server(228) Projects/] Document changed: math.js
[Server(228) Projects/] Document changed: math.js
[Server(228) Projects/] Document changed: math.js
[Server(228) Projects/] Document changed: math.js
[Server(228) Projects/] Document changed: math.js
[Server(228) Projects/] Document changed: math.js
[Server(228) Projects/] Document changed: math.js
[Server(228) Projects/] Document changed: math.js
[Server(228) Projects/] Document changed: math.js
[Server(228) Projects/] Document changed: math.js
[Server(228) Projects/] Document changed: math.js
[Server(228) Projects/] Document changed: math.js
[Server(228) Projects/] Document changed: math.js
[Server(228) Projects/] Document changed: math.js
[Server(228) Projects/] Document changed: math.js
[Server(228) Projects/] Document changed: math.js
[Server(228) Projects/] Document changed: math.js
[Server(228) Projects/] Document changed: math.js
[Server(228) Projects/] Document changed: math.js
[Server(228) Projects/] Document changed: math.js
[Server(228) Projects/] Document changed: math.js
[Server(228) Projects/] Document changed: math.js
[Server(228) Projects/] Document changed: math.js
[Server(228) Projects/] Document changed: math.js
[Server(228) Projects/] Document changed: math.js
[Server(228) Projects/] Document changed: math.js
[Server(228) Projects/] Document changed: math.js
[Server(228) Projects/] Document changed: math.js
[Server(228) Projects/] Document changed: math.js
[Server(228) Projects/] Document changed: math.js
[Server(228) Projects/] Document changed: math.js
[Server(228) Projects/] Document changed: math.js
[Server(228) Projects/] Document changed: math.js
[Server(228) Projects/] Document changed: math.js
[Server(228) Projects/] Document changed: math.js
[Server(228) Projects/] Document changed: math.js
[Server(228) Projects/] Document changed: math.js
[Server(228) Projects/] Document changed: math.js
[Server(228) Projects/] Document changed: math.js
[Server(228) Projects/] Document changed: math.js
[Server(228) Projects/] Document changed: math.js
[Server(228) Projects/] Document changed: math.js
[Server(228) Projects/] Document changed: math.js
[Server(228) Projects/] Document changed: math.js
