[2022-08-10 15:13:18.473] [exthost] [info] Extension host with pid 766 started
[2022-08-10 15:13:18.537] [exthost] [info] Lock '/home/cmendoza/.vscode-server/data/User/workspaceStorage/d5aba56a1b1317a03906dd8671ef8bfc/vscode.lock': Lock acquired.
[2022-08-10 15:13:18.817] [exthost] [info] ExtensionService#_doActivateExtension vscode.debug-auto-launch, startup: true, activationEvent: '*'
[2022-08-10 15:13:18.919] [exthost] [info] ExtensionService#_doActivateExtension vscode.git-base, startup: true, activationEvent: '*'
[2022-08-10 15:13:18.965] [exthost] [info] ExtensionService#_doActivateExtension vscode.ipynb, startup: true, activationEvent: '*'
[2022-08-10 15:13:19.305] [exthost] [info] ExtensionService#_doActivateExtension 2gua.rainbow-brackets, startup: true, activationEvent: '*'
[2022-08-10 15:13:19.312] [exthost] [info] ExtensionService#_doActivateExtension christian-kohler.path-intellisense, startup: true, activationEvent: '*'
[2022-08-10 15:13:19.773] [exthost] [info] ExtensionService#_doActivateExtension ecmel.vscode-html-css, startup: true, activationEvent: '*'
[2022-08-10 15:13:19.970] [exthost] [info] ExtensionService#_doActivateExtension ms-vsliveshare.vsliveshare, startup: true, activationEvent: '*'
[2022-08-10 15:13:22.324] [exthost] [info] ExtensionService#_doActivateExtension naumovs.color-highlight, startup: true, activationEvent: '*'
[2022-08-10 15:13:22.358] [exthost] [info] ExtensionService#_doActivateExtension oderwat.indent-rainbow, startup: true, activationEvent: '*'
[2022-08-10 15:13:22.363] [exthost] [info] ExtensionService#_doActivateExtension WallabyJs.quokka-vscode, startup: true, activationEvent: '*'
[2022-08-10 15:13:22.404] [exthost] [info] ExtensionService#_doActivateExtension vscode.npm, startup: true, activationEvent: 'workspaceContains:package.json'
[2022-08-10 15:13:25.399] [exthost] [info] ExtensionService#_doActivateExtension vscode.configuration-editing, startup: false, activationEvent: 'onLanguage:jsonc'
[2022-08-10 15:13:25.475] [exthost] [info] ExtensionService#_doActivateExtension vscode.json-language-features, startup: false, activationEvent: 'onLanguage:jsonc'
[2022-08-10 15:13:25.667] [exthost] [info] ExtensionService#_doActivateExtension vscode.typescript-language-features, startup: false, activationEvent: 'onLanguage:jsonc'
[2022-08-10 15:13:26.032] [exthost] [info] ExtensionService#_doActivateExtension vscode.github, startup: true, activationEvent: '*'
[2022-08-10 15:13:28.453] [exthost] [info] ExtensionService#_doActivateExtension GitHub.vscode-pull-request-github, startup: true, activationEvent: '*'
[2022-08-10 15:13:28.986] [exthost] [info] ExtensionService#_doActivateExtension pranaygp.vscode-css-peek, startup: true, activationEvent: 'workspaceContains:**/*.css,**/*.scss,**/*.sass,**/*.less'
[2022-08-10 15:13:33.425] [exthost] [info] ExtensionService#_doActivateExtension vscode.emmet, startup: false, activationEvent: 'onStartupFinished'
[2022-08-10 15:13:33.508] [exthost] [info] ExtensionService#_doActivateExtension vscode.merge-conflict, startup: false, activationEvent: 'onStartupFinished'
[2022-08-10 15:13:33.531] [exthost] [info] ExtensionService#_doActivateExtension CodeStream.codestream, startup: false, activationEvent: 'onStartupFinished'
[2022-08-10 15:13:33.665] [exthost] [info] ExtensionService#_doActivateExtension eamodio.gitlens, startup: false, activationEvent: 'onStartupFinished'
[2022-08-10 15:13:33.852] [exthost] [info] ExtensionService#_doActivateExtension eamodio.gitlens-insiders, startup: false, activationEvent: 'onStartupFinished'
[2022-08-10 15:13:34.205] [exthost] [info] ExtensionService#_doActivateExtension esbenp.prettier-vscode, startup: false, activationEvent: 'onStartupFinished'
[2022-08-10 15:13:34.458] [exthost] [info] ExtensionService#_doActivateExtension ritwickdey.LiveServer, startup: false, activationEvent: 'onStartupFinished'
[2022-08-10 15:13:34.922] [exthost] [info] ExtensionService#_doActivateExtension vscode.html-language-features, startup: false, activationEvent: 'onLanguage:html'
[2022-08-10 15:13:48.426] [exthost] [info] Eager extensions activated
[2022-08-10 15:15:05.458] [exthost] [warning] TextEditor is closed/disposed
[2022-08-10 15:15:37.374] [exthost] [warning] TextEditor is closed/disposed
[2022-08-10 15:16:05.520] [exthost] [error] [ecmel.vscode-html-css] provider FAILED
[2022-08-10 15:16:05.520] [exthost] [error] undefined
[2022-08-10 15:16:18.784] [exthost] [warning] TextEditor is closed/disposed
[2022-08-10 15:16:48.742] [exthost] [warning] TextEditor is closed/disposed
[2022-08-10 15:17:21.043] [exthost] [warning] TextEditor is closed/disposed
[2022-08-10 15:17:46.385] [exthost] [error] [ecmel.vscode-html-css] provider FAILED
[2022-08-10 15:17:46.385] [exthost] [error] undefined
[2022-08-10 15:19:08.048] [exthost] [info] ExtensionService#_doActivateExtension vscode.references-view, startup: false, activationEvent: 'onCommand:references-view.findReferences'
[2022-08-10 15:20:09.714] [exthost] [warning] TextEditor is closed/disposed
[2022-08-10 15:21:16.703] [exthost] [warning] TextEditor is closed/disposed
[2022-08-10 15:21:40.728] [exthost] [warning] TextEditor is closed/disposed
[2022-08-10 15:21:41.906] [exthost] [warning] TextEditor is closed/disposed
[2022-08-10 15:21:42.392] [exthost] [warning] TextEditor is closed/disposed
[2022-08-10 15:21:43.409] [exthost] [warning] TextEditor is closed/disposed
[2022-08-10 15:21:47.257] [exthost] [warning] TextEditor is closed/disposed
[2022-08-10 15:22:19.497] [exthost] [warning] TextEditor is closed/disposed
[2022-08-10 15:22:39.601] [exthost] [warning] TextEditor is closed/disposed
[2022-08-10 15:22:56.447] [exthost] [error] [ecmel.vscode-html-css] provider FAILED
[2022-08-10 15:22:56.447] [exthost] [error] undefined
[2022-08-10 15:23:17.853] [exthost] [warning] TextEditor is closed/disposed
[2022-08-10 15:23:46.417] [exthost] [error] [ecmel.vscode-html-css] provider FAILED
[2022-08-10 15:23:46.418] [exthost] [error] undefined
[2022-08-10 15:24:02.166] [exthost] [error] [ecmel.vscode-html-css] provider FAILED
[2022-08-10 15:24:02.166] [exthost] [error] undefined
[2022-08-10 15:24:17.033] [exthost] [error] [ecmel.vscode-html-css] provider FAILED
[2022-08-10 15:24:17.033] [exthost] [error] undefined
[2022-08-10 15:24:31.965] [exthost] [warning] TextEditor is closed/disposed
[2022-08-10 15:24:53.799] [exthost] [error] [ecmel.vscode-html-css] provider FAILED
[2022-08-10 15:24:53.800] [exthost] [error] undefined
[2022-08-10 15:25:25.224] [exthost] [error] [ecmel.vscode-html-css] provider FAILED
[2022-08-10 15:25:25.224] [exthost] [error] undefined
[2022-08-10 15:25:36.945] [exthost] [warning] TextEditor is closed/disposed
[2022-08-10 15:25:54.120] [exthost] [error] [ecmel.vscode-html-css] provider FAILED
[2022-08-10 15:25:54.120] [exthost] [error] undefined
[2022-08-10 15:26:07.202] [exthost] [error] [ecmel.vscode-html-css] provider FAILED
[2022-08-10 15:26:07.202] [exthost] [error] undefined
[2022-08-10 15:30:37.690] [exthost] [warning] TextEditor is closed/disposed
[2022-08-10 15:30:47.888] [exthost] [warning] TextEditor is closed/disposed
[2022-08-10 15:30:48.815] [exthost] [warning] TextEditor is closed/disposed
[2022-08-10 15:31:01.356] [exthost] [warning] TextEditor is closed/disposed
[2022-08-10 15:31:06.198] [exthost] [warning] TextEditor is closed/disposed
[2022-08-10 15:31:19.121] [exthost] [warning] TextEditor is closed/disposed
[2022-08-10 15:33:56.489] [exthost] [warning] TextEditor is closed/disposed
[2022-08-10 15:34:07.169] [exthost] [warning] TextEditor is closed/disposed
[2022-08-10 15:35:03.290] [exthost] [warning] TextEditor is closed/disposed
[2022-08-10 15:35:04.173] [exthost] [warning] TextEditor is closed/disposed
[2022-08-10 15:35:17.363] [exthost] [error] [ecmel.vscode-html-css] provider FAILED
[2022-08-10 15:35:17.363] [exthost] [error] undefined
[2022-08-10 15:35:33.839] [exthost] [error] [ecmel.vscode-html-css] provider FAILED
[2022-08-10 15:35:33.839] [exthost] [error] undefined
[2022-08-10 15:35:46.402] [exthost] [error] Error: Illegal argument
    at C (vscode-file://vscode-app/c:/Users/admin/AppData/Local/Programs/Microsoft%20VS%20Code/resources/app/out/vs/workbench/workbench.desktop.main.js:10:1315)
    at vscode-file://vscode-app/c:/Users/admin/AppData/Local/Programs/Microsoft%20VS%20Code/resources/app/out/vs/workbench/workbench.desktop.main.js:597:14165
    at p.invokeFunction (vscode-file://vscode-app/c:/Users/admin/AppData/Local/Programs/Microsoft%20VS%20Code/resources/app/out/vs/workbench/workbench.desktop.main.js:599:325)
    at p._tryExecuteCommand (vscode-file://vscode-app/c:/Users/admin/AppData/Local/Programs/Microsoft%20VS%20Code/resources/app/out/vs/workbench/workbench.desktop.main.js:1692:3664)
    at p.executeCommand (vscode-file://vscode-app/c:/Users/admin/AppData/Local/Programs/Microsoft%20VS%20Code/resources/app/out/vs/workbench/workbench.desktop.main.js:1692:3021)
    at w.$executeCommand (vscode-file://vscode-app/c:/Users/admin/AppData/Local/Programs/Microsoft%20VS%20Code/resources/app/out/vs/workbench/workbench.desktop.main.js:1698:766)
    at m._doInvokeHandler (vscode-file://vscode-app/c:/Users/admin/AppData/Local/Programs/Microsoft%20VS%20Code/resources/app/out/vs/workbench/workbench.desktop.main.js:1712:13079)
    at m._invokeHandler (vscode-file://vscode-app/c:/Users/admin/AppData/Local/Programs/Microsoft%20VS%20Code/resources/app/out/vs/workbench/workbench.desktop.main.js:1712:12761)
    at m._receiveRequest (vscode-file://vscode-app/c:/Users/admin/AppData/Local/Programs/Microsoft%20VS%20Code/resources/app/out/vs/workbench/workbench.desktop.main.js:1712:11531)
    at m._receiveOneMessage (vscode-file://vscode-app/c:/Users/admin/AppData/Local/Programs/Microsoft%20VS%20Code/resources/app/out/vs/workbench/workbench.desktop.main.js:1712:10233)
    at vscode-file://vscode-app/c:/Users/admin/AppData/Local/Programs/Microsoft%20VS%20Code/resources/app/out/vs/workbench/workbench.desktop.main.js:1712:8340
    at S.invoke (vscode-file://vscode-app/c:/Users/admin/AppData/Local/Programs/Microsoft%20VS%20Code/resources/app/out/vs/workbench/workbench.desktop.main.js:82:145)
    at s.deliver (vscode-file://vscode-app/c:/Users/admin/AppData/Local/Programs/Microsoft%20VS%20Code/resources/app/out/vs/workbench/workbench.desktop.main.js:82:2266)
    at l.fire (vscode-file://vscode-app/c:/Users/admin/AppData/Local/Programs/Microsoft%20VS%20Code/resources/app/out/vs/workbench/workbench.desktop.main.js:82:1844)
    at c.fire (vscode-file://vscode-app/c:/Users/admin/AppData/Local/Programs/Microsoft%20VS%20Code/resources/app/out/vs/workbench/workbench.desktop.main.js:544:19267)
    at g._receiveMessage (vscode-file://vscode-app/c:/Users/admin/AppData/Local/Programs/Microsoft%20VS%20Code/resources/app/out/vs/workbench/workbench.desktop.main.js:544:23854)
    at vscode-file://vscode-app/c:/Users/admin/AppData/Local/Programs/Microsoft%20VS%20Code/resources/app/out/vs/workbench/workbench.desktop.main.js:544:21388
    at S.invoke (vscode-file://vscode-app/c:/Users/admin/AppData/Local/Programs/Microsoft%20VS%20Code/resources/app/out/vs/workbench/workbench.desktop.main.js:82:145)
    at s.deliver (vscode-file://vscode-app/c:/Users/admin/AppData/Local/Programs/Microsoft%20VS%20Code/resources/app/out/vs/workbench/workbench.desktop.main.js:82:2266)
    at l.fire (vscode-file://vscode-app/c:/Users/admin/AppData/Local/Programs/Microsoft%20VS%20Code/resources/app/out/vs/workbench/workbench.desktop.main.js:82:1844)
    at l.acceptChunk (vscode-file://vscode-app/c:/Users/admin/AppData/Local/Programs/Microsoft%20VS%20Code/resources/app/out/vs/workbench/workbench.desktop.main.js:544:16098)
    at vscode-file://vscode-app/c:/Users/admin/AppData/Local/Programs/Microsoft%20VS%20Code/resources/app/out/vs/workbench/workbench.desktop.main.js:544:15228
    at vscode-file://vscode-app/c:/Users/admin/AppData/Local/Programs/Microsoft%20VS%20Code/resources/app/out/vs/workbench/workbench.desktop.main.js:627:45365
    at S.invoke (vscode-file://vscode-app/c:/Users/admin/AppData/Local/Programs/Microsoft%20VS%20Code/resources/app/out/vs/workbench/workbench.desktop.main.js:82:145)
    at s.deliver (vscode-file://vscode-app/c:/Users/admin/AppData/Local/Programs/Microsoft%20VS%20Code/resources/app/out/vs/workbench/workbench.desktop.main.js:82:2266)
    at l.fire (vscode-file://vscode-app/c:/Users/admin/AppData/Local/Programs/Microsoft%20VS%20Code/resources/app/out/vs/workbench/workbench.desktop.main.js:82:1844)
    at FileReader._fileReader.onload (vscode-file://vscode-app/c:/Users/admin/AppData/Local/Programs/Microsoft%20VS%20Code/resources/app/out/vs/workbench/workbench.desktop.main.js:627:43296) vscode.executeCodeLensProvider undefined
[2022-08-10 15:35:46.403] [exthost] [error] [ms-vsliveshare.vsliveshare] provider FAILED
[2022-08-10 15:35:46.403] [exthost] [error] Error: Illegal argument
    at C (vscode-file://vscode-app/c:/Users/admin/AppData/Local/Programs/Microsoft%20VS%20Code/resources/app/out/vs/workbench/workbench.desktop.main.js:10:1315)
    at vscode-file://vscode-app/c:/Users/admin/AppData/Local/Programs/Microsoft%20VS%20Code/resources/app/out/vs/workbench/workbench.desktop.main.js:597:14165
    at p.invokeFunction (vscode-file://vscode-app/c:/Users/admin/AppData/Local/Programs/Microsoft%20VS%20Code/resources/app/out/vs/workbench/workbench.desktop.main.js:599:325)
    at p._tryExecuteCommand (vscode-file://vscode-app/c:/Users/admin/AppData/Local/Programs/Microsoft%20VS%20Code/resources/app/out/vs/workbench/workbench.desktop.main.js:1692:3664)
    at p.executeCommand (vscode-file://vscode-app/c:/Users/admin/AppData/Local/Programs/Microsoft%20VS%20Code/resources/app/out/vs/workbench/workbench.desktop.main.js:1692:3021)
    at w.$executeCommand (vscode-file://vscode-app/c:/Users/admin/AppData/Local/Programs/Microsoft%20VS%20Code/resources/app/out/vs/workbench/workbench.desktop.main.js:1698:766)
    at m._doInvokeHandler (vscode-file://vscode-app/c:/Users/admin/AppData/Local/Programs/Microsoft%20VS%20Code/resources/app/out/vs/workbench/workbench.desktop.main.js:1712:13079)
    at m._invokeHandler (vscode-file://vscode-app/c:/Users/admin/AppData/Local/Programs/Microsoft%20VS%20Code/resources/app/out/vs/workbench/workbench.desktop.main.js:1712:12761)
    at m._receiveRequest (vscode-file://vscode-app/c:/Users/admin/AppData/Local/Programs/Microsoft%20VS%20Code/resources/app/out/vs/workbench/workbench.desktop.main.js:1712:11531)
    at m._receiveOneMessage (vscode-file://vscode-app/c:/Users/admin/AppData/Local/Programs/Microsoft%20VS%20Code/resources/app/out/vs/workbench/workbench.desktop.main.js:1712:10233)
    at vscode-file://vscode-app/c:/Users/admin/AppData/Local/Programs/Microsoft%20VS%20Code/resources/app/out/vs/workbench/workbench.desktop.main.js:1712:8340
    at S.invoke (vscode-file://vscode-app/c:/Users/admin/AppData/Local/Programs/Microsoft%20VS%20Code/resources/app/out/vs/workbench/workbench.desktop.main.js:82:145)
    at s.deliver (vscode-file://vscode-app/c:/Users/admin/AppData/Local/Programs/Microsoft%20VS%20Code/resources/app/out/vs/workbench/workbench.desktop.main.js:82:2266)
    at l.fire (vscode-file://vscode-app/c:/Users/admin/AppData/Local/Programs/Microsoft%20VS%20Code/resources/app/out/vs/workbench/workbench.desktop.main.js:82:1844)
    at c.fire (vscode-file://vscode-app/c:/Users/admin/AppData/Local/Programs/Microsoft%20VS%20Code/resources/app/out/vs/workbench/workbench.desktop.main.js:544:19267)
    at g._receiveMessage (vscode-file://vscode-app/c:/Users/admin/AppData/Local/Programs/Microsoft%20VS%20Code/resources/app/out/vs/workbench/workbench.desktop.main.js:544:23854)
    at vscode-file://vscode-app/c:/Users/admin/AppData/Local/Programs/Microsoft%20VS%20Code/resources/app/out/vs/workbench/workbench.desktop.main.js:544:21388
    at S.invoke (vscode-file://vscode-app/c:/Users/admin/AppData/Local/Programs/Microsoft%20VS%20Code/resources/app/out/vs/workbench/workbench.desktop.main.js:82:145)
    at s.deliver (vscode-file://vscode-app/c:/Users/admin/AppData/Local/Programs/Microsoft%20VS%20Code/resources/app/out/vs/workbench/workbench.desktop.main.js:82:2266)
    at l.fire (vscode-file://vscode-app/c:/Users/admin/AppData/Local/Programs/Microsoft%20VS%20Code/resources/app/out/vs/workbench/workbench.desktop.main.js:82:1844)
    at l.acceptChunk (vscode-file://vscode-app/c:/Users/admin/AppData/Local/Programs/Microsoft%20VS%20Code/resources/app/out/vs/workbench/workbench.desktop.main.js:544:16098)
    at vscode-file://vscode-app/c:/Users/admin/AppData/Local/Programs/Microsoft%20VS%20Code/resources/app/out/vs/workbench/workbench.desktop.main.js:544:15228
    at vscode-file://vscode-app/c:/Users/admin/AppData/Local/Programs/Microsoft%20VS%20Code/resources/app/out/vs/workbench/workbench.desktop.main.js:627:45365
    at S.invoke (vscode-file://vscode-app/c:/Users/admin/AppData/Local/Programs/Microsoft%20VS%20Code/resources/app/out/vs/workbench/workbench.desktop.main.js:82:145)
    at s.deliver (vscode-file://vscode-app/c:/Users/admin/AppData/Local/Programs/Microsoft%20VS%20Code/resources/app/out/vs/workbench/workbench.desktop.main.js:82:2266)
    at l.fire (vscode-file://vscode-app/c:/Users/admin/AppData/Local/Programs/Microsoft%20VS%20Code/resources/app/out/vs/workbench/workbench.desktop.main.js:82:1844)
    at FileReader._fileReader.onload (vscode-file://vscode-app/c:/Users/admin/AppData/Local/Programs/Microsoft%20VS%20Code/resources/app/out/vs/workbench/workbench.desktop.main.js:627:43296)
[2022-08-10 15:35:46.602] [exthost] [warning] TextEditor is closed/disposed
[2022-08-10 15:35:47.736] [exthost] [warning] TextEditor is closed/disposed
[2022-08-10 15:35:48.464] [exthost] [warning] TextEditor is closed/disposed
[2022-08-10 15:35:57.655] [exthost] [warning] TextEditor is closed/disposed
[2022-08-10 15:36:27.591] [exthost] [warning] TextEditor is closed/disposed
[2022-08-10 15:41:45.716] [exthost] [info] ExtensionService#_doActivateExtension vscode.css-language-features, startup: false, activationEvent: 'onLanguage:css'
[2022-08-10 15:43:05.566] [exthost] [info] ExtensionService#_doActivateExtension wix.vscode-import-cost, startup: false, activationEvent: 'onLanguage:javascript'
[2022-08-10 15:51:33.089] [exthost] [warning] TextEditor is closed/disposed
[2022-08-10 15:51:41.855] [exthost] [warning] TextEditor is closed/disposed
[2022-08-10 15:52:52.018] [exthost] [warning] TextEditor is closed/disposed
[2022-08-10 15:53:27.332] [exthost] [warning] TextEditor is closed/disposed
[2022-08-10 15:53:47.811] [exthost] [error] [ecmel.vscode-html-css] provider FAILED
[2022-08-10 15:53:47.811] [exthost] [error] undefined
[2022-08-10 15:53:54.967] [exthost] [error] [ecmel.vscode-html-css] provider FAILED
[2022-08-10 15:53:54.967] [exthost] [error] undefined
[2022-08-10 15:53:55.316] [exthost] [error] [ecmel.vscode-html-css] provider FAILED
[2022-08-10 15:53:55.316] [exthost] [error] undefined
[2022-08-10 15:53:55.985] [exthost] [error] [ecmel.vscode-html-css] provider FAILED
[2022-08-10 15:53:55.985] [exthost] [error] undefined
[2022-08-10 15:53:56.316] [exthost] [error] [ecmel.vscode-html-css] provider FAILED
[2022-08-10 15:53:56.316] [exthost] [error] undefined
[2022-08-10 15:53:56.528] [exthost] [error] [ecmel.vscode-html-css] provider FAILED
[2022-08-10 15:53:56.528] [exthost] [error] undefined
[2022-08-10 15:53:56.735] [exthost] [error] [ecmel.vscode-html-css] provider FAILED
[2022-08-10 15:53:56.735] [exthost] [error] undefined
[2022-08-10 15:53:56.914] [exthost] [error] [ecmel.vscode-html-css] provider FAILED
[2022-08-10 15:53:56.914] [exthost] [error] undefined
[2022-08-10 15:53:57.495] [exthost] [error] [ecmel.vscode-html-css] provider FAILED
[2022-08-10 15:53:57.495] [exthost] [error] undefined
[2022-08-10 15:53:58.215] [exthost] [error] [ecmel.vscode-html-css] provider FAILED
[2022-08-10 15:53:58.215] [exthost] [error] undefined
[2022-08-10 15:53:58.669] [exthost] [error] [ecmel.vscode-html-css] provider FAILED
[2022-08-10 15:53:58.669] [exthost] [error] undefined
[2022-08-10 15:53:59.380] [exthost] [error] [ecmel.vscode-html-css] provider FAILED
[2022-08-10 15:53:59.380] [exthost] [error] undefined
[2022-08-10 15:54:00.098] [exthost] [error] [ecmel.vscode-html-css] provider FAILED
[2022-08-10 15:54:00.098] [exthost] [error] undefined
[2022-08-10 15:54:00.480] [exthost] [error] [ecmel.vscode-html-css] provider FAILED
[2022-08-10 15:54:00.480] [exthost] [error] undefined
[2022-08-10 15:54:00.783] [exthost] [error] [ecmel.vscode-html-css] provider FAILED
[2022-08-10 15:54:00.783] [exthost] [error] undefined
[2022-08-10 15:54:00.854] [exthost] [error] [ecmel.vscode-html-css] provider FAILED
[2022-08-10 15:54:00.854] [exthost] [error] undefined
[2022-08-10 15:54:01.502] [exthost] [error] [ecmel.vscode-html-css] provider FAILED
[2022-08-10 15:54:01.502] [exthost] [error] undefined
[2022-08-10 15:54:01.798] [exthost] [error] [ecmel.vscode-html-css] provider FAILED
[2022-08-10 15:54:01.798] [exthost] [error] undefined
[2022-08-10 15:54:02.227] [exthost] [error] [ecmel.vscode-html-css] provider FAILED
[2022-08-10 15:54:02.227] [exthost] [error] undefined
[2022-08-10 15:54:06.215] [exthost] [warning] TextEditor is closed/disposed
[2022-08-10 15:54:48.430] [exthost] [error] [ecmel.vscode-html-css] provider FAILED
[2022-08-10 15:54:48.430] [exthost] [error] undefined
[2022-08-10 15:55:01.596] [exthost] [error] [ecmel.vscode-html-css] provider FAILED
[2022-08-10 15:55:01.596] [exthost] [error] undefined
[2022-08-10 15:57:29.034] [exthost] [warning] TextEditor is closed/disposed
[2022-08-10 15:58:14.434] [exthost] [warning] TextEditor is closed/disposed
[2022-08-10 15:58:40.490] [exthost] [warning] TextEditor is closed/disposed
[2022-08-10 15:58:48.344] [exthost] [warning] TextEditor is closed/disposed
[2022-08-10 15:59:05.178] [exthost] [warning] TextEditor is closed/disposed
[2022-08-10 16:00:05.671] [exthost] [warning] TextEditor is closed/disposed
[2022-08-10 16:03:13.564] [exthost] [warning] TextEditor is closed/disposed
[2022-08-10 16:05:34.992] [exthost] [warning] TextEditor is closed/disposed
[2022-08-10 16:24:21.418] [exthost] [warning] TextEditor is closed/disposed
[2022-08-10 16:50:49.591] [exthost] [error] [ecmel.vscode-html-css] provider FAILED
[2022-08-10 16:50:49.592] [exthost] [error] undefined
[2022-08-10 16:50:57.953] [exthost] [error] [ecmel.vscode-html-css] provider FAILED
[2022-08-10 16:50:57.953] [exthost] [error] undefined
[2022-08-10 16:51:08.150] [exthost] [error] [ecmel.vscode-html-css] provider FAILED
[2022-08-10 16:51:08.150] [exthost] [error] undefined
[2022-08-10 17:52:41.254] [exthost] [warning] TextEditor is closed/disposed
[2022-08-10 17:59:31.638] [exthost] [info] ExtensionService#_doActivateExtension vscode.debug-server-ready, startup: false, activationEvent: 'onDebugResolve'
[2022-08-10 17:59:31.654] [exthost] [info] ExtensionService#_doActivateExtension ms-vscode.js-debug, startup: false, activationEvent: 'onDebugResolve:pwa-msedge'
[2022-08-10 18:20:18.111] [exthost] [warning] TextEditor is closed/disposed
[2022-08-10 18:24:04.841] [exthost] [warning] TextEditor is closed/disposed
[2022-08-10 18:52:00.778] [exthost] [info] Extension host terminating: received terminate message from renderer
[2022-08-10 18:52:00.780] [exthost] [info] Lock '/home/cmendoza/.vscode-server/data/User/workspaceStorage/d5aba56a1b1317a03906dd8671ef8bfc/vscode.lock': Marking the lockfile as scheduled to be released in 6000 ms.
[2022-08-10 18:52:01.383] [exthost] [info] Extension host with pid 766 exiting with code 0
