[2022-08-23 15:58:19:036] CodeStream v13.4.0-4232 in VS Code (v1.70.1) starting...
[2022-08-23 15:58:19:038] Proxy support is on, but no proxy url was found
[2022-08-23 15:58:24:235] no NewRelic telemetry - The user aborted a request.
[2022-08-23 15:58:24:249] no NewRelic telemetry
[2022-08-23 15:58:34:170] WebviewPanel: FAILED posting webview/editors/didChangeVisible to the webview
[2022-08-23 15:58:34:180] WebviewPanel: FAILED posting webview/editors/didChangeVisible to the webview; Webview is invisible and can't receive messages
[2022-08-23 15:58:35:668] WebviewPanel: FAILED posting webview/editor/didChangeActive to the webview; Webview is invisible and can't receive messages
[2022-08-23 15:58:37:056] WebviewPanel: FAILED posting webview/editors/didChangeVisible to the webview; Webview is invisible and can't receive messages
[2022-08-23 15:58:37:068] WebviewPanel: FAILED posting webview/editors/didChangeVisible to the webview; Webview is invisible and can't receive messages
[2022-08-23 15:58:38:358] WebviewPanel: FAILED posting webview/editor/didChangeActive to the webview; Webview is invisible and can't receive messages
[2022-08-23 15:58:41:068] CodeStream upgraded from v13.5.0 to v13.4.0
[2022-08-23 15:58:41:069] CodeStream v13.4.0-4232 started • 29885 ms
[2022-08-23 15:58:41:117] Signing alvarezmendoz@gmail.com into CodeStream (https://api.codestream.com)
[2022-08-23 15:58:41:118] AgentConnection.sendRequest(codestream/login/token)
[2022-08-23 15:58:48:423] [1] CodeStreamAgentConnection.onApiVersionCompatibilityChanged
[2022-08-23 15:58:48:423] [2] WebviewController.onApiVersionChanged
[2022-08-23 15:58:48:424] [2] WebviewController.onApiVersionChanged completed • 0 ms
[2022-08-23 15:58:48:424] [1] CodeStreamAgentConnection.onApiVersionCompatibilityChanged completed • 1 ms
[2022-08-23 15:59:01:418] WebviewPanel: FAILED posting webview/editors/didChangeVisible to the webview; Webview is invisible and can't receive messages
[2022-08-23 15:59:01:426] WebviewPanel: FAILED posting webview/editors/didChangeVisible to the webview; Webview is invisible and can't receive messages
[2022-08-23 15:59:03:038] WebviewPanel: FAILED posting webview/editor/didChangeActive to the webview; Webview is invisible and can't receive messages
[2022-08-23 15:59:07:015] [3] CodeStreamAgentConnection.onDataChanged(unreads)
[2022-08-23 15:59:07:016] [3] CodeStreamAgentConnection.onDataChanged(unreads) completed • 0 ms
[2022-08-23 15:59:07:029] [4] CodeStreamAgentConnection.onDataChanged(documents)
[2022-08-23 15:59:07:029] [4] CodeStreamAgentConnection.onDataChanged(documents) completed • 0 ms
[2022-08-23 15:59:07:030] [5] CodeStreamAgentConnection.onDocumentMarkersChanged(file:///home/cmendoza/JsPractico/.gitignore)
[2022-08-23 15:59:07:030] [5] CodeStreamAgentConnection.onDocumentMarkersChanged(file:///home/cmendoza/JsPractico/.gitignore) completed • 0 ms
[2022-08-23 15:59:08:720] AgentConnection.sendRequest(codestream/users/me/unreads)
[2022-08-23 15:59:08:721] AgentConnection.sendRequest(codestream/users/me/unreads)
[2022-08-23 15:59:11:762] alvarezmendoz@gmail.com signed into CodeStream (https://api.codestream.com); userId=62a8af311c3021007d502dc9, teamId=62a8af3bd1bffae460f923af
[2022-08-23 15:59:11:849] AgentConnection.sendRequest(codestream/textDocument/markers)
[2022-08-23 15:59:11:864] alvarezmendoz@gmail.com signed into CodeStream (https://api.codestream.com); userId=62a8af311c3021007d502dc9, teamId=62a8af3bd1bffae460f923af
[2022-08-23 15:59:54:735] [6] CodeStreamAgentConnection.onDataChanged(repos)
[2022-08-23 15:59:54:735] [6] CodeStreamAgentConnection.onDataChanged(repos) completed • 0 ms
