2022-12-21 16:51:33.371 [info] Extension host with pid 901 started
2022-12-21 16:51:33.565 [info] Lock '/home/cmendoza/.vscode-server/data/User/workspaceStorage/5979ea734077970d694a454aaeeb4a4d/vscode.lock': Lock acquired.
2022-12-21 16:51:34.274 [info] ExtensionService#_doActivateExtension vscode.typescript-language-features, startup: false, activationEvent: 'onLanguage:javascript'
2022-12-21 16:51:34.281 [info] ExtensionService#_doActivateExtension wix.vscode-import-cost, startup: false, activationEvent: 'onLanguage:javascript'
2022-12-21 16:51:34.283 [info] ExtensionService#_doActivateExtension vscode.git-base, startup: true, activationEvent: '*'
2022-12-21 16:51:34.285 [info] ExtensionService#_doActivateExtension 2gua.rainbow-brackets, startup: true, activationEvent: '*'
2022-12-21 16:51:34.286 [info] ExtensionService#_doActivateExtension christian-kohler.path-intellisense, startup: true, activationEvent: '*'
2022-12-21 16:51:34.287 [info] ExtensionService#_doActivateExtension ecmel.vscode-html-css, startup: true, activationEvent: '*'
2022-12-21 16:51:34.289 [info] ExtensionService#_doActivateExtension naumovs.color-highlight, startup: true, activationEvent: '*'
2022-12-21 16:51:34.290 [info] ExtensionService#_doActivateExtension oderwat.indent-rainbow, startup: true, activationEvent: '*'
2022-12-21 16:51:34.291 [info] ExtensionService#_doActivateExtension spywhere.guides, startup: true, activationEvent: '*'
2022-12-21 16:51:34.292 [info] ExtensionService#_doActivateExtension WallabyJs.quokka-vscode, startup: true, activationEvent: '*'
2022-12-21 16:51:45.874 [info] Not activating extension 'ms-python.isort': Timed out while searching for 'workspaceContains' pattern *.py
2022-12-21 16:51:45.874 [info] Not activating extension 'pranaygp.vscode-css-peek': Timed out while searching for 'workspaceContains' pattern **/*.css,**/*.scss,**/*.sass,**/*.less
2022-12-21 16:51:45.876 [info] ExtensionService#_doActivateExtension vscode.debug-auto-launch, startup: false, activationEvent: 'onStartupFinished'
2022-12-21 16:51:45.877 [info] ExtensionService#_doActivateExtension vscode.emmet, startup: false, activationEvent: 'onStartupFinished'
2022-12-21 16:51:45.882 [info] ExtensionService#_doActivateExtension vscode.merge-conflict, startup: false, activationEvent: 'onStartupFinished'
2022-12-21 16:51:45.883 [info] ExtensionService#_doActivateExtension CodeStream.codestream, startup: false, activationEvent: 'onStartupFinished'
2022-12-21 16:51:45.884 [info] ExtensionService#_doActivateExtension eamodio.gitlens, startup: false, activationEvent: 'onStartupFinished'
2022-12-21 16:51:45.912 [info] ExtensionService#_doActivateExtension eamodio.gitlens-insiders, startup: false, activationEvent: 'onStartupFinished'
2022-12-21 16:51:45.915 [info] ExtensionService#_doActivateExtension vscode.npm, startup: false, activationEvent: 'onStartupFinished', root cause: esbenp.prettier-vscode
2022-12-21 16:51:45.916 [info] ExtensionService#_doActivateExtension formulahendry.code-runner, startup: false, activationEvent: 'onStartupFinished'
2022-12-21 16:51:45.917 [info] ExtensionService#_doActivateExtension ms-vsliveshare.vsliveshare, startup: false, activationEvent: 'onStartupFinished'
2022-12-21 16:51:45.918 [info] ExtensionService#_doActivateExtension ritwickdey.LiveServer, startup: false, activationEvent: 'onStartupFinished'
2022-12-21 16:51:57.638 [info] ExtensionService#_doActivateExtension vscode.github, startup: true, activationEvent: '*'
2022-12-21 16:51:57.651 [info] ExtensionService#_doActivateExtension vscode.configuration-editing, startup: false, activationEvent: 'onLanguage:jsonc'
2022-12-21 16:51:57.652 [info] ExtensionService#_doActivateExtension vscode.json-language-features, startup: false, activationEvent: 'onLanguage:jsonc'
2022-12-21 16:51:59.262 [info] ExtensionService#_doActivateExtension GitHub.vscode-pull-request-github, startup: false, activationEvent: 'onStartupFinished'
2022-12-21 16:52:01.636 [warning] Using default string since no string found in i18n bundle that has the key: Configure
2022-12-21 16:52:01.636 [warning] Using default string since no string found in i18n bundle that has the key: JSON Language Server
2022-12-21 16:52:01.708 [info] Eager extensions activated
2022-12-21 16:52:04.546 [info] ExtensionService#_doActivateExtension esbenp.prettier-vscode, startup: false, activationEvent: 'onStartupFinished'
2022-12-21 16:52:06.681 [warning] Using default string since no string found in i18n bundle that has the key: JSON: Schema Resolution Error
2022-12-21 16:52:08.516 [warning] Using default string since no string found in i18n bundle that has the key: Unable to resolve schema. Click to retry.
2022-12-21 16:52:08.518 [warning] Using default string since no string found in i18n bundle that has the key: JSON Validation Status
2022-12-21 16:52:08.519 [warning] Using default string since no string found in i18n bundle that has the key: Unable to compute used schemas: No document
2022-12-21 16:52:12.025 [warning] Using default string since no string found in i18n bundle that has the key: Loading JSON info
2022-12-21 16:52:12.285 [warning] Using default string since no string found in i18n bundle that has the key: No Schema Validation
2022-12-21 16:52:12.285 [warning] Using default string since no string found in i18n bundle that has the key: no JSON schema configured
2022-12-21 16:52:12.286 [warning] Using default string since no string found in i18n bundle that has the key: Show Schemas
2022-12-21 17:00:28.733 [warning] Using default string since no string found in i18n bundle that has the key: Loading JSON info
2022-12-21 17:00:28.739 [warning] Using default string since no string found in i18n bundle that has the key: No Schema Validation
2022-12-21 17:00:28.739 [warning] Using default string since no string found in i18n bundle that has the key: no JSON schema configured
2022-12-21 17:00:28.739 [warning] Using default string since no string found in i18n bundle that has the key: Show Schemas
2022-12-21 17:02:15.807 [warning] Using default string since no string found in i18n bundle that has the key: Loading JSON info
2022-12-21 17:02:15.889 [warning] Using default string since no string found in i18n bundle that has the key: No Schema Validation
2022-12-21 17:02:15.889 [warning] Using default string since no string found in i18n bundle that has the key: no JSON schema configured
2022-12-21 17:02:15.889 [warning] Using default string since no string found in i18n bundle that has the key: Show Schemas
2022-12-21 17:13:08.339 [warning] Using default string since no string found in i18n bundle that has the key: Unable to compute used schemas: No document
2022-12-21 17:13:08.431 [warning] Using default string since no string found in i18n bundle that has the key: Loading JSON info
2022-12-21 17:13:08.434 [info] ExtensionService#_doActivateExtension vscode.extension-editing, startup: false, activationEvent: 'onLanguage:json'
2022-12-21 17:13:08.435 [info] ExtensionService#_doActivateExtension ms-python.python, startup: false, activationEvent: 'onLanguage:json'
2022-12-21 17:13:09.917 [warning] Using default string since no string found in i18n bundle that has the key: Schema Validated
2022-12-21 17:13:09.917 [warning] Using default string since no string found in i18n bundle that has the key: multiple JSON schemas configured
2022-12-21 17:13:09.917 [warning] Using default string since no string found in i18n bundle that has the key: Show Schemas
2022-12-21 17:15:01.923 [warning] Using default string since no string found in i18n bundle that has the key: Unable to compute used schemas: No document
2022-12-21 17:15:01.938 [warning] Using default string since no string found in i18n bundle that has the key: Loading JSON info
2022-12-21 17:15:02.055 [warning] Using default string since no string found in i18n bundle that has the key: No Schema Validation
2022-12-21 17:15:02.055 [warning] Using default string since no string found in i18n bundle that has the key: no JSON schema configured
2022-12-21 17:15:02.056 [warning] Using default string since no string found in i18n bundle that has the key: Show Schemas
2022-12-21 17:16:11.359 [warning] Using default string since no string found in i18n bundle that has the key: Unable to compute used schemas: No document
2022-12-21 17:16:11.366 [warning] Using default string since no string found in i18n bundle that has the key: Loading JSON info
2022-12-21 17:16:11.499 [warning] Using default string since no string found in i18n bundle that has the key: Schema Validated
2022-12-21 17:16:11.499 [warning] Using default string since no string found in i18n bundle that has the key: multiple JSON schemas configured
2022-12-21 17:16:11.500 [warning] Using default string since no string found in i18n bundle that has the key: Show Schemas
2022-12-21 17:19:25.710 [warning] Using default string since no string found in i18n bundle that has the key: Unable to compute used schemas: No document
2022-12-21 17:19:25.731 [warning] Using default string since no string found in i18n bundle that has the key: Loading JSON info
2022-12-21 17:19:25.780 [warning] Using default string since no string found in i18n bundle that has the key: No Schema Validation
2022-12-21 17:19:25.780 [warning] Using default string since no string found in i18n bundle that has the key: no JSON schema configured
2022-12-21 17:19:25.780 [warning] Using default string since no string found in i18n bundle that has the key: Show Schemas
2022-12-21 17:19:28.847 [warning] Using default string since no string found in i18n bundle that has the key: Unable to compute used schemas: No document
2022-12-21 17:21:35.912 [warning] Using default string since no string found in i18n bundle that has the key: Loading JSON info
2022-12-21 17:21:36.035 [warning] Using default string since no string found in i18n bundle that has the key: No Schema Validation
2022-12-21 17:21:36.035 [warning] Using default string since no string found in i18n bundle that has the key: no JSON schema configured
2022-12-21 17:21:36.035 [warning] Using default string since no string found in i18n bundle that has the key: Show Schemas
2022-12-21 17:28:22.257 [error] SyntaxError: Unexpected token (1:15)
    at instantiate (/home/cmendoza/.vscode-server/node_modules/@babel/parser/lib/index.js:72:32)
    at toParseError (/home/cmendoza/.vscode-server/node_modules/@babel/parser/lib/index.js:358:12)
    at Object.raise (/home/cmendoza/.vscode-server/node_modules/@babel/parser/lib/index.js:3335:19)
    at Object.unexpected (/home/cmendoza/.vscode-server/node_modules/@babel/parser/lib/index.js:3373:16)
    at Object.parseExprAtom (/home/cmendoza/.vscode-server/node_modules/@babel/parser/lib/index.js:13015:22)
    at Object.parseExprAtom (/home/cmendoza/.vscode-server/node_modules/@babel/parser/lib/index.js:8034:20)
    at Object.parseExprSubscripts (/home/cmendoza/.vscode-server/node_modules/@babel/parser/lib/index.js:12540:23)
    at Object.parseUpdate (/home/cmendoza/.vscode-server/node_modules/@babel/parser/lib/index.js:12519:21)
    at Object.parseMaybeUnary (/home/cmendoza/.vscode-server/node_modules/@babel/parser/lib/index.js:12490:23)
    at Object.parseMaybeUnaryOrPrivate (/home/cmendoza/.vscode-server/node_modules/@babel/parser/lib/index.js:12284:61)
    at Object.parseExprOps (/home/cmendoza/.vscode-server/node_modules/@babel/parser/lib/index.js:12291:23)
    at Object.parseMaybeConditional (/home/cmendoza/.vscode-server/node_modules/@babel/parser/lib/index.js:12261:23)
    at Object.parseMaybeAssign (/home/cmendoza/.vscode-server/node_modules/@babel/parser/lib/index.js:12214:21)
    at Object.parseMaybeAssign (/home/cmendoza/.vscode-server/node_modules/@babel/parser/lib/index.js:6662:18)
    at callback (/home/cmendoza/.vscode-server/node_modules/@babel/parser/lib/index.js:12172:39)
    at Object.allowInAnd (/home/cmendoza/.vscode-server/node_modules/@babel/parser/lib/index.js:14236:16)
    at Object.parseMaybeAssignAllowIn (/home/cmendoza/.vscode-server/node_modules/@babel/parser/lib/index.js:12172:17)
    at Object.parseVar (/home/cmendoza/.vscode-server/node_modules/@babel/parser/lib/index.js:15264:91)
    at Object.parseVarStatement (/home/cmendoza/.vscode-server/node_modules/@babel/parser/lib/index.js:15066:10)
    at Object.parseStatementContent (/home/cmendoza/.vscode-server/node_modules/@babel/parser/lib/index.js:14608:21)
    at Object.parseStatement (/home/cmendoza/.vscode-server/node_modules/@babel/parser/lib/index.js:14533:17)
    at Object.parseStatement (/home/cmendoza/.vscode-server/node_modules/@babel/parser/lib/index.js:5823:24)
    at Object.parseBlockOrModuleBlockBody (/home/cmendoza/.vscode-server/node_modules/@babel/parser/lib/index.js:15176:25)
    at Object.parseBlockBody (/home/cmendoza/.vscode-server/node_modules/@babel/parser/lib/index.js:15167:10)
    at Object.parseProgram (/home/cmendoza/.vscode-server/node_modules/@babel/parser/lib/index.js:14451:10)
    at Object.parseTopLevel (/home/cmendoza/.vscode-server/node_modules/@babel/parser/lib/index.js:14438:25)
    at Object.parseTopLevel (/home/cmendoza/.vscode-server/node_modules/@babel/parser/lib/index.js:6827:28)
    at Object.parse (/home/cmendoza/.vscode-server/node_modules/@babel/parser/lib/index.js:16401:10)
    at jsParse (/home/cmendoza/.vscode-server/node_modules/@babel/parser/lib/index.js:16453:38)
    at parse (/home/cmendoza/.vscode-server/extensions/import-cost/src/babel-parser.js:65:10)
    at getPackagesFromJS (/home/cmendoza/.vscode-server/extensions/import-cost/src/babel-parser.js:57:15)
    at getPackages (/home/cmendoza/.vscode-server/extensions/import-cost/src/parser.js:37:12)
    at Timeout._onTimeout (/home/cmendoza/.vscode-server/extensions/import-cost/src/index.js:21:21)
    at listOnTimeout (node:internal/timers:559:17)
    at processTimers (node:internal/timers:502:7)
2022-12-21 17:28:23.290 [error] SyntaxError: Unexpected token (1:19)
    at instantiate (/home/cmendoza/.vscode-server/node_modules/@babel/parser/lib/index.js:72:32)
    at toParseError (/home/cmendoza/.vscode-server/node_modules/@babel/parser/lib/index.js:358:12)
    at Object.raise (/home/cmendoza/.vscode-server/node_modules/@babel/parser/lib/index.js:3335:19)
    at Object.unexpected (/home/cmendoza/.vscode-server/node_modules/@babel/parser/lib/index.js:3373:16)
    at Object.parseExprAtom (/home/cmendoza/.vscode-server/node_modules/@babel/parser/lib/index.js:13015:22)
    at Object.parseExprAtom (/home/cmendoza/.vscode-server/node_modules/@babel/parser/lib/index.js:8034:20)
    at Object.parseNoCallExpr (/home/cmendoza/.vscode-server/node_modules/@babel/parser/lib/index.js:12798:38)
    at Object.parseNew (/home/cmendoza/.vscode-server/node_modules/@babel/parser/lib/index.js:13388:24)
    at Object.parseNewOrNewTarget (/home/cmendoza/.vscode-server/node_modules/@babel/parser/lib/index.js:13384:17)
    at Object.parseExprAtom (/home/cmendoza/.vscode-server/node_modules/@babel/parser/lib/index.js:12905:21)
    at Object.parseExprAtom (/home/cmendoza/.vscode-server/node_modules/@babel/parser/lib/index.js:8034:20)
    at Object.parseExprSubscripts (/home/cmendoza/.vscode-server/node_modules/@babel/parser/lib/index.js:12540:23)
    at Object.parseUpdate (/home/cmendoza/.vscode-server/node_modules/@babel/parser/lib/index.js:12519:21)
    at Object.parseMaybeUnary (/home/cmendoza/.vscode-server/node_modules/@babel/parser/lib/index.js:12490:23)
    at Object.parseMaybeUnaryOrPrivate (/home/cmendoza/.vscode-server/node_modules/@babel/parser/lib/index.js:12284:61)
    at Object.parseExprOps (/home/cmendoza/.vscode-server/node_modules/@babel/parser/lib/index.js:12291:23)
    at Object.parseMaybeConditional (/home/cmendoza/.vscode-server/node_modules/@babel/parser/lib/index.js:12261:23)
    at Object.parseMaybeAssign (/home/cmendoza/.vscode-server/node_modules/@babel/parser/lib/index.js:12214:21)
    at Object.parseMaybeAssign (/home/cmendoza/.vscode-server/node_modules/@babel/parser/lib/index.js:6662:18)
    at callback (/home/cmendoza/.vscode-server/node_modules/@babel/parser/lib/index.js:12172:39)
    at Object.allowInAnd (/home/cmendoza/.vscode-server/node_modules/@babel/parser/lib/index.js:14236:16)
    at Object.parseMaybeAssignAllowIn (/home/cmendoza/.vscode-server/node_modules/@babel/parser/lib/index.js:12172:17)
    at Object.parseVar (/home/cmendoza/.vscode-server/node_modules/@babel/parser/lib/index.js:15264:91)
    at Object.parseVarStatement (/home/cmendoza/.vscode-server/node_modules/@babel/parser/lib/index.js:15066:10)
    at Object.parseStatementContent (/home/cmendoza/.vscode-server/node_modules/@babel/parser/lib/index.js:14608:21)
    at Object.parseStatement (/home/cmendoza/.vscode-server/node_modules/@babel/parser/lib/index.js:14533:17)
    at Object.parseStatement (/home/cmendoza/.vscode-server/node_modules/@babel/parser/lib/index.js:5823:24)
    at Object.parseBlockOrModuleBlockBody (/home/cmendoza/.vscode-server/node_modules/@babel/parser/lib/index.js:15176:25)
    at Object.parseBlockBody (/home/cmendoza/.vscode-server/node_modules/@babel/parser/lib/index.js:15167:10)
    at Object.parseProgram (/home/cmendoza/.vscode-server/node_modules/@babel/parser/lib/index.js:14451:10)
    at Object.parseTopLevel (/home/cmendoza/.vscode-server/node_modules/@babel/parser/lib/index.js:14438:25)
    at Object.parseTopLevel (/home/cmendoza/.vscode-server/node_modules/@babel/parser/lib/index.js:6827:28)
    at Object.parse (/home/cmendoza/.vscode-server/node_modules/@babel/parser/lib/index.js:16401:10)
    at jsParse (/home/cmendoza/.vscode-server/node_modules/@babel/parser/lib/index.js:16453:38)
    at parse (/home/cmendoza/.vscode-server/extensions/import-cost/src/babel-parser.js:65:10)
    at getPackagesFromJS (/home/cmendoza/.vscode-server/extensions/import-cost/src/babel-parser.js:57:15)
    at getPackages (/home/cmendoza/.vscode-server/extensions/import-cost/src/parser.js:37:12)
    at Timeout._onTimeout (/home/cmendoza/.vscode-server/extensions/import-cost/src/index.js:21:21)
    at listOnTimeout (node:internal/timers:559:17)
    at processTimers (node:internal/timers:502:7)
2022-12-21 17:28:23.291 [error] SyntaxError: Unexpected token (1:20)
    at instantiate (/home/cmendoza/.vscode-server/node_modules/@babel/parser/lib/index.js:72:32)
    at toParseError (/home/cmendoza/.vscode-server/node_modules/@babel/parser/lib/index.js:358:12)
    at Object.raise (/home/cmendoza/.vscode-server/node_modules/@babel/parser/lib/index.js:3335:19)
    at Object.unexpected (/home/cmendoza/.vscode-server/node_modules/@babel/parser/lib/index.js:3373:16)
    at Object.parseExprAtom (/home/cmendoza/.vscode-server/node_modules/@babel/parser/lib/index.js:13015:22)
    at Object.parseExprAtom (/home/cmendoza/.vscode-server/node_modules/@babel/parser/lib/index.js:8034:20)
    at Object.parseNoCallExpr (/home/cmendoza/.vscode-server/node_modules/@babel/parser/lib/index.js:12798:38)
    at Object.parseNew (/home/cmendoza/.vscode-server/node_modules/@babel/parser/lib/index.js:13388:24)
    at Object.parseNewOrNewTarget (/home/cmendoza/.vscode-server/node_modules/@babel/parser/lib/index.js:13384:17)
    at Object.parseExprAtom (/home/cmendoza/.vscode-server/node_modules/@babel/parser/lib/index.js:12905:21)
    at Object.parseExprAtom (/home/cmendoza/.vscode-server/node_modules/@babel/parser/lib/index.js:8034:20)
    at Object.parseExprSubscripts (/home/cmendoza/.vscode-server/node_modules/@babel/parser/lib/index.js:12540:23)
    at Object.parseUpdate (/home/cmendoza/.vscode-server/node_modules/@babel/parser/lib/index.js:12519:21)
    at Object.parseMaybeUnary (/home/cmendoza/.vscode-server/node_modules/@babel/parser/lib/index.js:12490:23)
    at Object.parseMaybeUnaryOrPrivate (/home/cmendoza/.vscode-server/node_modules/@babel/parser/lib/index.js:12284:61)
    at Object.parseExprOps (/home/cmendoza/.vscode-server/node_modules/@babel/parser/lib/index.js:12291:23)
    at Object.parseMaybeConditional (/home/cmendoza/.vscode-server/node_modules/@babel/parser/lib/index.js:12261:23)
    at Object.parseMaybeAssign (/home/cmendoza/.vscode-server/node_modules/@babel/parser/lib/index.js:12214:21)
    at Object.parseMaybeAssign (/home/cmendoza/.vscode-server/node_modules/@babel/parser/lib/index.js:6662:18)
    at callback (/home/cmendoza/.vscode-server/node_modules/@babel/parser/lib/index.js:12172:39)
    at Object.allowInAnd (/home/cmendoza/.vscode-server/node_modules/@babel/parser/lib/index.js:14236:16)
    at Object.parseMaybeAssignAllowIn (/home/cmendoza/.vscode-server/node_modules/@babel/parser/lib/index.js:12172:17)
    at Object.parseVar (/home/cmendoza/.vscode-server/node_modules/@babel/parser/lib/index.js:15264:91)
    at Object.parseVarStatement (/home/cmendoza/.vscode-server/node_modules/@babel/parser/lib/index.js:15066:10)
    at Object.parseStatementContent (/home/cmendoza/.vscode-server/node_modules/@babel/parser/lib/index.js:14608:21)
    at Object.parseStatement (/home/cmendoza/.vscode-server/node_modules/@babel/parser/lib/index.js:14533:17)
    at Object.parseStatement (/home/cmendoza/.vscode-server/node_modules/@babel/parser/lib/index.js:5823:24)
    at Object.parseBlockOrModuleBlockBody (/home/cmendoza/.vscode-server/node_modules/@babel/parser/lib/index.js:15176:25)
    at Object.parseBlockBody (/home/cmendoza/.vscode-server/node_modules/@babel/parser/lib/index.js:15167:10)
    at Object.parseProgram (/home/cmendoza/.vscode-server/node_modules/@babel/parser/lib/index.js:14451:10)
    at Object.parseTopLevel (/home/cmendoza/.vscode-server/node_modules/@babel/parser/lib/index.js:14438:25)
    at Object.parseTopLevel (/home/cmendoza/.vscode-server/node_modules/@babel/parser/lib/index.js:6827:28)
    at Object.parse (/home/cmendoza/.vscode-server/node_modules/@babel/parser/lib/index.js:16401:10)
    at jsParse (/home/cmendoza/.vscode-server/node_modules/@babel/parser/lib/index.js:16453:38)
    at parse (/home/cmendoza/.vscode-server/extensions/import-cost/src/babel-parser.js:65:10)
    at getPackagesFromJS (/home/cmendoza/.vscode-server/extensions/import-cost/src/babel-parser.js:57:15)
    at getPackages (/home/cmendoza/.vscode-server/extensions/import-cost/src/parser.js:37:12)
    at Timeout._onTimeout (/home/cmendoza/.vscode-server/extensions/import-cost/src/index.js:21:21)
    at listOnTimeout (node:internal/timers:559:17)
    at processTimers (node:internal/timers:502:7)
2022-12-21 17:35:57.798 [error] SyntaxError: Unexpected token, expected "," (18:2)
    at instantiate (/home/cmendoza/.vscode-server/node_modules/@babel/parser/lib/index.js:72:32)
    at toParseError (/home/cmendoza/.vscode-server/node_modules/@babel/parser/lib/index.js:358:12)
    at Object.raise (/home/cmendoza/.vscode-server/node_modules/@babel/parser/lib/index.js:3335:19)
    at Object.unexpected (/home/cmendoza/.vscode-server/node_modules/@babel/parser/lib/index.js:3373:16)
    at Object.expect (/home/cmendoza/.vscode-server/node_modules/@babel/parser/lib/index.js:4002:28)
    at Object.parseCallExpressionArguments (/home/cmendoza/.vscode-server/node_modules/@babel/parser/lib/index.js:12748:14)
    at Object.parseCoverCallAndAsyncArrowHead (/home/cmendoza/.vscode-server/node_modules/@babel/parser/lib/index.js:12663:29)
    at Object.parseSubscript (/home/cmendoza/.vscode-server/node_modules/@babel/parser/lib/index.js:12588:19)
    at Object.parseSubscript (/home/cmendoza/.vscode-server/node_modules/@babel/parser/lib/index.js:6781:18)
    at Object.parseSubscripts (/home/cmendoza/.vscode-server/node_modules/@babel/parser/lib/index.js:12557:19)
    at Object.parseSubscripts (/home/cmendoza/.vscode-server/node_modules/@babel/parser/lib/index.js:6744:18)
    at Object.parseExprSubscripts (/home/cmendoza/.vscode-server/node_modules/@babel/parser/lib/index.js:12546:17)
    at Object.parseUpdate (/home/cmendoza/.vscode-server/node_modules/@babel/parser/lib/index.js:12519:21)
    at Object.parseMaybeUnary (/home/cmendoza/.vscode-server/node_modules/@babel/parser/lib/index.js:12490:23)
    at Object.parseMaybeUnaryOrPrivate (/home/cmendoza/.vscode-server/node_modules/@babel/parser/lib/index.js:12284:61)
    at Object.parseExprOps (/home/cmendoza/.vscode-server/node_modules/@babel/parser/lib/index.js:12291:23)
    at Object.parseMaybeConditional (/home/cmendoza/.vscode-server/node_modules/@babel/parser/lib/index.js:12261:23)
    at Object.parseMaybeAssign (/home/cmendoza/.vscode-server/node_modules/@babel/parser/lib/index.js:12214:21)
    at Object.parseMaybeAssign (/home/cmendoza/.vscode-server/node_modules/@babel/parser/lib/index.js:6662:18)
    at Object.parseExpressionBase (/home/cmendoza/.vscode-server/node_modules/@babel/parser/lib/index.js:12150:23)
    at callback (/home/cmendoza/.vscode-server/node_modules/@babel/parser/lib/index.js:12144:39)
    at Object.allowInAnd (/home/cmendoza/.vscode-server/node_modules/@babel/parser/lib/index.js:14236:16)
    at Object.parseExpression (/home/cmendoza/.vscode-server/node_modules/@babel/parser/lib/index.js:12144:17)
    at Object.parseStatementContent (/home/cmendoza/.vscode-server/node_modules/@babel/parser/lib/index.js:14676:23)
    at Object.parseStatement (/home/cmendoza/.vscode-server/node_modules/@babel/parser/lib/index.js:14533:17)
    at Object.parseStatement (/home/cmendoza/.vscode-server/node_modules/@babel/parser/lib/index.js:5823:24)
    at Object.parseBlockOrModuleBlockBody (/home/cmendoza/.vscode-server/node_modules/@babel/parser/lib/index.js:15176:25)
    at Object.parseBlockBody (/home/cmendoza/.vscode-server/node_modules/@babel/parser/lib/index.js:15167:10)
    at Object.parseProgram (/home/cmendoza/.vscode-server/node_modules/@babel/parser/lib/index.js:14451:10)
    at Object.parseTopLevel (/home/cmendoza/.vscode-server/node_modules/@babel/parser/lib/index.js:14438:25)
    at Object.parseTopLevel (/home/cmendoza/.vscode-server/node_modules/@babel/parser/lib/index.js:6827:28)
    at Object.parse (/home/cmendoza/.vscode-server/node_modules/@babel/parser/lib/index.js:16401:10)
    at jsParse (/home/cmendoza/.vscode-server/node_modules/@babel/parser/lib/index.js:16453:38)
    at parse (/home/cmendoza/.vscode-server/extensions/import-cost/src/babel-parser.js:65:10)
    at getPackagesFromJS (/home/cmendoza/.vscode-server/extensions/import-cost/src/babel-parser.js:57:15)
    at getPackages (/home/cmendoza/.vscode-server/extensions/import-cost/src/parser.js:37:12)
    at Timeout._onTimeout (/home/cmendoza/.vscode-server/extensions/import-cost/src/index.js:21:21)
    at listOnTimeout (node:internal/timers:559:17)
    at processTimers (node:internal/timers:502:7)
2022-12-21 17:35:58.729 [error] SyntaxError: Unexpected token, expected "," (18:2)
    at instantiate (/home/cmendoza/.vscode-server/node_modules/@babel/parser/lib/index.js:72:32)
    at toParseError (/home/cmendoza/.vscode-server/node_modules/@babel/parser/lib/index.js:358:12)
    at Object.raise (/home/cmendoza/.vscode-server/node_modules/@babel/parser/lib/index.js:3335:19)
    at Object.unexpected (/home/cmendoza/.vscode-server/node_modules/@babel/parser/lib/index.js:3373:16)
    at Object.expect (/home/cmendoza/.vscode-server/node_modules/@babel/parser/lib/index.js:4002:28)
    at Object.parseCallExpressionArguments (/home/cmendoza/.vscode-server/node_modules/@babel/parser/lib/index.js:12748:14)
    at Object.parseCoverCallAndAsyncArrowHead (/home/cmendoza/.vscode-server/node_modules/@babel/parser/lib/index.js:12663:29)
    at Object.parseSubscript (/home/cmendoza/.vscode-server/node_modules/@babel/parser/lib/index.js:12588:19)
    at Object.parseSubscript (/home/cmendoza/.vscode-server/node_modules/@babel/parser/lib/index.js:6781:18)
    at Object.parseSubscripts (/home/cmendoza/.vscode-server/node_modules/@babel/parser/lib/index.js:12557:19)
    at Object.parseSubscripts (/home/cmendoza/.vscode-server/node_modules/@babel/parser/lib/index.js:6744:18)
    at Object.parseExprSubscripts (/home/cmendoza/.vscode-server/node_modules/@babel/parser/lib/index.js:12546:17)
    at Object.parseUpdate (/home/cmendoza/.vscode-server/node_modules/@babel/parser/lib/index.js:12519:21)
    at Object.parseMaybeUnary (/home/cmendoza/.vscode-server/node_modules/@babel/parser/lib/index.js:12490:23)
    at Object.parseMaybeUnaryOrPrivate (/home/cmendoza/.vscode-server/node_modules/@babel/parser/lib/index.js:12284:61)
    at Object.parseExprOps (/home/cmendoza/.vscode-server/node_modules/@babel/parser/lib/index.js:12291:23)
    at Object.parseMaybeConditional (/home/cmendoza/.vscode-server/node_modules/@babel/parser/lib/index.js:12261:23)
    at Object.parseMaybeAssign (/home/cmendoza/.vscode-server/node_modules/@babel/parser/lib/index.js:12214:21)
    at Object.parseMaybeAssign (/home/cmendoza/.vscode-server/node_modules/@babel/parser/lib/index.js:6662:18)
    at Object.parseExpressionBase (/home/cmendoza/.vscode-server/node_modules/@babel/parser/lib/index.js:12150:23)
    at callback (/home/cmendoza/.vscode-server/node_modules/@babel/parser/lib/index.js:12144:39)
    at Object.allowInAnd (/home/cmendoza/.vscode-server/node_modules/@babel/parser/lib/index.js:14236:16)
    at Object.parseExpression (/home/cmendoza/.vscode-server/node_modules/@babel/parser/lib/index.js:12144:17)
    at Object.parseStatementContent (/home/cmendoza/.vscode-server/node_modules/@babel/parser/lib/index.js:14676:23)
    at Object.parseStatement (/home/cmendoza/.vscode-server/node_modules/@babel/parser/lib/index.js:14533:17)
    at Object.parseStatement (/home/cmendoza/.vscode-server/node_modules/@babel/parser/lib/index.js:5823:24)
    at Object.parseBlockOrModuleBlockBody (/home/cmendoza/.vscode-server/node_modules/@babel/parser/lib/index.js:15176:25)
    at Object.parseBlockBody (/home/cmendoza/.vscode-server/node_modules/@babel/parser/lib/index.js:15167:10)
    at Object.parseProgram (/home/cmendoza/.vscode-server/node_modules/@babel/parser/lib/index.js:14451:10)
    at Object.parseTopLevel (/home/cmendoza/.vscode-server/node_modules/@babel/parser/lib/index.js:14438:25)
    at Object.parseTopLevel (/home/cmendoza/.vscode-server/node_modules/@babel/parser/lib/index.js:6827:28)
    at Object.parse (/home/cmendoza/.vscode-server/node_modules/@babel/parser/lib/index.js:16401:10)
    at jsParse (/home/cmendoza/.vscode-server/node_modules/@babel/parser/lib/index.js:16453:38)
    at parse (/home/cmendoza/.vscode-server/extensions/import-cost/src/babel-parser.js:65:10)
    at getPackagesFromJS (/home/cmendoza/.vscode-server/extensions/import-cost/src/babel-parser.js:57:15)
    at getPackages (/home/cmendoza/.vscode-server/extensions/import-cost/src/parser.js:37:12)
    at Timeout._onTimeout (/home/cmendoza/.vscode-server/extensions/import-cost/src/index.js:21:21)
    at listOnTimeout (node:internal/timers:559:17)
    at processTimers (node:internal/timers:502:7)
2022-12-21 17:37:11.682 [error] SyntaxError: Unexpected token (18:3)
    at instantiate (/home/cmendoza/.vscode-server/node_modules/@babel/parser/lib/index.js:72:32)
    at toParseError (/home/cmendoza/.vscode-server/node_modules/@babel/parser/lib/index.js:358:12)
    at Object.raise (/home/cmendoza/.vscode-server/node_modules/@babel/parser/lib/index.js:3335:19)
    at Object.unexpected (/home/cmendoza/.vscode-server/node_modules/@babel/parser/lib/index.js:3373:16)
    at Object.parseIdentifierName (/home/cmendoza/.vscode-server/node_modules/@babel/parser/lib/index.js:13975:18)
    at Object.parseIdentifier (/home/cmendoza/.vscode-server/node_modules/@babel/parser/lib/index.js:13955:23)
    at Object.parseMember (/home/cmendoza/.vscode-server/node_modules/@babel/parser/lib/index.js:12619:28)
    at Object.parseSubscript (/home/cmendoza/.vscode-server/node_modules/@babel/parser/lib/index.js:12593:21)
    at Object.parseSubscript (/home/cmendoza/.vscode-server/node_modules/@babel/parser/lib/index.js:6781:18)
    at Object.parseSubscripts (/home/cmendoza/.vscode-server/node_modules/@babel/parser/lib/index.js:12557:19)
    at Object.parseSubscripts (/home/cmendoza/.vscode-server/node_modules/@babel/parser/lib/index.js:6744:18)
    at Object.parseExprSubscripts (/home/cmendoza/.vscode-server/node_modules/@babel/parser/lib/index.js:12546:17)
    at Object.parseUpdate (/home/cmendoza/.vscode-server/node_modules/@babel/parser/lib/index.js:12519:21)
    at Object.parseMaybeUnary (/home/cmendoza/.vscode-server/node_modules/@babel/parser/lib/index.js:12490:23)
    at Object.parseMaybeUnaryOrPrivate (/home/cmendoza/.vscode-server/node_modules/@babel/parser/lib/index.js:12284:61)
    at Object.parseExprOps (/home/cmendoza/.vscode-server/node_modules/@babel/parser/lib/index.js:12291:23)
    at Object.parseMaybeConditional (/home/cmendoza/.vscode-server/node_modules/@babel/parser/lib/index.js:12261:23)
    at Object.parseMaybeAssign (/home/cmendoza/.vscode-server/node_modules/@babel/parser/lib/index.js:12214:21)
    at Object.parseMaybeAssign (/home/cmendoza/.vscode-server/node_modules/@babel/parser/lib/index.js:6662:18)
    at Object.parseExpressionBase (/home/cmendoza/.vscode-server/node_modules/@babel/parser/lib/index.js:12150:23)
    at callback (/home/cmendoza/.vscode-server/node_modules/@babel/parser/lib/index.js:12144:39)
    at Object.allowInAnd (/home/cmendoza/.vscode-server/node_modules/@babel/parser/lib/index.js:14236:16)
    at Object.parseExpression (/home/cmendoza/.vscode-server/node_modules/@babel/parser/lib/index.js:12144:17)
    at Object.parseStatementContent (/home/cmendoza/.vscode-server/node_modules/@babel/parser/lib/index.js:14676:23)
    at Object.parseStatement (/home/cmendoza/.vscode-server/node_modules/@babel/parser/lib/index.js:14533:17)
    at Object.parseStatement (/home/cmendoza/.vscode-server/node_modules/@babel/parser/lib/index.js:5823:24)
    at Object.parseBlockOrModuleBlockBody (/home/cmendoza/.vscode-server/node_modules/@babel/parser/lib/index.js:15176:25)
    at Object.parseBlockBody (/home/cmendoza/.vscode-server/node_modules/@babel/parser/lib/index.js:15167:10)
    at Object.parseProgram (/home/cmendoza/.vscode-server/node_modules/@babel/parser/lib/index.js:14451:10)
    at Object.parseTopLevel (/home/cmendoza/.vscode-server/node_modules/@babel/parser/lib/index.js:14438:25)
    at Object.parseTopLevel (/home/cmendoza/.vscode-server/node_modules/@babel/parser/lib/index.js:6827:28)
    at Object.parse (/home/cmendoza/.vscode-server/node_modules/@babel/parser/lib/index.js:16401:10)
    at jsParse (/home/cmendoza/.vscode-server/node_modules/@babel/parser/lib/index.js:16453:38)
    at parse (/home/cmendoza/.vscode-server/extensions/import-cost/src/babel-parser.js:65:10)
    at getPackagesFromJS (/home/cmendoza/.vscode-server/extensions/import-cost/src/babel-parser.js:57:15)
    at getPackages (/home/cmendoza/.vscode-server/extensions/import-cost/src/parser.js:37:12)
    at Timeout._onTimeout (/home/cmendoza/.vscode-server/extensions/import-cost/src/index.js:21:21)
    at listOnTimeout (node:internal/timers:559:17)
    at processTimers (node:internal/timers:502:7)
2022-12-21 17:38:16.065 [error] SyntaxError: Unexpected token (20:3)
    at instantiate (/home/cmendoza/.vscode-server/node_modules/@babel/parser/lib/index.js:72:32)
    at toParseError (/home/cmendoza/.vscode-server/node_modules/@babel/parser/lib/index.js:358:12)
    at Object.raise (/home/cmendoza/.vscode-server/node_modules/@babel/parser/lib/index.js:3335:19)
    at Object.unexpected (/home/cmendoza/.vscode-server/node_modules/@babel/parser/lib/index.js:3373:16)
    at Object.parseIdentifierName (/home/cmendoza/.vscode-server/node_modules/@babel/parser/lib/index.js:13975:18)
    at Object.parseIdentifier (/home/cmendoza/.vscode-server/node_modules/@babel/parser/lib/index.js:13955:23)
    at Object.parseMember (/home/cmendoza/.vscode-server/node_modules/@babel/parser/lib/index.js:12619:28)
    at Object.parseSubscript (/home/cmendoza/.vscode-server/node_modules/@babel/parser/lib/index.js:12593:21)
    at Object.parseSubscript (/home/cmendoza/.vscode-server/node_modules/@babel/parser/lib/index.js:6781:18)
    at Object.parseSubscripts (/home/cmendoza/.vscode-server/node_modules/@babel/parser/lib/index.js:12557:19)
    at Object.parseSubscripts (/home/cmendoza/.vscode-server/node_modules/@babel/parser/lib/index.js:6744:18)
    at Object.parseExprSubscripts (/home/cmendoza/.vscode-server/node_modules/@babel/parser/lib/index.js:12546:17)
    at Object.parseUpdate (/home/cmendoza/.vscode-server/node_modules/@babel/parser/lib/index.js:12519:21)
    at Object.parseMaybeUnary (/home/cmendoza/.vscode-server/node_modules/@babel/parser/lib/index.js:12490:23)
    at Object.parseMaybeUnaryOrPrivate (/home/cmendoza/.vscode-server/node_modules/@babel/parser/lib/index.js:12284:61)
    at Object.parseExprOps (/home/cmendoza/.vscode-server/node_modules/@babel/parser/lib/index.js:12291:23)
    at Object.parseMaybeConditional (/home/cmendoza/.vscode-server/node_modules/@babel/parser/lib/index.js:12261:23)
    at Object.parseMaybeAssign (/home/cmendoza/.vscode-server/node_modules/@babel/parser/lib/index.js:12214:21)
    at Object.parseMaybeAssign (/home/cmendoza/.vscode-server/node_modules/@babel/parser/lib/index.js:6662:18)
    at Object.parseExpressionBase (/home/cmendoza/.vscode-server/node_modules/@babel/parser/lib/index.js:12150:23)
    at callback (/home/cmendoza/.vscode-server/node_modules/@babel/parser/lib/index.js:12144:39)
    at Object.allowInAnd (/home/cmendoza/.vscode-server/node_modules/@babel/parser/lib/index.js:14236:16)
    at Object.parseExpression (/home/cmendoza/.vscode-server/node_modules/@babel/parser/lib/index.js:12144:17)
    at Object.parseStatementContent (/home/cmendoza/.vscode-server/node_modules/@babel/parser/lib/index.js:14676:23)
    at Object.parseStatement (/home/cmendoza/.vscode-server/node_modules/@babel/parser/lib/index.js:14533:17)
    at Object.parseStatement (/home/cmendoza/.vscode-server/node_modules/@babel/parser/lib/index.js:5823:24)
    at Object.parseBlockOrModuleBlockBody (/home/cmendoza/.vscode-server/node_modules/@babel/parser/lib/index.js:15176:25)
    at Object.parseBlockBody (/home/cmendoza/.vscode-server/node_modules/@babel/parser/lib/index.js:15167:10)
    at Object.parseProgram (/home/cmendoza/.vscode-server/node_modules/@babel/parser/lib/index.js:14451:10)
    at Object.parseTopLevel (/home/cmendoza/.vscode-server/node_modules/@babel/parser/lib/index.js:14438:25)
    at Object.parseTopLevel (/home/cmendoza/.vscode-server/node_modules/@babel/parser/lib/index.js:6827:28)
    at Object.parse (/home/cmendoza/.vscode-server/node_modules/@babel/parser/lib/index.js:16401:10)
    at jsParse (/home/cmendoza/.vscode-server/node_modules/@babel/parser/lib/index.js:16453:38)
    at parse (/home/cmendoza/.vscode-server/extensions/import-cost/src/babel-parser.js:65:10)
    at getPackagesFromJS (/home/cmendoza/.vscode-server/extensions/import-cost/src/babel-parser.js:57:15)
    at getPackages (/home/cmendoza/.vscode-server/extensions/import-cost/src/parser.js:37:12)
    at Timeout._onTimeout (/home/cmendoza/.vscode-server/extensions/import-cost/src/index.js:21:21)
    at listOnTimeout (node:internal/timers:559:17)
    at processTimers (node:internal/timers:502:7)
2022-12-21 17:40:01.512 [error] SyntaxError: Unexpected token (8:0)
    at instantiate (/home/cmendoza/.vscode-server/node_modules/@babel/parser/lib/index.js:72:32)
    at toParseError (/home/cmendoza/.vscode-server/node_modules/@babel/parser/lib/index.js:358:12)
    at Object.raise (/home/cmendoza/.vscode-server/node_modules/@babel/parser/lib/index.js:3335:19)
    at Object.unexpected (/home/cmendoza/.vscode-server/node_modules/@babel/parser/lib/index.js:3373:16)
    at Object.parseExprAtom (/home/cmendoza/.vscode-server/node_modules/@babel/parser/lib/index.js:13015:22)
    at Object.parseExprAtom (/home/cmendoza/.vscode-server/node_modules/@babel/parser/lib/index.js:8034:20)
    at Object.parseExprSubscripts (/home/cmendoza/.vscode-server/node_modules/@babel/parser/lib/index.js:12540:23)
    at Object.parseUpdate (/home/cmendoza/.vscode-server/node_modules/@babel/parser/lib/index.js:12519:21)
    at Object.parseMaybeUnary (/home/cmendoza/.vscode-server/node_modules/@babel/parser/lib/index.js:12490:23)
    at Object.parseMaybeUnaryOrPrivate (/home/cmendoza/.vscode-server/node_modules/@babel/parser/lib/index.js:12284:61)
    at Object.parseExprOps (/home/cmendoza/.vscode-server/node_modules/@babel/parser/lib/index.js:12291:23)
    at Object.parseMaybeConditional (/home/cmendoza/.vscode-server/node_modules/@babel/parser/lib/index.js:12261:23)
    at Object.parseMaybeAssign (/home/cmendoza/.vscode-server/node_modules/@babel/parser/lib/index.js:12214:21)
    at Object.parseMaybeAssign (/home/cmendoza/.vscode-server/node_modules/@babel/parser/lib/index.js:6662:18)
    at callback (/home/cmendoza/.vscode-server/node_modules/@babel/parser/lib/index.js:12172:39)
    at Object.allowInAnd (/home/cmendoza/.vscode-server/node_modules/@babel/parser/lib/index.js:14236:16)
    at Object.parseMaybeAssignAllowIn (/home/cmendoza/.vscode-server/node_modules/@babel/parser/lib/index.js:12172:17)
    at Object.parseVar (/home/cmendoza/.vscode-server/node_modules/@babel/parser/lib/index.js:15264:91)
    at Object.parseVarStatement (/home/cmendoza/.vscode-server/node_modules/@babel/parser/lib/index.js:15066:10)
    at Object.parseStatementContent (/home/cmendoza/.vscode-server/node_modules/@babel/parser/lib/index.js:14608:21)
    at Object.parseStatement (/home/cmendoza/.vscode-server/node_modules/@babel/parser/lib/index.js:14533:17)
    at Object.parseStatement (/home/cmendoza/.vscode-server/node_modules/@babel/parser/lib/index.js:5823:24)
    at Object.parseBlockOrModuleBlockBody (/home/cmendoza/.vscode-server/node_modules/@babel/parser/lib/index.js:15176:25)
    at Object.parseBlockBody (/home/cmendoza/.vscode-server/node_modules/@babel/parser/lib/index.js:15167:10)
    at Object.parseProgram (/home/cmendoza/.vscode-server/node_modules/@babel/parser/lib/index.js:14451:10)
    at Object.parseTopLevel (/home/cmendoza/.vscode-server/node_modules/@babel/parser/lib/index.js:14438:25)
    at Object.parseTopLevel (/home/cmendoza/.vscode-server/node_modules/@babel/parser/lib/index.js:6827:28)
    at Object.parse (/home/cmendoza/.vscode-server/node_modules/@babel/parser/lib/index.js:16401:10)
    at jsParse (/home/cmendoza/.vscode-server/node_modules/@babel/parser/lib/index.js:16453:38)
    at parse (/home/cmendoza/.vscode-server/extensions/import-cost/src/babel-parser.js:65:10)
    at getPackagesFromJS (/home/cmendoza/.vscode-server/extensions/import-cost/src/babel-parser.js:57:15)
    at getPackages (/home/cmendoza/.vscode-server/extensions/import-cost/src/parser.js:37:12)
    at Timeout._onTimeout (/home/cmendoza/.vscode-server/extensions/import-cost/src/index.js:21:21)
    at listOnTimeout (node:internal/timers:559:17)
    at processTimers (node:internal/timers:502:7)
2022-12-21 17:40:34.619 [info] Extension host terminating: received terminate message from renderer
2022-12-21 17:40:34.622 [info] Lock '/home/cmendoza/.vscode-server/data/User/workspaceStorage/5979ea734077970d694a454aaeeb4a4d/vscode.lock': Marking the lockfile as scheduled to be released in 6000 ms.
2022-12-21 17:40:35.181 [info] Extension host with pid 901 exiting with code 0
