[2022-09-20 10:27:51.797] [exthost] [info] Extension host with pid 129 started
[2022-09-20 10:27:51.906] [exthost] [info] ExtensionService#_doActivateExtension vscode.debug-auto-launch, startup: true, activationEvent: '*'
[2022-09-20 10:27:51.958] [exthost] [info] ExtensionService#_doActivateExtension vscode.git-base, startup: true, activationEvent: '*'
[2022-09-20 10:27:52.013] [exthost] [info] ExtensionService#_doActivateExtension vscode.ipynb, startup: true, activationEvent: '*'
[2022-09-20 10:27:52.231] [exthost] [info] ExtensionService#_doActivateExtension 2gua.rainbow-brackets, startup: true, activationEvent: '*'
[2022-09-20 10:27:52.258] [exthost] [info] ExtensionService#_doActivateExtension christian-kohler.path-intellisense, startup: true, activationEvent: '*'
[2022-09-20 10:27:52.746] [exthost] [info] ExtensionService#_doActivateExtension ecmel.vscode-html-css, startup: true, activationEvent: '*'
[2022-09-20 10:27:53.136] [exthost] [info] ExtensionService#_doActivateExtension ms-vsliveshare.vsliveshare, startup: true, activationEvent: '*'
[2022-09-20 10:27:54.625] [exthost] [info] ExtensionService#_doActivateExtension naumovs.color-highlight, startup: true, activationEvent: '*'
[2022-09-20 10:27:54.753] [exthost] [info] ExtensionService#_doActivateExtension oderwat.indent-rainbow, startup: true, activationEvent: '*'
[2022-09-20 10:27:54.785] [exthost] [info] ExtensionService#_doActivateExtension WallabyJs.quokka-vscode, startup: true, activationEvent: '*'
[2022-09-20 10:27:54.825] [exthost] [info] Lock '/home/cmendoza/.vscode-server/data/User/workspaceStorage/5979ea734077970d694a454aaeeb4a4d/vscode.lock': Lock acquired.
[2022-09-20 10:27:55.022] [exthost] [info] ExtensionService#_doActivateExtension GitHub.vscode-pull-request-github, startup: true, activationEvent: '*'
[2022-09-20 10:27:57.520] [exthost] [info] ExtensionService#_doActivateExtension vscode.github, startup: true, activationEvent: '*'
[2022-09-20 10:27:57.724] [exthost] [info] ExtensionService#_doActivateExtension vscode.configuration-editing, startup: false, activationEvent: 'onLanguage:jsonc'
[2022-09-20 10:27:57.826] [exthost] [info] ExtensionService#_doActivateExtension vscode.json-language-features, startup: false, activationEvent: 'onLanguage:jsonc'
[2022-09-20 10:27:58.274] [exthost] [info] ExtensionService#_doActivateExtension vscode.typescript-language-features, startup: false, activationEvent: 'onLanguage:jsonc'
[2022-09-20 10:27:58.786] [exthost] [info] ExtensionService#_doActivateExtension pranaygp.vscode-css-peek, startup: true, activationEvent: 'workspaceContains:**/*.css,**/*.scss,**/*.sass,**/*.less'
[2022-09-20 10:28:05.893] [exthost] [info] ExtensionService#_doActivateExtension vscode.emmet, startup: false, activationEvent: 'onStartupFinished'
[2022-09-20 10:28:06.071] [exthost] [info] ExtensionService#_doActivateExtension vscode.merge-conflict, startup: false, activationEvent: 'onStartupFinished'
[2022-09-20 10:28:06.135] [exthost] [info] ExtensionService#_doActivateExtension CodeStream.codestream, startup: false, activationEvent: 'onStartupFinished'
[2022-09-20 10:28:06.763] [exthost] [info] ExtensionService#_doActivateExtension eamodio.gitlens, startup: false, activationEvent: 'onStartupFinished'
[2022-09-20 10:28:07.729] [exthost] [info] ExtensionService#_doActivateExtension eamodio.gitlens-insiders, startup: false, activationEvent: 'onStartupFinished'
[2022-09-20 10:28:08.406] [exthost] [info] ExtensionService#_doActivateExtension vscode.npm, startup: false, activationEvent: 'onStartupFinished', root cause: esbenp.prettier-vscode
[2022-09-20 10:28:08.557] [exthost] [info] ExtensionService#_doActivateExtension ritwickdey.LiveServer, startup: false, activationEvent: 'onStartupFinished'
[2022-09-20 10:28:09.599] [exthost] [info] ExtensionService#_doActivateExtension esbenp.prettier-vscode, startup: false, activationEvent: 'onStartupFinished'
[2022-09-20 10:28:20.773] [exthost] [info] Eager extensions activated
[2022-09-20 11:12:22.926] [exthost] [info] ExtensionService#_doActivateExtension vscode.html-language-features, startup: false, activationEvent: 'onLanguage:html'
[2022-09-20 11:12:27.811] [exthost] [warning] TextEditor is closed/disposed
[2022-09-20 11:14:21.193] [exthost] [warning] TextEditor is closed/disposed
[2022-09-20 11:14:21.564] [exthost] [info] ExtensionService#_doActivateExtension wix.vscode-import-cost, startup: false, activationEvent: 'onLanguage:javascript'
[2022-09-20 11:47:22.937] [exthost] [info] ExtensionService#_doActivateExtension vscode.css-language-features, startup: false, activationEvent: 'onLanguage:css'
[2022-09-20 11:47:37.105] [exthost] [error] [ecmel.vscode-html-css] provider FAILED
[2022-09-20 11:47:37.105] [exthost] [error] undefined
[2022-09-20 11:47:44.879] [exthost] [error] [ecmel.vscode-html-css] provider FAILED
[2022-09-20 11:47:44.879] [exthost] [error] undefined
[2022-09-20 11:48:11.968] [exthost] [warning] TextEditor is closed/disposed
[2022-09-20 11:48:37.483] [exthost] [warning] TextEditor is closed/disposed
[2022-09-20 11:49:46.308] [exthost] [error] [ecmel.vscode-html-css] provider FAILED
[2022-09-20 11:49:46.309] [exthost] [error] undefined
[2022-09-20 11:50:05.703] [exthost] [error] [ecmel.vscode-html-css] provider FAILED
[2022-09-20 11:50:05.703] [exthost] [error] undefined
[2022-09-20 11:50:38.122] [exthost] [error] [ecmel.vscode-html-css] provider FAILED
[2022-09-20 11:50:38.122] [exthost] [error] undefined
[2022-09-20 11:50:53.723] [exthost] [error] [ecmel.vscode-html-css] provider FAILED
[2022-09-20 11:50:53.723] [exthost] [error] undefined
[2022-09-20 11:50:57.983] [exthost] [error] [ecmel.vscode-html-css] provider FAILED
[2022-09-20 11:50:57.983] [exthost] [error] undefined
[2022-09-20 11:50:58.470] [exthost] [error] [ecmel.vscode-html-css] provider FAILED
[2022-09-20 11:50:58.471] [exthost] [error] undefined
[2022-09-20 11:51:02.419] [exthost] [error] [ecmel.vscode-html-css] provider FAILED
[2022-09-20 11:51:02.419] [exthost] [error] undefined
[2022-09-20 11:51:02.598] [exthost] [error] [ecmel.vscode-html-css] provider FAILED
[2022-09-20 11:51:02.598] [exthost] [error] undefined
[2022-09-20 11:51:02.779] [exthost] [error] [ecmel.vscode-html-css] provider FAILED
[2022-09-20 11:51:02.779] [exthost] [error] undefined
[2022-09-20 11:51:02.921] [exthost] [error] [ecmel.vscode-html-css] provider FAILED
[2022-09-20 11:51:02.921] [exthost] [error] undefined
[2022-09-20 11:51:03.702] [exthost] [error] [ecmel.vscode-html-css] provider FAILED
[2022-09-20 11:51:03.702] [exthost] [error] undefined
[2022-09-20 11:51:04.081] [exthost] [error] [ecmel.vscode-html-css] provider FAILED
[2022-09-20 11:51:04.081] [exthost] [error] undefined
[2022-09-20 11:52:37.283] [exthost] [error] [ecmel.vscode-html-css] provider FAILED
[2022-09-20 11:52:37.283] [exthost] [error] undefined
[2022-09-20 11:53:20.789] [exthost] [error] [ecmel.vscode-html-css] provider FAILED
[2022-09-20 11:53:20.789] [exthost] [error] undefined
[2022-09-20 11:53:31.379] [exthost] [error] [ecmel.vscode-html-css] provider FAILED
[2022-09-20 11:53:31.379] [exthost] [error] undefined
[2022-09-20 11:53:35.388] [exthost] [error] [ecmel.vscode-html-css] provider FAILED
[2022-09-20 11:53:35.388] [exthost] [error] undefined
[2022-09-20 11:53:58.750] [exthost] [error] [ecmel.vscode-html-css] provider FAILED
[2022-09-20 11:53:58.750] [exthost] [error] undefined
[2022-09-20 11:54:03.959] [exthost] [error] [ecmel.vscode-html-css] provider FAILED
[2022-09-20 11:54:03.959] [exthost] [error] undefined
[2022-09-20 11:54:20.067] [exthost] [error] [ecmel.vscode-html-css] provider FAILED
[2022-09-20 11:54:20.067] [exthost] [error] undefined
[2022-09-20 11:54:21.660] [exthost] [error] [ecmel.vscode-html-css] provider FAILED
[2022-09-20 11:54:21.660] [exthost] [error] undefined
[2022-09-20 11:54:52.926] [exthost] [error] [ecmel.vscode-html-css] provider FAILED
[2022-09-20 11:54:52.926] [exthost] [error] undefined
[2022-09-20 11:54:54.960] [exthost] [error] [ecmel.vscode-html-css] provider FAILED
[2022-09-20 11:54:54.960] [exthost] [error] undefined
[2022-09-20 11:54:55.366] [exthost] [error] [ecmel.vscode-html-css] provider FAILED
[2022-09-20 11:54:55.366] [exthost] [error] undefined
[2022-09-20 11:54:55.586] [exthost] [error] [ecmel.vscode-html-css] provider FAILED
[2022-09-20 11:54:55.586] [exthost] [error] undefined
[2022-09-20 11:54:55.637] [exthost] [error] [ecmel.vscode-html-css] provider FAILED
[2022-09-20 11:54:55.637] [exthost] [error] undefined
[2022-09-20 11:54:55.843] [exthost] [error] [ecmel.vscode-html-css] provider FAILED
[2022-09-20 11:54:55.843] [exthost] [error] undefined
[2022-09-20 11:54:55.912] [exthost] [error] [ecmel.vscode-html-css] provider FAILED
[2022-09-20 11:54:55.912] [exthost] [error] undefined
[2022-09-20 11:54:55.987] [exthost] [error] [ecmel.vscode-html-css] provider FAILED
[2022-09-20 11:54:55.987] [exthost] [error] undefined
[2022-09-20 11:55:51.952] [exthost] [warning] TextEditor is closed/disposed
[2022-09-20 11:56:35.949] [exthost] [warning] TextEditor is closed/disposed
[2022-09-20 11:56:42.568] [exthost] [warning] TextEditor is closed/disposed
[2022-09-20 11:56:50.408] [exthost] [warning] TextEditor is closed/disposed
[2022-09-20 11:57:54.271] [exthost] [error] [ecmel.vscode-html-css] provider FAILED
[2022-09-20 11:57:54.271] [exthost] [error] undefined
[2022-09-20 11:58:23.651] [exthost] [error] [ecmel.vscode-html-css] provider FAILED
[2022-09-20 11:58:23.651] [exthost] [error] undefined
[2022-09-20 11:58:23.966] [exthost] [error] [ecmel.vscode-html-css] provider FAILED
[2022-09-20 11:58:23.967] [exthost] [error] undefined
[2022-09-20 11:58:24.109] [exthost] [error] [ecmel.vscode-html-css] provider FAILED
[2022-09-20 11:58:24.109] [exthost] [error] undefined
[2022-09-20 11:58:24.302] [exthost] [error] [ecmel.vscode-html-css] provider FAILED
[2022-09-20 11:58:24.303] [exthost] [error] undefined
[2022-09-20 11:58:24.384] [exthost] [error] [ecmel.vscode-html-css] provider FAILED
[2022-09-20 11:58:24.384] [exthost] [error] undefined
[2022-09-20 11:58:24.452] [exthost] [error] [ecmel.vscode-html-css] provider FAILED
[2022-09-20 11:58:24.452] [exthost] [error] undefined
[2022-09-20 12:13:16.765] [exthost] [error] [ecmel.vscode-html-css] provider FAILED
[2022-09-20 12:13:16.765] [exthost] [error] undefined
[2022-09-20 12:13:32.801] [exthost] [error] [ecmel.vscode-html-css] provider FAILED
[2022-09-20 12:13:32.801] [exthost] [error] undefined
[2022-09-20 12:13:40.320] [exthost] [error] [ecmel.vscode-html-css] provider FAILED
[2022-09-20 12:13:40.320] [exthost] [error] undefined
[2022-09-20 12:14:58.346] [exthost] [error] [ecmel.vscode-html-css] provider FAILED
[2022-09-20 12:14:58.346] [exthost] [error] undefined
[2022-09-20 12:15:19.618] [exthost] [error] [ecmel.vscode-html-css] provider FAILED
[2022-09-20 12:15:19.618] [exthost] [error] undefined
[2022-09-20 12:16:05.004] [exthost] [error] [ecmel.vscode-html-css] provider FAILED
[2022-09-20 12:16:05.004] [exthost] [error] undefined
[2022-09-20 12:16:08.858] [exthost] [error] [ecmel.vscode-html-css] provider FAILED
[2022-09-20 12:16:08.858] [exthost] [error] undefined
[2022-09-20 12:16:23.902] [exthost] [error] [ecmel.vscode-html-css] provider FAILED
[2022-09-20 12:16:23.902] [exthost] [error] undefined
[2022-09-20 12:16:28.936] [exthost] [error] [ecmel.vscode-html-css] provider FAILED
[2022-09-20 12:16:28.936] [exthost] [error] undefined
[2022-09-20 12:16:29.035] [exthost] [error] [ecmel.vscode-html-css] provider FAILED
[2022-09-20 12:16:29.035] [exthost] [error] undefined
[2022-09-20 12:16:33.704] [exthost] [error] [ecmel.vscode-html-css] provider FAILED
[2022-09-20 12:16:33.704] [exthost] [error] undefined
[2022-09-20 12:16:46.086] [exthost] [error] [ecmel.vscode-html-css] provider FAILED
[2022-09-20 12:16:46.086] [exthost] [error] undefined
[2022-09-20 12:16:46.690] [exthost] [error] [ecmel.vscode-html-css] provider FAILED
[2022-09-20 12:16:46.690] [exthost] [error] undefined
[2022-09-20 12:16:46.822] [exthost] [error] [ecmel.vscode-html-css] provider FAILED
[2022-09-20 12:16:46.822] [exthost] [error] undefined
[2022-09-20 12:16:47.054] [exthost] [error] [ecmel.vscode-html-css] provider FAILED
[2022-09-20 12:16:47.054] [exthost] [error] undefined
[2022-09-20 12:16:47.533] [exthost] [error] [ecmel.vscode-html-css] provider FAILED
[2022-09-20 12:16:47.533] [exthost] [error] undefined
[2022-09-20 12:16:49.598] [exthost] [error] [ecmel.vscode-html-css] provider FAILED
[2022-09-20 12:16:49.598] [exthost] [error] undefined
[2022-09-20 12:16:50.063] [exthost] [error] [ecmel.vscode-html-css] provider FAILED
[2022-09-20 12:16:50.063] [exthost] [error] undefined
[2022-09-20 12:16:50.248] [exthost] [error] [ecmel.vscode-html-css] provider FAILED
[2022-09-20 12:16:50.248] [exthost] [error] undefined
[2022-09-20 12:16:56.162] [exthost] [error] [ecmel.vscode-html-css] provider FAILED
[2022-09-20 12:16:56.162] [exthost] [error] undefined
[2022-09-20 12:17:00.027] [exthost] [error] [ecmel.vscode-html-css] provider FAILED
[2022-09-20 12:17:00.027] [exthost] [error] undefined
[2022-09-20 12:17:21.287] [exthost] [error] [ecmel.vscode-html-css] provider FAILED
[2022-09-20 12:17:21.287] [exthost] [error] undefined
[2022-09-20 12:17:31.387] [exthost] [error] [ecmel.vscode-html-css] provider FAILED
[2022-09-20 12:17:31.387] [exthost] [error] undefined
[2022-09-20 12:18:05.618] [exthost] [error] [ecmel.vscode-html-css] provider FAILED
[2022-09-20 12:18:05.618] [exthost] [error] undefined
[2022-09-20 12:18:06.248] [exthost] [error] [ecmel.vscode-html-css] provider FAILED
[2022-09-20 12:18:06.248] [exthost] [error] undefined
[2022-09-20 12:18:06.412] [exthost] [error] [ecmel.vscode-html-css] provider FAILED
[2022-09-20 12:18:06.412] [exthost] [error] undefined
[2022-09-20 12:18:07.117] [exthost] [error] [ecmel.vscode-html-css] provider FAILED
[2022-09-20 12:18:07.117] [exthost] [error] undefined
[2022-09-20 12:18:08.443] [exthost] [error] [ecmel.vscode-html-css] provider FAILED
[2022-09-20 12:18:08.443] [exthost] [error] undefined
[2022-09-20 12:18:08.586] [exthost] [error] [ecmel.vscode-html-css] provider FAILED
[2022-09-20 12:18:08.586] [exthost] [error] undefined
[2022-09-20 12:18:08.649] [exthost] [error] [ecmel.vscode-html-css] provider FAILED
[2022-09-20 12:18:08.649] [exthost] [error] undefined
[2022-09-20 12:18:17.429] [exthost] [error] [ecmel.vscode-html-css] provider FAILED
[2022-09-20 12:18:17.429] [exthost] [error] undefined
[2022-09-20 12:18:19.026] [exthost] [error] [ecmel.vscode-html-css] provider FAILED
[2022-09-20 12:18:19.026] [exthost] [error] undefined
[2022-09-20 12:18:19.760] [exthost] [error] [ecmel.vscode-html-css] provider FAILED
[2022-09-20 12:18:19.760] [exthost] [error] undefined
[2022-09-20 12:19:10.981] [exthost] [error] [ecmel.vscode-html-css] provider FAILED
[2022-09-20 12:19:10.982] [exthost] [error] undefined
[2022-09-20 12:19:12.032] [exthost] [error] [ecmel.vscode-html-css] provider FAILED
[2022-09-20 12:19:12.032] [exthost] [error] undefined
[2022-09-20 12:19:28.786] [exthost] [error] [ecmel.vscode-html-css] provider FAILED
[2022-09-20 12:19:28.786] [exthost] [error] undefined
[2022-09-20 12:19:29.160] [exthost] [error] [ecmel.vscode-html-css] provider FAILED
[2022-09-20 12:19:29.160] [exthost] [error] undefined
[2022-09-20 12:19:33.465] [exthost] [error] [ecmel.vscode-html-css] provider FAILED
[2022-09-20 12:19:33.465] [exthost] [error] undefined
[2022-09-20 12:19:53.869] [exthost] [error] [ecmel.vscode-html-css] provider FAILED
[2022-09-20 12:19:53.869] [exthost] [error] undefined
[2022-09-20 12:20:06.415] [exthost] [error] [ecmel.vscode-html-css] provider FAILED
[2022-09-20 12:20:06.415] [exthost] [error] undefined
[2022-09-20 12:20:12.530] [exthost] [error] [ecmel.vscode-html-css] provider FAILED
[2022-09-20 12:20:12.530] [exthost] [error] undefined
[2022-09-20 12:20:12.808] [exthost] [error] [ecmel.vscode-html-css] provider FAILED
[2022-09-20 12:20:12.808] [exthost] [error] undefined
[2022-09-20 12:20:12.969] [exthost] [error] [ecmel.vscode-html-css] provider FAILED
[2022-09-20 12:20:12.969] [exthost] [error] undefined
[2022-09-20 12:20:13.610] [exthost] [error] [ecmel.vscode-html-css] provider FAILED
[2022-09-20 12:20:13.610] [exthost] [error] undefined
[2022-09-20 12:20:14.085] [exthost] [error] [ecmel.vscode-html-css] provider FAILED
[2022-09-20 12:20:14.085] [exthost] [error] undefined
[2022-09-20 12:20:14.275] [exthost] [error] [ecmel.vscode-html-css] provider FAILED
[2022-09-20 12:20:14.275] [exthost] [error] undefined
[2022-09-20 12:20:15.695] [exthost] [error] [ecmel.vscode-html-css] provider FAILED
[2022-09-20 12:20:15.695] [exthost] [error] undefined
[2022-09-20 12:20:17.176] [exthost] [error] [ecmel.vscode-html-css] provider FAILED
[2022-09-20 12:20:17.176] [exthost] [error] undefined
[2022-09-20 12:20:19.580] [exthost] [error] [ecmel.vscode-html-css] provider FAILED
[2022-09-20 12:20:19.580] [exthost] [error] undefined
[2022-09-20 12:20:21.031] [exthost] [error] [ecmel.vscode-html-css] provider FAILED
[2022-09-20 12:20:21.031] [exthost] [error] undefined
[2022-09-20 12:20:22.329] [exthost] [error] [ecmel.vscode-html-css] provider FAILED
[2022-09-20 12:20:22.329] [exthost] [error] undefined
[2022-09-20 12:20:22.814] [exthost] [error] [ecmel.vscode-html-css] provider FAILED
[2022-09-20 12:20:22.814] [exthost] [error] undefined
[2022-09-20 12:20:24.427] [exthost] [error] [ecmel.vscode-html-css] provider FAILED
[2022-09-20 12:20:24.427] [exthost] [error] undefined
[2022-09-20 12:20:24.467] [exthost] [error] [ecmel.vscode-html-css] provider FAILED
[2022-09-20 12:20:24.467] [exthost] [error] undefined
[2022-09-20 12:20:24.503] [exthost] [error] [ecmel.vscode-html-css] provider FAILED
[2022-09-20 12:20:24.503] [exthost] [error] undefined
[2022-09-20 12:20:30.794] [exthost] [error] [ecmel.vscode-html-css] provider FAILED
[2022-09-20 12:20:30.794] [exthost] [error] undefined
[2022-09-20 12:20:42.879] [exthost] [error] [ecmel.vscode-html-css] provider FAILED
[2022-09-20 12:20:42.879] [exthost] [error] undefined
[2022-09-20 12:24:11.231] [exthost] [warning] TextEditor is closed/disposed
[2022-09-20 12:34:43.304] [exthost] [warning] TextEditor is closed/disposed
[2022-09-20 12:34:55.220] [exthost] [warning] TextEditor is closed/disposed
[2022-09-20 12:35:40.557] [exthost] [warning] TextEditor is closed/disposed
[2022-09-20 12:36:02.646] [exthost] [warning] TextEditor is closed/disposed
[2022-09-20 13:02:26.519] [exthost] [warning] TextEditor is closed/disposed
[2022-09-20 13:02:27.222] [exthost] [warning] TextEditor is closed/disposed
[2022-09-20 13:02:28.540] [exthost] [warning] TextEditor is closed/disposed
[2022-09-20 13:02:30.588] [exthost] [warning] TextEditor is closed/disposed
[2022-09-20 13:02:32.870] [exthost] [warning] TextEditor is closed/disposed
[2022-09-20 13:02:33.855] [exthost] [warning] TextEditor is closed/disposed
[2022-09-20 15:16:13.292] [exthost] [warning] TextEditor is closed/disposed
[2022-09-20 15:16:14.279] [exthost] [warning] TextEditor is closed/disposed
[2022-09-20 15:16:35.371] [exthost] [warning] TextEditor is closed/disposed
[2022-09-20 15:16:40.779] [exthost] [warning] TextEditor is closed/disposed
[2022-09-20 15:18:10.449] [exthost] [warning] TextEditor is closed/disposed
[2022-09-20 15:18:54.389] [exthost] [warning] TextEditor is closed/disposed
[2022-09-20 15:27:04.935] [exthost] [warning] TextEditor is closed/disposed
[2022-09-20 15:33:00.773] [exthost] [error] [ecmel.vscode-html-css] provider FAILED
[2022-09-20 15:33:00.774] [exthost] [error] undefined
[2022-09-20 15:33:05.377] [exthost] [error] [ecmel.vscode-html-css] provider FAILED
[2022-09-20 15:33:05.377] [exthost] [error] undefined
[2022-09-20 15:51:12.652] [exthost] [error] [ecmel.vscode-html-css] provider FAILED
[2022-09-20 15:51:12.653] [exthost] [error] undefined
[2022-09-20 15:51:12.884] [exthost] [error] [ecmel.vscode-html-css] provider FAILED
[2022-09-20 15:51:12.884] [exthost] [error] undefined
[2022-09-20 15:57:32.406] [exthost] [warning] TextEditor is closed/disposed
[2022-09-20 15:57:41.860] [exthost] [warning] TextEditor is closed/disposed
[2022-09-20 15:58:14.311] [exthost] [warning] TextEditor is closed/disposed
[2022-09-20 15:58:16.001] [exthost] [warning] TextEditor is closed/disposed
[2022-09-20 15:59:44.728] [exthost] [warning] TextEditor is closed/disposed
[2022-09-20 15:59:47.863] [exthost] [warning] TextEditor is closed/disposed
[2022-09-20 15:59:52.090] [exthost] [warning] TextEditor is closed/disposed
[2022-09-20 16:10:16.153] [exthost] [warning] TextEditor is closed/disposed
[2022-09-20 16:10:30.443] [exthost] [warning] TextEditor is closed/disposed
[2022-09-20 16:10:33.807] [exthost] [warning] TextEditor is closed/disposed
[2022-09-20 16:10:35.678] [exthost] [warning] TextEditor is closed/disposed
[2022-09-20 16:10:43.049] [exthost] [warning] TextEditor is closed/disposed
[2022-09-20 16:10:55.895] [exthost] [warning] TextEditor is closed/disposed
[2022-09-20 16:10:58.317] [exthost] [warning] TextEditor is closed/disposed
[2022-09-20 16:10:59.438] [exthost] [warning] TextEditor is closed/disposed
[2022-09-20 16:12:10.864] [exthost] [warning] TextEditor is closed/disposed
[2022-09-20 16:12:27.320] [exthost] [warning] TextEditor is closed/disposed
[2022-09-20 16:12:28.755] [exthost] [warning] TextEditor is closed/disposed
[2022-09-20 16:12:29.431] [exthost] [warning] TextEditor is closed/disposed
[2022-09-20 16:12:34.550] [exthost] [warning] TextEditor is closed/disposed
[2022-09-20 16:12:35.534] [exthost] [warning] TextEditor is closed/disposed
[2022-09-20 16:12:37.063] [exthost] [warning] TextEditor is closed/disposed
[2022-09-20 16:12:38.650] [exthost] [warning] TextEditor is closed/disposed
[2022-09-20 16:12:40.768] [exthost] [warning] TextEditor is closed/disposed
[2022-09-20 16:13:16.708] [exthost] [warning] TextEditor is closed/disposed
[2022-09-20 16:13:26.868] [exthost] [warning] TextEditor is closed/disposed
[2022-09-20 16:15:06.515] [exthost] [warning] TextEditor is closed/disposed
[2022-09-20 16:15:44.589] [exthost] [warning] TextEditor is closed/disposed
[2022-09-20 16:15:55.159] [exthost] [warning] TextEditor is closed/disposed
[2022-09-20 16:16:21.636] [exthost] [warning] TextEditor is closed/disposed
[2022-09-20 16:21:39.267] [exthost] [warning] TextEditor is closed/disposed
[2022-09-20 16:22:03.766] [exthost] [warning] TextEditor is closed/disposed
[2022-09-20 16:23:16.928] [exthost] [warning] TextEditor is closed/disposed
[2022-09-20 16:30:42.823] [exthost] [warning] TextEditor is closed/disposed
[2022-09-20 16:30:49.200] [exthost] [warning] TextEditor is closed/disposed
[2022-09-20 16:30:55.917] [exthost] [warning] TextEditor is closed/disposed
[2022-09-20 16:30:58.118] [exthost] [warning] TextEditor is closed/disposed
[2022-09-20 16:30:59.694] [exthost] [warning] TextEditor is closed/disposed
[2022-09-20 16:41:41.027] [exthost] [warning] TextEditor is closed/disposed
[2022-09-20 16:42:28.597] [exthost] [warning] TextEditor is closed/disposed
[2022-09-20 16:42:50.796] [exthost] [warning] TextEditor is closed/disposed
[2022-09-20 16:43:29.933] [exthost] [warning] TextEditor is closed/disposed
[2022-09-20 16:43:41.558] [exthost] [warning] TextEditor is closed/disposed
[2022-09-20 16:44:11.431] [exthost] [warning] TextEditor is closed/disposed
[2022-09-20 16:46:53.377] [exthost] [warning] TextEditor is closed/disposed
[2022-09-20 16:49:22.455] [exthost] [warning] TextEditor is closed/disposed
[2022-09-20 16:49:28.490] [exthost] [warning] TextEditor is closed/disposed
[2022-09-20 16:51:07.128] [exthost] [warning] TextEditor is closed/disposed
[2022-09-20 16:51:13.219] [exthost] [warning] TextEditor is closed/disposed
[2022-09-20 16:51:45.688] [exthost] [warning] TextEditor is closed/disposed
[2022-09-20 16:52:29.494] [exthost] [error] [ecmel.vscode-html-css] provider FAILED
[2022-09-20 16:52:29.494] [exthost] [error] undefined
[2022-09-20 16:53:19.960] [exthost] [warning] TextEditor is closed/disposed
[2022-09-20 17:11:04.148] [exthost] [error] [ecmel.vscode-html-css] provider FAILED
[2022-09-20 17:11:04.148] [exthost] [error] undefined
[2022-09-20 17:13:06.753] [exthost] [warning] TextEditor is closed/disposed
[2022-09-20 17:13:09.245] [exthost] [warning] TextEditor is closed/disposed
[2022-09-20 17:18:58.426] [exthost] [warning] TextEditor is closed/disposed
[2022-09-20 17:19:33.710] [exthost] [warning] TextEditor is closed/disposed
[2022-09-20 17:45:59.388] [exthost] [warning] TextEditor is closed/disposed
[2022-09-20 17:46:52.583] [exthost] [warning] TextEditor is closed/disposed
[2022-09-20 17:47:42.037] [exthost] [warning] TextEditor is closed/disposed
[2022-09-20 17:50:19.153] [exthost] [warning] TextEditor is closed/disposed
[2022-09-20 17:50:46.985] [exthost] [warning] TextEditor is closed/disposed
[2022-09-20 17:50:59.784] [exthost] [warning] TextEditor is closed/disposed
[2022-09-20 17:51:03.221] [exthost] [warning] TextEditor is closed/disposed
[2022-09-20 17:51:05.899] [exthost] [warning] TextEditor is closed/disposed
[2022-09-20 17:52:57.385] [exthost] [warning] TextEditor is closed/disposed
[2022-09-20 17:53:01.873] [exthost] [warning] TextEditor is closed/disposed
[2022-09-20 17:53:48.835] [exthost] [warning] TextEditor is closed/disposed
[2022-09-20 17:53:59.647] [exthost] [warning] TextEditor is closed/disposed
[2022-09-20 17:54:08.935] [exthost] [warning] TextEditor is closed/disposed
[2022-09-20 17:54:24.532] [exthost] [warning] TextEditor is closed/disposed
[2022-09-20 17:54:25.994] [exthost] [warning] TextEditor is closed/disposed
[2022-09-20 17:54:32.962] [exthost] [warning] TextEditor is closed/disposed
[2022-09-20 17:54:44.591] [exthost] [warning] TextEditor is closed/disposed
[2022-09-20 18:38:47.701] [exthost] [info] Extension host terminating: received terminate message from renderer
[2022-09-20 18:38:47.707] [exthost] [info] Lock '/home/cmendoza/.vscode-server/data/User/workspaceStorage/5979ea734077970d694a454aaeeb4a4d/vscode.lock': Marking the lockfile as scheduled to be released in 6000 ms.
[2022-09-20 18:38:48.266] [exthost] [warning] {"name":"Canceled"}
[2022-09-20 18:38:48.399] [exthost] [info] Extension host with pid 129 exiting with code 0
