[Running] node "/home/cmendoza/Projects/PersonalProjects/WEB/JavaScript/ECMAScript/src/es9/tempCodeRunnerFile.js"
┌─────────┬──────────────┐
│ (index) │    Values    │
├─────────┼──────────────┤
│    0    │ '2022-01-02' │
│    1    │    '2022'    │
│    2    │     '01'     │
│    3    │     '02'     │
│  index  │      0       │
│  input  │ '2022-01-02' │
│ groups  │  undefined   │
└─────────┴──────────────┘

[Done] exited with code=0 in 0.754 seconds

[Running] node "/home/cmendoza/Projects/PersonalProjects/WEB/JavaScript/ECMAScript/src/es9/tempCodeRunnerFile.js"
gndx
{ age: 34, country: 'CO' }

[Done] exited with code=0 in 0.809 seconds

[Running] node "/home/cmendoza/Projects/PersonalProjects/WEB/JavaScript/ECMAScript/src/es9/tempCodeRunnerFile.js"
Oppss!
Finnaly

[Done] exited with code=0 in 0.215 seconds

[Running] node "/home/cmendoza/Projects/PersonalProjects/WEB/JavaScript/ECMAScript/src/es9/tempCodeRunnerFile.js"
Hello!!
1
2
3

[Done] exited with code=0 in 0.247 seconds

[Running] node "/home/cmendoza/Projects/PersonalProjects/WEB/JavaScript/ECMAScript/src/es9/tempCodeRunnerFile.js"
After
Oscar
David
Ana

[Done] exited with code=0 in 0.236 seconds

[Running] node "/home/cmendoza/Projects/PersonalProjects/WEB/JavaScript/ECMAScript/src/es10/tempCodeRunnerFile.js"
[ 1, 1, 2, 3, undefined ]

[Done] exited with code=0 in 0.267 seconds

[Running] node "/home/cmendoza/Projects/PersonalProjects/WEB/JavaScript/ECMAScript/src/es10/tempCodeRunnerFile.js"
[
  1, 1, 2, 3, 4,
  1, 3, 5, 6, 1,
  2, 4
]

[Done] exited with code=0 in 0.292 seconds

[Running] node "/home/cmendoza/Projects/PersonalProjects/WEB/JavaScript/ECMAScript/src/es10/tempCodeRunnerFile.js"
[
  1, 2, 2, 4,  3,
  6, 4, 8, 5, 10
]

[Done] exited with code=0 in 0.272 seconds

[Running] node "/home/cmendoza/Projects/PersonalProjects/WEB/JavaScript/ECMAScript/src/es10/tempCodeRunnerFile.js"
hello World        

[Done] exited with code=0 in 0.35 seconds

[Running] node "/home/cmendoza/Projects/PersonalProjects/WEB/JavaScript/ECMAScript/src/es10/tempCodeRunnerFile.js"
hello World        
        hello World

[Done] exited with code=0 in 0.265 seconds

[Running] node "/home/cmendoza/Projects/PersonalProjects/WEB/JavaScript/ECMAScript/src/es10/tempCodeRunnerFile.js"
hello World        
        hello World

[Done] exited with code=0 in 0.252 seconds

[Running] node "/home/cmendoza/Projects/PersonalProjects/WEB/JavaScript/ECMAScript/src/es10/tempCodeRunnerFile.js"
ReferenceError: hello is not defined
    at file:///home/cmendoza/Projects/PersonalProjects/WEB/JavaScript/ECMAScript/src/es10/tempCodeRunnerFile.js:2:5
    at ModuleJob.run (node:internal/modules/esm/module_job:193:25)
    at async Promise.all (index 0)
    at async ESMLoader.import (node:internal/modules/esm/loader:528:24)
    at async loadESM (node:internal/process/esm_loader:91:5)
    at async handleMainPromise (node:internal/modules/run_main:65:12)

[Done] exited with code=0 in 0.228 seconds

[Running] node "/home/cmendoza/Projects/PersonalProjects/WEB/JavaScript/ECMAScript/src/es10/tempCodeRunnerFile.js"
ReferenceError: hello is not defined
    at file:///home/cmendoza/Projects/PersonalProjects/WEB/JavaScript/ECMAScript/src/es10/tempCodeRunnerFile.js:2:5
    at ModuleJob.run (node:internal/modules/esm/module_job:193:25)
    at async Promise.all (index 0)
    at async ESMLoader.import (node:internal/modules/esm/loader:528:24)
    at async loadESM (node:internal/process/esm_loader:91:5)
    at async handleMainPromise (node:internal/modules/run_main:65:12)

[Done] exited with code=0 in 0.262 seconds

[Running] node "/home/cmendoza/Projects/PersonalProjects/WEB/JavaScript/ECMAScript/src/es10/tempCodeRunnerFile.js"
Esto es un error

[Done] exited with code=0 in 0.228 seconds

[Running] node "/home/cmendoza/Projects/PersonalProjects/WEB/JavaScript/ECMAScript/src/es10/tempCodeRunnerFile.js"
{ name: 'oscar', age: 34 }

[Done] exited with code=0 in 0.267 seconds

[Running] node "/home/cmendoza/Projects/PersonalProjects/WEB/JavaScript/ECMAScript/src/es10/tempCodeRunnerFile.js"
Map(2) { 'name' => 'oscar', 'age' => 34 }
{ name: 'oscar', age: 34 }

[Done] exited with code=0 in 0.308 seconds

