[Server(322) Projects/] onInitialize
[Server(322) Projects/] setupInitialStylemap
[Server(322) Projects/] Document opened: math.js
[Server(322) Projects/] Document changed: math.js
[Server(322) Projects/] Document opened: index.html
[Server(322) Projects/] Document changed: index.html
[Server(322) Projects/] Document changed: index.html
by 1114
  html 17 21
  head 36 40
  meta 47 51
  link 76 80
  meta 132 136
  meta 207 211
  meta 257 261
  link 355 359
  link 627 631
  title 1155 1160
  title 1176 1181
  head 1187 1191
  body 1196 1200
  noscript 1207 1215
  noscript 1264 1272
  div 1279 1282
  div 1295 1298
  body 1711 1715
  html 1719 1723
Invalid Selector
