[2022-09-19 19:43:24:720] CodeStream v14.1.0-4242 in VS Code (v1.71.2) starting...
[2022-09-19 19:43:24:722] Proxy support is on, but no proxy url was found
[2022-09-19 19:43:26:307] NewRelic telemetry enabled=true
[2022-09-19 19:43:28:285] CodeStream upgraded from v14.0.0 to v14.1.0
[2022-09-19 19:43:28:285] CodeStream v14.1.0-4242 started • 3945 ms
[2022-09-19 19:43:28:294] Signing alvarezmendoz@gmail.com into CodeStream (https://api.codestream.com)
[2022-09-19 19:43:28:294] AgentConnection.sendRequest(codestream/login/token)
[2022-09-19 19:43:28:885] [1] CodeStreamAgentConnection.onApiVersionCompatibilityChanged
[2022-09-19 19:43:28:885] [2] WebviewController.onApiVersionChanged
[2022-09-19 19:43:28:886] [2] WebviewController.onApiVersionChanged completed • 0 ms
[2022-09-19 19:43:28:886] [1] CodeStreamAgentConnection.onApiVersionCompatibilityChanged completed • 0 ms
[2022-09-19 19:43:30:764] [3] CodeStreamAgentConnection.onDataChanged(unreads)
[2022-09-19 19:43:30:764] [3] CodeStreamAgentConnection.onDataChanged(unreads) completed • 0 ms
[2022-09-19 19:43:31:280] AgentConnection.sendRequest(codestream/users/me/unreads)
[2022-09-19 19:43:31:282] alvarezmendoz@gmail.com signed into CodeStream (https://api.codestream.com); userId=62a8af311c3021007d502dc9, teamId=62a8af3bd1bffae460f923af
[2022-09-19 19:43:33:600] AgentConnection.sendRequest(codestream/textDocument/markers)
[2022-09-19 19:43:33:914] AgentConnection.sendRequest(codestream/users/me/unreads)
[2022-09-19 19:43:33:923] alvarezmendoz@gmail.com signed into CodeStream (https://api.codestream.com); userId=62a8af311c3021007d502dc9, teamId=62a8af3bd1bffae460f923af
[2022-09-19 21:36:58:902] [4] CodeStreamAgentConnection.onDataChanged(commits)
[2022-09-19 21:36:58:903] [4] CodeStreamAgentConnection.onDataChanged(commits) completed • 0 ms
[2022-09-19 21:38:13:178] [5] CodeStreamAgentConnection.onDataChanged(commits)
[2022-09-19 21:38:13:178] [5] CodeStreamAgentConnection.onDataChanged(commits) completed • 0 ms
[2022-09-19 21:38:13:226] [6] CodeStreamAgentConnection.onUserCommitted
[2022-09-19 21:38:13:227] User committed 29a487aa3175c399d8d0271123b2ec27fc4375cf - opening feedback request form
[2022-09-19 21:38:13:227] [7] WebviewController.newReviewRequest
[2022-09-19 21:38:13:227] [8] WebviewController.show
[2022-09-19 21:38:13:227] [9] WebviewController.ensureWebView
[2022-09-19 21:38:13:228] [6] CodeStreamAgentConnection.onUserCommitted completed • 1 ms
[2022-09-19 21:38:13:228] [9] WebviewController.ensureWebView completed • 0 ms
[2022-09-19 21:38:13:229] [a] CodeStreamWebviewSidebar.show
[2022-09-19 21:38:13:229] [a] CodeStreamWebviewSidebar.show waiting for WebView ready
[2022-09-19 21:38:13:324] [b] CodeStreamAgentConnection.onDataChanged(commits)
[2022-09-19 21:38:13:324] [b] CodeStreamAgentConnection.onDataChanged(commits) completed • 0 ms
[2022-09-19 21:38:13:526] [c] CodeStreamAgentConnection.onUserCommitted
[2022-09-19 21:38:13:526] User committed 29a487aa3175c399d8d0271123b2ec27fc4375cf - opening feedback request form
[2022-09-19 21:38:13:526] [d] WebviewController.newReviewRequest
[2022-09-19 21:38:13:526] [e] WebviewController.show
[2022-09-19 21:38:13:526] [f] WebviewController.ensureWebView
[2022-09-19 21:38:13:527] [c] CodeStreamAgentConnection.onUserCommitted completed • 0 ms
[2022-09-19 21:38:13:527] [f] WebviewController.ensureWebView completed • 0 ms
[2022-09-19 21:38:13:528] [10] CodeStreamWebviewSidebar.show
[2022-09-19 21:38:13:528] [10] CodeStreamWebviewSidebar.show waiting for WebView ready
[2022-09-19 21:38:13:528] [11] CodeStreamAgentConnection.onUserCommitted
[2022-09-19 21:38:13:528] User committed 29a487aa3175c399d8d0271123b2ec27fc4375cf - opening feedback request form
[2022-09-19 21:38:13:528] [12] WebviewController.newReviewRequest
[2022-09-19 21:38:13:529] [13] WebviewController.show
[2022-09-19 21:38:13:529] [14] WebviewController.ensureWebView
[2022-09-19 21:38:13:529] [11] CodeStreamAgentConnection.onUserCommitted completed • 0 ms
[2022-09-19 21:38:13:529] [14] WebviewController.ensureWebView completed • 0 ms
[2022-09-19 21:38:13:530] [15] CodeStreamWebviewSidebar.show
[2022-09-19 21:38:13:530] [15] CodeStreamWebviewSidebar.show waiting for WebView ready
[2022-09-19 21:38:13:531] [16] CodeStreamAgentConnection.onUserCommitted
[2022-09-19 21:38:13:531] User committed 29a487aa3175c399d8d0271123b2ec27fc4375cf - opening feedback request form
[2022-09-19 21:38:13:531] [17] WebviewController.newReviewRequest
[2022-09-19 21:38:13:531] [18] WebviewController.show
[2022-09-19 21:38:13:531] [19] WebviewController.ensureWebView
[2022-09-19 21:38:13:531] [16] CodeStreamAgentConnection.onUserCommitted completed • 0 ms
[2022-09-19 21:38:13:532] [19] WebviewController.ensureWebView completed • 0 ms
[2022-09-19 21:38:13:532] [1a] CodeStreamWebviewSidebar.show
[2022-09-19 21:38:13:532] [1a] CodeStreamWebviewSidebar.show waiting for WebView ready
[2022-09-19 21:38:43:231] WebviewPanel: FAILED waiting for webview ready event; closing webview...
[2022-09-19 21:38:43:231] [a] CodeStreamWebviewSidebar.show waiting for WebView complete. cancelled=true
[2022-09-19 21:38:43:231] [10] CodeStreamWebviewSidebar.show waiting for WebView complete. cancelled=true
[2022-09-19 21:38:43:231] [15] CodeStreamWebviewSidebar.show waiting for WebView complete. cancelled=true
[2022-09-19 21:38:43:231] [1a] CodeStreamWebviewSidebar.show waiting for WebView complete. cancelled=true
[2022-09-19 21:38:43:231] [a] CodeStreamWebviewSidebar.show completed • 30001 ms
[2022-09-19 21:38:43:231] [10] CodeStreamWebviewSidebar.show completed • 29703 ms
[2022-09-19 21:38:43:231] [15] CodeStreamWebviewSidebar.show completed • 29700 ms
[2022-09-19 21:38:43:231] [1a] CodeStreamWebviewSidebar.show completed • 29698 ms
[2022-09-19 21:38:43:231] [8] WebviewController.show completed • 30004 ms
[2022-09-19 21:38:43:233] WebviewPanel: FAILED posting webview/review/new to the webview
[2022-09-19 21:38:43:233] [e] WebviewController.show completed • 29706 ms
[2022-09-19 21:38:43:233] WebviewPanel: FAILED posting webview/review/new to the webview; Webview is invisible and can't receive messages
[2022-09-19 21:38:43:233] [13] WebviewController.show completed • 29704 ms
[2022-09-19 21:38:43:233] WebviewPanel: FAILED posting webview/review/new to the webview; Webview is invisible and can't receive messages
[2022-09-19 21:38:43:233] [18] WebviewController.show completed • 29701 ms
[2022-09-19 21:38:43:233] WebviewPanel: FAILED posting webview/review/new to the webview; Webview is invisible and can't receive messages
[2022-09-19 21:38:43:233] [7] WebviewController.newReviewRequest completed • 30006 ms
[2022-09-19 21:38:43:233] [d] WebviewController.newReviewRequest completed • 29707 ms
[2022-09-19 21:38:43:233] [12] WebviewController.newReviewRequest completed • 29704 ms
[2022-09-19 21:38:43:233] [17] WebviewController.newReviewRequest completed • 29702 ms
[2022-09-19 21:39:02:656] resolveWebviewView starting — {}
[2022-09-19 21:39:02:674] [1b] CodeStreamWebviewSidebar.triggerIpc
[2022-09-19 21:39:02:674] [1b] CodeStreamWebviewSidebar.triggerIpc waiting for WebView ready
[2022-09-19 21:39:32:676] WebviewPanel: FAILED waiting for webview ready event; closing webview...
[2022-09-19 21:39:32:676] [1b] CodeStreamWebviewSidebar.triggerIpc waiting for WebView complete. cancelled=true
[2022-09-19 21:39:32:677] [1b] CodeStreamWebviewSidebar.triggerIpc completed • 30002 ms
[2022-09-19 21:39:32:677] resolveWebviewView completed
[2022-09-19 21:39:39:088] [1c] CodeStreamAgentConnection.onDataChanged(commits)
[2022-09-19 21:39:39:088] WebviewPanel: FAILED posting codestream/didChangeData to the webview; Webview is invisible and can't receive messages
[2022-09-19 21:39:39:089] [1c] CodeStreamAgentConnection.onDataChanged(commits) completed • 1 ms
[2022-09-19 21:47:33:119] [1d] CodeStreamAgentConnection.onDataChanged(commits)
[2022-09-19 21:47:33:120] WebviewPanel: FAILED posting codestream/didChangeData to the webview; Webview is invisible and can't receive messages
[2022-09-19 21:47:33:120] [1d] CodeStreamAgentConnection.onDataChanged(commits) completed • 0 ms
[2022-09-19 21:47:33:216] [1e] CodeStreamAgentConnection.onDataChanged(commits)
[2022-09-19 21:47:33:216] WebviewPanel: FAILED posting codestream/didChangeData to the webview; Webview is invisible and can't receive messages
[2022-09-19 21:47:33:216] [1e] CodeStreamAgentConnection.onDataChanged(commits) completed • 0 ms
[2022-09-19 21:53:18:450] WebviewPanel: FAILED posting webview/editors/didChangeVisible to the webview; Webview is invisible and can't receive messages
[2022-09-19 21:53:18:533] WebviewPanel: FAILED posting webview/editors/didChangeVisible to the webview; Webview is invisible and can't receive messages
[2022-09-19 21:53:18:719] AgentConnection.sendRequest(codestream/textDocument/markers)
[2022-09-19 21:53:19:078] WebviewPanel: FAILED posting webview/editor/didChangeActive to the webview; Webview is invisible and can't receive messages
[2022-09-19 21:53:19:161] [1f] CodeStreamAgentConnection.onDataChanged(documents)
[2022-09-19 21:53:19:161] WebviewPanel: FAILED posting codestream/didChangeData to the webview; Webview is invisible and can't receive messages
[2022-09-19 21:53:19:161] [1f] CodeStreamAgentConnection.onDataChanged(documents) completed • 0 ms
[2022-09-19 21:53:19:855] WebviewPanel: FAILED posting webview/editor/didChangeVisibleRanges to the webview; Webview is invisible and can't receive messages
[2022-09-19 21:53:21:543] [20] CodeStreamAgentConnection.onDocumentMarkersChanged(file:///home/cmendoza/Projects/Project_Dise%C3%B1o-para-Dev/diseno-para-programadores/4-app/public/index.html)
[2022-09-19 21:53:21:546] WebviewPanel: FAILED posting codestream/didChangeDocumentMarkers to the webview; Webview is invisible and can't receive messages
[2022-09-19 21:53:21:546] [20] CodeStreamAgentConnection.onDocumentMarkersChanged(file:///home/cmendoza/Projects/Project_Dise%C3%B1o-para-Dev/diseno-para-programadores/4-app/public/index.html) completed • 2 ms
[2022-09-19 21:53:21:546] AgentConnection.sendRequest(codestream/textDocument/markers)
[2022-09-19 21:53:21:547] AgentConnection.sendRequest(codestream/textDocument/markers)
[2022-09-19 21:53:25:015] WebviewPanel: FAILED posting webview/editor/didChangeSelection to the webview; Webview is invisible and can't receive messages
[2022-09-19 21:53:25:965] WebviewPanel: FAILED posting webview/editor/didChangeSelection to the webview; Webview is invisible and can't receive messages
[2022-09-19 21:53:26:641] [21] CodeStreamAgentConnection.onDataChanged(documents)
[2022-09-19 21:53:26:641] WebviewPanel: FAILED posting codestream/didChangeData to the webview; Webview is invisible and can't receive messages
[2022-09-19 21:53:26:641] [21] CodeStreamAgentConnection.onDataChanged(documents) completed • 0 ms
[2022-09-19 21:53:28:157] WebviewPanel: FAILED posting webview/editors/didChangeVisible to the webview; Webview is invisible and can't receive messages
[2022-09-19 21:53:28:163] WebviewPanel: FAILED posting webview/editors/didChangeVisible to the webview; Webview is invisible and can't receive messages
[2022-09-19 21:53:28:209] WebviewPanel: FAILED posting webview/editor/didChangeVisibleRanges to the webview; Webview is invisible and can't receive messages
[2022-09-19 21:53:28:210] WebviewPanel: FAILED posting webview/editor/didChangeVisibleRanges to the webview; Webview is invisible and can't receive messages
[2022-09-19 21:53:28:278] [22] CodeStreamAgentConnection.onDataChanged(documents)
[2022-09-19 21:53:28:278] WebviewPanel: FAILED posting codestream/didChangeData to the webview; Webview is invisible and can't receive messages
[2022-09-19 21:53:28:278] [22] CodeStreamAgentConnection.onDataChanged(documents) completed • 0 ms
[2022-09-19 21:53:28:470] WebviewPanel: FAILED posting webview/editor/didChangeSelection to the webview; Webview is invisible and can't receive messages
[2022-09-19 21:53:28:666] WebviewPanel: FAILED posting webview/editor/didChangeActive to the webview; Webview is invisible and can't receive messages
[2022-09-19 21:53:28:922] [23] CodeStreamAgentConnection.onDocumentMarkersChanged(file:///home/cmendoza/Projects/Project_Dise%C3%B1o-para-Dev/diseno-para-programadores/4-app/public/index.html)
[2022-09-19 21:53:28:923] WebviewPanel: FAILED posting codestream/didChangeDocumentMarkers to the webview; Webview is invisible and can't receive messages
[2022-09-19 21:53:28:923] [23] CodeStreamAgentConnection.onDocumentMarkersChanged(file:///home/cmendoza/Projects/Project_Dise%C3%B1o-para-Dev/diseno-para-programadores/4-app/public/index.html) completed • 0 ms
[2022-09-19 21:53:52:682] [24] CodeStreamAgentConnection.onDataChanged(commits)
[2022-09-19 21:53:52:682] WebviewPanel: FAILED posting codestream/didChangeData to the webview; Webview is invisible and can't receive messages
[2022-09-19 21:53:52:682] [24] CodeStreamAgentConnection.onDataChanged(commits) completed • 0 ms
[2022-09-19 21:53:52:819] [25] CodeStreamAgentConnection.onDataChanged(commits)
[2022-09-19 21:53:52:819] WebviewPanel: FAILED posting codestream/didChangeData to the webview; Webview is invisible and can't receive messages
[2022-09-19 21:53:52:819] [25] CodeStreamAgentConnection.onDataChanged(commits) completed • 0 ms
[2022-09-19 21:58:23:890] [26] CodeStreamAgentConnection.onDataChanged(commits)
[2022-09-19 21:58:23:890] WebviewPanel: FAILED posting codestream/didChangeData to the webview; Webview is invisible and can't receive messages
[2022-09-19 21:58:23:890] [26] CodeStreamAgentConnection.onDataChanged(commits) completed • 0 ms
[2022-09-19 21:58:24:029] [27] CodeStreamAgentConnection.onDataChanged(commits)
[2022-09-19 21:58:24:029] WebviewPanel: FAILED posting codestream/didChangeData to the webview; Webview is invisible and can't receive messages
[2022-09-19 21:58:24:029] [27] CodeStreamAgentConnection.onDataChanged(commits) completed • 0 ms
[2022-09-19 22:02:15:285] [28] CodeStreamAgentConnection.onDataChanged(commits)
[2022-09-19 22:02:15:286] WebviewPanel: FAILED posting codestream/didChangeData to the webview; Webview is invisible and can't receive messages
[2022-09-19 22:02:15:286] [28] CodeStreamAgentConnection.onDataChanged(commits) completed • 0 ms
[2022-09-19 22:02:15:434] [29] CodeStreamAgentConnection.onDataChanged(commits)
[2022-09-19 22:02:15:434] WebviewPanel: FAILED posting codestream/didChangeData to the webview; Webview is invisible and can't receive messages
[2022-09-19 22:02:15:434] [29] CodeStreamAgentConnection.onDataChanged(commits) completed • 0 ms
[2022-09-19 22:10:39:473] [2a] CodeStreamAgentConnection.onDataChanged(commits)
[2022-09-19 22:10:39:473] WebviewPanel: FAILED posting codestream/didChangeData to the webview; Webview is invisible and can't receive messages
[2022-09-19 22:10:39:473] [2a] CodeStreamAgentConnection.onDataChanged(commits) completed • 0 ms
[2022-09-19 22:10:39:611] [2b] CodeStreamAgentConnection.onDataChanged(commits)
[2022-09-19 22:10:39:611] WebviewPanel: FAILED posting codestream/didChangeData to the webview; Webview is invisible and can't receive messages
[2022-09-19 22:10:39:611] [2b] CodeStreamAgentConnection.onDataChanged(commits) completed • 0 ms
[2022-09-19 22:12:25:607] WebviewPanel: FAILED posting webview/editor/didChangeVisibleRanges to the webview; Webview is invisible and can't receive messages
[2022-09-19 22:12:25:620] WebviewPanel: FAILED posting webview/editor/didChangeVisibleRanges to the webview; Webview is invisible and can't receive messages
[2022-09-19 22:12:25:653] WebviewPanel: FAILED posting webview/editor/didChangeVisibleRanges to the webview; Webview is invisible and can't receive messages
[2022-09-19 22:12:25:689] WebviewPanel: FAILED posting webview/editor/didChangeVisibleRanges to the webview; Webview is invisible and can't receive messages
[2022-09-19 22:12:25:989] WebviewPanel: FAILED posting webview/editor/didChangeVisibleRanges to the webview; Webview is invisible and can't receive messages
[2022-09-19 22:12:26:022] WebviewPanel: FAILED posting webview/editor/didChangeVisibleRanges to the webview; Webview is invisible and can't receive messages
[2022-09-19 22:12:26:052] WebviewPanel: FAILED posting webview/editor/didChangeVisibleRanges to the webview; Webview is invisible and can't receive messages
[2022-09-19 22:12:26:069] WebviewPanel: FAILED posting webview/editor/didChangeVisibleRanges to the webview; Webview is invisible and can't receive messages
[2022-09-19 22:12:26:090] WebviewPanel: FAILED posting webview/editor/didChangeVisibleRanges to the webview; Webview is invisible and can't receive messages
[2022-09-19 22:12:26:105] WebviewPanel: FAILED posting webview/editor/didChangeVisibleRanges to the webview; Webview is invisible and can't receive messages
[2022-09-19 22:12:27:425] WebviewPanel: FAILED posting webview/editor/didChangeSelection to the webview; Webview is invisible and can't receive messages
[2022-09-19 22:12:29:956] WebviewPanel: FAILED posting webview/editor/didChangeVisibleRanges to the webview; Webview is invisible and can't receive messages
[2022-09-19 22:12:30:228] WebviewPanel: FAILED posting webview/editor/didChangeSelection to the webview; Webview is invisible and can't receive messages
[2022-09-19 22:12:30:600] WebviewPanel: FAILED posting webview/editor/didChangeVisibleRanges to the webview; Webview is invisible and can't receive messages
[2022-09-19 22:12:30:816] WebviewPanel: FAILED posting webview/editor/didChangeVisibleRanges to the webview; Webview is invisible and can't receive messages
[2022-09-19 22:12:30:850] WebviewPanel: FAILED posting webview/editor/didChangeSelection to the webview; Webview is invisible and can't receive messages
[2022-09-19 22:12:30:969] WebviewPanel: FAILED posting webview/editor/didChangeVisibleRanges to the webview; Webview is invisible and can't receive messages
[2022-09-19 22:12:31:219] WebviewPanel: FAILED posting webview/editor/didChangeSelection to the webview; Webview is invisible and can't receive messages
[2022-09-19 22:12:31:290] WebviewPanel: FAILED posting webview/editor/didChangeVisibleRanges to the webview; Webview is invisible and can't receive messages
[2022-09-19 22:12:31:541] WebviewPanel: FAILED posting webview/editor/didChangeSelection to the webview; Webview is invisible and can't receive messages
[2022-09-19 22:12:31:632] WebviewPanel: FAILED posting webview/editor/didChangeVisibleRanges to the webview; Webview is invisible and can't receive messages
[2022-09-19 22:12:31:883] WebviewPanel: FAILED posting webview/editor/didChangeSelection to the webview; Webview is invisible and can't receive messages
[2022-09-19 22:12:32:600] WebviewPanel: FAILED posting webview/editor/didChangeVisibleRanges to the webview; Webview is invisible and can't receive messages
[2022-09-19 22:12:32:752] WebviewPanel: FAILED posting webview/editor/didChangeVisibleRanges to the webview; Webview is invisible and can't receive messages
[2022-09-19 22:12:32:850] WebviewPanel: FAILED posting webview/editor/didChangeSelection to the webview; Webview is invisible and can't receive messages
[2022-09-19 22:12:32:963] WebviewPanel: FAILED posting webview/editor/didChangeVisibleRanges to the webview; Webview is invisible and can't receive messages
[2022-09-19 22:12:33:217] WebviewPanel: FAILED posting webview/editor/didChangeSelection to the webview; Webview is invisible and can't receive messages
[2022-09-19 22:12:33:301] WebviewPanel: FAILED posting webview/editor/didChangeVisibleRanges to the webview; Webview is invisible and can't receive messages
[2022-09-19 22:12:33:553] WebviewPanel: FAILED posting webview/editor/didChangeSelection to the webview; Webview is invisible and can't receive messages
[2022-09-19 22:12:34:669] WebviewPanel: FAILED posting webview/editor/didChangeVisibleRanges to the webview; Webview is invisible and can't receive messages
[2022-09-19 22:12:34:921] WebviewPanel: FAILED posting webview/editor/didChangeSelection to the webview; Webview is invisible and can't receive messages
[2022-09-19 22:12:36:612] WebviewPanel: FAILED posting webview/editor/didChangeVisibleRanges to the webview; Webview is invisible and can't receive messages
[2022-09-19 22:12:36:865] WebviewPanel: FAILED posting webview/editor/didChangeSelection to the webview; Webview is invisible and can't receive messages
[2022-09-19 22:12:37:993] WebviewPanel: FAILED posting webview/editor/didChangeVisibleRanges to the webview; Webview is invisible and can't receive messages
[2022-09-19 22:12:38:027] WebviewPanel: FAILED posting webview/editor/didChangeVisibleRanges to the webview; Webview is invisible and can't receive messages
[2022-09-19 22:12:38:132] WebviewPanel: FAILED posting webview/editor/didChangeVisibleRanges to the webview; Webview is invisible and can't receive messages
[2022-09-19 22:12:38:243] WebviewPanel: FAILED posting webview/editor/didChangeSelection to the webview; Webview is invisible and can't receive messages
[2022-09-19 22:12:38:595] WebviewPanel: FAILED posting webview/editor/didChangeVisibleRanges to the webview; Webview is invisible and can't receive messages
[2022-09-19 22:12:38:752] WebviewPanel: FAILED posting webview/editor/didChangeVisibleRanges to the webview; Webview is invisible and can't receive messages
[2022-09-19 22:12:38:846] WebviewPanel: FAILED posting webview/editor/didChangeSelection to the webview; Webview is invisible and can't receive messages
[2022-09-19 22:12:38:899] WebviewPanel: FAILED posting webview/editor/didChangeVisibleRanges to the webview; Webview is invisible and can't receive messages
[2022-09-19 22:12:39:148] WebviewPanel: FAILED posting webview/editor/didChangeSelection to the webview; Webview is invisible and can't receive messages
[2022-09-19 22:12:39:521] WebviewPanel: FAILED posting webview/editor/didChangeVisibleRanges to the webview; Webview is invisible and can't receive messages
[2022-09-19 22:12:39:667] WebviewPanel: FAILED posting webview/editor/didChangeVisibleRanges to the webview; Webview is invisible and can't receive messages
[2022-09-19 22:12:39:771] WebviewPanel: FAILED posting webview/editor/didChangeSelection to the webview; Webview is invisible and can't receive messages
[2022-09-19 22:12:39:847] WebviewPanel: FAILED posting webview/editor/didChangeVisibleRanges to the webview; Webview is invisible and can't receive messages
[2022-09-19 22:12:39:934] WebviewPanel: FAILED posting webview/editor/didChangeVisibleRanges to the webview; Webview is invisible and can't receive messages
[2022-09-19 22:12:40:098] WebviewPanel: FAILED posting webview/editor/didChangeSelection to the webview; Webview is invisible and can't receive messages
[2022-09-19 22:12:40:687] WebviewPanel: FAILED posting webview/editor/didChangeVisibleRanges to the webview; Webview is invisible and can't receive messages
[2022-09-19 22:12:41:125] WebviewPanel: FAILED posting webview/editor/didChangeSelection to the webview; Webview is invisible and can't receive messages
[2022-09-19 22:12:41:873] [2c] CodeStreamAgentConnection.onDataChanged(documents)
[2022-09-19 22:12:41:873] WebviewPanel: FAILED posting codestream/didChangeData to the webview; Webview is invisible and can't receive messages
[2022-09-19 22:12:41:874] [2c] CodeStreamAgentConnection.onDataChanged(documents) completed • 0 ms
[2022-09-19 22:12:43:135] [2d] CodeStreamAgentConnection.onDocumentMarkersChanged(file:///home/cmendoza/Projects/PersonalProjects/WEB/JavaScript/Matematicas_y_Estadistica/math.js)
[2022-09-19 22:12:43:135] WebviewPanel: FAILED posting codestream/didChangeDocumentMarkers to the webview; Webview is invisible and can't receive messages
[2022-09-19 22:12:43:135] [2d] CodeStreamAgentConnection.onDocumentMarkersChanged(file:///home/cmendoza/Projects/PersonalProjects/WEB/JavaScript/Matematicas_y_Estadistica/math.js) completed • 0 ms
[2022-09-19 22:12:43:135] AgentConnection.sendRequest(codestream/textDocument/markers)
[2022-09-19 22:12:43:135] AgentConnection.sendRequest(codestream/textDocument/markers)
[2022-09-19 22:12:55:328] [2e] CodeStreamAgentConnection.onDataChanged(commits)
[2022-09-19 22:12:55:328] WebviewPanel: FAILED posting codestream/didChangeData to the webview; Webview is invisible and can't receive messages
[2022-09-19 22:12:55:328] [2e] CodeStreamAgentConnection.onDataChanged(commits) completed • 0 ms
[2022-09-19 22:12:55:472] [2f] CodeStreamAgentConnection.onDataChanged(commits)
[2022-09-19 22:12:55:472] WebviewPanel: FAILED posting codestream/didChangeData to the webview; Webview is invisible and can't receive messages
[2022-09-19 22:12:55:473] [2f] CodeStreamAgentConnection.onDataChanged(commits) completed • 0 ms
[2022-09-19 22:42:33:566] [30] CodeStreamAgentConnection.onDataChanged(commits)
[2022-09-19 22:42:33:567] WebviewPanel: FAILED posting codestream/didChangeData to the webview; Webview is invisible and can't receive messages
[2022-09-19 22:42:33:567] [30] CodeStreamAgentConnection.onDataChanged(commits) completed • 0 ms
[2022-09-19 22:42:33:707] [31] CodeStreamAgentConnection.onDataChanged(commits)
[2022-09-19 22:42:33:707] WebviewPanel: FAILED posting codestream/didChangeData to the webview; Webview is invisible and can't receive messages
[2022-09-19 22:42:33:707] [31] CodeStreamAgentConnection.onDataChanged(commits) completed • 0 ms
[2022-09-19 22:48:38:537] WebviewPanel: FAILED posting webview/editors/didChangeVisible to the webview; Webview is invisible and can't receive messages
[2022-09-19 22:48:38:677] WebviewPanel: FAILED posting webview/editors/didChangeVisible to the webview; Webview is invisible and can't receive messages
[2022-09-19 22:48:38:700] AgentConnection.sendRequest(codestream/textDocument/markers)
[2022-09-19 22:48:39:023] [32] CodeStreamAgentConnection.onDataChanged(documents)
[2022-09-19 22:48:39:023] WebviewPanel: FAILED posting codestream/didChangeData to the webview; Webview is invisible and can't receive messages
[2022-09-19 22:48:39:023] [32] CodeStreamAgentConnection.onDataChanged(documents) completed • 0 ms
[2022-09-19 22:48:39:110] WebviewPanel: FAILED posting webview/editor/didChangeVisibleRanges to the webview; Webview is invisible and can't receive messages
[2022-09-19 22:48:39:178] WebviewPanel: FAILED posting webview/editor/didChangeActive to the webview; Webview is invisible and can't receive messages
[2022-09-19 22:48:39:320] WebviewPanel: FAILED posting webview/editor/didChangeSelection to the webview; Webview is invisible and can't receive messages
[2022-09-19 22:48:43:023] [33] CodeStreamAgentConnection.onDocumentMarkersChanged(file:///home/cmendoza/Projects/Project_Diseno_para_Dev/4-app/public/index.html)
[2022-09-19 22:48:43:024] WebviewPanel: FAILED posting codestream/didChangeDocumentMarkers to the webview; Webview is invisible and can't receive messages
[2022-09-19 22:48:43:024] [33] CodeStreamAgentConnection.onDocumentMarkersChanged(file:///home/cmendoza/Projects/Project_Diseno_para_Dev/4-app/public/index.html) completed • 0 ms
[2022-09-19 22:48:43:024] AgentConnection.sendRequest(codestream/textDocument/markers)
[2022-09-19 22:48:43:024] AgentConnection.sendRequest(codestream/textDocument/markers)
[2022-09-19 22:48:59:376] WebviewPanel: FAILED posting webview/editor/didChangeVisibleRanges to the webview; Webview is invisible and can't receive messages
[2022-09-19 22:48:59:376] WebviewPanel: FAILED posting webview/editor/didChangeVisibleRanges to the webview; Webview is invisible and can't receive messages
[2022-09-19 22:48:59:385] WebviewPanel: FAILED posting webview/editor/didChangeVisibleRanges to the webview; Webview is invisible and can't receive messages
[2022-09-19 22:48:59:415] WebviewPanel: FAILED posting webview/editor/didChangeVisibleRanges to the webview; Webview is invisible and can't receive messages
[2022-09-19 22:48:59:430] WebviewPanel: FAILED posting webview/editor/didChangeVisibleRanges to the webview; Webview is invisible and can't receive messages
[2022-09-19 22:48:59:446] WebviewPanel: FAILED posting webview/editor/didChangeVisibleRanges to the webview; Webview is invisible and can't receive messages
[2022-09-19 22:48:59:463] WebviewPanel: FAILED posting webview/editor/didChangeVisibleRanges to the webview; Webview is invisible and can't receive messages
[2022-09-19 22:49:00:124] WebviewPanel: FAILED posting webview/editor/didChangeVisibleRanges to the webview; Webview is invisible and can't receive messages
[2022-09-19 22:49:00:152] WebviewPanel: FAILED posting webview/editor/didChangeVisibleRanges to the webview; Webview is invisible and can't receive messages
[2022-09-19 22:49:00:168] WebviewPanel: FAILED posting webview/editor/didChangeVisibleRanges to the webview; Webview is invisible and can't receive messages
[2022-09-19 22:49:00:186] WebviewPanel: FAILED posting webview/editor/didChangeVisibleRanges to the webview; Webview is invisible and can't receive messages
[2022-09-19 22:49:00:214] WebviewPanel: FAILED posting webview/editor/didChangeVisibleRanges to the webview; Webview is invisible and can't receive messages
[2022-09-19 22:49:00:234] WebviewPanel: FAILED posting webview/editor/didChangeVisibleRanges to the webview; Webview is invisible and can't receive messages
[2022-09-19 22:49:00:254] WebviewPanel: FAILED posting webview/editor/didChangeVisibleRanges to the webview; Webview is invisible and can't receive messages
[2022-09-19 22:49:26:112] WebviewPanel: FAILED posting webview/editors/didChangeVisible to the webview; Webview is invisible and can't receive messages
[2022-09-19 22:49:26:118] WebviewPanel: FAILED posting webview/editors/didChangeVisible to the webview; Webview is invisible and can't receive messages
[2022-09-19 22:49:26:148] WebviewPanel: FAILED posting webview/editor/didChangeVisibleRanges to the webview; Webview is invisible and can't receive messages
[2022-09-19 22:49:26:148] WebviewPanel: FAILED posting webview/editor/didChangeVisibleRanges to the webview; Webview is invisible and can't receive messages
[2022-09-19 22:49:26:290] [34] CodeStreamAgentConnection.onDataChanged(documents)
[2022-09-19 22:49:26:290] WebviewPanel: FAILED posting codestream/didChangeData to the webview; Webview is invisible and can't receive messages
[2022-09-19 22:49:26:291] [34] CodeStreamAgentConnection.onDataChanged(documents) completed • 0 ms
[2022-09-19 22:49:26:427] WebviewPanel: FAILED posting webview/editor/didChangeSelection to the webview; Webview is invisible and can't receive messages
[2022-09-19 22:49:26:619] WebviewPanel: FAILED posting webview/editor/didChangeActive to the webview; Webview is invisible and can't receive messages
[2022-09-19 22:52:28:746] WebviewPanel: FAILED posting webview/editor/didChangeVisibleRanges to the webview; Webview is invisible and can't receive messages
[2022-09-19 22:52:28:767] WebviewPanel: FAILED posting webview/editor/didChangeVisibleRanges to the webview; Webview is invisible and can't receive messages
[2022-09-19 22:52:28:811] WebviewPanel: FAILED posting webview/editor/didChangeVisibleRanges to the webview; Webview is invisible and can't receive messages
[2022-09-19 22:52:28:811] WebviewPanel: FAILED posting webview/editor/didChangeVisibleRanges to the webview; Webview is invisible and can't receive messages
[2022-09-19 22:52:28:851] WebviewPanel: FAILED posting webview/editor/didChangeVisibleRanges to the webview; Webview is invisible and can't receive messages
[2022-09-19 22:52:28:871] WebviewPanel: FAILED posting webview/editor/didChangeVisibleRanges to the webview; Webview is invisible and can't receive messages
[2022-09-19 22:52:29:218] WebviewPanel: FAILED posting webview/editor/didChangeVisibleRanges to the webview; Webview is invisible and can't receive messages
[2022-09-19 22:52:29:237] WebviewPanel: FAILED posting webview/editor/didChangeVisibleRanges to the webview; Webview is invisible and can't receive messages
[2022-09-19 22:52:29:269] WebviewPanel: FAILED posting webview/editor/didChangeVisibleRanges to the webview; Webview is invisible and can't receive messages
[2022-09-19 22:52:29:271] WebviewPanel: FAILED posting webview/editor/didChangeVisibleRanges to the webview; Webview is invisible and can't receive messages
[2022-09-19 22:52:29:297] WebviewPanel: FAILED posting webview/editor/didChangeVisibleRanges to the webview; Webview is invisible and can't receive messages
[2022-09-19 22:52:29:316] WebviewPanel: FAILED posting webview/editor/didChangeVisibleRanges to the webview; Webview is invisible and can't receive messages
[2022-09-19 22:52:29:628] WebviewPanel: FAILED posting webview/editor/didChangeVisibleRanges to the webview; Webview is invisible and can't receive messages
[2022-09-19 22:52:29:667] WebviewPanel: FAILED posting webview/editor/didChangeVisibleRanges to the webview; Webview is invisible and can't receive messages
[2022-09-19 22:52:29:667] WebviewPanel: FAILED posting webview/editor/didChangeVisibleRanges to the webview; Webview is invisible and can't receive messages
[2022-09-19 22:52:29:696] WebviewPanel: FAILED posting webview/editor/didChangeVisibleRanges to the webview; Webview is invisible and can't receive messages
[2022-09-19 22:52:29:754] WebviewPanel: FAILED posting webview/editor/didChangeVisibleRanges to the webview; Webview is invisible and can't receive messages
[2022-09-19 22:52:29:754] WebviewPanel: FAILED posting webview/editor/didChangeVisibleRanges to the webview; Webview is invisible and can't receive messages
[2022-09-19 22:52:30:019] WebviewPanel: FAILED posting webview/editor/didChangeVisibleRanges to the webview; Webview is invisible and can't receive messages
[2022-09-19 22:52:30:050] WebviewPanel: FAILED posting webview/editor/didChangeVisibleRanges to the webview; Webview is invisible and can't receive messages
[2022-09-19 22:52:30:097] WebviewPanel: FAILED posting webview/editor/didChangeVisibleRanges to the webview; Webview is invisible and can't receive messages
[2022-09-19 22:56:08:082] WebviewPanel: FAILED posting webview/editor/didChangeVisibleRanges to the webview; Webview is invisible and can't receive messages
[2022-09-19 23:00:25:756] WebviewPanel: FAILED posting webview/editor/didChangeVisibleRanges to the webview; Webview is invisible and can't receive messages
[2022-09-19 23:00:53:105] WebviewPanel: FAILED posting webview/editors/didChangeVisible to the webview; Webview is invisible and can't receive messages
[2022-09-19 23:00:53:246] WebviewPanel: FAILED posting webview/editors/didChangeVisible to the webview; Webview is invisible and can't receive messages
[2022-09-19 23:00:53:284] AgentConnection.sendRequest(codestream/textDocument/markers)
[2022-09-19 23:00:53:562] [35] CodeStreamAgentConnection.onDataChanged(documents)
[2022-09-19 23:00:53:562] WebviewPanel: FAILED posting codestream/didChangeData to the webview; Webview is invisible and can't receive messages
[2022-09-19 23:00:53:563] [35] CodeStreamAgentConnection.onDataChanged(documents) completed • 0 ms
[2022-09-19 23:00:53:748] WebviewPanel: FAILED posting webview/editor/didChangeActive to the webview; Webview is invisible and can't receive messages
[2022-09-19 23:00:53:866] WebviewPanel: FAILED posting webview/editor/didChangeVisibleRanges to the webview; Webview is invisible and can't receive messages
[2022-09-19 23:00:56:264] [36] CodeStreamAgentConnection.onDocumentMarkersChanged(file:///home/cmendoza/Projects/Project_Diseno_para_Dev/4-app/src/serviceWorker.js)
[2022-09-19 23:00:56:266] WebviewPanel: FAILED posting codestream/didChangeDocumentMarkers to the webview; Webview is invisible and can't receive messages
[2022-09-19 23:00:56:266] [36] CodeStreamAgentConnection.onDocumentMarkersChanged(file:///home/cmendoza/Projects/Project_Diseno_para_Dev/4-app/src/serviceWorker.js) completed • 1 ms
[2022-09-19 23:00:56:266] AgentConnection.sendRequest(codestream/textDocument/markers)
[2022-09-19 23:00:56:267] AgentConnection.sendRequest(codestream/textDocument/markers)
[2022-09-19 23:00:58:813] WebviewPanel: FAILED posting webview/editor/didChangeVisibleRanges to the webview; Webview is invisible and can't receive messages
[2022-09-19 23:00:58:813] WebviewPanel: FAILED posting webview/editor/didChangeVisibleRanges to the webview; Webview is invisible and can't receive messages
[2022-09-19 23:00:58:813] WebviewPanel: FAILED posting webview/editor/didChangeVisibleRanges to the webview; Webview is invisible and can't receive messages
[2022-09-19 23:00:58:829] WebviewPanel: FAILED posting webview/editor/didChangeVisibleRanges to the webview; Webview is invisible and can't receive messages
[2022-09-19 23:00:58:859] WebviewPanel: FAILED posting webview/editor/didChangeVisibleRanges to the webview; Webview is invisible and can't receive messages
[2022-09-19 23:00:59:916] WebviewPanel: FAILED posting webview/editor/didChangeVisibleRanges to the webview; Webview is invisible and can't receive messages
[2022-09-19 23:01:00:009] WebviewPanel: FAILED posting webview/editor/didChangeVisibleRanges to the webview; Webview is invisible and can't receive messages
[2022-09-19 23:01:05:910] WebviewPanel: FAILED posting webview/editor/didChangeVisibleRanges to the webview; Webview is invisible and can't receive messages
[2022-09-19 23:01:05:945] WebviewPanel: FAILED posting webview/editor/didChangeVisibleRanges to the webview; Webview is invisible and can't receive messages
[2022-09-19 23:01:05:977] WebviewPanel: FAILED posting webview/editor/didChangeVisibleRanges to the webview; Webview is invisible and can't receive messages
[2022-09-19 23:01:05:994] WebviewPanel: FAILED posting webview/editor/didChangeVisibleRanges to the webview; Webview is invisible and can't receive messages
[2022-09-19 23:01:06:021] WebviewPanel: FAILED posting webview/editor/didChangeVisibleRanges to the webview; Webview is invisible and can't receive messages
[2022-09-19 23:01:06:342] WebviewPanel: FAILED posting webview/editor/didChangeVisibleRanges to the webview; Webview is invisible and can't receive messages
[2022-09-19 23:01:06:367] WebviewPanel: FAILED posting webview/editor/didChangeVisibleRanges to the webview; Webview is invisible and can't receive messages
[2022-09-19 23:01:06:384] WebviewPanel: FAILED posting webview/editor/didChangeVisibleRanges to the webview; Webview is invisible and can't receive messages
[2022-09-19 23:01:06:402] WebviewPanel: FAILED posting webview/editor/didChangeVisibleRanges to the webview; Webview is invisible and can't receive messages
[2022-09-19 23:01:06:434] WebviewPanel: FAILED posting webview/editor/didChangeVisibleRanges to the webview; Webview is invisible and can't receive messages
[2022-09-19 23:01:06:462] WebviewPanel: FAILED posting webview/editor/didChangeVisibleRanges to the webview; Webview is invisible and can't receive messages
[2022-09-19 23:01:06:481] WebviewPanel: FAILED posting webview/editor/didChangeVisibleRanges to the webview; Webview is invisible and can't receive messages
[2022-09-19 23:01:06:496] WebviewPanel: FAILED posting webview/editor/didChangeVisibleRanges to the webview; Webview is invisible and can't receive messages
[2022-09-19 23:01:06:849] WebviewPanel: FAILED posting webview/editor/didChangeVisibleRanges to the webview; Webview is invisible and can't receive messages
[2022-09-19 23:01:06:849] WebviewPanel: FAILED posting webview/editor/didChangeVisibleRanges to the webview; Webview is invisible and can't receive messages
[2022-09-19 23:01:06:849] WebviewPanel: FAILED posting webview/editor/didChangeVisibleRanges to the webview; Webview is invisible and can't receive messages
[2022-09-19 23:01:06:866] WebviewPanel: FAILED posting webview/editor/didChangeVisibleRanges to the webview; Webview is invisible and can't receive messages
[2022-09-19 23:01:06:895] WebviewPanel: FAILED posting webview/editor/didChangeVisibleRanges to the webview; Webview is invisible and can't receive messages
[2022-09-19 23:01:06:912] WebviewPanel: FAILED posting webview/editor/didChangeVisibleRanges to the webview; Webview is invisible and can't receive messages
[2022-09-19 23:01:06:937] WebviewPanel: FAILED posting webview/editor/didChangeVisibleRanges to the webview; Webview is invisible and can't receive messages
[2022-09-19 23:01:07:339] WebviewPanel: FAILED posting webview/editor/didChangeVisibleRanges to the webview; Webview is invisible and can't receive messages
[2022-09-19 23:01:07:362] WebviewPanel: FAILED posting webview/editor/didChangeVisibleRanges to the webview; Webview is invisible and can't receive messages
[2022-09-19 23:01:07:379] WebviewPanel: FAILED posting webview/editor/didChangeVisibleRanges to the webview; Webview is invisible and can't receive messages
[2022-09-19 23:01:07:394] WebviewPanel: FAILED posting webview/editor/didChangeVisibleRanges to the webview; Webview is invisible and can't receive messages
[2022-09-19 23:01:07:412] WebviewPanel: FAILED posting webview/editor/didChangeVisibleRanges to the webview; Webview is invisible and can't receive messages
[2022-09-19 23:01:07:444] WebviewPanel: FAILED posting webview/editor/didChangeVisibleRanges to the webview; Webview is invisible and can't receive messages
[2022-09-19 23:01:07:462] WebviewPanel: FAILED posting webview/editor/didChangeVisibleRanges to the webview; Webview is invisible and can't receive messages
[2022-09-19 23:01:08:183] WebviewPanel: FAILED posting webview/editor/didChangeVisibleRanges to the webview; Webview is invisible and can't receive messages
[2022-09-19 23:01:08:198] WebviewPanel: FAILED posting webview/editor/didChangeVisibleRanges to the webview; Webview is invisible and can't receive messages
[2022-09-19 23:01:08:212] WebviewPanel: FAILED posting webview/editor/didChangeVisibleRanges to the webview; Webview is invisible and can't receive messages
[2022-09-19 23:01:08:229] WebviewPanel: FAILED posting webview/editor/didChangeVisibleRanges to the webview; Webview is invisible and can't receive messages
[2022-09-19 23:01:08:245] WebviewPanel: FAILED posting webview/editor/didChangeVisibleRanges to the webview; Webview is invisible and can't receive messages
[2022-09-19 23:01:08:262] WebviewPanel: FAILED posting webview/editor/didChangeVisibleRanges to the webview; Webview is invisible and can't receive messages
[2022-09-19 23:01:08:278] WebviewPanel: FAILED posting webview/editor/didChangeVisibleRanges to the webview; Webview is invisible and can't receive messages
[2022-09-19 23:01:08:295] WebviewPanel: FAILED posting webview/editor/didChangeVisibleRanges to the webview; Webview is invisible and can't receive messages
[2022-09-19 23:01:09:667] WebviewPanel: FAILED posting webview/editors/didChangeVisible to the webview; Webview is invisible and can't receive messages
[2022-09-19 23:01:09:676] WebviewPanel: FAILED posting webview/editors/didChangeVisible to the webview; Webview is invisible and can't receive messages
[2022-09-19 23:01:09:710] WebviewPanel: FAILED posting webview/editor/didChangeVisibleRanges to the webview; Webview is invisible and can't receive messages
[2022-09-19 23:01:09:711] WebviewPanel: FAILED posting webview/editor/didChangeVisibleRanges to the webview; Webview is invisible and can't receive messages
[2022-09-19 23:01:09:743] [37] CodeStreamAgentConnection.onDataChanged(documents)
[2022-09-19 23:01:09:743] WebviewPanel: FAILED posting codestream/didChangeData to the webview; Webview is invisible and can't receive messages
[2022-09-19 23:01:09:744] [37] CodeStreamAgentConnection.onDataChanged(documents) completed • 0 ms
[2022-09-19 23:01:09:971] WebviewPanel: FAILED posting webview/editor/didChangeSelection to the webview; Webview is invisible and can't receive messages
[2022-09-19 23:01:10:177] WebviewPanel: FAILED posting webview/editor/didChangeActive to the webview; Webview is invisible and can't receive messages
[2022-09-19 23:01:21:381] WebviewPanel: FAILED posting webview/editors/didChangeVisible to the webview; Webview is invisible and can't receive messages
[2022-09-19 23:01:21:441] WebviewPanel: FAILED posting webview/editors/didChangeVisible to the webview; Webview is invisible and can't receive messages
[2022-09-19 23:01:21:444] AgentConnection.sendRequest(codestream/textDocument/markers)
[2022-09-19 23:01:21:532] [38] CodeStreamAgentConnection.onDataChanged(documents)
[2022-09-19 23:01:21:532] WebviewPanel: FAILED posting codestream/didChangeData to the webview; Webview is invisible and can't receive messages
[2022-09-19 23:01:21:533] [38] CodeStreamAgentConnection.onDataChanged(documents) completed • 1 ms
[2022-09-19 23:01:21:945] WebviewPanel: FAILED posting webview/editor/didChangeActive to the webview; Webview is invisible and can't receive messages
[2022-09-19 23:01:24:449] [39] CodeStreamAgentConnection.onDocumentMarkersChanged(file:///home/cmendoza/Projects/Project_Diseno_para_Dev/4-app/public/robots.txt)
[2022-09-19 23:01:24:451] WebviewPanel: FAILED posting codestream/didChangeDocumentMarkers to the webview; Webview is invisible and can't receive messages
[2022-09-19 23:01:24:451] [39] CodeStreamAgentConnection.onDocumentMarkersChanged(file:///home/cmendoza/Projects/Project_Diseno_para_Dev/4-app/public/robots.txt) completed • 2 ms
[2022-09-19 23:01:24:452] AgentConnection.sendRequest(codestream/textDocument/markers)
[2022-09-19 23:01:24:453] AgentConnection.sendRequest(codestream/textDocument/markers)
[2022-09-19 23:01:27:085] WebviewPanel: FAILED posting webview/editors/didChangeVisible to the webview; Webview is invisible and can't receive messages
[2022-09-19 23:01:27:090] WebviewPanel: FAILED posting webview/editors/didChangeVisible to the webview; Webview is invisible and can't receive messages
[2022-09-19 23:01:27:105] WebviewPanel: FAILED posting webview/editor/didChangeVisibleRanges to the webview; Webview is invisible and can't receive messages
[2022-09-19 23:01:27:106] WebviewPanel: FAILED posting webview/editor/didChangeVisibleRanges to the webview; Webview is invisible and can't receive messages
[2022-09-19 23:01:27:141] [3a] CodeStreamAgentConnection.onDataChanged(documents)
[2022-09-19 23:01:27:141] WebviewPanel: FAILED posting codestream/didChangeData to the webview; Webview is invisible and can't receive messages
[2022-09-19 23:01:27:142] [3a] CodeStreamAgentConnection.onDataChanged(documents) completed • 0 ms
[2022-09-19 23:01:27:358] WebviewPanel: FAILED posting webview/editor/didChangeSelection to the webview; Webview is invisible and can't receive messages
[2022-09-19 23:01:27:592] WebviewPanel: FAILED posting webview/editor/didChangeActive to the webview; Webview is invisible and can't receive messages
[2022-09-19 23:01:30:894] WebviewPanel: FAILED posting webview/editors/didChangeVisible to the webview; Webview is invisible and can't receive messages
[2022-09-19 23:01:31:011] WebviewPanel: FAILED posting webview/editors/didChangeVisible to the webview; Webview is invisible and can't receive messages
[2022-09-19 23:01:31:098] AgentConnection.sendRequest(codestream/textDocument/markers)
[2022-09-19 23:01:31:242] [3b] CodeStreamAgentConnection.onDataChanged(documents)
[2022-09-19 23:01:31:253] WebviewPanel: FAILED posting codestream/didChangeData to the webview; Webview is invisible and can't receive messages
[2022-09-19 23:01:31:254] [3b] CodeStreamAgentConnection.onDataChanged(documents) completed • 12 ms
[2022-09-19 23:01:31:513] WebviewPanel: FAILED posting webview/editor/didChangeActive to the webview; Webview is invisible and can't receive messages
[2022-09-19 23:01:34:008] [3c] CodeStreamAgentConnection.onDocumentMarkersChanged(file:///home/cmendoza/Projects/Project_Diseno_para_Dev/4-app/public/manifest.json)
[2022-09-19 23:01:34:009] WebviewPanel: FAILED posting codestream/didChangeDocumentMarkers to the webview; Webview is invisible and can't receive messages
[2022-09-19 23:01:34:009] [3c] CodeStreamAgentConnection.onDocumentMarkersChanged(file:///home/cmendoza/Projects/Project_Diseno_para_Dev/4-app/public/manifest.json) completed • 0 ms
[2022-09-19 23:01:34:009] AgentConnection.sendRequest(codestream/textDocument/markers)
[2022-09-19 23:01:34:009] AgentConnection.sendRequest(codestream/textDocument/markers)
[2022-09-19 23:01:40:163] WebviewPanel: FAILED posting webview/editors/didChangeVisible to the webview; Webview is invisible and can't receive messages
[2022-09-19 23:01:40:171] WebviewPanel: FAILED posting webview/editors/didChangeVisible to the webview; Webview is invisible and can't receive messages
[2022-09-19 23:01:40:182] WebviewPanel: FAILED posting webview/editor/didChangeVisibleRanges to the webview; Webview is invisible and can't receive messages
[2022-09-19 23:01:40:183] WebviewPanel: FAILED posting webview/editor/didChangeVisibleRanges to the webview; Webview is invisible and can't receive messages
[2022-09-19 23:01:40:213] [3d] CodeStreamAgentConnection.onDataChanged(documents)
[2022-09-19 23:01:40:213] WebviewPanel: FAILED posting codestream/didChangeData to the webview; Webview is invisible and can't receive messages
[2022-09-19 23:01:40:213] [3d] CodeStreamAgentConnection.onDataChanged(documents) completed • 0 ms
[2022-09-19 23:01:40:434] WebviewPanel: FAILED posting webview/editor/didChangeSelection to the webview; Webview is invisible and can't receive messages
[2022-09-19 23:01:40:676] WebviewPanel: FAILED posting webview/editor/didChangeActive to the webview; Webview is invisible and can't receive messages
[2022-09-19 23:03:36:422] WebviewPanel: FAILED posting webview/editors/didChangeVisible to the webview; Webview is invisible and can't receive messages
[2022-09-19 23:03:36:524] WebviewPanel: FAILED posting webview/editors/didChangeVisible to the webview; Webview is invisible and can't receive messages
[2022-09-19 23:03:36:728] AgentConnection.sendRequest(codestream/textDocument/markers)
[2022-09-19 23:03:37:138] [3e] CodeStreamAgentConnection.onDataChanged(documents)
[2022-09-19 23:03:37:138] WebviewPanel: FAILED posting codestream/didChangeData to the webview; Webview is invisible and can't receive messages
[2022-09-19 23:03:37:138] [3e] CodeStreamAgentConnection.onDataChanged(documents) completed • 0 ms
[2022-09-19 23:03:37:208] WebviewPanel: FAILED posting webview/editor/didChangeActive to the webview; Webview is invisible and can't receive messages
[2022-09-19 23:03:39:527] [3f] CodeStreamAgentConnection.onDocumentMarkersChanged(file:///home/cmendoza/Projects/Project_Diseno_para_Dev/4-app/src/scss/variables/colors-theme-primary.scss)
[2022-09-19 23:03:39:527] WebviewPanel: FAILED posting codestream/didChangeDocumentMarkers to the webview; Webview is invisible and can't receive messages
[2022-09-19 23:03:39:527] [3f] CodeStreamAgentConnection.onDocumentMarkersChanged(file:///home/cmendoza/Projects/Project_Diseno_para_Dev/4-app/src/scss/variables/colors-theme-primary.scss) completed • 0 ms
[2022-09-19 23:03:39:527] AgentConnection.sendRequest(codestream/textDocument/markers)
[2022-09-19 23:03:39:527] AgentConnection.sendRequest(codestream/textDocument/markers)
[2022-09-19 23:03:45:443] WebviewPanel: FAILED posting webview/editors/didChangeVisible to the webview; Webview is invisible and can't receive messages
[2022-09-19 23:03:45:582] WebviewPanel: FAILED posting webview/editors/didChangeVisible to the webview; Webview is invisible and can't receive messages
[2022-09-19 23:03:45:594] AgentConnection.sendRequest(codestream/textDocument/markers)
[2022-09-19 23:03:45:845] [40] CodeStreamAgentConnection.onDataChanged(documents)
[2022-09-19 23:03:45:845] WebviewPanel: FAILED posting codestream/didChangeData to the webview; Webview is invisible and can't receive messages
[2022-09-19 23:03:45:845] [40] CodeStreamAgentConnection.onDataChanged(documents) completed • 0 ms
[2022-09-19 23:03:46:098] WebviewPanel: FAILED posting webview/editor/didChangeActive to the webview; Webview is invisible and can't receive messages
[2022-09-19 23:03:48:583] [41] CodeStreamAgentConnection.onDocumentMarkersChanged(file:///home/cmendoza/Projects/Project_Diseno_para_Dev/4-app/src/scss/variables/colors-theme-secondary.scss)
[2022-09-19 23:03:48:584] WebviewPanel: FAILED posting codestream/didChangeDocumentMarkers to the webview; Webview is invisible and can't receive messages
[2022-09-19 23:03:48:584] [41] CodeStreamAgentConnection.onDocumentMarkersChanged(file:///home/cmendoza/Projects/Project_Diseno_para_Dev/4-app/src/scss/variables/colors-theme-secondary.scss) completed • 0 ms
[2022-09-19 23:03:48:584] AgentConnection.sendRequest(codestream/textDocument/markers)
[2022-09-19 23:03:48:584] AgentConnection.sendRequest(codestream/textDocument/markers)
[2022-09-19 23:03:57:322] WebviewPanel: FAILED posting webview/editors/didChangeVisible to the webview; Webview is invisible and can't receive messages
[2022-09-19 23:03:57:333] WebviewPanel: FAILED posting webview/editors/didChangeVisible to the webview; Webview is invisible and can't receive messages
[2022-09-19 23:03:57:361] [42] CodeStreamAgentConnection.onDataChanged(documents)
[2022-09-19 23:03:57:362] WebviewPanel: FAILED posting codestream/didChangeData to the webview; Webview is invisible and can't receive messages
[2022-09-19 23:03:57:362] [42] CodeStreamAgentConnection.onDataChanged(documents) completed • 0 ms
[2022-09-19 23:03:57:835] WebviewPanel: FAILED posting webview/editor/didChangeActive to the webview; Webview is invisible and can't receive messages
[2022-09-19 23:03:58:574] WebviewPanel: FAILED posting webview/editors/didChangeVisible to the webview; Webview is invisible and can't receive messages
[2022-09-19 23:03:58:576] WebviewPanel: FAILED posting webview/editors/didChangeVisible to the webview; Webview is invisible and can't receive messages
[2022-09-19 23:03:58:600] WebviewPanel: FAILED posting webview/editor/didChangeVisibleRanges to the webview; Webview is invisible and can't receive messages
[2022-09-19 23:03:58:602] WebviewPanel: FAILED posting webview/editor/didChangeVisibleRanges to the webview; Webview is invisible and can't receive messages
[2022-09-19 23:03:58:682] [43] CodeStreamAgentConnection.onDataChanged(documents)
[2022-09-19 23:03:58:682] WebviewPanel: FAILED posting codestream/didChangeData to the webview; Webview is invisible and can't receive messages
[2022-09-19 23:03:58:682] [43] CodeStreamAgentConnection.onDataChanged(documents) completed • 0 ms
[2022-09-19 23:03:58:859] WebviewPanel: FAILED posting webview/editor/didChangeSelection to the webview; Webview is invisible and can't receive messages
[2022-09-19 23:03:59:081] WebviewPanel: FAILED posting webview/editor/didChangeActive to the webview; Webview is invisible and can't receive messages
[2022-09-19 23:06:58:680] WebviewPanel: FAILED posting webview/editors/didChangeVisible to the webview; Webview is invisible and can't receive messages
[2022-09-19 23:06:58:830] WebviewPanel: FAILED posting webview/editors/didChangeVisible to the webview; Webview is invisible and can't receive messages
[2022-09-19 23:06:58:866] AgentConnection.sendRequest(codestream/textDocument/markers)
[2022-09-19 23:06:59:155] [44] CodeStreamAgentConnection.onDataChanged(documents)
[2022-09-19 23:06:59:155] WebviewPanel: FAILED posting codestream/didChangeData to the webview; Webview is invisible and can't receive messages
[2022-09-19 23:06:59:155] [44] CodeStreamAgentConnection.onDataChanged(documents) completed • 0 ms
[2022-09-19 23:06:59:333] WebviewPanel: FAILED posting webview/editor/didChangeActive to the webview; Webview is invisible and can't receive messages
[2022-09-19 23:07:01:854] [45] CodeStreamAgentConnection.onDocumentMarkersChanged(file:///home/cmendoza/Projects/Project_Diseno_para_Dev/4-app/src/components/Icon/Icon.js)
[2022-09-19 23:07:01:854] WebviewPanel: FAILED posting codestream/didChangeDocumentMarkers to the webview; Webview is invisible and can't receive messages
[2022-09-19 23:07:01:854] [45] CodeStreamAgentConnection.onDocumentMarkersChanged(file:///home/cmendoza/Projects/Project_Diseno_para_Dev/4-app/src/components/Icon/Icon.js) completed • 0 ms
[2022-09-19 23:07:01:854] AgentConnection.sendRequest(codestream/textDocument/markers)
[2022-09-19 23:07:01:855] AgentConnection.sendRequest(codestream/textDocument/markers)
[2022-09-19 23:07:20:278] WebviewPanel: FAILED posting webview/editors/didChangeVisible to the webview; Webview is invisible and can't receive messages
[2022-09-19 23:07:20:286] WebviewPanel: FAILED posting webview/editors/didChangeVisible to the webview; Webview is invisible and can't receive messages
[2022-09-19 23:07:20:310] WebviewPanel: FAILED posting webview/editor/didChangeVisibleRanges to the webview; Webview is invisible and can't receive messages
[2022-09-19 23:07:20:311] WebviewPanel: FAILED posting webview/editor/didChangeVisibleRanges to the webview; Webview is invisible and can't receive messages
[2022-09-19 23:07:20:355] [46] CodeStreamAgentConnection.onDataChanged(documents)
[2022-09-19 23:07:20:355] WebviewPanel: FAILED posting codestream/didChangeData to the webview; Webview is invisible and can't receive messages
[2022-09-19 23:07:20:355] [46] CodeStreamAgentConnection.onDataChanged(documents) completed • 0 ms
[2022-09-19 23:07:20:581] WebviewPanel: FAILED posting webview/editor/didChangeSelection to the webview; Webview is invisible and can't receive messages
[2022-09-19 23:07:20:790] WebviewPanel: FAILED posting webview/editor/didChangeActive to the webview; Webview is invisible and can't receive messages
[2022-09-19 23:20:38:686] WebviewPanel: FAILED posting webview/editors/didChangeVisible to the webview; Webview is invisible and can't receive messages
[2022-09-19 23:20:38:705] [47] CodeStreamAgentConnection.onDataChanged(documents)
[2022-09-19 23:20:38:705] WebviewPanel: FAILED posting codestream/didChangeData to the webview; Webview is invisible and can't receive messages
[2022-09-19 23:20:38:706] [47] CodeStreamAgentConnection.onDataChanged(documents) completed • 0 ms
[2022-09-19 23:20:38:809] WebviewPanel: FAILED posting webview/editors/didChangeVisible to the webview; Webview is invisible and can't receive messages
[2022-09-19 23:20:38:837] AgentConnection.sendRequest(codestream/textDocument/markers)
[2022-09-19 23:20:39:047] [48] CodeStreamAgentConnection.onDataChanged(documents)
[2022-09-19 23:20:39:047] WebviewPanel: FAILED posting codestream/didChangeData to the webview; Webview is invisible and can't receive messages
[2022-09-19 23:20:39:049] [48] CodeStreamAgentConnection.onDataChanged(documents) completed • 1 ms
[2022-09-19 23:20:39:111] WebviewPanel: FAILED posting webview/editor/didChangeSelection to the webview; Webview is invisible and can't receive messages
[2022-09-19 23:20:39:311] WebviewPanel: FAILED posting webview/editor/didChangeActive to the webview; Webview is invisible and can't receive messages
[2022-09-19 23:20:40:105] WebviewPanel: FAILED posting webview/editors/didChangeVisible to the webview; Webview is invisible and can't receive messages
[2022-09-19 23:20:40:119] [49] CodeStreamAgentConnection.onDataChanged(documents)
[2022-09-19 23:20:40:119] WebviewPanel: FAILED posting codestream/didChangeData to the webview; Webview is invisible and can't receive messages
[2022-09-19 23:20:40:120] [49] CodeStreamAgentConnection.onDataChanged(documents) completed • 0 ms
[2022-09-19 23:20:40:220] WebviewPanel: FAILED posting webview/editors/didChangeVisible to the webview; Webview is invisible and can't receive messages
[2022-09-19 23:20:40:230] AgentConnection.sendRequest(codestream/textDocument/markers)
[2022-09-19 23:20:40:394] [4a] CodeStreamAgentConnection.onDataChanged(documents)
[2022-09-19 23:20:40:395] WebviewPanel: FAILED posting codestream/didChangeData to the webview; Webview is invisible and can't receive messages
[2022-09-19 23:20:40:395] [4a] CodeStreamAgentConnection.onDataChanged(documents) completed • 0 ms
[2022-09-19 23:20:40:508] WebviewPanel: FAILED posting webview/editor/didChangeSelection to the webview; Webview is invisible and can't receive messages
[2022-09-19 23:20:40:724] WebviewPanel: FAILED posting webview/editor/didChangeActive to the webview; Webview is invisible and can't receive messages
[2022-09-19 23:20:40:937] WebviewPanel: FAILED posting webview/editors/didChangeVisible to the webview; Webview is invisible and can't receive messages
[2022-09-19 23:20:40:943] [4b] CodeStreamAgentConnection.onDataChanged(documents)
[2022-09-19 23:20:40:943] WebviewPanel: FAILED posting codestream/didChangeData to the webview; Webview is invisible and can't receive messages
[2022-09-19 23:20:40:943] [4b] CodeStreamAgentConnection.onDataChanged(documents) completed • 0 ms
[2022-09-19 23:20:41:438] WebviewPanel: FAILED posting webview/editor/didChangeActive to the webview; Webview is invisible and can't receive messages
[2022-09-19 23:20:41:812] [4c] CodeStreamAgentConnection.onDocumentMarkersChanged(file:///home/cmendoza/Projects/PersonalProjects/WEB/JavaScript/Matematicas_y_Estadistica/math.html)
[2022-09-19 23:20:41:813] WebviewPanel: FAILED posting codestream/didChangeDocumentMarkers to the webview; Webview is invisible and can't receive messages
[2022-09-19 23:20:41:813] [4c] CodeStreamAgentConnection.onDocumentMarkersChanged(file:///home/cmendoza/Projects/PersonalProjects/WEB/JavaScript/Matematicas_y_Estadistica/math.html) completed • 0 ms
[2022-09-19 23:20:43:220] [4d] CodeStreamAgentConnection.onDocumentMarkersChanged(file:///home/cmendoza/Projects/PersonalProjects/WEB/JavaScript/Matematicas_y_Estadistica/index.html)
[2022-09-19 23:20:43:220] WebviewPanel: FAILED posting codestream/didChangeDocumentMarkers to the webview; Webview is invisible and can't receive messages
[2022-09-19 23:20:43:220] [4d] CodeStreamAgentConnection.onDocumentMarkersChanged(file:///home/cmendoza/Projects/PersonalProjects/WEB/JavaScript/Matematicas_y_Estadistica/index.html) completed • 0 ms
