[2022-08-25 21:54:38:514] CodeStream v13.5.0-4235 in VS Code (v1.70.2) starting...
[2022-08-25 21:54:38:517] Proxy support is on, but no proxy url was found
[2022-08-25 21:54:43:825] no NewRelic telemetry - The user aborted a request.
[2022-08-25 21:54:43:904] no NewRelic telemetry
[2022-08-25 21:54:51:129] WebviewPanel: FAILED posting webview/editors/didChangeVisible to the webview
[2022-08-25 21:55:26:791] CodeStream v13.5.0-4235 started • 74079 ms
[2022-08-25 21:55:26:796] [1] CodeStreamAgentConnection.onApiVersionCompatibilityChanged
[2022-08-25 21:55:26:797] [2] WebviewController.onApiVersionChanged
[2022-08-25 21:55:26:799] [2] WebviewController.onApiVersionChanged completed • 1 ms
[2022-08-25 21:55:26:799] [1] CodeStreamAgentConnection.onApiVersionCompatibilityChanged completed • 2 ms
[2022-08-25 21:55:26:799] Signing alvarezmendoz@gmail.com into CodeStream (https://api.codestream.com)
[2022-08-25 21:55:26:800] AgentConnection.sendRequest(codestream/login/token)
[2022-08-25 21:55:39:133] [3] CodeStreamAgentConnection.onConnectionStatusChanged(reconnecting)
[2022-08-25 21:55:39:134] [3] CodeStreamAgentConnection.onConnectionStatusChanged(reconnecting) completed • 0 ms
[2022-08-25 21:55:46:446] [4] CodeStreamAgentConnection.onConnectionStatusChanged(reconnecting)
[2022-08-25 21:55:46:446] [4] CodeStreamAgentConnection.onConnectionStatusChanged(reconnecting) completed • 0 ms
[2022-08-25 21:55:47:732] [5] CodeStreamAgentConnection.onDataChanged(unreads)
[2022-08-25 21:55:47:733] [5] CodeStreamAgentConnection.onDataChanged(unreads) completed • 0 ms
[2022-08-25 21:55:49:497] AgentConnection.sendRequest(codestream/users/me/unreads)
[2022-08-25 21:55:49:497] AgentConnection.sendRequest(codestream/users/me/unreads)
[2022-08-25 21:55:50:343] alvarezmendoz@gmail.com signed into CodeStream (https://api.codestream.com); userId=62a8af311c3021007d502dc9, teamId=62a8af3bd1bffae460f923af
[2022-08-25 21:55:50:425] AgentConnection.sendRequest(codestream/textDocument/markers)
[2022-08-25 21:55:52:200] [6] CodeStreamAgentConnection.onConnectionStatusChanged(reconnecting)
[2022-08-25 21:55:52:200] [6] CodeStreamAgentConnection.onConnectionStatusChanged(reconnecting) completed • 0 ms
[2022-08-25 21:55:52:204] alvarezmendoz@gmail.com signed into CodeStream (https://api.codestream.com); userId=62a8af311c3021007d502dc9, teamId=62a8af3bd1bffae460f923af
[2022-08-25 21:55:53:112] [7] CodeStreamAgentConnection.onConnectionStatusChanged(reconnected)
[2022-08-25 21:55:53:112] [7] CodeStreamAgentConnection.onConnectionStatusChanged(reconnected) completed • 0 ms
[2022-08-25 21:55:58:523] [8] CodeStreamAgentConnection.onConnectionStatusChanged(reconnecting)
[2022-08-25 21:55:58:523] [8] CodeStreamAgentConnection.onConnectionStatusChanged(reconnecting) completed • 0 ms
[2022-08-25 21:56:04:696] [9] CodeStreamAgentConnection.onConnectionStatusChanged(reconnecting)
[2022-08-25 21:56:04:697] [9] CodeStreamAgentConnection.onConnectionStatusChanged(reconnecting) completed • 0 ms
[2022-08-25 21:56:09:841] [a] CodeStreamAgentConnection.onConnectionStatusChanged(reconnecting)
[2022-08-25 21:56:09:841] [a] CodeStreamAgentConnection.onConnectionStatusChanged(reconnecting) completed • 0 ms
[2022-08-25 21:56:10:690] [b] CodeStreamAgentConnection.onConnectionStatusChanged(reconnected)
[2022-08-25 21:56:10:690] [b] CodeStreamAgentConnection.onConnectionStatusChanged(reconnected) completed • 0 ms
[2022-08-25 21:56:15:688] [c] CodeStreamAgentConnection.onConnectionStatusChanged(reconnecting)
[2022-08-25 21:56:15:689] [c] CodeStreamAgentConnection.onConnectionStatusChanged(reconnecting) completed • 0 ms
[2022-08-25 21:56:23:562] [d] CodeStreamAgentConnection.onConnectionStatusChanged(reconnected)
[2022-08-25 21:56:23:565] [d] CodeStreamAgentConnection.onConnectionStatusChanged(reconnected) completed • 2 ms
[2022-08-25 21:56:26:185] [e] CodeStreamAgentConnection.onDataChanged(commits)
[2022-08-25 21:56:26:185] [e] CodeStreamAgentConnection.onDataChanged(commits) completed • 0 ms
[2022-08-25 21:59:04:183] WebviewPanel: FAILED posting webview/editors/didChangeVisible to the webview; Webview is invisible and can't receive messages
[2022-08-25 21:59:04:985] WebviewPanel: FAILED posting webview/editors/didChangeVisible to the webview; Webview is invisible and can't receive messages
