[2022-10-26 20:15:18:182] CodeStream v14.4.0-4250 in VS Code (v1.72.2) starting...
[2022-10-26 20:15:18:185] Proxy support is on, but no proxy url was found
[2022-10-26 20:15:20:650] NewRelic telemetry enabled=true
[2022-10-26 20:15:24:177] CodeStream upgraded from v14.3.0 to v14.4.0
[2022-10-26 20:15:24:178] CodeStream v14.4.0-4250 started • 6436 ms
[2022-10-26 20:15:24:184] Signing alvarezmendoz@gmail.com into CodeStream (https://api.codestream.com)
[2022-10-26 20:15:24:185] AgentConnection.sendRequest(codestream/login/token)
[2022-10-26 20:15:24:684] [1] CodeStreamAgentConnection.onApiVersionCompatibilityChanged
[2022-10-26 20:15:24:685] [2] WebviewController.onApiVersionChanged
[2022-10-26 20:15:24:685] [2] WebviewController.onApiVersionChanged completed • 0 ms
[2022-10-26 20:15:24:686] [1] CodeStreamAgentConnection.onApiVersionCompatibilityChanged completed • 1 ms
[2022-10-26 20:15:26:670] [3] CodeStreamAgentConnection.onDataChanged(unreads)
[2022-10-26 20:15:26:670] [3] CodeStreamAgentConnection.onDataChanged(unreads) completed • 0 ms
[2022-10-26 20:15:27:299] AgentConnection.sendRequest(codestream/users/me/unreads)
[2022-10-26 20:15:27:302] alvarezmendoz@gmail.com signed into CodeStream (https://api.codestream.com); userId=62a8af311c3021007d502dc9, teamId=62a8af3bd1bffae460f923af
[2022-10-26 20:15:27:705] AgentConnection.sendRequest(codestream/textDocument/markers)
[2022-10-26 20:15:27:707] AgentConnection.sendRequest(codestream/users/me/unreads)
[2022-10-26 20:15:27:814] alvarezmendoz@gmail.com signed into CodeStream (https://api.codestream.com); userId=62a8af311c3021007d502dc9, teamId=62a8af3bd1bffae460f923af
[2022-10-26 20:26:34:498] WebviewPanel: FAILED posting webview/editors/didChangeVisible to the webview
[2022-10-26 20:26:34:691] WebviewPanel: FAILED posting webview/editors/didChangeVisible to the webview; Webview is invisible and can't receive messages
[2022-10-26 20:26:34:711] AgentConnection.sendRequest(codestream/textDocument/markers)
[2022-10-26 20:26:34:883] [4] CodeStreamAgentConnection.onDataChanged(documents)
[2022-10-26 20:26:34:883] [4] CodeStreamAgentConnection.onDataChanged(documents) completed • 0 ms
[2022-10-26 20:26:35:201] WebviewPanel: FAILED posting webview/editor/didChangeActive to the webview; Webview is invisible and can't receive messages
[2022-10-26 20:26:37:709] [5] CodeStreamAgentConnection.onDocumentMarkersChanged(file:///home/cmendoza/Projects/PersonalProjects/WEB/JavaScript/ECMAScript/src/es10/02-try-catch.js)
[2022-10-26 20:26:37:710] [5] CodeStreamAgentConnection.onDocumentMarkersChanged(file:///home/cmendoza/Projects/PersonalProjects/WEB/JavaScript/ECMAScript/src/es10/02-try-catch.js) completed • 0 ms
[2022-10-26 20:26:37:710] AgentConnection.sendRequest(codestream/textDocument/markers)
[2022-10-26 20:26:37:710] AgentConnection.sendRequest(codestream/textDocument/markers)
[2022-10-26 20:26:39:962] WebviewPanel: FAILED posting webview/editors/didChangeVisible to the webview; Webview is invisible and can't receive messages
[2022-10-26 20:26:39:997] WebviewPanel: FAILED posting webview/editors/didChangeVisible to the webview; Webview is invisible and can't receive messages
[2022-10-26 20:26:40:043] [6] CodeStreamAgentConnection.onDataChanged(documents)
[2022-10-26 20:26:40:043] [6] CodeStreamAgentConnection.onDataChanged(documents) completed • 0 ms
[2022-10-26 20:26:40:498] WebviewPanel: FAILED posting webview/editor/didChangeActive to the webview; Webview is invisible and can't receive messages
[2022-10-26 20:26:41:065] WebviewPanel: FAILED posting webview/editors/didChangeVisible to the webview; Webview is invisible and can't receive messages
[2022-10-26 20:26:41:074] [7] CodeStreamAgentConnection.onDataChanged(documents)
[2022-10-26 20:26:41:074] [7] CodeStreamAgentConnection.onDataChanged(documents) completed • 0 ms
[2022-10-26 20:26:41:565] WebviewPanel: FAILED posting webview/editor/didChangeActive to the webview; Webview is invisible and can't receive messages
[2022-10-26 20:26:51:628] WebviewPanel: FAILED posting webview/editors/didChangeVisible to the webview; Webview is invisible and can't receive messages
[2022-10-26 20:26:51:663] AgentConnection.sendRequest(codestream/textDocument/markers)
[2022-10-26 20:26:52:219] WebviewPanel: FAILED posting webview/editor/didChangeActive to the webview; Webview is invisible and can't receive messages
[2022-10-26 20:26:52:223] [8] CodeStreamAgentConnection.onDataChanged(documents)
[2022-10-26 20:26:52:224] [8] CodeStreamAgentConnection.onDataChanged(documents) completed • 0 ms
[2022-10-26 20:26:54:639] [9] CodeStreamAgentConnection.onDocumentMarkersChanged(file:///home/cmendoza/Projects/PersonalProjects/WEB/JavaScript/ECMAScript/package.json)
[2022-10-26 20:26:54:640] [9] CodeStreamAgentConnection.onDocumentMarkersChanged(file:///home/cmendoza/Projects/PersonalProjects/WEB/JavaScript/ECMAScript/package.json) completed • 0 ms
[2022-10-26 20:26:54:640] AgentConnection.sendRequest(codestream/textDocument/markers)
[2022-10-26 20:26:54:640] AgentConnection.sendRequest(codestream/textDocument/markers)
[2022-10-26 20:26:55:343] WebviewPanel: FAILED posting webview/editors/didChangeVisible to the webview; Webview is invisible and can't receive messages
[2022-10-26 20:26:55:354] [a] CodeStreamAgentConnection.onDataChanged(documents)
[2022-10-26 20:26:55:355] [a] CodeStreamAgentConnection.onDataChanged(documents) completed • 0 ms
[2022-10-26 20:26:55:843] WebviewPanel: FAILED posting webview/editor/didChangeActive to the webview; Webview is invisible and can't receive messages
[2022-10-26 20:27:44:700] [b] CodeStreamAgentConnection.onDataChanged(documents)
[2022-10-26 20:27:44:700] [b] CodeStreamAgentConnection.onDataChanged(documents) completed • 0 ms
[2022-10-26 20:27:44:794] WebviewPanel: FAILED posting webview/editors/didChangeVisible to the webview; Webview is invisible and can't receive messages
[2022-10-26 20:27:44:827] AgentConnection.sendRequest(codestream/textDocument/markers)
[2022-10-26 20:27:45:298] WebviewPanel: FAILED posting webview/editor/didChangeActive to the webview; Webview is invisible and can't receive messages
[2022-10-26 20:27:47:709] [c] CodeStreamAgentConnection.onDocumentMarkersChanged(file:///home/cmendoza/Projects/PersonalProjects/WEB/JavaScript/ECMAScript/src/es11/00-optional-chaining.js)
[2022-10-26 20:27:47:710] [c] CodeStreamAgentConnection.onDocumentMarkersChanged(file:///home/cmendoza/Projects/PersonalProjects/WEB/JavaScript/ECMAScript/src/es11/00-optional-chaining.js) completed • 1 ms
[2022-10-26 20:27:47:710] AgentConnection.sendRequest(codestream/textDocument/markers)
[2022-10-26 20:27:47:712] AgentConnection.sendRequest(codestream/textDocument/markers)
[2022-10-26 20:29:11:809] [d] CodeStreamAgentConnection.onDocumentMarkersChanged(file:///home/cmendoza/Projects/PersonalProjects/WEB/JavaScript/ECMAScript/src/es11/00-optional-chaining.js)
[2022-10-26 20:29:11:810] [d] CodeStreamAgentConnection.onDocumentMarkersChanged(file:///home/cmendoza/Projects/PersonalProjects/WEB/JavaScript/ECMAScript/src/es11/00-optional-chaining.js) completed • 0 ms
[2022-10-26 20:29:11:810] AgentConnection.sendRequest(codestream/textDocument/markers)
[2022-10-26 20:29:11:810] AgentConnection.sendRequest(codestream/textDocument/markers)
[2022-10-26 20:29:30:576] [e] CodeStreamAgentConnection.onDocumentMarkersChanged(file:///home/cmendoza/Projects/PersonalProjects/WEB/JavaScript/ECMAScript/src/es11/00-optional-chaining.js)
[2022-10-26 20:29:30:576] [e] CodeStreamAgentConnection.onDocumentMarkersChanged(file:///home/cmendoza/Projects/PersonalProjects/WEB/JavaScript/ECMAScript/src/es11/00-optional-chaining.js) completed • 0 ms
[2022-10-26 20:29:30:576] AgentConnection.sendRequest(codestream/textDocument/markers)
[2022-10-26 20:29:30:577] AgentConnection.sendRequest(codestream/textDocument/markers)
[2022-10-26 20:29:41:381] [f] CodeStreamAgentConnection.onDocumentMarkersChanged(file:///home/cmendoza/Projects/PersonalProjects/WEB/JavaScript/ECMAScript/src/es11/00-optional-chaining.js)
[2022-10-26 20:29:41:381] [f] CodeStreamAgentConnection.onDocumentMarkersChanged(file:///home/cmendoza/Projects/PersonalProjects/WEB/JavaScript/ECMAScript/src/es11/00-optional-chaining.js) completed • 0 ms
[2022-10-26 20:29:41:381] AgentConnection.sendRequest(codestream/textDocument/markers)
[2022-10-26 20:29:41:382] AgentConnection.sendRequest(codestream/textDocument/markers)
[2022-10-26 20:29:56:384] [10] CodeStreamAgentConnection.onDocumentMarkersChanged(file:///home/cmendoza/Projects/PersonalProjects/WEB/JavaScript/ECMAScript/src/es11/00-optional-chaining.js)
[2022-10-26 20:29:56:384] [10] CodeStreamAgentConnection.onDocumentMarkersChanged(file:///home/cmendoza/Projects/PersonalProjects/WEB/JavaScript/ECMAScript/src/es11/00-optional-chaining.js) completed • 0 ms
[2022-10-26 20:29:56:384] AgentConnection.sendRequest(codestream/textDocument/markers)
[2022-10-26 20:29:56:384] AgentConnection.sendRequest(codestream/textDocument/markers)
[2022-10-26 20:30:07:369] [11] CodeStreamAgentConnection.onDocumentMarkersChanged(file:///home/cmendoza/Projects/PersonalProjects/WEB/JavaScript/ECMAScript/src/es11/00-optional-chaining.js)
[2022-10-26 20:30:07:370] [11] CodeStreamAgentConnection.onDocumentMarkersChanged(file:///home/cmendoza/Projects/PersonalProjects/WEB/JavaScript/ECMAScript/src/es11/00-optional-chaining.js) completed • 0 ms
[2022-10-26 20:30:07:370] AgentConnection.sendRequest(codestream/textDocument/markers)
[2022-10-26 20:30:07:371] AgentConnection.sendRequest(codestream/textDocument/markers)
[2022-10-26 20:30:21:563] [12] CodeStreamAgentConnection.onDocumentMarkersChanged(file:///home/cmendoza/Projects/PersonalProjects/WEB/JavaScript/ECMAScript/src/es11/00-optional-chaining.js)
[2022-10-26 20:30:21:563] [12] CodeStreamAgentConnection.onDocumentMarkersChanged(file:///home/cmendoza/Projects/PersonalProjects/WEB/JavaScript/ECMAScript/src/es11/00-optional-chaining.js) completed • 0 ms
[2022-10-26 20:30:21:563] AgentConnection.sendRequest(codestream/textDocument/markers)
[2022-10-26 20:30:21:563] AgentConnection.sendRequest(codestream/textDocument/markers)
[2022-10-26 20:30:28:859] [13] CodeStreamAgentConnection.onDocumentMarkersChanged(file:///home/cmendoza/Projects/PersonalProjects/WEB/JavaScript/ECMAScript/src/es11/00-optional-chaining.js)
[2022-10-26 20:30:28:861] [13] CodeStreamAgentConnection.onDocumentMarkersChanged(file:///home/cmendoza/Projects/PersonalProjects/WEB/JavaScript/ECMAScript/src/es11/00-optional-chaining.js) completed • 1 ms
[2022-10-26 20:30:28:862] AgentConnection.sendRequest(codestream/textDocument/markers)
[2022-10-26 20:30:28:862] AgentConnection.sendRequest(codestream/textDocument/markers)
[2022-10-26 20:30:51:616] [14] CodeStreamAgentConnection.onDocumentMarkersChanged(file:///home/cmendoza/Projects/PersonalProjects/WEB/JavaScript/ECMAScript/src/es11/00-optional-chaining.js)
[2022-10-26 20:30:51:616] [14] CodeStreamAgentConnection.onDocumentMarkersChanged(file:///home/cmendoza/Projects/PersonalProjects/WEB/JavaScript/ECMAScript/src/es11/00-optional-chaining.js) completed • 0 ms
[2022-10-26 20:30:51:617] AgentConnection.sendRequest(codestream/textDocument/markers)
[2022-10-26 20:30:51:617] AgentConnection.sendRequest(codestream/textDocument/markers)
[2022-10-26 20:31:22:400] [15] CodeStreamAgentConnection.onDocumentMarkersChanged(file:///home/cmendoza/Projects/PersonalProjects/WEB/JavaScript/ECMAScript/src/es11/00-optional-chaining.js)
[2022-10-26 20:31:22:401] [15] CodeStreamAgentConnection.onDocumentMarkersChanged(file:///home/cmendoza/Projects/PersonalProjects/WEB/JavaScript/ECMAScript/src/es11/00-optional-chaining.js) completed • 0 ms
[2022-10-26 20:31:22:401] AgentConnection.sendRequest(codestream/textDocument/markers)
[2022-10-26 20:31:22:401] AgentConnection.sendRequest(codestream/textDocument/markers)
[2022-10-26 20:31:41:381] [16] CodeStreamAgentConnection.onDocumentMarkersChanged(file:///home/cmendoza/Projects/PersonalProjects/WEB/JavaScript/ECMAScript/src/es11/00-optional-chaining.js)
[2022-10-26 20:31:41:381] [16] CodeStreamAgentConnection.onDocumentMarkersChanged(file:///home/cmendoza/Projects/PersonalProjects/WEB/JavaScript/ECMAScript/src/es11/00-optional-chaining.js) completed • 0 ms
[2022-10-26 20:31:41:381] AgentConnection.sendRequest(codestream/textDocument/markers)
[2022-10-26 20:31:41:381] AgentConnection.sendRequest(codestream/textDocument/markers)
[2022-10-26 20:31:54:078] [17] CodeStreamAgentConnection.onDocumentMarkersChanged(file:///home/cmendoza/Projects/PersonalProjects/WEB/JavaScript/ECMAScript/src/es11/00-optional-chaining.js)
[2022-10-26 20:31:54:080] [17] CodeStreamAgentConnection.onDocumentMarkersChanged(file:///home/cmendoza/Projects/PersonalProjects/WEB/JavaScript/ECMAScript/src/es11/00-optional-chaining.js) completed • 2 ms
[2022-10-26 20:31:54:080] AgentConnection.sendRequest(codestream/textDocument/markers)
[2022-10-26 20:31:54:081] AgentConnection.sendRequest(codestream/textDocument/markers)
[2022-10-26 20:32:24:773] [18] CodeStreamAgentConnection.onDocumentMarkersChanged(file:///home/cmendoza/Projects/PersonalProjects/WEB/JavaScript/ECMAScript/src/es11/00-optional-chaining.js)
[2022-10-26 20:32:24:774] [18] CodeStreamAgentConnection.onDocumentMarkersChanged(file:///home/cmendoza/Projects/PersonalProjects/WEB/JavaScript/ECMAScript/src/es11/00-optional-chaining.js) completed • 1 ms
[2022-10-26 20:32:24:775] AgentConnection.sendRequest(codestream/textDocument/markers)
[2022-10-26 20:32:24:775] AgentConnection.sendRequest(codestream/textDocument/markers)
[2022-10-26 20:32:31:234] [19] CodeStreamAgentConnection.onDocumentMarkersChanged(file:///home/cmendoza/Projects/PersonalProjects/WEB/JavaScript/ECMAScript/src/es11/00-optional-chaining.js)
[2022-10-26 20:32:31:234] [19] CodeStreamAgentConnection.onDocumentMarkersChanged(file:///home/cmendoza/Projects/PersonalProjects/WEB/JavaScript/ECMAScript/src/es11/00-optional-chaining.js) completed • 0 ms
[2022-10-26 20:32:31:234] AgentConnection.sendRequest(codestream/textDocument/markers)
[2022-10-26 20:32:31:234] AgentConnection.sendRequest(codestream/textDocument/markers)
[2022-10-26 20:32:36:025] [1a] CodeStreamAgentConnection.onDocumentMarkersChanged(file:///home/cmendoza/Projects/PersonalProjects/WEB/JavaScript/ECMAScript/src/es11/00-optional-chaining.js)
[2022-10-26 20:32:36:025] [1a] CodeStreamAgentConnection.onDocumentMarkersChanged(file:///home/cmendoza/Projects/PersonalProjects/WEB/JavaScript/ECMAScript/src/es11/00-optional-chaining.js) completed • 0 ms
[2022-10-26 20:32:36:025] AgentConnection.sendRequest(codestream/textDocument/markers)
[2022-10-26 20:32:36:025] AgentConnection.sendRequest(codestream/textDocument/markers)
[2022-10-26 20:33:12:402] [1b] CodeStreamAgentConnection.onDocumentMarkersChanged(file:///home/cmendoza/Projects/PersonalProjects/WEB/JavaScript/ECMAScript/src/es11/00-optional-chaining.js)
[2022-10-26 20:33:12:402] [1b] CodeStreamAgentConnection.onDocumentMarkersChanged(file:///home/cmendoza/Projects/PersonalProjects/WEB/JavaScript/ECMAScript/src/es11/00-optional-chaining.js) completed • 0 ms
[2022-10-26 20:33:12:402] AgentConnection.sendRequest(codestream/textDocument/markers)
[2022-10-26 20:33:12:402] AgentConnection.sendRequest(codestream/textDocument/markers)
[2022-10-26 20:33:18:751] [1c] CodeStreamAgentConnection.onDocumentMarkersChanged(file:///home/cmendoza/Projects/PersonalProjects/WEB/JavaScript/ECMAScript/src/es11/00-optional-chaining.js)
[2022-10-26 20:33:18:752] [1c] CodeStreamAgentConnection.onDocumentMarkersChanged(file:///home/cmendoza/Projects/PersonalProjects/WEB/JavaScript/ECMAScript/src/es11/00-optional-chaining.js) completed • 0 ms
[2022-10-26 20:33:18:752] AgentConnection.sendRequest(codestream/textDocument/markers)
[2022-10-26 20:33:18:752] AgentConnection.sendRequest(codestream/textDocument/markers)
[2022-10-26 20:33:35:529] [1d] CodeStreamAgentConnection.onDocumentMarkersChanged(file:///home/cmendoza/Projects/PersonalProjects/WEB/JavaScript/ECMAScript/src/es11/00-optional-chaining.js)
[2022-10-26 20:33:35:529] [1d] CodeStreamAgentConnection.onDocumentMarkersChanged(file:///home/cmendoza/Projects/PersonalProjects/WEB/JavaScript/ECMAScript/src/es11/00-optional-chaining.js) completed • 0 ms
[2022-10-26 20:33:35:529] AgentConnection.sendRequest(codestream/textDocument/markers)
[2022-10-26 20:33:35:529] AgentConnection.sendRequest(codestream/textDocument/markers)
[2022-10-26 20:33:47:392] [1e] CodeStreamAgentConnection.onDataChanged(documents)
[2022-10-26 20:33:47:393] [1e] CodeStreamAgentConnection.onDataChanged(documents) completed • 0 ms
[2022-10-26 20:33:48:465] [1f] CodeStreamAgentConnection.onDocumentMarkersChanged(file:///home/cmendoza/Projects/PersonalProjects/WEB/JavaScript/ECMAScript/src/es11/00-optional-chaining.js)
[2022-10-26 20:33:48:467] [1f] CodeStreamAgentConnection.onDocumentMarkersChanged(file:///home/cmendoza/Projects/PersonalProjects/WEB/JavaScript/ECMAScript/src/es11/00-optional-chaining.js) completed • 1 ms
[2022-10-26 20:33:48:467] AgentConnection.sendRequest(codestream/textDocument/markers)
[2022-10-26 20:33:48:468] AgentConnection.sendRequest(codestream/textDocument/markers)
[2022-10-26 20:34:31:905] [20] CodeStreamAgentConnection.onDataChanged(documents)
[2022-10-26 20:34:31:905] [20] CodeStreamAgentConnection.onDataChanged(documents) completed • 0 ms
[2022-10-26 20:34:33:454] WebviewPanel: FAILED posting webview/editors/didChangeVisible to the webview; Webview is invisible and can't receive messages
[2022-10-26 20:34:40:660] [21] CodeStreamAgentConnection.onDocumentMarkersChanged(file:///home/cmendoza/Projects/PersonalProjects/WEB/JavaScript/ECMAScript/src/es11/00-optional-chaining.js)
[2022-10-26 20:34:40:660] [21] CodeStreamAgentConnection.onDocumentMarkersChanged(file:///home/cmendoza/Projects/PersonalProjects/WEB/JavaScript/ECMAScript/src/es11/00-optional-chaining.js) completed • 0 ms
[2022-10-26 20:34:40:660] AgentConnection.sendRequest(codestream/textDocument/markers)
[2022-10-26 20:34:40:660] AgentConnection.sendRequest(codestream/textDocument/markers)
[2022-10-26 20:34:59:169] [22] CodeStreamAgentConnection.onDocumentMarkersChanged(file:///home/cmendoza/Projects/PersonalProjects/WEB/JavaScript/ECMAScript/src/es11/00-optional-chaining.js)
[2022-10-26 20:34:59:169] [22] CodeStreamAgentConnection.onDocumentMarkersChanged(file:///home/cmendoza/Projects/PersonalProjects/WEB/JavaScript/ECMAScript/src/es11/00-optional-chaining.js) completed • 0 ms
[2022-10-26 20:34:59:169] AgentConnection.sendRequest(codestream/textDocument/markers)
[2022-10-26 20:34:59:169] AgentConnection.sendRequest(codestream/textDocument/markers)
[2022-10-26 20:35:04:085] [23] CodeStreamAgentConnection.onDataChanged(documents)
[2022-10-26 20:35:04:086] [23] CodeStreamAgentConnection.onDataChanged(documents) completed • 0 ms
[2022-10-26 20:35:04:881] WebviewPanel: FAILED posting webview/editors/didChangeVisible to the webview; Webview is invisible and can't receive messages
[2022-10-26 20:35:04:901] [24] CodeStreamAgentConnection.onDataChanged(documents)
[2022-10-26 20:35:04:902] [24] CodeStreamAgentConnection.onDataChanged(documents) completed • 0 ms
[2022-10-26 20:35:05:383] WebviewPanel: FAILED posting webview/editor/didChangeActive to the webview; Webview is invisible and can't receive messages
[2022-10-26 20:35:16:243] WebviewPanel: FAILED posting webview/editors/didChangeVisible to the webview; Webview is invisible and can't receive messages
[2022-10-26 20:35:16:258] AgentConnection.sendRequest(codestream/textDocument/markers)
[2022-10-26 20:35:16:432] [25] CodeStreamAgentConnection.onDataChanged(documents)
[2022-10-26 20:35:16:432] [25] CodeStreamAgentConnection.onDataChanged(documents) completed • 0 ms
[2022-10-26 20:35:16:746] WebviewPanel: FAILED posting webview/editor/didChangeActive to the webview; Webview is invisible and can't receive messages
[2022-10-26 20:35:19:246] [26] CodeStreamAgentConnection.onDocumentMarkersChanged(file:///home/cmendoza/Projects/PersonalProjects/WEB/JavaScript/ECMAScript/src/es11/01-bigint.js)
[2022-10-26 20:35:19:246] [26] CodeStreamAgentConnection.onDocumentMarkersChanged(file:///home/cmendoza/Projects/PersonalProjects/WEB/JavaScript/ECMAScript/src/es11/01-bigint.js) completed • 0 ms
[2022-10-26 20:35:19:247] AgentConnection.sendRequest(codestream/textDocument/markers)
[2022-10-26 20:35:19:247] AgentConnection.sendRequest(codestream/textDocument/markers)
[2022-10-26 20:35:31:881] [27] CodeStreamAgentConnection.onDocumentMarkersChanged(file:///home/cmendoza/Projects/PersonalProjects/WEB/JavaScript/ECMAScript/src/es11/01-bigint.js)
[2022-10-26 20:35:31:881] [27] CodeStreamAgentConnection.onDocumentMarkersChanged(file:///home/cmendoza/Projects/PersonalProjects/WEB/JavaScript/ECMAScript/src/es11/01-bigint.js) completed • 0 ms
[2022-10-26 20:35:31:881] AgentConnection.sendRequest(codestream/textDocument/markers)
[2022-10-26 20:35:31:881] AgentConnection.sendRequest(codestream/textDocument/markers)
[2022-10-26 20:35:42:625] [28] CodeStreamAgentConnection.onDocumentMarkersChanged(file:///home/cmendoza/Projects/PersonalProjects/WEB/JavaScript/ECMAScript/src/es11/01-bigint.js)
[2022-10-26 20:35:42:625] [28] CodeStreamAgentConnection.onDocumentMarkersChanged(file:///home/cmendoza/Projects/PersonalProjects/WEB/JavaScript/ECMAScript/src/es11/01-bigint.js) completed • 0 ms
[2022-10-26 20:35:42:625] AgentConnection.sendRequest(codestream/textDocument/markers)
[2022-10-26 20:35:42:625] AgentConnection.sendRequest(codestream/textDocument/markers)
[2022-10-26 20:36:43:176] [29] CodeStreamAgentConnection.onDocumentMarkersChanged(file:///home/cmendoza/Projects/PersonalProjects/WEB/JavaScript/ECMAScript/src/es11/01-bigint.js)
[2022-10-26 20:36:43:178] [29] CodeStreamAgentConnection.onDocumentMarkersChanged(file:///home/cmendoza/Projects/PersonalProjects/WEB/JavaScript/ECMAScript/src/es11/01-bigint.js) completed • 2 ms
[2022-10-26 20:36:43:179] AgentConnection.sendRequest(codestream/textDocument/markers)
[2022-10-26 20:36:43:180] AgentConnection.sendRequest(codestream/textDocument/markers)
[2022-10-26 21:08:38:041] [2a] CodeStreamAgentConnection.onDataChanged(documents)
[2022-10-26 21:08:38:041] [2a] CodeStreamAgentConnection.onDataChanged(documents) completed • 0 ms
[2022-10-26 21:41:36:783] [2b] CodeStreamAgentConnection.onDocumentMarkersChanged(file:///home/cmendoza/Projects/PersonalProjects/WEB/JavaScript/ECMAScript/src/es11/01-bigint.js)
[2022-10-26 21:41:36:783] [2b] CodeStreamAgentConnection.onDocumentMarkersChanged(file:///home/cmendoza/Projects/PersonalProjects/WEB/JavaScript/ECMAScript/src/es11/01-bigint.js) completed • 0 ms
[2022-10-26 21:41:36:783] AgentConnection.sendRequest(codestream/textDocument/markers)
[2022-10-26 21:41:36:783] AgentConnection.sendRequest(codestream/textDocument/markers)
[2022-10-26 21:41:45:484] [2c] CodeStreamAgentConnection.onDocumentMarkersChanged(file:///home/cmendoza/Projects/PersonalProjects/WEB/JavaScript/ECMAScript/src/es11/01-bigint.js)
[2022-10-26 21:41:45:484] [2c] CodeStreamAgentConnection.onDocumentMarkersChanged(file:///home/cmendoza/Projects/PersonalProjects/WEB/JavaScript/ECMAScript/src/es11/01-bigint.js) completed • 0 ms
[2022-10-26 21:41:45:484] AgentConnection.sendRequest(codestream/textDocument/markers)
[2022-10-26 21:41:45:484] AgentConnection.sendRequest(codestream/textDocument/markers)
[2022-10-26 21:41:52:160] [2d] CodeStreamAgentConnection.onDocumentMarkersChanged(file:///home/cmendoza/Projects/PersonalProjects/WEB/JavaScript/ECMAScript/src/es11/01-bigint.js)
[2022-10-26 21:41:52:161] [2d] CodeStreamAgentConnection.onDocumentMarkersChanged(file:///home/cmendoza/Projects/PersonalProjects/WEB/JavaScript/ECMAScript/src/es11/01-bigint.js) completed • 0 ms
[2022-10-26 21:41:52:161] AgentConnection.sendRequest(codestream/textDocument/markers)
[2022-10-26 21:41:52:161] AgentConnection.sendRequest(codestream/textDocument/markers)
[2022-10-26 21:42:16:471] [2e] CodeStreamAgentConnection.onDocumentMarkersChanged(file:///home/cmendoza/Projects/PersonalProjects/WEB/JavaScript/ECMAScript/src/es11/01-bigint.js)
[2022-10-26 21:42:16:472] [2e] CodeStreamAgentConnection.onDocumentMarkersChanged(file:///home/cmendoza/Projects/PersonalProjects/WEB/JavaScript/ECMAScript/src/es11/01-bigint.js) completed • 0 ms
[2022-10-26 21:42:16:472] AgentConnection.sendRequest(codestream/textDocument/markers)
[2022-10-26 21:42:16:473] AgentConnection.sendRequest(codestream/textDocument/markers)
[2022-10-26 21:42:18:075] WebviewPanel: FAILED posting webview/editors/didChangeVisible to the webview; Webview is invisible and can't receive messages
[2022-10-26 21:43:13:461] [2f] CodeStreamAgentConnection.onDataChanged(documents)
[2022-10-26 21:43:13:462] [2f] CodeStreamAgentConnection.onDataChanged(documents) completed • 0 ms
[2022-10-26 21:43:16:334] WebviewPanel: FAILED posting webview/editors/didChangeVisible to the webview; Webview is invisible and can't receive messages
[2022-10-26 21:43:16:349] [30] CodeStreamAgentConnection.onDataChanged(documents)
[2022-10-26 21:43:16:349] [30] CodeStreamAgentConnection.onDataChanged(documents) completed • 0 ms
[2022-10-26 21:43:16:835] WebviewPanel: FAILED posting webview/editor/didChangeActive to the webview; Webview is invisible and can't receive messages
[2022-10-26 21:43:25:467] [31] CodeStreamAgentConnection.onDataChanged(documents)
[2022-10-26 21:43:25:467] [31] CodeStreamAgentConnection.onDataChanged(documents) completed • 0 ms
[2022-10-26 21:43:25:584] WebviewPanel: FAILED posting webview/editors/didChangeVisible to the webview; Webview is invisible and can't receive messages
[2022-10-26 21:43:25:646] AgentConnection.sendRequest(codestream/textDocument/markers)
[2022-10-26 21:43:26:102] WebviewPanel: FAILED posting webview/editor/didChangeActive to the webview; Webview is invisible and can't receive messages
[2022-10-26 21:43:28:468] [32] CodeStreamAgentConnection.onDocumentMarkersChanged(file:///home/cmendoza/Projects/PersonalProjects/WEB/JavaScript/ECMAScript/src/es11/02-nullish.js)
[2022-10-26 21:43:28:469] [32] CodeStreamAgentConnection.onDocumentMarkersChanged(file:///home/cmendoza/Projects/PersonalProjects/WEB/JavaScript/ECMAScript/src/es11/02-nullish.js) completed • 0 ms
[2022-10-26 21:43:28:469] AgentConnection.sendRequest(codestream/textDocument/markers)
[2022-10-26 21:43:28:469] AgentConnection.sendRequest(codestream/textDocument/markers)
[2022-10-26 21:44:00:496] [33] CodeStreamAgentConnection.onDocumentMarkersChanged(file:///home/cmendoza/Projects/PersonalProjects/WEB/JavaScript/ECMAScript/src/es11/02-nullish.js)
[2022-10-26 21:44:00:496] [33] CodeStreamAgentConnection.onDocumentMarkersChanged(file:///home/cmendoza/Projects/PersonalProjects/WEB/JavaScript/ECMAScript/src/es11/02-nullish.js) completed • 0 ms
[2022-10-26 21:44:00:496] AgentConnection.sendRequest(codestream/textDocument/markers)
[2022-10-26 21:44:00:496] AgentConnection.sendRequest(codestream/textDocument/markers)
[2022-10-26 22:31:57:518] [34] CodeStreamAgentConnection.onDataChanged(documents)
[2022-10-26 22:31:57:518] [34] CodeStreamAgentConnection.onDataChanged(documents) completed • 0 ms
[2022-10-26 22:32:07:041] [35] CodeStreamAgentConnection.onDocumentMarkersChanged(file:///home/cmendoza/Projects/PersonalProjects/WEB/JavaScript/ECMAScript/src/es11/02-nullish.js)
[2022-10-26 22:32:07:042] [35] CodeStreamAgentConnection.onDocumentMarkersChanged(file:///home/cmendoza/Projects/PersonalProjects/WEB/JavaScript/ECMAScript/src/es11/02-nullish.js) completed • 1 ms
[2022-10-26 22:32:07:042] AgentConnection.sendRequest(codestream/textDocument/markers)
[2022-10-26 22:32:07:043] AgentConnection.sendRequest(codestream/textDocument/markers)
[2022-10-26 22:32:20:327] [36] CodeStreamAgentConnection.onDocumentMarkersChanged(file:///home/cmendoza/Projects/PersonalProjects/WEB/JavaScript/ECMAScript/src/es11/02-nullish.js)
[2022-10-26 22:32:20:328] [36] CodeStreamAgentConnection.onDocumentMarkersChanged(file:///home/cmendoza/Projects/PersonalProjects/WEB/JavaScript/ECMAScript/src/es11/02-nullish.js) completed • 0 ms
[2022-10-26 22:32:20:328] AgentConnection.sendRequest(codestream/textDocument/markers)
[2022-10-26 22:32:20:328] AgentConnection.sendRequest(codestream/textDocument/markers)
[2022-10-26 22:32:38:470] [37] CodeStreamAgentConnection.onDocumentMarkersChanged(file:///home/cmendoza/Projects/PersonalProjects/WEB/JavaScript/ECMAScript/src/es11/02-nullish.js)
[2022-10-26 22:32:38:471] [37] CodeStreamAgentConnection.onDocumentMarkersChanged(file:///home/cmendoza/Projects/PersonalProjects/WEB/JavaScript/ECMAScript/src/es11/02-nullish.js) completed • 0 ms
[2022-10-26 22:32:38:471] AgentConnection.sendRequest(codestream/textDocument/markers)
[2022-10-26 22:32:38:472] AgentConnection.sendRequest(codestream/textDocument/markers)
[2022-10-26 22:32:57:795] [38] CodeStreamAgentConnection.onDocumentMarkersChanged(file:///home/cmendoza/Projects/PersonalProjects/WEB/JavaScript/ECMAScript/src/es11/02-nullish.js)
[2022-10-26 22:32:57:796] [38] CodeStreamAgentConnection.onDocumentMarkersChanged(file:///home/cmendoza/Projects/PersonalProjects/WEB/JavaScript/ECMAScript/src/es11/02-nullish.js) completed • 0 ms
[2022-10-26 22:32:57:796] AgentConnection.sendRequest(codestream/textDocument/markers)
[2022-10-26 22:32:57:796] AgentConnection.sendRequest(codestream/textDocument/markers)
[2022-10-26 22:33:38:115] [39] CodeStreamAgentConnection.onDataChanged(documents)
[2022-10-26 22:33:38:116] [39] CodeStreamAgentConnection.onDataChanged(documents) completed • 0 ms
