[Running] node "/home/cmendoza/Projects/PersonalProjects/WEB/JavaScript/ECMAScript/src/es11/tempCodeRunnerFile.js"
MX

[Done] exited with code=0 in 0.573 seconds

[Running] node "/home/cmendoza/Projects/PersonalProjects/WEB/JavaScript/ECMAScript/src/es11/tempCodeRunnerFile.js"
undefined

[Done] exited with code=0 in 0.214 seconds

[Running] node "/home/cmendoza/Projects/PersonalProjects/WEB/JavaScript/ECMAScript/src/es11/tempCodeRunnerFile.js"
{ country: 'MX' }
file:///home/cmendoza/Projects/PersonalProjects/WEB/JavaScript/ECMAScript/src/es11/tempCodeRunnerFile.js:11
console.log(users.bebeloper.country)
                            ^

TypeError: Cannot read properties of undefined (reading 'country')
    at file:///home/cmendoza/Projects/PersonalProjects/WEB/JavaScript/ECMAScript/src/es11/tempCodeRunnerFile.js:11:29
    at ModuleJob.run (node:internal/modules/esm/module_job:193:25)
    at async Promise.all (index 0)
    at async ESMLoader.import (node:internal/modules/esm/loader:528:24)
    at async loadESM (node:internal/process/esm_loader:91:5)
    at async handleMainPromise (node:internal/modules/run_main:65:12)

Node.js v18.8.0

[Done] exited with code=1 in 0.213 seconds

[Running] node "/home/cmendoza/Projects/PersonalProjects/WEB/JavaScript/ECMAScript/src/es11/tempCodeRunnerFile.js"
undefined

[Done] exited with code=0 in 0.203 seconds

[Running] node "/home/cmendoza/Projects/PersonalProjects/WEB/JavaScript/ECMAScript/src/es11/tempCodeRunnerFile.js"
98766464987987979n
98766464987987984n

[Done] exited with code=0 in 0.639 seconds

[Running] node "/home/cmendoza/Projects/PersonalProjects/WEB/JavaScript/ECMAScript/src/es11/tempCodeRunnerFile.js"
1

[Done] exited with code=0 in 0.254 seconds

[Running] node "/home/cmendoza/Projects/PersonalProjects/WEB/JavaScript/ECMAScript/src/es11/tempCodeRunnerFile.js"
5

[Done] exited with code=0 in 0.181 seconds

