[2022-08-24 12:10:41.179] [exthost] [info] Extension host with pid 189 started
[2022-08-24 12:10:41.220] [exthost] [info] Lock '/home/cmendoza/.vscode-server/data/User/workspaceStorage/d5aba56a1b1317a03906dd8671ef8bfc/vscode.lock': Lock acquired.
[2022-08-24 12:10:41.557] [exthost] [info] ExtensionService#_doActivateExtension vscode.css-language-features, startup: false, activationEvent: 'onLanguage:css'
[2022-08-24 12:10:41.884] [exthost] [info] ExtensionService#_doActivateExtension vscode.debug-auto-launch, startup: true, activationEvent: '*'
[2022-08-24 12:10:41.948] [exthost] [info] ExtensionService#_doActivateExtension vscode.git-base, startup: true, activationEvent: '*'
[2022-08-24 12:10:42.017] [exthost] [info] ExtensionService#_doActivateExtension vscode.ipynb, startup: true, activationEvent: '*'
[2022-08-24 12:10:42.161] [exthost] [info] ExtensionService#_doActivateExtension 2gua.rainbow-brackets, startup: true, activationEvent: '*'
[2022-08-24 12:10:42.183] [exthost] [info] ExtensionService#_doActivateExtension christian-kohler.path-intellisense, startup: true, activationEvent: '*'
[2022-08-24 12:10:42.543] [exthost] [info] ExtensionService#_doActivateExtension ecmel.vscode-html-css, startup: true, activationEvent: '*'
[2022-08-24 12:10:42.848] [exthost] [info] ExtensionService#_doActivateExtension ms-vsliveshare.vsliveshare, startup: true, activationEvent: '*'
[2022-08-24 12:10:46.059] [exthost] [info] ExtensionService#_doActivateExtension naumovs.color-highlight, startup: true, activationEvent: '*'
[2022-08-24 12:10:46.130] [exthost] [info] ExtensionService#_doActivateExtension oderwat.indent-rainbow, startup: true, activationEvent: '*'
[2022-08-24 12:10:46.146] [exthost] [info] ExtensionService#_doActivateExtension WallabyJs.quokka-vscode, startup: true, activationEvent: '*'
[2022-08-24 12:10:46.166] [exthost] [info] ExtensionService#_doActivateExtension vscode.npm, startup: true, activationEvent: 'workspaceContains:package.json'
[2022-08-24 12:10:46.349] [exthost] [info] ExtensionService#_doActivateExtension vscode.configuration-editing, startup: false, activationEvent: 'onLanguage:jsonc'
[2022-08-24 12:10:46.414] [exthost] [info] ExtensionService#_doActivateExtension vscode.json-language-features, startup: false, activationEvent: 'onLanguage:jsonc'
[2022-08-24 12:10:46.756] [exthost] [info] ExtensionService#_doActivateExtension vscode.typescript-language-features, startup: false, activationEvent: 'onLanguage:jsonc'
[2022-08-24 12:11:06.275] [exthost] [info] ExtensionService#_doActivateExtension vscode.github, startup: true, activationEvent: '*'
[2022-08-24 12:11:06.485] [exthost] [info] Not activating extension 'pranaygp.vscode-css-peek': Timed out while searching for 'workspaceContains' pattern **/*.css,**/*.scss,**/*.sass,**/*.less
[2022-08-24 12:11:06.497] [exthost] [info] ExtensionService#_doActivateExtension vscode.emmet, startup: false, activationEvent: 'onStartupFinished'
[2022-08-24 12:11:06.583] [exthost] [info] ExtensionService#_doActivateExtension vscode.merge-conflict, startup: false, activationEvent: 'onStartupFinished'
[2022-08-24 12:11:06.610] [exthost] [info] ExtensionService#_doActivateExtension CodeStream.codestream, startup: false, activationEvent: 'onStartupFinished'
[2022-08-24 12:11:06.959] [exthost] [info] ExtensionService#_doActivateExtension eamodio.gitlens, startup: false, activationEvent: 'onStartupFinished'
[2022-08-24 12:11:07.711] [exthost] [info] ExtensionService#_doActivateExtension eamodio.gitlens-insiders, startup: false, activationEvent: 'onStartupFinished'
[2022-08-24 12:11:08.823] [exthost] [info] ExtensionService#_doActivateExtension ritwickdey.LiveServer, startup: false, activationEvent: 'onStartupFinished'
[2022-08-24 12:11:16.036] [exthost] [info] ExtensionService#_doActivateExtension GitHub.vscode-pull-request-github, startup: true, activationEvent: '*'
[2022-08-24 12:11:25.118] [exthost] [info] ExtensionService#_doActivateExtension esbenp.prettier-vscode, startup: false, activationEvent: 'onStartupFinished'
[2022-08-24 12:11:58.931] [exthost] [info] ExtensionService#_doActivateExtension vscode.html-language-features, startup: false, activationEvent: 'onLanguage:html'
[2022-08-24 12:12:40.455] [exthost] [info] Eager extensions activated
[2022-08-24 12:25:15.356] [exthost] [warning] TextEditor is closed/disposed
[2022-08-24 12:25:19.472] [exthost] [info] ExtensionService#_doActivateExtension wix.vscode-import-cost, startup: false, activationEvent: 'onLanguage:javascript'
[2022-08-24 12:25:49.867] [exthost] [warning] TextEditor is closed/disposed
[2022-08-24 12:27:23.764] [exthost] [warning] TextEditor is closed/disposed
[2022-08-24 12:28:26.247] [exthost] [warning] TextEditor is closed/disposed
[2022-08-24 12:38:34.587] [exthost] [warning] TextEditor is closed/disposed
[2022-08-24 12:39:09.060] [exthost] [error] [ecmel.vscode-html-css] provider FAILED
[2022-08-24 12:39:09.060] [exthost] [error] undefined
[2022-08-24 12:39:26.021] [exthost] [error] [ecmel.vscode-html-css] provider FAILED
[2022-08-24 12:39:26.021] [exthost] [error] undefined
[2022-08-24 12:40:20.841] [exthost] [warning] TextEditor is closed/disposed
[2022-08-24 12:42:31.270] [exthost] [warning] TextEditor is closed/disposed
[2022-08-24 16:10:11.658] [exthost] [warning] TextEditor is closed/disposed
[2022-08-24 18:36:06.395] [exthost] [info] Extension host terminating: received terminate message from renderer
[2022-08-24 18:36:06.398] [exthost] [info] Lock '/home/cmendoza/.vscode-server/data/User/workspaceStorage/d5aba56a1b1317a03906dd8671ef8bfc/vscode.lock': Marking the lockfile as scheduled to be released in 6000 ms.
[2022-08-24 18:36:06.601] [exthost] [warning] {"name":"Canceled"}
[2022-08-24 18:36:06.651] [exthost] [info] Extension host with pid 189 exiting with code 0
